<?xml version="1.0" encoding="UTF-8" ?>
<testsuite tests="7" failures="6" name="cucumber.Options.TestRunner" time="339.018" errors="0" skipped="0">
  <properties>
    <property name="java.runtime.name" value="Java(TM) SE Runtime Environment"/>
    <property name="cucumber.options" value="--tags @auto"/>
    <property name="sun.boot.library.path" value="C:\Program Files\Java\jdk1.8.0_121\jre\bin"/>
    <property name="java.vm.version" value="25.121-b13"/>
    <property name="java.vm.vendor" value="Oracle Corporation"/>
    <property name="maven.multiModuleProjectDirectory" value="C:\Users\maliniv\Desktop\Sample\AndroidMobileAppAutomation\CalenderOne"/>
    <property name="java.vendor.url" value="http://java.oracle.com/"/>
    <property name="path.separator" value=";"/>
    <property name="guice.disable.misplaced.annotation.check" value="true"/>
    <property name="java.vm.name" value="Java HotSpot(TM) 64-Bit Server VM"/>
    <property name="file.encoding.pkg" value="sun.io"/>
    <property name="user.script" value=""/>
    <property name="user.country" value="US"/>
    <property name="sun.java.launcher" value="SUN_STANDARD"/>
    <property name="sun.os.patch.level" value=""/>
    <property name="java.vm.specification.name" value="Java Virtual Machine Specification"/>
    <property name="user.dir" value="C:\Users\maliniv\Desktop\Sample\AndroidMobileAppAutomation\CalenderOne"/>
    <property name="java.runtime.version" value="1.8.0_121-b13"/>
    <property name="java.awt.graphicsenv" value="sun.awt.Win32GraphicsEnvironment"/>
    <property name="java.endorsed.dirs" value="C:\Program Files\Java\jdk1.8.0_121\jre\lib\endorsed"/>
    <property name="os.arch" value="amd64"/>
    <property name="java.io.tmpdir" value="C:\Users\maliniv\AppData\Local\Temp\"/>
    <property name="line.separator" value="
"/>
    <property name="java.vm.specification.vendor" value="Oracle Corporation"/>
    <property name="user.variant" value=""/>
    <property name="os.name" value="Windows 8.1"/>
    <property name="classworlds.conf" value="C:\Users\maliniv\Desktop\Technology Upgrade\MAVEN\apache-maven-3.6.3-bin\apache-maven-3.6.3\bin\..\bin\m2.conf"/>
    <property name="sun.jnu.encoding" value="Cp1252"/>
    <property name="java.library.path" value="C:\Program Files\Java\jdk1.8.0_121\bin;C:\Windows\Sun\Java\bin;C:\Windows\system32;C:\Windows;C:/Program Files/Java/jre1.8.0_121/bin/server;C:/Program Files/Java/jre1.8.0_121/bin;C:/Program Files/Java/jre1.8.0_121/lib/amd64;C:\ProgramData\Oracle\Java\javapath;C:\Program Files (x86)\Intel\iCLS Client\;C:\Program Files\Intel\iCLS Client\;C:\Windows\system32;C:\Windows;C:\Windows\System32\Wbem;%ANT_HOME%\bin;C:\Users\maliniv\AppData\Local\Android\Sdk\tools;C:\Users\maliniv\Desktop\Technology Upgrade\MAVEN\apache-maven-3.6.3-bin\apache-maven-3.6.3\bin;C:\Program Files\Java\jdk1.8.0_121\bin;C:\Windows\System32\WindowsPowerShell\v1.0\;C:\Program Files\Intel\Intel(R) Management Engine Components\DAL;C:\Program Files (x86)\Intel\Intel(R) Management Engine Components\DAL;C:\Program Files\Intel\Intel(R) Management Engine Components\IPT;C:\Program Files (x86)\Intel\Intel(R) Management Engine Components\IPT;C:\Program Files\Intel\WiFi\bin\;C:\Program Files\Common Files\Intel\WirelessCommon\;C:\Program Files (x86)\Google\Google Apps Sync\;C:\Program Files (x86)\Google\Google Apps Migration\;C:\Program Files\Symantec.cloud\PlatformAgent\;C:\Program Files (x86)\Skype\Phone\;C:\Program Files\nodejs\;C:\Users\maliniv\AppData\Local\Android\Sdk\tools\bin;C:\Users\maliniv\AppData\Local\Android\Sdk\tools;C:\Users\maliniv\AppData\Local\Android\Sdk\platform-tools;C:\Program Files\nodejs\node_modules\npm\bin;C:\Users\maliniv\AppData\Local\Programs\Fiddler;C:\Users\maliniv\AppData\Roaming\npm;C:\Users\maliniv\Desktop\Technology Upgrade;;."/>
    <property name="maven.conf" value="C:\Users\maliniv\Desktop\Technology Upgrade\MAVEN\apache-maven-3.6.3-bin\apache-maven-3.6.3\bin\../conf"/>
    <property name="java.specification.name" value="Java Platform API Specification"/>
    <property name="java.class.version" value="52.0"/>
    <property name="sun.management.compiler" value="HotSpot 64-Bit Tiered Compilers"/>
    <property name="os.version" value="6.3"/>
    <property name="library.jansi.path" value="C:\Users\maliniv\Desktop\Technology Upgrade\MAVEN\apache-maven-3.6.3-bin\apache-maven-3.6.3\bin\..\lib\jansi-native"/>
    <property name="user.home" value="C:\Users\maliniv"/>
    <property name="user.timezone" value="Australia/Brisbane"/>
    <property name="java.awt.printerjob" value="sun.awt.windows.WPrinterJob"/>
    <property name="java.specification.version" value="1.8"/>
    <property name="file.encoding" value="Cp1252"/>
    <property name="user.name" value="maliniv"/>
    <property name="java.class.path" value="C:\Users\maliniv\Desktop\Technology Upgrade\MAVEN\apache-maven-3.6.3-bin\apache-maven-3.6.3\bin\..\boot\plexus-classworlds-2.6.0.jar"/>
    <property name="java.vm.specification.version" value="1.8"/>
    <property name="sun.arch.data.model" value="64"/>
    <property name="java.home" value="C:\Program Files\Java\jdk1.8.0_121\jre"/>
    <property name="sun.java.command" value="org.codehaus.plexus.classworlds.launcher.Launcher test verify -DdeviceName=GalaxyS10e -Dcucumber.options=--tags @auto"/>
    <property name="java.specification.vendor" value="Oracle Corporation"/>
    <property name="user.language" value="en"/>
    <property name="awt.toolkit" value="sun.awt.windows.WToolkit"/>
    <property name="java.vm.info" value="mixed mode"/>
    <property name="java.version" value="1.8.0_121"/>
    <property name="java.ext.dirs" value="C:\Program Files\Java\jdk1.8.0_121\jre\lib\ext;C:\Windows\Sun\Java\lib\ext"/>
    <property name="sun.boot.class.path" value="C:\Program Files\Java\jdk1.8.0_121\jre\lib\resources.jar;C:\Program Files\Java\jdk1.8.0_121\jre\lib\rt.jar;C:\Program Files\Java\jdk1.8.0_121\jre\lib\sunrsasign.jar;C:\Program Files\Java\jdk1.8.0_121\jre\lib\jsse.jar;C:\Program Files\Java\jdk1.8.0_121\jre\lib\jce.jar;C:\Program Files\Java\jdk1.8.0_121\jre\lib\charsets.jar;C:\Program Files\Java\jdk1.8.0_121\jre\lib\jfr.jar;C:\Program Files\Java\jdk1.8.0_121\jre\classes"/>
    <property name="sun.stderr.encoding" value="cp437"/>
    <property name="java.vendor" value="Oracle Corporation"/>
    <property name="maven.home" value="C:\Users\maliniv\Desktop\Technology Upgrade\MAVEN\apache-maven-3.6.3-bin\apache-maven-3.6.3\bin\.."/>
    <property name="file.separator" value="\"/>
    <property name="java.vendor.url.bug" value="http://bugreport.sun.com/bugreport/"/>
    <property name="sun.cpu.endian" value="little"/>
    <property name="sun.io.unicode.encoding" value="UnicodeLittle"/>
    <property name="deviceName" value="GalaxyS10e"/>
    <property name="sun.stdout.encoding" value="cp437"/>
    <property name="sun.desktop" value="windows"/>
    <property name="sun.cpu.isalist" value="amd64"/>
  </properties>
  <testcase classname="Create a recurring meeting using Native Android/IOS Calender App" name="Create a new recurring (3 days a week) meeting, and make sure it doesn&apos;t repeat on successive days #1" time="105.195"/>
  <testcase classname="Create a recurring meeting using Native Android/IOS Calender App" name="Create a new recurring (3 days a week) meeting, and make sure it doesn&apos;t repeat on successive days #2" time="35.09">
    <failure type="java.lang.AssertionError">java.lang.AssertionError
	at org.junit.Assert.fail(Assert.java:86)
	at org.junit.Assert.fail(Assert.java:95)
	at Utilities.Tools.checkSuccessiveNonWorkingDay(Tools.java:336)
	at StepDefinitions.TestStepDefinitions.the_days_a_week_meeting_is_not_repeated_on_successive_days_for_the_days(TestStepDefinitions.java:69)
	at âœ½.the &quot;3&quot; days a week meeting is not repeated on successive days for the days &quot;tuesday wednesday saturday&quot;(file:///C:/Users/maliniv/Desktop/Sample/AndroidMobileAppAutomation/CalenderOne/src/test/java/Feature/CalenderEvents.feature:7)
</failure>
    <system-out>&amp;#27;[35m[Appium]&amp;#27;[39m Welcome to Appium v1.18.3
&amp;#27;[35m[Appium]&amp;#27;[39m Non-default server args:
&amp;#27;[35m[Appium]&amp;#27;[39m   port: 39420
&amp;#27;[35m[Appium]&amp;#27;[39m Appium REST http interface listener started on 0.0.0.0:39420
&amp;#27;[35m[HTTP]&amp;#27;[39m &amp;#27;[37m--&gt;&amp;#27;[39m &amp;#27;[37mGET&amp;#27;[39m &amp;#27;[37m/wd/hub/status&amp;#27;[39m
&amp;#27;[35m[HTTP]&amp;#27;[39m &amp;#27;[90m{}&amp;#27;[39m
[debug] &amp;#27;[35m[GENERIC]&amp;#27;[39m Calling AppiumDriver.getStatus() with args: []
[debug] &amp;#27;[35m[GENERIC]&amp;#27;[39m Responding to client with driver.getStatus() result: {&quot;build&quot;:{&quot;version&quot;:&quot;1.18.3&quot;}}
GalaxyS10e
&amp;#27;[35m[HTTP]&amp;#27;[39m &amp;#27;[37m&lt;-- GET /wd/hub/status &amp;#27;[39m&amp;#27;[32m200&amp;#27;[39m &amp;#27;[90m11 ms - 68&amp;#27;[39m
&amp;#27;[35m[HTTP]&amp;#27;[39m &amp;#27;[90m&amp;#27;[39m
&amp;#27;[35m[HTTP]&amp;#27;[39m &amp;#27;[37m--&gt;&amp;#27;[39m &amp;#27;[37mGET&amp;#27;[39m &amp;#27;[37m/wd/hub/status&amp;#27;[39m
&amp;#27;[35m[HTTP]&amp;#27;[39m &amp;#27;[90m{}&amp;#27;[39m
[debug] &amp;#27;[35m[GENERIC]&amp;#27;[39m Calling AppiumDriver.getStatus() with args: []
[debug] &amp;#27;[35m[GENERIC]&amp;#27;[39m Responding to client with driver.getStatus() result: {&quot;build&quot;:{&quot;version&quot;:&quot;1.18.3&quot;}}
&amp;#27;[35m[HTTP]&amp;#27;[39m &amp;#27;[37m&lt;-- GET /wd/hub/status &amp;#27;[39m&amp;#27;[32m200&amp;#27;[39m &amp;#27;[90m2 ms - 68&amp;#27;[39m
&amp;#27;[35m[HTTP]&amp;#27;[39m &amp;#27;[90m&amp;#27;[39m
&amp;#27;[35m[HTTP]&amp;#27;[39m &amp;#27;[37m--&gt;&amp;#27;[39m &amp;#27;[37mPOST&amp;#27;[39m &amp;#27;[37m/wd/hub/session&amp;#27;[39m
&amp;#27;[35m[HTTP]&amp;#27;[39m &amp;#27;[90m{&quot;desiredCapabilities&quot;:{&quot;appActivity&quot;:&quot;com.samsung.android.app.calendar.activity.MainActivity&quot;,&quot;appPackage&quot;:&quot;com.samsung.android.calendar&quot;,&quot;noReset&quot;:true,&quot;newCommandTimeout&quot;:&quot;10000&quot;,&quot;platformVersion&quot;:&quot;10&quot;,&quot;automationName&quot;:&quot;UiAutomator2&quot;,&quot;platformName&quot;:&quot;Android&quot;,&quot;deviceName&quot;:&quot;GalaxyS10e&quot;},&quot;capabilities&quot;:{&quot;firstMatch&quot;:[{&quot;appium:appActivity&quot;:&quot;com.samsung.android.app.calendar.activity.MainActivity&quot;,&quot;appium:appPackage&quot;:&quot;com.samsung.android.calendar&quot;,&quot;appium:automationName&quot;:&quot;UiAutomator2&quot;,&quot;appium:deviceName&quot;:&quot;GalaxyS10e&quot;,&quot;appium:newCommandTimeout&quot;:&quot;10000&quot;,&quot;appium:noReset&quot;:true,&quot;platformName&quot;:&quot;android&quot;,&quot;appium:platformVersion&quot;:&quot;10&quot;}]}}&amp;#27;[39m
[debug] &amp;#27;[35m[W3C]&amp;#27;[39m Calling AppiumDriver.createSession() with args: [{&quot;appActivity&quot;:&quot;com.samsung.android.app.calendar.activity.MainActivity&quot;,&quot;appPackage&quot;:&quot;com.samsung.android.calendar&quot;,&quot;noReset&quot;:true,&quot;newCommandTimeout&quot;:&quot;10000&quot;,&quot;platformVersion&quot;:&quot;10&quot;,&quot;automationName&quot;:&quot;UiAutomator2&quot;,&quot;platformName&quot;:&quot;Android&quot;,&quot;deviceName&quot;:&quot;GalaxyS10e&quot;},null,{&quot;firstMatch&quot;:[{&quot;appium:appActivity&quot;:&quot;com.samsung.android.app.calendar.activity.MainActivity&quot;,&quot;appium:appPackage&quot;:&quot;com.samsung.android.calendar&quot;,&quot;appium:automationName&quot;:&quot;UiAutomator2&quot;,&quot;appium:deviceName&quot;:&quot;GalaxyS10e&quot;,&quot;appium:newCommandTimeout&quot;:&quot;10000&quot;,&quot;appium:noReset&quot;:true,&quot;platformName&quot;:&quot;android&quot;,&quot;appium:platformVersion&quot;:&quot;10&quot;}]}]
[debug] &amp;#27;[35m[BaseDriver]&amp;#27;[39m Event &apos;newSessionRequested&apos; logged at 1612220276969 (08:57:56 GMT+1000 (Australian Eastern Standard Time))
&amp;#27;[35m[BaseDriver]&amp;#27;[39m Number capability passed in as string. Functionality may be compromised.
&amp;#27;[35m[Appium]&amp;#27;[39m Appium v1.18.3 creating new AndroidUiautomator2Driver (v1.56.1) session
[debug] &amp;#27;[35m[BaseDriver]&amp;#27;[39m W3C capabilities and MJSONWP desired capabilities were provided
[debug] &amp;#27;[35m[BaseDriver]&amp;#27;[39m Creating session with W3C capabilities: {
[debug] &amp;#27;[35m[BaseDriver]&amp;#27;[39m   &quot;alwaysMatch&quot;: {
[debug] &amp;#27;[35m[BaseDriver]&amp;#27;[39m     &quot;platformName&quot;: &quot;android&quot;,
[debug] &amp;#27;[35m[BaseDriver]&amp;#27;[39m     &quot;appium:appActivity&quot;: &quot;com.samsung.android.app.calendar.activity.MainActivity&quot;,
[debug] &amp;#27;[35m[BaseDriver]&amp;#27;[39m     &quot;appium:appPackage&quot;: &quot;com.samsung.android.calendar&quot;,
[debug] &amp;#27;[35m[BaseDriver]&amp;#27;[39m     &quot;appium:automationName&quot;: &quot;UiAutomator2&quot;,
[debug] &amp;#27;[35m[BaseDriver]&amp;#27;[39m     &quot;appium:deviceName&quot;: &quot;GalaxyS10e&quot;,
[debug] &amp;#27;[35m[BaseDriver]&amp;#27;[39m     &quot;appium:newCommandTimeout&quot;: &quot;10000&quot;,
[debug] &amp;#27;[35m[BaseDriver]&amp;#27;[39m     &quot;appium:noReset&quot;: true,
[debug] &amp;#27;[35m[BaseDriver]&amp;#27;[39m     &quot;appium:platformVersion&quot;: &quot;10&quot;
[debug] &amp;#27;[35m[BaseDriver]&amp;#27;[39m   },
[debug] &amp;#27;[35m[BaseDriver]&amp;#27;[39m   &quot;firstMatch&quot;: [
[debug] &amp;#27;[35m[BaseDriver]&amp;#27;[39m     {}
[debug] &amp;#27;[35m[BaseDriver]&amp;#27;[39m   ]
[debug] &amp;#27;[35m[BaseDriver]&amp;#27;[39m }
&amp;#27;[35m[BaseDriver]&amp;#27;[39m Number capability passed in as string. Functionality may be compromised.
&amp;#27;[35m[BaseDriver]&amp;#27;[39m Capability &apos;newCommandTimeout&apos; changed from string (&apos;10000&apos;) to integer (10000). This may cause unexpected behavior
&amp;#27;[35m[BaseDriver]&amp;#27;[39m Session created with session id: 0bf2b727-b005-49fa-ad71-0321dbc60b93
&amp;#27;[35m[UiAutomator2]&amp;#27;[39m Starting &apos;com.samsung.android.calendar&apos; directly on the device
&amp;#27;[35m[ADB]&amp;#27;[39m Found 2 &apos;build-tools&apos; folders under &apos;C:\Users\maliniv\AppData\Local\Android\Sdk&apos; (newest first):
&amp;#27;[35m[ADB]&amp;#27;[39m     C:/Users/maliniv/AppData/Local/Android/Sdk/build-tools/30.0.2
&amp;#27;[35m[ADB]&amp;#27;[39m     C:/Users/maliniv/AppData/Local/Android/Sdk/build-tools/29.0.2
&amp;#27;[35m[ADB]&amp;#27;[39m Using &apos;adb.exe&apos; from &apos;C:\Users\maliniv\AppData\Local\Android\Sdk\platform-tools\adb.exe&apos;
[debug] &amp;#27;[35m[ADB]&amp;#27;[39m Running &apos;C:\Users\maliniv\AppData\Local\Android\Sdk\platform-tools\adb.exe -P 5037 start-server&apos;
&amp;#27;[35m[AndroidDriver]&amp;#27;[39m Retrieving device list
[debug] &amp;#27;[35m[ADB]&amp;#27;[39m Trying to find a connected android device
[debug] &amp;#27;[35m[ADB]&amp;#27;[39m Getting connected devices
[debug] &amp;#27;[35m[ADB]&amp;#27;[39m Connected devices: [{&quot;udid&quot;:&quot;192.168.1.101:5555&quot;,&quot;state&quot;:&quot;device&quot;}]
&amp;#27;[35m[AndroidDriver]&amp;#27;[39m Looking for a device with Android &apos;10.0.0&apos;
[debug] &amp;#27;[35m[ADB]&amp;#27;[39m Setting device id to 192.168.1.101:5555
&amp;#27;[35m[ADB]&amp;#27;[39m Getting device platform version
[debug] &amp;#27;[35m[ADB]&amp;#27;[39m Running &apos;C:\Users\maliniv\AppData\Local\Android\Sdk\platform-tools\adb.exe -P 5037 -s 192.168.1.101\:5555 shell getprop ro.build.version.release&apos;
[debug] &amp;#27;[35m[ADB]&amp;#27;[39m Current device property &apos;ro.build.version.release&apos;: 10
&amp;#27;[35m[AndroidDriver]&amp;#27;[39m Using device: 192.168.1.101:5555
&amp;#27;[35m[ADB]&amp;#27;[39m Using &apos;adb.exe&apos; from &apos;C:\Users\maliniv\AppData\Local\Android\Sdk\platform-tools\adb.exe&apos;
[debug] &amp;#27;[35m[ADB]&amp;#27;[39m Running &apos;C:\Users\maliniv\AppData\Local\Android\Sdk\platform-tools\adb.exe -P 5037 start-server&apos;
[debug] &amp;#27;[35m[ADB]&amp;#27;[39m Setting device id to 192.168.1.101:5555
[debug] &amp;#27;[35m[ADB]&amp;#27;[39m Running &apos;C:\Users\maliniv\AppData\Local\Android\Sdk\platform-tools\adb.exe -P 5037 -s 192.168.1.101\:5555 shell getprop ro.build.version.sdk&apos;
[debug] &amp;#27;[35m[ADB]&amp;#27;[39m Current device property &apos;ro.build.version.sdk&apos;: 29
&amp;#27;[35m[ADB]&amp;#27;[39m Getting device platform version
[debug] &amp;#27;[35m[ADB]&amp;#27;[39m Running &apos;C:\Users\maliniv\AppData\Local\Android\Sdk\platform-tools\adb.exe -P 5037 -s 192.168.1.101\:5555 shell getprop ro.build.version.release&apos;
[debug] &amp;#27;[35m[ADB]&amp;#27;[39m Current device property &apos;ro.build.version.release&apos;: 10
[debug] &amp;#27;[35m[ADB]&amp;#27;[39m Device API level: 29
&amp;#27;[35m[UiAutomator2]&amp;#27;[39m Relaxing hidden api policy
[debug] &amp;#27;[35m[ADB]&amp;#27;[39m Running &apos;C:\Users\maliniv\AppData\Local\Android\Sdk\platform-tools\adb.exe -P 5037 -s 192.168.1.101\:5555 shell &apos;settings put global hidden_api_policy_pre_p_apps 1;settings put global hidden_api_policy_p_apps 1;settings put global hidden_api_policy 1&apos;&apos;
&amp;#27;[35m[AndroidDriver]&amp;#27;[39m No app sent in, not parsing package/activity
[debug] &amp;#27;[35m[ADB]&amp;#27;[39m Running &apos;C:\Users\maliniv\AppData\Local\Android\Sdk\platform-tools\adb.exe -P 5037 -s 192.168.1.101\:5555 wait-for-device&apos;
[debug] &amp;#27;[35m[ADB]&amp;#27;[39m Running &apos;C:\Users\maliniv\AppData\Local\Android\Sdk\platform-tools\adb.exe -P 5037 -s 192.168.1.101\:5555 shell echo ping&apos;
[debug] &amp;#27;[35m[AndroidDriver]&amp;#27;[39m Pushing settings apk to device...
[debug] &amp;#27;[35m[ADB]&amp;#27;[39m Getting install status for io.appium.settings
[debug] &amp;#27;[35m[ADB]&amp;#27;[39m Running &apos;C:\Users\maliniv\AppData\Local\Android\Sdk\platform-tools\adb.exe -P 5037 -s 192.168.1.101\:5555 shell dumpsys package io.appium.settings&apos;
[debug] &amp;#27;[35m[ADB]&amp;#27;[39m &apos;io.appium.settings&apos; is installed
[debug] &amp;#27;[35m[ADB]&amp;#27;[39m Getting package info for &apos;io.appium.settings&apos;
[debug] &amp;#27;[35m[ADB]&amp;#27;[39m Running &apos;C:\Users\maliniv\AppData\Local\Android\Sdk\platform-tools\adb.exe -P 5037 -s 192.168.1.101\:5555 shell dumpsys package io.appium.settings&apos;
[debug] &amp;#27;[35m[ADB]&amp;#27;[39m The version name of the installed &apos;io.appium.settings&apos; is greater or equal to the application version name (&apos;3.2.0&apos; &gt;= &apos;3.2.0&apos;)
[debug] &amp;#27;[35m[ADB]&amp;#27;[39m There is no need to install/upgrade &apos;C:\Users\maliniv\AppData\Roaming\npm\node_modules\appium\node_modules\io.appium.settings\apks\settings_apk-debug.apk&apos;
[debug] &amp;#27;[35m[ADB]&amp;#27;[39m Getting IDs of all &apos;io.appium.settings&apos; processes
[debug] &amp;#27;[35m[ADB]&amp;#27;[39m Running &apos;C:\Users\maliniv\AppData\Local\Android\Sdk\platform-tools\adb.exe -P 5037 -s 192.168.1.101\:5555 shell &apos;pgrep --help; echo $?&apos;&apos;
[debug] &amp;#27;[35m[ADB]&amp;#27;[39m Running &apos;C:\Users\maliniv\AppData\Local\Android\Sdk\platform-tools\adb.exe -P 5037 -s 192.168.1.101\:5555 shell pgrep -f io\\.appium\\.settings&apos;
[debug] &amp;#27;[35m[AndroidDriver]&amp;#27;[39m io.appium.settings is already running. There is no need to reset its permissions.
[debug] &amp;#27;[35m[ADB]&amp;#27;[39m Running &apos;C:\Users\maliniv\AppData\Local\Android\Sdk\platform-tools\adb.exe -P 5037 -s 192.168.1.101\:5555 shell appops set io.appium.settings android\:mock_location allow&apos;
[debug] &amp;#27;[35m[Logcat]&amp;#27;[39m Starting logs capture with command: C:\\Users\\maliniv\\AppData\\Local\\Android\\Sdk\\platform-tools\\adb.exe -P 5037 -s 192.168.1.101\:5555 logcat -v threadtime
[debug] &amp;#27;[35m[UiAutomator2]&amp;#27;[39m Forwarding UiAutomator2 Server port 6790 to 8223
[debug] &amp;#27;[35m[ADB]&amp;#27;[39m Forwarding system: 8223 to device: 6790
[debug] &amp;#27;[35m[ADB]&amp;#27;[39m Running &apos;C:\Users\maliniv\AppData\Local\Android\Sdk\platform-tools\adb.exe -P 5037 -s 192.168.1.101\:5555 forward tcp\:8223 tcp\:6790&apos;
[debug] &amp;#27;[35m[ADB]&amp;#27;[39m Getting install status for io.appium.uiautomator2.server
[debug] &amp;#27;[35m[ADB]&amp;#27;[39m Running &apos;C:\Users\maliniv\AppData\Local\Android\Sdk\platform-tools\adb.exe -P 5037 -s 192.168.1.101\:5555 shell dumpsys package io.appium.uiautomator2.server&apos;
[debug] &amp;#27;[35m[ADB]&amp;#27;[39m &apos;io.appium.uiautomator2.server&apos; is installed
[debug] &amp;#27;[35m[ADB]&amp;#27;[39m Getting package info for &apos;io.appium.uiautomator2.server&apos;
[debug] &amp;#27;[35m[ADB]&amp;#27;[39m Running &apos;C:\Users\maliniv\AppData\Local\Android\Sdk\platform-tools\adb.exe -P 5037 -s 192.168.1.101\:5555 shell dumpsys package io.appium.uiautomator2.server&apos;
[debug] &amp;#27;[35m[ADB]&amp;#27;[39m The version name of the installed &apos;io.appium.uiautomator2.server&apos; is greater or equal to the application version name (&apos;4.12.2&apos; &gt;= &apos;4.12.2&apos;)
[debug] &amp;#27;[35m[UiAutomator2]&amp;#27;[39m io.appium.uiautomator2.server installation state: sameVersionInstalled
[debug] &amp;#27;[35m[ADB]&amp;#27;[39m Checking app cert for C:\Users\maliniv\AppData\Roaming\npm\node_modules\appium\node_modules\appium-uiautomator2-server\apks\appium-uiautomator2-server-v4.12.2.apk
&amp;#27;[35m[ADB]&amp;#27;[39m Using &apos;apksigner.jar&apos; from &apos;C:\Users\maliniv\AppData\Local\Android\Sdk\build-tools\30.0.2\lib\apksigner.jar&apos;
[debug] &amp;#27;[35m[ADB]&amp;#27;[39m Starting apksigner: &apos;C:\\Program Files\\Java\\jdk1.8.0_121\\bin\\java.exe&apos; -Xmx1024M -Xss1m -jar C:\\Users\\maliniv\\AppData\\Local\\Android\\Sdk\\build-tools\\30.0.2\\lib\\apksigner.jar verify --print-certs C:\\Users\\maliniv\\AppData\\Roaming\\npm\\node_modules\\appium\\node_modules\\appium-uiautomator2-server\\apks\\appium-uiautomator2-server-v4.12.2.apk
[debug] &amp;#27;[35m[ADB]&amp;#27;[39m apksigner stdout: Signer #1 certificate DN: EMAILADDRESS=android@android.com, CN=Android, OU=Android, O=Android, L=Mountain View, ST=California, C=US
[debug] &amp;#27;[35m[ADB]&amp;#27;[39m Signer #1 certificate SHA-256 digest: a40da80a59d170caa950cf15c18c454d47a39b26989d8b640ecd745ba71bf5dc
[debug] &amp;#27;[35m[ADB]&amp;#27;[39m Signer #1 certificate SHA-1 digest: 61ed377e85d386a8dfee6b864bd85b0bfaa5af81
[debug] &amp;#27;[35m[ADB]&amp;#27;[39m Signer #1 certificate MD5 digest: e89b158e4bcf988ebd09eb83f5378e87
[debug] &amp;#27;[35m[ADB]&amp;#27;[39m 
[debug] &amp;#27;[35m[ADB]&amp;#27;[39m &apos;C:\Users\maliniv\AppData\Roaming\npm\node_modules\appium\node_modules\appium-uiautomator2-server\apks\appium-uiautomator2-server-v4.12.2.apk&apos; is signed with the default certificate
[debug] &amp;#27;[35m[ADB]&amp;#27;[39m Getting install status for io.appium.uiautomator2.server.test
[debug] &amp;#27;[35m[ADB]&amp;#27;[39m Running &apos;C:\Users\maliniv\AppData\Local\Android\Sdk\platform-tools\adb.exe -P 5037 -s 192.168.1.101\:5555 shell dumpsys package io.appium.uiautomator2.server.test&apos;
[debug] &amp;#27;[35m[ADB]&amp;#27;[39m &apos;io.appium.uiautomator2.server.test&apos; is installed
[debug] &amp;#27;[35m[ADB]&amp;#27;[39m Checking app cert for C:\Users\maliniv\AppData\Roaming\npm\node_modules\appium\node_modules\appium-uiautomator2-server\apks\appium-uiautomator2-server-debug-androidTest.apk
[debug] &amp;#27;[35m[ADB]&amp;#27;[39m Starting apksigner: &apos;C:\\Program Files\\Java\\jdk1.8.0_121\\bin\\java.exe&apos; -Xmx1024M -Xss1m -jar C:\\Users\\maliniv\\AppData\\Local\\Android\\Sdk\\build-tools\\30.0.2\\lib\\apksigner.jar verify --print-certs C:\\Users\\maliniv\\AppData\\Roaming\\npm\\node_modules\\appium\\node_modules\\appium-uiautomator2-server\\apks\\appium-uiautomator2-server-debug-androidTest.apk
[debug] &amp;#27;[35m[ADB]&amp;#27;[39m apksigner stdout: Signer #1 certificate DN: EMAILADDRESS=android@android.com, CN=Android, OU=Android, O=Android, L=Mountain View, ST=California, C=US
[debug] &amp;#27;[35m[ADB]&amp;#27;[39m Signer #1 certificate SHA-256 digest: a40da80a59d170caa950cf15c18c454d47a39b26989d8b640ecd745ba71bf5dc
[debug] &amp;#27;[35m[ADB]&amp;#27;[39m Signer #1 certificate SHA-1 digest: 61ed377e85d386a8dfee6b864bd85b0bfaa5af81
[debug] &amp;#27;[35m[ADB]&amp;#27;[39m Signer #1 certificate MD5 digest: e89b158e4bcf988ebd09eb83f5378e87
[debug] &amp;#27;[35m[ADB]&amp;#27;[39m 
[debug] &amp;#27;[35m[ADB]&amp;#27;[39m &apos;C:\Users\maliniv\AppData\Roaming\npm\node_modules\appium\node_modules\appium-uiautomator2-server\apks\appium-uiautomator2-server-debug-androidTest.apk&apos; is signed with the default certificate
&amp;#27;[35m[UiAutomator2]&amp;#27;[39m Server packages are not going to be (re)installed
[debug] &amp;#27;[35m[UiAutomator2]&amp;#27;[39m Waiting up to 30000ms for services to be available
[debug] &amp;#27;[35m[ADB]&amp;#27;[39m Running &apos;C:\Users\maliniv\AppData\Local\Android\Sdk\platform-tools\adb.exe -P 5037 -s 192.168.1.101\:5555 shell pm list instrumentation&apos;
[debug] &amp;#27;[35m[UiAutomator2]&amp;#27;[39m Instrumentation target &apos;io.appium.uiautomator2.server.test/androidx.test.runner.AndroidJUnitRunner&apos; is available
[debug] &amp;#27;[35m[UiAutomator2]&amp;#27;[39m No app capability. Assuming it is already on the device
[debug] &amp;#27;[35m[UiAutomator2]&amp;#27;[39m Performing shallow cleanup of automation leftovers
[debug] &amp;#27;[35m[UiAutomator2]&amp;#27;[39m The following obsolete sessions are still running: [null]
[debug] &amp;#27;[35m[UiAutomator2]&amp;#27;[39m Cleaning up the obsolete sessions
[debug] &amp;#27;[35m[ADB]&amp;#27;[39m Running &apos;C:\Users\maliniv\AppData\Local\Android\Sdk\platform-tools\adb.exe -P 5037 -s 192.168.1.101\:5555 shell am force-stop io.appium.uiautomator2.server.test&apos;
&amp;#27;[35m[UiAutomator2]&amp;#27;[39m Starting UIAutomator2 server 4.12.2
&amp;#27;[35m[UiAutomator2]&amp;#27;[39m Using UIAutomator2 server from &apos;C:\Users\maliniv\AppData\Roaming\npm\node_modules\appium\node_modules\appium-uiautomator2-server\apks\appium-uiautomator2-server-v4.12.2.apk&apos; and test from &apos;C:\Users\maliniv\AppData\Roaming\npm\node_modules\appium\node_modules\appium-uiautomator2-server\apks\appium-uiautomator2-server-debug-androidTest.apk&apos;
&amp;#27;[35m[UiAutomator2]&amp;#27;[39m Waiting up to 30000ms for UiAutomator2 to be online...
[debug] &amp;#27;[35m[ADB]&amp;#27;[39m Creating ADB subprocess with args: [&quot;-P&quot;,5037,&quot;-s&quot;,&quot;192.168.1.101:5555&quot;,&quot;shell&quot;,&quot;am&quot;,&quot;instrument&quot;,&quot;-w&quot;,&quot;io.appium.uiautomator2.server.test/androidx.test.runner.AndroidJUnitRunner&quot;]
[debug] &amp;#27;[35m[Instrumentation]&amp;#27;[39m io.appium.uiautomator2.server.test.AppiumUiAutomator2Server:
[debug] &amp;#27;[35m[WD Proxy]&amp;#27;[39m Matched &apos;/status&apos; to command name &apos;getStatus&apos;
[debug] &amp;#27;[35m[WD Proxy]&amp;#27;[39m Proxying [GET /status] to [GET http://127.0.0.1:8223/wd/hub/status] with no body
&amp;#27;[35m[WD Proxy]&amp;#27;[39m socket hang up
[debug] &amp;#27;[35m[WD Proxy]&amp;#27;[39m Matched &apos;/status&apos; to command name &apos;getStatus&apos;
[debug] &amp;#27;[35m[WD Proxy]&amp;#27;[39m Proxying [GET /status] to [GET http://127.0.0.1:8223/wd/hub/status] with no body
[debug] &amp;#27;[35m[WD Proxy]&amp;#27;[39m Got response with status 200: {&quot;sessionId&quot;:&quot;None&quot;,&quot;value&quot;:{&quot;message&quot;:&quot;UiAutomator2 Server is ready to accept commands&quot;,&quot;ready&quot;:true}}
[debug] &amp;#27;[35m[UiAutomator2]&amp;#27;[39m The initialization of the instrumentation process took 2978ms
[debug] &amp;#27;[35m[WD Proxy]&amp;#27;[39m Matched &apos;/session&apos; to command name &apos;createSession&apos;
[debug] &amp;#27;[35m[WD Proxy]&amp;#27;[39m Proxying [POST /session] to [POST http://127.0.0.1:8223/wd/hub/session] with body: {&quot;capabilities&quot;:{&quot;firstMatch&quot;:[{&quot;platform&quot;:&quot;LINUX&quot;,&quot;webStorageEnabled&quot;:false,&quot;takesScreenshot&quot;:true,&quot;javascriptEnabled&quot;:true,&quot;databaseEnabled&quot;:false,&quot;networkConnectionEnabled&quot;:true,&quot;locationContextEnabled&quot;:false,&quot;warnings&quot;:{},&quot;desired&quot;:{&quot;platformName&quot;:&quot;android&quot;,&quot;appActivity&quot;:&quot;com.samsung.android.app.calendar.activity.MainActivity&quot;,&quot;appPackage&quot;:&quot;com.samsung.android.calendar&quot;,&quot;automationName&quot;:&quot;UiAutomator2&quot;,&quot;deviceName&quot;:&quot;GalaxyS10e&quot;,&quot;newCommandTimeout&quot;:10000,&quot;noReset&quot;:true,&quot;platformVersion&quot;:&quot;10&quot;},&quot;platformName&quot;:&quot;android&quot;,&quot;appActivity&quot;:&quot;com.samsung.android.app.calendar.activity.MainActivity&quot;,&quot;appPackage&quot;:&quot;com.samsung.android.calendar&quot;,&quot;automationName&quot;:&quot;UiAutomator2&quot;,&quot;deviceName&quot;:&quot;192.168.1.101:5555&quot;,&quot;newCommandTimeout&quot;:10000,&quot;noReset&quot;:true,&quot;platformVersion&quot;:&quot;10&quot;,&quot;deviceUDID&quot;:&quot;192.168.1.101:5555&quot;}],&quot;alwaysMatch&quot;:{}}}
[debug] &amp;#27;[35m[WD Proxy]&amp;#27;[39m Got response with status 200: {&quot;sessionId&quot;:&quot;509ee935-af7b-453d-9927-0bcc849a6600&quot;,&quot;value&quot;:{&quot;capabilities&quot;:{&quot;firstMatch&quot;:[{&quot;platform&quot;:&quot;LINUX&quot;,&quot;webStorageEnabled&quot;:false,&quot;takesScreenshot&quot;:true,&quot;javascriptEnabled&quot;:true,&quot;databaseEnabled&quot;:false,&quot;networkConnectionEnabled&quot;:true,&quot;locationContextEnabled&quot;:false,&quot;warnings&quot;:{},&quot;desired&quot;:{&quot;platformName&quot;:&quot;android&quot;,&quot;appActivity&quot;:&quot;com.samsung.android.app.calendar.activity.MainActivity&quot;,&quot;appPackage&quot;:&quot;com.samsung.android.calendar&quot;,&quot;automationName&quot;:&quot;UiAutomator2&quot;,&quot;deviceName&quot;:&quot;GalaxyS10e&quot;,&quot;newCommandTimeout&quot;:10000,&quot;noReset&quot;:true,&quot;platformVersion&quot;:&quot;10&quot;},&quot;platformName&quot;:&quot;android&quot;,&quot;appActivity&quot;:&quot;com.samsung.android.app.calendar.activity.MainActivity&quot;,&quot;appPackage&quot;:&quot;com.samsung.android.calendar&quot;,&quot;automationName&quot;:&quot;UiAutomator2&quot;,&quot;deviceName&quot;:&quot;192.168.1.101:5555&quot;,&quot;newCommandTimeout&quot;:10000,&quot;noReset&quot;:true,&quot;platformVersion&quot;:&quot;10&quot;,&quot;deviceUDID&quot;:&quot;192.168.1.101:5555&quot;}],&quot;alwaysMatch&quot;:{}},&quot;sessionId&quot;:&quot;509ee935-af7b-453d-9927-0bcc849a6600&quot;}}
&amp;#27;[35m[WD Proxy]&amp;#27;[39m Determined the downstream protocol as &apos;W3C&apos;
[debug] &amp;#27;[35m[WD Proxy]&amp;#27;[39m Proxying [GET /appium/device/info] to [GET http://127.0.0.1:8223/wd/hub/session/509ee935-af7b-453d-9927-0bcc849a6600/appium/device/info] with no body
[debug] &amp;#27;[35m[WD Proxy]&amp;#27;[39m Got response with status 200: {&quot;sessionId&quot;:&quot;509ee935-af7b-453d-9927-0bcc849a6600&quot;,&quot;value&quot;:{&quot;androidId&quot;:&quot;62f0e43bb0e2450e&quot;,&quot;apiVersion&quot;:&quot;29&quot;,&quot;bluetooth&quot;:{&quot;state&quot;:&quot;OFF&quot;},&quot;brand&quot;:&quot;samsung&quot;,&quot;carrierName&quot;:&quot;Vodafone AU&quot;,&quot;displayDensity&quot;:480,&quot;locale&quot;:&quot;en_AU&quot;,&quot;manufacturer&quot;:&quot;samsung&quot;,&quot;model&quot;:&quot;SM-G970F&quot;,&quot;networks&quot;:[{&quot;capabilities&quot;:{&quot;SSID&quot;:null,&quot;linkDownBandwidthKbps&quot;:102400,&quot;linkUpstreamBandwidthKbps&quot;:51200,&quot;networkCapabilities&quot;:&quot;NET_CAPABILITY_IMS,NET_CAPABILITY_NOT_METERED,NET_CAPABILITY_TRUSTED,NET_CAPABILITY_NOT_VPN,NET_CAPABILITY_VALIDATED,NET_CAPABILITY_NOT_ROAMING,NET_CAPABILITY_FOREGROUND,NET_CAPABILITY_NOT_CONGESTED,NET_CAPABILITY_NOT_SUSPENDED&quot;,&quot;signalStrength&quot;:-2147483648,&quot;transportTypes&quot;:&quot;TRANSPORT_CELLULAR&quot;},&quot;detailedState&quot;:&quot;CONNECTED&quot;,&quot;extraInfo&quot;:&quot;IMS&quot;,&quot;isAvailable&quot;:true,&quot;isConnected&quot;:true,&quot;isFailover&quot;:false,&quot;isRoaming&quot;:false,&quot;state&quot;:&quot;CONNECTED&quot;,&quot;subtype&quot;:13,&quot;subtypeName&quot;:&quot;LTE&quot;,&quot;type&quot;:0,&quot;typeName&quot;:&quot;MOBILE&quot;},{&quot;capabilities&quot;:{&quot;SSID&quot;:null,&quot;linkDownBandwidthKbps&quot;:1048576,&quot;linkUpstreamBandwidthKbps&quot;:1048576,&quot;networkCapabilities&quot;:&quot;NET_C...
[debug] &amp;#27;[35m[ADB]&amp;#27;[39m Running &apos;C:\Users\maliniv\AppData\Local\Android\Sdk\platform-tools\adb.exe -P 5037 -s 192.168.1.101\:5555 shell dumpsys window&apos;
&amp;#27;[35m[AndroidDriver]&amp;#27;[39m Screen already unlocked, doing nothing
&amp;#27;[35m[UiAutomator2]&amp;#27;[39m Starting &apos;com.samsung.android.calendar/com.samsung.android.app.calendar.activity.MainActivity and waiting for &apos;com.samsung.android.calendar/com.samsung.android.app.calendar.activity.MainActivity&apos;
[debug] &amp;#27;[35m[ADB]&amp;#27;[39m Running &apos;C:\Users\maliniv\AppData\Local\Android\Sdk\platform-tools\adb.exe -P 5037 -s 192.168.1.101\:5555 shell am start -W -n com.samsung.android.calendar/com.samsung.android.app.calendar.activity.MainActivity -S -a android.intent.action.MAIN -c android.intent.category.LAUNCHER -f 0x10200000&apos;
[debug] &amp;#27;[35m[WD Proxy]&amp;#27;[39m Proxying [GET /appium/device/pixel_ratio] to [GET http://127.0.0.1:8223/wd/hub/session/509ee935-af7b-453d-9927-0bcc849a6600/appium/device/pixel_ratio] with no body
[debug] &amp;#27;[35m[WD Proxy]&amp;#27;[39m Got response with status 200: {&quot;sessionId&quot;:&quot;509ee935-af7b-453d-9927-0bcc849a6600&quot;,&quot;value&quot;:3}
[debug] &amp;#27;[35m[WD Proxy]&amp;#27;[39m Matched &apos;/appium/device/system_bars&apos; to command name &apos;getSystemBars&apos;
[debug] &amp;#27;[35m[WD Proxy]&amp;#27;[39m Proxying [GET /appium/device/system_bars] to [GET http://127.0.0.1:8223/wd/hub/session/509ee935-af7b-453d-9927-0bcc849a6600/appium/device/system_bars] with no body
[debug] &amp;#27;[35m[WD Proxy]&amp;#27;[39m Got response with status 200: {&quot;sessionId&quot;:&quot;509ee935-af7b-453d-9927-0bcc849a6600&quot;,&quot;value&quot;:{&quot;statusBar&quot;:117}}
[debug] &amp;#27;[35m[WD Proxy]&amp;#27;[39m Matched &apos;/window/current/size&apos; to command name &apos;getWindowSize&apos;
[debug] &amp;#27;[35m[WD Proxy]&amp;#27;[39m Proxying [GET /window/current/size] to [GET http://127.0.0.1:8223/wd/hub/session/509ee935-af7b-453d-9927-0bcc849a6600/window/current/size] with no body
[debug] &amp;#27;[35m[WD Proxy]&amp;#27;[39m Got response with status 200: {&quot;sessionId&quot;:&quot;509ee935-af7b-453d-9927-0bcc849a6600&quot;,&quot;value&quot;:{&quot;height&quot;:2020,&quot;width&quot;:1080}}
&amp;#27;[35m[Appium]&amp;#27;[39m New AndroidUiautomator2Driver session created successfully, session 0bf2b727-b005-49fa-ad71-0321dbc60b93 added to master session list
[debug] &amp;#27;[35m[BaseDriver]&amp;#27;[39m Event &apos;newSessionStarted&apos; logged at 1612220290514 (08:58:10 GMT+1000 (Australian Eastern Standard Time))
[debug] &amp;#27;[35m[W3C (0bf2b727)]&amp;#27;[39m Cached the protocol value &apos;W3C&apos; for the new session 0bf2b727-b005-49fa-ad71-0321dbc60b93
[debug] &amp;#27;[35m[W3C (0bf2b727)]&amp;#27;[39m Responding to client with driver.createSession() result: {&quot;capabilities&quot;:{&quot;platform&quot;:&quot;LINUX&quot;,&quot;webStorageEnabled&quot;:false,&quot;takesScreenshot&quot;:true,&quot;javascriptEnabled&quot;:true,&quot;databaseEnabled&quot;:false,&quot;networkConnectionEnabled&quot;:true,&quot;locationContextEnabled&quot;:false,&quot;warnings&quot;:{},&quot;desired&quot;:{&quot;platformName&quot;:&quot;android&quot;,&quot;appActivity&quot;:&quot;com.samsung.android.app.calendar.activity.MainActivity&quot;,&quot;appPackage&quot;:&quot;com.samsung.android.calendar&quot;,&quot;automationName&quot;:&quot;UiAutomator2&quot;,&quot;deviceName&quot;:&quot;GalaxyS10e&quot;,&quot;newCommandTimeout&quot;:10000,&quot;noReset&quot;:true,&quot;platformVersion&quot;:&quot;10&quot;},&quot;platformName&quot;:&quot;android&quot;,&quot;appActivity&quot;:&quot;com.samsung.android.app.calendar.activity.MainActivity&quot;,&quot;appPackage&quot;:&quot;com.samsung.android.calendar&quot;,&quot;automationName&quot;:&quot;UiAutomator2&quot;,&quot;deviceName&quot;:&quot;192.168.1.101:5555&quot;,&quot;newCommandTimeout&quot;:10000,&quot;noReset&quot;:true,&quot;platformVersion&quot;:&quot;10&quot;,&quot;deviceUDID&quot;:&quot;192.168.1.101:5555&quot;,&quot;deviceApiLevel&quot;:29,&quot;deviceScreenSize&quot;:&quot;1080x2280&quot;,&quot;deviceScreenDensity&quot;:480,&quot;deviceModel&quot;:&quot;SM-G970F&quot;,&quot;deviceManufacturer&quot;:&quot;samsung&quot;,&quot;pixelRatio&quot;:3,&quot;statBarHeight&quot;:117,&quot;viewportRect&quot;:{&quot;left&quot;:0,&quot;top&quot;:117,&quot;width&quot;:1080,&quot;height&quot;:1903}}}
&amp;#27;[35m[HTTP]&amp;#27;[39m &amp;#27;[37m&lt;-- POST /wd/hub/session &amp;#27;[39m&amp;#27;[32m200&amp;#27;[39m &amp;#27;[90m13551 ms - 1082&amp;#27;[39m
&amp;#27;[35m[HTTP]&amp;#27;[39m &amp;#27;[90m&amp;#27;[39m
&amp;#27;[35m[HTTP]&amp;#27;[39m &amp;#27;[37m--&gt;&amp;#27;[39m &amp;#27;[37mPOST&amp;#27;[39m &amp;#27;[37m/wd/hub/session/0bf2b727-b005-49fa-ad71-0321dbc60b93/timeouts&amp;#27;[39m
&amp;#27;[35m[HTTP]&amp;#27;[39m &amp;#27;[90m{&quot;implicit&quot;:10000}&amp;#27;[39m
[debug] &amp;#27;[35m[W3C (0bf2b727)]&amp;#27;[39m Calling AppiumDriver.timeouts() with args: [null,null,null,null,10000,&quot;0bf2b727-b005-49fa-ad71-0321dbc60b93&quot;]
[debug] &amp;#27;[35m[BaseDriver]&amp;#27;[39m W3C timeout argument: {&quot;implicit&quot;:10000}}
[debug] &amp;#27;[35m[BaseDriver]&amp;#27;[39m Set implicit wait to 10000ms
[debug] &amp;#27;[35m[W3C (0bf2b727)]&amp;#27;[39m Responding to client with driver.timeouts() result: null
&amp;#27;[35m[HTTP]&amp;#27;[39m &amp;#27;[37m&lt;-- POST /wd/hub/session/0bf2b727-b005-49fa-ad71-0321dbc60b93/timeouts &amp;#27;[39m&amp;#27;[32m200&amp;#27;[39m &amp;#27;[90m6 ms - 14&amp;#27;[39m
&amp;#27;[35m[HTTP]&amp;#27;[39m &amp;#27;[90m&amp;#27;[39m
&amp;#27;[35m[HTTP]&amp;#27;[39m &amp;#27;[37m--&gt;&amp;#27;[39m &amp;#27;[37mGET&amp;#27;[39m &amp;#27;[37m/wd/hub/session/0bf2b727-b005-49fa-ad71-0321dbc60b93/context&amp;#27;[39m
&amp;#27;[35m[HTTP]&amp;#27;[39m &amp;#27;[90m{}&amp;#27;[39m
[debug] &amp;#27;[35m[W3C (0bf2b727)]&amp;#27;[39m Calling AppiumDriver.getCurrentContext() with args: [&quot;0bf2b727-b005-49fa-ad71-0321dbc60b93&quot;]
[debug] &amp;#27;[35m[W3C (0bf2b727)]&amp;#27;[39m Responding to client with driver.getCurrentContext() result: &quot;NATIVE_APP&quot;
&amp;#27;[35m[HTTP]&amp;#27;[39m &amp;#27;[37m&lt;-- GET /wd/hub/session/0bf2b727-b005-49fa-ad71-0321dbc60b93/context &amp;#27;[39m&amp;#27;[32m200&amp;#27;[39m &amp;#27;[90m8 ms - 22&amp;#27;[39m
&amp;#27;[35m[HTTP]&amp;#27;[39m &amp;#27;[90m&amp;#27;[39m
&amp;#27;[35m[HTTP]&amp;#27;[39m &amp;#27;[37m--&gt;&amp;#27;[39m &amp;#27;[37mPOST&amp;#27;[39m &amp;#27;[37m/wd/hub/session/0bf2b727-b005-49fa-ad71-0321dbc60b93/element&amp;#27;[39m
&amp;#27;[35m[HTTP]&amp;#27;[39m &amp;#27;[90m{&quot;using&quot;:&quot;id&quot;,&quot;value&quot;:&quot;com.samsung.android.calendar:id/floating_action_button&quot;}&amp;#27;[39m
[debug] &amp;#27;[35m[W3C (0bf2b727)]&amp;#27;[39m Calling AppiumDriver.findElement() with args: [&quot;id&quot;,&quot;com.samsung.android.calendar:id/floating_action_button&quot;,&quot;0bf2b727-b005-49fa-ad71-0321dbc60b93&quot;]
[debug] &amp;#27;[35m[BaseDriver]&amp;#27;[39m Valid locator strategies for this request: xpath, id, class name, accessibility id, -android uiautomator
[debug] &amp;#27;[35m[BaseDriver]&amp;#27;[39m Waiting up to 10000 ms for condition
[debug] &amp;#27;[35m[WD Proxy]&amp;#27;[39m Matched &apos;/element&apos; to command name &apos;findElement&apos;
[debug] &amp;#27;[35m[WD Proxy]&amp;#27;[39m Proxying [POST /element] to [POST http://127.0.0.1:8223/wd/hub/session/509ee935-af7b-453d-9927-0bcc849a6600/element] with body: {&quot;strategy&quot;:&quot;id&quot;,&quot;selector&quot;:&quot;com.samsung.android.calendar:id/floating_action_button&quot;,&quot;context&quot;:&quot;&quot;,&quot;multiple&quot;:false}
[debug] &amp;#27;[35m[WD Proxy]&amp;#27;[39m Got response with status 200: {&quot;sessionId&quot;:&quot;509ee935-af7b-453d-9927-0bcc849a6600&quot;,&quot;value&quot;:{&quot;ELEMENT&quot;:&quot;7e9d09c7-c317-461d-b962-bef8ed292dde&quot;,&quot;element-6066-11e4-a52e-4f735466cecf&quot;:&quot;7e9d09c7-c317-461d-b962-bef8ed292dde&quot;}}
[debug] &amp;#27;[35m[W3C (0bf2b727)]&amp;#27;[39m Responding to client with driver.findElement() result: {&quot;element-6066-11e4-a52e-4f735466cecf&quot;:&quot;7e9d09c7-c317-461d-b962-bef8ed292dde&quot;,&quot;ELEMENT&quot;:&quot;7e9d09c7-c317-461d-b962-bef8ed292dde&quot;}
&amp;#27;[35m[HTTP]&amp;#27;[39m &amp;#27;[37m&lt;-- POST /wd/hub/session/0bf2b727-b005-49fa-ad71-0321dbc60b93/element &amp;#27;[39m&amp;#27;[32m200&amp;#27;[39m &amp;#27;[90m926 ms - 137&amp;#27;[39m
&amp;#27;[35m[HTTP]&amp;#27;[39m &amp;#27;[90m&amp;#27;[39m
&amp;#27;[35m[HTTP]&amp;#27;[39m &amp;#27;[37m--&gt;&amp;#27;[39m &amp;#27;[37mPOST&amp;#27;[39m &amp;#27;[37m/wd/hub/session/0bf2b727-b005-49fa-ad71-0321dbc60b93/element/7e9d09c7-c317-461d-b962-bef8ed292dde/click&amp;#27;[39m
&amp;#27;[35m[HTTP]&amp;#27;[39m &amp;#27;[90m{&quot;id&quot;:&quot;7e9d09c7-c317-461d-b962-bef8ed292dde&quot;}&amp;#27;[39m
[debug] &amp;#27;[35m[W3C (0bf2b727)]&amp;#27;[39m Calling AppiumDriver.click() with args: [&quot;7e9d09c7-c317-461d-b962-bef8ed292dde&quot;,&quot;0bf2b727-b005-49fa-ad71-0321dbc60b93&quot;]
[debug] &amp;#27;[35m[WD Proxy]&amp;#27;[39m Matched &apos;/element/7e9d09c7-c317-461d-b962-bef8ed292dde/click&apos; to command name &apos;click&apos;
[debug] &amp;#27;[35m[WD Proxy]&amp;#27;[39m Proxying [POST /element/7e9d09c7-c317-461d-b962-bef8ed292dde/click] to [POST http://127.0.0.1:8223/wd/hub/session/509ee935-af7b-453d-9927-0bcc849a6600/element/7e9d09c7-c317-461d-b962-bef8ed292dde/click] with body: {&quot;element&quot;:&quot;7e9d09c7-c317-461d-b962-bef8ed292dde&quot;}
[debug] &amp;#27;[35m[WD Proxy]&amp;#27;[39m Got response with status 200: {&quot;sessionId&quot;:&quot;509ee935-af7b-453d-9927-0bcc849a6600&quot;,&quot;value&quot;:null}
[debug] &amp;#27;[35m[W3C (0bf2b727)]&amp;#27;[39m Responding to client with driver.click() result: null
&amp;#27;[35m[HTTP]&amp;#27;[39m &amp;#27;[37m&lt;-- POST /wd/hub/session/0bf2b727-b005-49fa-ad71-0321dbc60b93/element/7e9d09c7-c317-461d-b962-bef8ed292dde/click &amp;#27;[39m&amp;#27;[32m200&amp;#27;[39m &amp;#27;[90m133 ms - 14&amp;#27;[39m
&amp;#27;[35m[HTTP]&amp;#27;[39m &amp;#27;[90m&amp;#27;[39m
&amp;#27;[35m[HTTP]&amp;#27;[39m &amp;#27;[37m--&gt;&amp;#27;[39m &amp;#27;[37mGET&amp;#27;[39m &amp;#27;[37m/wd/hub/session/0bf2b727-b005-49fa-ad71-0321dbc60b93/context&amp;#27;[39m
&amp;#27;[35m[HTTP]&amp;#27;[39m &amp;#27;[90m{}&amp;#27;[39m
[debug] &amp;#27;[35m[W3C (0bf2b727)]&amp;#27;[39m Calling AppiumDriver.getCurrentContext() with args: [&quot;0bf2b727-b005-49fa-ad71-0321dbc60b93&quot;]
[debug] &amp;#27;[35m[W3C (0bf2b727)]&amp;#27;[39m Responding to client with driver.getCurrentContext() result: &quot;NATIVE_APP&quot;
&amp;#27;[35m[HTTP]&amp;#27;[39m &amp;#27;[37m&lt;-- GET /wd/hub/session/0bf2b727-b005-49fa-ad71-0321dbc60b93/context &amp;#27;[39m&amp;#27;[32m200&amp;#27;[39m &amp;#27;[90m6 ms - 22&amp;#27;[39m
&amp;#27;[35m[HTTP]&amp;#27;[39m &amp;#27;[90m&amp;#27;[39m
&amp;#27;[35m[HTTP]&amp;#27;[39m &amp;#27;[37m--&gt;&amp;#27;[39m &amp;#27;[37mPOST&amp;#27;[39m &amp;#27;[37m/wd/hub/session/0bf2b727-b005-49fa-ad71-0321dbc60b93/element&amp;#27;[39m
&amp;#27;[35m[HTTP]&amp;#27;[39m &amp;#27;[90m{&quot;using&quot;:&quot;id&quot;,&quot;value&quot;:&quot;com.samsung.android.calendar:id/start_label&quot;}&amp;#27;[39m
[debug] &amp;#27;[35m[W3C (0bf2b727)]&amp;#27;[39m Calling AppiumDriver.findElement() with args: [&quot;id&quot;,&quot;com.samsung.android.calendar:id/start_label&quot;,&quot;0bf2b727-b005-49fa-ad71-0321dbc60b93&quot;]
[debug] &amp;#27;[35m[BaseDriver]&amp;#27;[39m Valid locator strategies for this request: xpath, id, class name, accessibility id, -android uiautomator
[debug] &amp;#27;[35m[BaseDriver]&amp;#27;[39m Waiting up to 10000 ms for condition
[debug] &amp;#27;[35m[WD Proxy]&amp;#27;[39m Matched &apos;/element&apos; to command name &apos;findElement&apos;
[debug] &amp;#27;[35m[WD Proxy]&amp;#27;[39m Proxying [POST /element] to [POST http://127.0.0.1:8223/wd/hub/session/509ee935-af7b-453d-9927-0bcc849a6600/element] with body: {&quot;strategy&quot;:&quot;id&quot;,&quot;selector&quot;:&quot;com.samsung.android.calendar:id/start_label&quot;,&quot;context&quot;:&quot;&quot;,&quot;multiple&quot;:false}
[debug] &amp;#27;[35m[WD Proxy]&amp;#27;[39m Got response with status 200: {&quot;sessionId&quot;:&quot;509ee935-af7b-453d-9927-0bcc849a6600&quot;,&quot;value&quot;:{&quot;ELEMENT&quot;:&quot;b6a2b4ec-5a2a-4707-b4b5-7a58b86dbe1e&quot;,&quot;element-6066-11e4-a52e-4f735466cecf&quot;:&quot;b6a2b4ec-5a2a-4707-b4b5-7a58b86dbe1e&quot;}}
[debug] &amp;#27;[35m[W3C (0bf2b727)]&amp;#27;[39m Responding to client with driver.findElement() result: {&quot;element-6066-11e4-a52e-4f735466cecf&quot;:&quot;b6a2b4ec-5a2a-4707-b4b5-7a58b86dbe1e&quot;,&quot;ELEMENT&quot;:&quot;b6a2b4ec-5a2a-4707-b4b5-7a58b86dbe1e&quot;}
&amp;#27;[35m[HTTP]&amp;#27;[39m &amp;#27;[37m&lt;-- POST /wd/hub/session/0bf2b727-b005-49fa-ad71-0321dbc60b93/element &amp;#27;[39m&amp;#27;[32m200&amp;#27;[39m &amp;#27;[90m1127 ms - 137&amp;#27;[39m
&amp;#27;[35m[HTTP]&amp;#27;[39m &amp;#27;[90m&amp;#27;[39m
&amp;#27;[35m[HTTP]&amp;#27;[39m &amp;#27;[37m--&gt;&amp;#27;[39m &amp;#27;[37mPOST&amp;#27;[39m &amp;#27;[37m/wd/hub/session/0bf2b727-b005-49fa-ad71-0321dbc60b93/element/b6a2b4ec-5a2a-4707-b4b5-7a58b86dbe1e/click&amp;#27;[39m
&amp;#27;[35m[HTTP]&amp;#27;[39m &amp;#27;[90m{&quot;id&quot;:&quot;b6a2b4ec-5a2a-4707-b4b5-7a58b86dbe1e&quot;}&amp;#27;[39m
[debug] &amp;#27;[35m[W3C (0bf2b727)]&amp;#27;[39m Calling AppiumDriver.click() with args: [&quot;b6a2b4ec-5a2a-4707-b4b5-7a58b86dbe1e&quot;,&quot;0bf2b727-b005-49fa-ad71-0321dbc60b93&quot;]
[debug] &amp;#27;[35m[WD Proxy]&amp;#27;[39m Matched &apos;/element/b6a2b4ec-5a2a-4707-b4b5-7a58b86dbe1e/click&apos; to command name &apos;click&apos;
[debug] &amp;#27;[35m[WD Proxy]&amp;#27;[39m Proxying [POST /element/b6a2b4ec-5a2a-4707-b4b5-7a58b86dbe1e/click] to [POST http://127.0.0.1:8223/wd/hub/session/509ee935-af7b-453d-9927-0bcc849a6600/element/b6a2b4ec-5a2a-4707-b4b5-7a58b86dbe1e/click] with body: {&quot;element&quot;:&quot;b6a2b4ec-5a2a-4707-b4b5-7a58b86dbe1e&quot;}
[debug] &amp;#27;[35m[WD Proxy]&amp;#27;[39m Got response with status 200: {&quot;sessionId&quot;:&quot;509ee935-af7b-453d-9927-0bcc849a6600&quot;,&quot;value&quot;:null}
[debug] &amp;#27;[35m[W3C (0bf2b727)]&amp;#27;[39m Responding to client with driver.click() result: null
&amp;#27;[35m[HTTP]&amp;#27;[39m &amp;#27;[37m&lt;-- POST /wd/hub/session/0bf2b727-b005-49fa-ad71-0321dbc60b93/element/b6a2b4ec-5a2a-4707-b4b5-7a58b86dbe1e/click &amp;#27;[39m&amp;#27;[32m200&amp;#27;[39m &amp;#27;[90m2781 ms - 14&amp;#27;[39m
&amp;#27;[35m[HTTP]&amp;#27;[39m &amp;#27;[90m&amp;#27;[39m
&amp;#27;[35m[HTTP]&amp;#27;[39m &amp;#27;[37m--&gt;&amp;#27;[39m &amp;#27;[37mGET&amp;#27;[39m &amp;#27;[37m/wd/hub/session/0bf2b727-b005-49fa-ad71-0321dbc60b93/context&amp;#27;[39m
&amp;#27;[35m[HTTP]&amp;#27;[39m &amp;#27;[90m{}&amp;#27;[39m
[debug] &amp;#27;[35m[W3C (0bf2b727)]&amp;#27;[39m Calling AppiumDriver.getCurrentContext() with args: [&quot;0bf2b727-b005-49fa-ad71-0321dbc60b93&quot;]
[debug] &amp;#27;[35m[W3C (0bf2b727)]&amp;#27;[39m Responding to client with driver.getCurrentContext() result: &quot;NATIVE_APP&quot;
&amp;#27;[35m[HTTP]&amp;#27;[39m &amp;#27;[37m&lt;-- GET /wd/hub/session/0bf2b727-b005-49fa-ad71-0321dbc60b93/context &amp;#27;[39m&amp;#27;[32m200&amp;#27;[39m &amp;#27;[90m6 ms - 22&amp;#27;[39m
&amp;#27;[35m[HTTP]&amp;#27;[39m &amp;#27;[90m&amp;#27;[39m
&amp;#27;[35m[HTTP]&amp;#27;[39m &amp;#27;[37m--&gt;&amp;#27;[39m &amp;#27;[37mPOST&amp;#27;[39m &amp;#27;[37m/wd/hub/session/0bf2b727-b005-49fa-ad71-0321dbc60b93/element&amp;#27;[39m
&amp;#27;[35m[HTTP]&amp;#27;[39m &amp;#27;[90m{&quot;using&quot;:&quot;-android uiautomator&quot;,&quot;value&quot;:&quot;textContains(\&quot;Double tap to switch to calendar view.\&quot;)&quot;}&amp;#27;[39m
[debug] &amp;#27;[35m[W3C (0bf2b727)]&amp;#27;[39m Calling AppiumDriver.findElement() with args: [&quot;-android uiautomator&quot;,&quot;textContains(\&quot;Double tap to switch to calendar view.\&quot;)&quot;,&quot;0bf2b727-b005-49fa-ad71-0321dbc60b93&quot;]
[debug] &amp;#27;[35m[BaseDriver]&amp;#27;[39m Valid locator strategies for this request: xpath, id, class name, accessibility id, -android uiautomator
[debug] &amp;#27;[35m[BaseDriver]&amp;#27;[39m Waiting up to 10000 ms for condition
[debug] &amp;#27;[35m[WD Proxy]&amp;#27;[39m Matched &apos;/element&apos; to command name &apos;findElement&apos;
[debug] &amp;#27;[35m[WD Proxy]&amp;#27;[39m Proxying [POST /element] to [POST http://127.0.0.1:8223/wd/hub/session/509ee935-af7b-453d-9927-0bcc849a6600/element] with body: {&quot;strategy&quot;:&quot;-android uiautomator&quot;,&quot;selector&quot;:&quot;textContains(\&quot;Double tap to switch to calendar view.\&quot;)&quot;,&quot;context&quot;:&quot;&quot;,&quot;multiple&quot;:false}
[debug] &amp;#27;[35m[WD Proxy]&amp;#27;[39m Got response with status 200: {&quot;sessionId&quot;:&quot;509ee935-af7b-453d-9927-0bcc849a6600&quot;,&quot;value&quot;:{&quot;ELEMENT&quot;:&quot;0426a86f-26ca-4249-ad4a-fe7e8c01b1ce&quot;,&quot;element-6066-11e4-a52e-4f735466cecf&quot;:&quot;0426a86f-26ca-4249-ad4a-fe7e8c01b1ce&quot;}}
[debug] &amp;#27;[35m[W3C (0bf2b727)]&amp;#27;[39m Responding to client with driver.findElement() result: {&quot;element-6066-11e4-a52e-4f735466cecf&quot;:&quot;0426a86f-26ca-4249-ad4a-fe7e8c01b1ce&quot;,&quot;ELEMENT&quot;:&quot;0426a86f-26ca-4249-ad4a-fe7e8c01b1ce&quot;}
&amp;#27;[35m[HTTP]&amp;#27;[39m &amp;#27;[37m&lt;-- POST /wd/hub/session/0bf2b727-b005-49fa-ad71-0321dbc60b93/element &amp;#27;[39m&amp;#27;[32m200&amp;#27;[39m &amp;#27;[90m341 ms - 137&amp;#27;[39m
&amp;#27;[35m[HTTP]&amp;#27;[39m &amp;#27;[90m&amp;#27;[39m
&amp;#27;[35m[HTTP]&amp;#27;[39m &amp;#27;[37m--&gt;&amp;#27;[39m &amp;#27;[37mPOST&amp;#27;[39m &amp;#27;[37m/wd/hub/session/0bf2b727-b005-49fa-ad71-0321dbc60b93/element/0426a86f-26ca-4249-ad4a-fe7e8c01b1ce/click&amp;#27;[39m
&amp;#27;[35m[HTTP]&amp;#27;[39m &amp;#27;[90m{&quot;id&quot;:&quot;0426a86f-26ca-4249-ad4a-fe7e8c01b1ce&quot;}&amp;#27;[39m
[debug] &amp;#27;[35m[W3C (0bf2b727)]&amp;#27;[39m Calling AppiumDriver.click() with args: [&quot;0426a86f-26ca-4249-ad4a-fe7e8c01b1ce&quot;,&quot;0bf2b727-b005-49fa-ad71-0321dbc60b93&quot;]
[debug] &amp;#27;[35m[WD Proxy]&amp;#27;[39m Matched &apos;/element/0426a86f-26ca-4249-ad4a-fe7e8c01b1ce/click&apos; to command name &apos;click&apos;
[debug] &amp;#27;[35m[WD Proxy]&amp;#27;[39m Proxying [POST /element/0426a86f-26ca-4249-ad4a-fe7e8c01b1ce/click] to [POST http://127.0.0.1:8223/wd/hub/session/509ee935-af7b-453d-9927-0bcc849a6600/element/0426a86f-26ca-4249-ad4a-fe7e8c01b1ce/click] with body: {&quot;element&quot;:&quot;0426a86f-26ca-4249-ad4a-fe7e8c01b1ce&quot;}
[debug] &amp;#27;[35m[WD Proxy]&amp;#27;[39m Got response with status 200: {&quot;sessionId&quot;:&quot;509ee935-af7b-453d-9927-0bcc849a6600&quot;,&quot;value&quot;:null}
[debug] &amp;#27;[35m[W3C (0bf2b727)]&amp;#27;[39m Responding to client with driver.click() result: null
&amp;#27;[35m[HTTP]&amp;#27;[39m &amp;#27;[37m&lt;-- POST /wd/hub/session/0bf2b727-b005-49fa-ad71-0321dbc60b93/element/0426a86f-26ca-4249-ad4a-fe7e8c01b1ce/click &amp;#27;[39m&amp;#27;[32m200&amp;#27;[39m &amp;#27;[90m1187 ms - 14&amp;#27;[39m
&amp;#27;[35m[HTTP]&amp;#27;[39m &amp;#27;[90m&amp;#27;[39m
&amp;#27;[35m[HTTP]&amp;#27;[39m &amp;#27;[37m--&gt;&amp;#27;[39m &amp;#27;[37mGET&amp;#27;[39m &amp;#27;[37m/wd/hub/session/0bf2b727-b005-49fa-ad71-0321dbc60b93/context&amp;#27;[39m
&amp;#27;[35m[HTTP]&amp;#27;[39m &amp;#27;[90m{}&amp;#27;[39m
[debug] &amp;#27;[35m[W3C (0bf2b727)]&amp;#27;[39m Calling AppiumDriver.getCurrentContext() with args: [&quot;0bf2b727-b005-49fa-ad71-0321dbc60b93&quot;]
[debug] &amp;#27;[35m[W3C (0bf2b727)]&amp;#27;[39m Responding to client with driver.getCurrentContext() result: &quot;NATIVE_APP&quot;
&amp;#27;[35m[HTTP]&amp;#27;[39m &amp;#27;[37m&lt;-- GET /wd/hub/session/0bf2b727-b005-49fa-ad71-0321dbc60b93/context &amp;#27;[39m&amp;#27;[32m200&amp;#27;[39m &amp;#27;[90m2 ms - 22&amp;#27;[39m
&amp;#27;[35m[HTTP]&amp;#27;[39m &amp;#27;[90m&amp;#27;[39m
&amp;#27;[35m[HTTP]&amp;#27;[39m &amp;#27;[37m--&gt;&amp;#27;[39m &amp;#27;[37mPOST&amp;#27;[39m &amp;#27;[37m/wd/hub/session/0bf2b727-b005-49fa-ad71-0321dbc60b93/element&amp;#27;[39m
&amp;#27;[35m[HTTP]&amp;#27;[39m &amp;#27;[90m{&quot;using&quot;:&quot;id&quot;,&quot;value&quot;:&quot;com.samsung.android.calendar:id/sesl_date_picker_calendar_header_text&quot;}&amp;#27;[39m
[debug] &amp;#27;[35m[W3C (0bf2b727)]&amp;#27;[39m Calling AppiumDriver.findElement() with args: [&quot;id&quot;,&quot;com.samsung.android.calendar:id/sesl_date_picker_calendar_header_text&quot;,&quot;0bf2b727-b005-49fa-ad71-0321dbc60b93&quot;]
[debug] &amp;#27;[35m[BaseDriver]&amp;#27;[39m Valid locator strategies for this request: xpath, id, class name, accessibility id, -android uiautomator
[debug] &amp;#27;[35m[BaseDriver]&amp;#27;[39m Waiting up to 10000 ms for condition
[debug] &amp;#27;[35m[WD Proxy]&amp;#27;[39m Matched &apos;/element&apos; to command name &apos;findElement&apos;
[debug] &amp;#27;[35m[WD Proxy]&amp;#27;[39m Proxying [POST /element] to [POST http://127.0.0.1:8223/wd/hub/session/509ee935-af7b-453d-9927-0bcc849a6600/element] with body: {&quot;strategy&quot;:&quot;id&quot;,&quot;selector&quot;:&quot;com.samsung.android.calendar:id/sesl_date_picker_calendar_header_text&quot;,&quot;context&quot;:&quot;&quot;,&quot;multiple&quot;:false}
[debug] &amp;#27;[35m[WD Proxy]&amp;#27;[39m Got response with status 200: {&quot;sessionId&quot;:&quot;509ee935-af7b-453d-9927-0bcc849a6600&quot;,&quot;value&quot;:{&quot;ELEMENT&quot;:&quot;e531af02-61f8-4932-9eb8-47f17316811f&quot;,&quot;element-6066-11e4-a52e-4f735466cecf&quot;:&quot;e531af02-61f8-4932-9eb8-47f17316811f&quot;}}
[debug] &amp;#27;[35m[W3C (0bf2b727)]&amp;#27;[39m Responding to client with driver.findElement() result: {&quot;element-6066-11e4-a52e-4f735466cecf&quot;:&quot;e531af02-61f8-4932-9eb8-47f17316811f&quot;,&quot;ELEMENT&quot;:&quot;e531af02-61f8-4932-9eb8-47f17316811f&quot;}
&amp;#27;[35m[HTTP]&amp;#27;[39m &amp;#27;[37m&lt;-- POST /wd/hub/session/0bf2b727-b005-49fa-ad71-0321dbc60b93/element &amp;#27;[39m&amp;#27;[32m200&amp;#27;[39m &amp;#27;[90m124 ms - 137&amp;#27;[39m
&amp;#27;[35m[HTTP]&amp;#27;[39m &amp;#27;[90m&amp;#27;[39m
&amp;#27;[35m[HTTP]&amp;#27;[39m &amp;#27;[37m--&gt;&amp;#27;[39m &amp;#27;[37mGET&amp;#27;[39m &amp;#27;[37m/wd/hub/session/0bf2b727-b005-49fa-ad71-0321dbc60b93/element/e531af02-61f8-4932-9eb8-47f17316811f/text&amp;#27;[39m
&amp;#27;[35m[HTTP]&amp;#27;[39m &amp;#27;[90m{}&amp;#27;[39m
&amp;#27;[35m[W3C (0bf2b727)]&amp;#27;[39m Driver proxy active, passing request on via HTTP proxy
[debug] &amp;#27;[35m[WD Proxy]&amp;#27;[39m Matched &apos;/wd/hub/session/0bf2b727-b005-49fa-ad71-0321dbc60b93/element/e531af02-61f8-4932-9eb8-47f17316811f/text&apos; to command name &apos;getText&apos;
[debug] &amp;#27;[35m[WD Proxy]&amp;#27;[39m Proxying [GET /wd/hub/session/0bf2b727-b005-49fa-ad71-0321dbc60b93/element/e531af02-61f8-4932-9eb8-47f17316811f/text] to [GET http://127.0.0.1:8223/wd/hub/session/509ee935-af7b-453d-9927-0bcc849a6600/element/e531af02-61f8-4932-9eb8-47f17316811f/text] with no body
[debug] &amp;#27;[35m[WD Proxy]&amp;#27;[39m Got response with status 200: {&quot;sessionId&quot;:&quot;509ee935-af7b-453d-9927-0bcc849a6600&quot;,&quot;value&quot;:&quot;February 2021&quot;}
&amp;#27;[35m[WD Proxy]&amp;#27;[39m Replacing sessionId 509ee935-af7b-453d-9927-0bcc849a6600 with 0bf2b727-b005-49fa-ad71-0321dbc60b93
&amp;#27;[35m[HTTP]&amp;#27;[39m &amp;#27;[37m&lt;-- GET /wd/hub/session/0bf2b727-b005-49fa-ad71-0321dbc60b93/element/e531af02-61f8-4932-9eb8-47f17316811f/text &amp;#27;[39m&amp;#27;[32m200&amp;#27;[39m &amp;#27;[90m110 ms - 76&amp;#27;[39m
&amp;#27;[35m[HTTP]&amp;#27;[39m &amp;#27;[90m&amp;#27;[39m
&amp;#27;[35m[HTTP]&amp;#27;[39m &amp;#27;[37m--&gt;&amp;#27;[39m &amp;#27;[37mGET&amp;#27;[39m &amp;#27;[37m/wd/hub/session/0bf2b727-b005-49fa-ad71-0321dbc60b93/context&amp;#27;[39m
&amp;#27;[35m[HTTP]&amp;#27;[39m &amp;#27;[90m{}&amp;#27;[39m
[debug] &amp;#27;[35m[W3C (0bf2b727)]&amp;#27;[39m Calling AppiumDriver.getCurrentContext() with args: [&quot;0bf2b727-b005-49fa-ad71-0321dbc60b93&quot;]
[debug] &amp;#27;[35m[W3C (0bf2b727)]&amp;#27;[39m Responding to client with driver.getCurrentContext() result: &quot;NATIVE_APP&quot;
&amp;#27;[35m[HTTP]&amp;#27;[39m &amp;#27;[37m&lt;-- GET /wd/hub/session/0bf2b727-b005-49fa-ad71-0321dbc60b93/context &amp;#27;[39m&amp;#27;[32m200&amp;#27;[39m &amp;#27;[90m2 ms - 22&amp;#27;[39m
&amp;#27;[35m[HTTP]&amp;#27;[39m &amp;#27;[90m&amp;#27;[39m
&amp;#27;[35m[HTTP]&amp;#27;[39m &amp;#27;[37m--&gt;&amp;#27;[39m &amp;#27;[37mPOST&amp;#27;[39m &amp;#27;[37m/wd/hub/session/0bf2b727-b005-49fa-ad71-0321dbc60b93/element&amp;#27;[39m
&amp;#27;[35m[HTTP]&amp;#27;[39m &amp;#27;[90m{&quot;using&quot;:&quot;id&quot;,&quot;value&quot;:&quot;com.samsung.android.calendar:id/sesl_date_picker_calendar_header_next_button&quot;}&amp;#27;[39m
[debug] &amp;#27;[35m[W3C (0bf2b727)]&amp;#27;[39m Calling AppiumDriver.findElement() with args: [&quot;id&quot;,&quot;com.samsung.android.calendar:id/sesl_date_picker_calendar_header_next_button&quot;,&quot;0bf2b727-b005-49fa-ad71-0321dbc60b93&quot;]
[debug] &amp;#27;[35m[BaseDriver]&amp;#27;[39m Valid locator strategies for this request: xpath, id, class name, accessibility id, -android uiautomator
[debug] &amp;#27;[35m[BaseDriver]&amp;#27;[39m Waiting up to 10000 ms for condition
[debug] &amp;#27;[35m[WD Proxy]&amp;#27;[39m Matched &apos;/element&apos; to command name &apos;findElement&apos;
[debug] &amp;#27;[35m[WD Proxy]&amp;#27;[39m Proxying [POST /element] to [POST http://127.0.0.1:8223/wd/hub/session/509ee935-af7b-453d-9927-0bcc849a6600/element] with body: {&quot;strategy&quot;:&quot;id&quot;,&quot;selector&quot;:&quot;com.samsung.android.calendar:id/sesl_date_picker_calendar_header_next_button&quot;,&quot;context&quot;:&quot;&quot;,&quot;multiple&quot;:false}
[debug] &amp;#27;[35m[WD Proxy]&amp;#27;[39m Got response with status 200: {&quot;sessionId&quot;:&quot;509ee935-af7b-453d-9927-0bcc849a6600&quot;,&quot;value&quot;:{&quot;ELEMENT&quot;:&quot;d401bad4-be34-4f50-a726-73205152477e&quot;,&quot;element-6066-11e4-a52e-4f735466cecf&quot;:&quot;d401bad4-be34-4f50-a726-73205152477e&quot;}}
[debug] &amp;#27;[35m[W3C (0bf2b727)]&amp;#27;[39m Responding to client with driver.findElement() result: {&quot;element-6066-11e4-a52e-4f735466cecf&quot;:&quot;d401bad4-be34-4f50-a726-73205152477e&quot;,&quot;ELEMENT&quot;:&quot;d401bad4-be34-4f50-a726-73205152477e&quot;}
&amp;#27;[35m[HTTP]&amp;#27;[39m &amp;#27;[37m&lt;-- POST /wd/hub/session/0bf2b727-b005-49fa-ad71-0321dbc60b93/element &amp;#27;[39m&amp;#27;[32m200&amp;#27;[39m &amp;#27;[90m107 ms - 137&amp;#27;[39m
&amp;#27;[35m[HTTP]&amp;#27;[39m &amp;#27;[90m&amp;#27;[39m
&amp;#27;[35m[HTTP]&amp;#27;[39m &amp;#27;[37m--&gt;&amp;#27;[39m &amp;#27;[37mPOST&amp;#27;[39m &amp;#27;[37m/wd/hub/session/0bf2b727-b005-49fa-ad71-0321dbc60b93/element/d401bad4-be34-4f50-a726-73205152477e/click&amp;#27;[39m
&amp;#27;[35m[HTTP]&amp;#27;[39m &amp;#27;[90m{&quot;id&quot;:&quot;d401bad4-be34-4f50-a726-73205152477e&quot;}&amp;#27;[39m
[debug] &amp;#27;[35m[W3C (0bf2b727)]&amp;#27;[39m Calling AppiumDriver.click() with args: [&quot;d401bad4-be34-4f50-a726-73205152477e&quot;,&quot;0bf2b727-b005-49fa-ad71-0321dbc60b93&quot;]
[debug] &amp;#27;[35m[WD Proxy]&amp;#27;[39m Matched &apos;/element/d401bad4-be34-4f50-a726-73205152477e/click&apos; to command name &apos;click&apos;
[debug] &amp;#27;[35m[WD Proxy]&amp;#27;[39m Proxying [POST /element/d401bad4-be34-4f50-a726-73205152477e/click] to [POST http://127.0.0.1:8223/wd/hub/session/509ee935-af7b-453d-9927-0bcc849a6600/element/d401bad4-be34-4f50-a726-73205152477e/click] with body: {&quot;element&quot;:&quot;d401bad4-be34-4f50-a726-73205152477e&quot;}
[debug] &amp;#27;[35m[WD Proxy]&amp;#27;[39m Got response with status 200: {&quot;sessionId&quot;:&quot;509ee935-af7b-453d-9927-0bcc849a6600&quot;,&quot;value&quot;:null}
[debug] &amp;#27;[35m[W3C (0bf2b727)]&amp;#27;[39m Responding to client with driver.click() result: null
&amp;#27;[35m[HTTP]&amp;#27;[39m &amp;#27;[37m&lt;-- POST /wd/hub/session/0bf2b727-b005-49fa-ad71-0321dbc60b93/element/d401bad4-be34-4f50-a726-73205152477e/click &amp;#27;[39m&amp;#27;[32m200&amp;#27;[39m &amp;#27;[90m359 ms - 14&amp;#27;[39m
&amp;#27;[35m[HTTP]&amp;#27;[39m &amp;#27;[90m&amp;#27;[39m
&amp;#27;[35m[HTTP]&amp;#27;[39m &amp;#27;[37m--&gt;&amp;#27;[39m &amp;#27;[37mGET&amp;#27;[39m &amp;#27;[37m/wd/hub/session/0bf2b727-b005-49fa-ad71-0321dbc60b93/context&amp;#27;[39m
&amp;#27;[35m[HTTP]&amp;#27;[39m &amp;#27;[90m{}&amp;#27;[39m
[debug] &amp;#27;[35m[W3C (0bf2b727)]&amp;#27;[39m Calling AppiumDriver.getCurrentContext() with args: [&quot;0bf2b727-b005-49fa-ad71-0321dbc60b93&quot;]
[debug] &amp;#27;[35m[W3C (0bf2b727)]&amp;#27;[39m Responding to client with driver.getCurrentContext() result: &quot;NATIVE_APP&quot;
&amp;#27;[35m[HTTP]&amp;#27;[39m &amp;#27;[37m&lt;-- GET /wd/hub/session/0bf2b727-b005-49fa-ad71-0321dbc60b93/context &amp;#27;[39m&amp;#27;[32m200&amp;#27;[39m &amp;#27;[90m2 ms - 22&amp;#27;[39m
&amp;#27;[35m[HTTP]&amp;#27;[39m &amp;#27;[90m&amp;#27;[39m
&amp;#27;[35m[HTTP]&amp;#27;[39m &amp;#27;[37m--&gt;&amp;#27;[39m &amp;#27;[37mPOST&amp;#27;[39m &amp;#27;[37m/wd/hub/session/0bf2b727-b005-49fa-ad71-0321dbc60b93/element&amp;#27;[39m
&amp;#27;[35m[HTTP]&amp;#27;[39m &amp;#27;[90m{&quot;using&quot;:&quot;id&quot;,&quot;value&quot;:&quot;com.samsung.android.calendar:id/sesl_date_picker_calendar_header_text&quot;}&amp;#27;[39m
[debug] &amp;#27;[35m[W3C (0bf2b727)]&amp;#27;[39m Calling AppiumDriver.findElement() with args: [&quot;id&quot;,&quot;com.samsung.android.calendar:id/sesl_date_picker_calendar_header_text&quot;,&quot;0bf2b727-b005-49fa-ad71-0321dbc60b93&quot;]
[debug] &amp;#27;[35m[BaseDriver]&amp;#27;[39m Valid locator strategies for this request: xpath, id, class name, accessibility id, -android uiautomator
[debug] &amp;#27;[35m[BaseDriver]&amp;#27;[39m Waiting up to 10000 ms for condition
[debug] &amp;#27;[35m[WD Proxy]&amp;#27;[39m Matched &apos;/element&apos; to command name &apos;findElement&apos;
[debug] &amp;#27;[35m[WD Proxy]&amp;#27;[39m Proxying [POST /element] to [POST http://127.0.0.1:8223/wd/hub/session/509ee935-af7b-453d-9927-0bcc849a6600/element] with body: {&quot;strategy&quot;:&quot;id&quot;,&quot;selector&quot;:&quot;com.samsung.android.calendar:id/sesl_date_picker_calendar_header_text&quot;,&quot;context&quot;:&quot;&quot;,&quot;multiple&quot;:false}
[debug] &amp;#27;[35m[WD Proxy]&amp;#27;[39m Got response with status 200: {&quot;sessionId&quot;:&quot;509ee935-af7b-453d-9927-0bcc849a6600&quot;,&quot;value&quot;:{&quot;ELEMENT&quot;:&quot;5cf5b6d4-16c0-4bef-a685-8a5f160e3aa4&quot;,&quot;element-6066-11e4-a52e-4f735466cecf&quot;:&quot;5cf5b6d4-16c0-4bef-a685-8a5f160e3aa4&quot;}}
[debug] &amp;#27;[35m[W3C (0bf2b727)]&amp;#27;[39m Responding to client with driver.findElement() result: {&quot;element-6066-11e4-a52e-4f735466cecf&quot;:&quot;5cf5b6d4-16c0-4bef-a685-8a5f160e3aa4&quot;,&quot;ELEMENT&quot;:&quot;5cf5b6d4-16c0-4bef-a685-8a5f160e3aa4&quot;}
&amp;#27;[35m[HTTP]&amp;#27;[39m &amp;#27;[37m&lt;-- POST /wd/hub/session/0bf2b727-b005-49fa-ad71-0321dbc60b93/element &amp;#27;[39m&amp;#27;[32m200&amp;#27;[39m &amp;#27;[90m798 ms - 137&amp;#27;[39m
&amp;#27;[35m[HTTP]&amp;#27;[39m &amp;#27;[90m&amp;#27;[39m
&amp;#27;[35m[HTTP]&amp;#27;[39m &amp;#27;[37m--&gt;&amp;#27;[39m &amp;#27;[37mGET&amp;#27;[39m &amp;#27;[37m/wd/hub/session/0bf2b727-b005-49fa-ad71-0321dbc60b93/element/5cf5b6d4-16c0-4bef-a685-8a5f160e3aa4/text&amp;#27;[39m
&amp;#27;[35m[HTTP]&amp;#27;[39m &amp;#27;[90m{}&amp;#27;[39m
&amp;#27;[35m[W3C (0bf2b727)]&amp;#27;[39m Driver proxy active, passing request on via HTTP proxy
[debug] &amp;#27;[35m[WD Proxy]&amp;#27;[39m Matched &apos;/wd/hub/session/0bf2b727-b005-49fa-ad71-0321dbc60b93/element/5cf5b6d4-16c0-4bef-a685-8a5f160e3aa4/text&apos; to command name &apos;getText&apos;
[debug] &amp;#27;[35m[WD Proxy]&amp;#27;[39m Proxying [GET /wd/hub/session/0bf2b727-b005-49fa-ad71-0321dbc60b93/element/5cf5b6d4-16c0-4bef-a685-8a5f160e3aa4/text] to [GET http://127.0.0.1:8223/wd/hub/session/509ee935-af7b-453d-9927-0bcc849a6600/element/5cf5b6d4-16c0-4bef-a685-8a5f160e3aa4/text] with no body
[debug] &amp;#27;[35m[WD Proxy]&amp;#27;[39m Got response with status 200: {&quot;sessionId&quot;:&quot;509ee935-af7b-453d-9927-0bcc849a6600&quot;,&quot;value&quot;:&quot;March 2021&quot;}
&amp;#27;[35m[WD Proxy]&amp;#27;[39m Replacing sessionId 509ee935-af7b-453d-9927-0bcc849a6600 with 0bf2b727-b005-49fa-ad71-0321dbc60b93
&amp;#27;[35m[HTTP]&amp;#27;[39m &amp;#27;[37m&lt;-- GET /wd/hub/session/0bf2b727-b005-49fa-ad71-0321dbc60b93/element/5cf5b6d4-16c0-4bef-a685-8a5f160e3aa4/text &amp;#27;[39m&amp;#27;[32m200&amp;#27;[39m &amp;#27;[90m263 ms - 73&amp;#27;[39m
&amp;#27;[35m[HTTP]&amp;#27;[39m &amp;#27;[90m&amp;#27;[39m
&amp;#27;[35m[HTTP]&amp;#27;[39m &amp;#27;[37m--&gt;&amp;#27;[39m &amp;#27;[37mGET&amp;#27;[39m &amp;#27;[37m/wd/hub/session/0bf2b727-b005-49fa-ad71-0321dbc60b93/context&amp;#27;[39m
&amp;#27;[35m[HTTP]&amp;#27;[39m &amp;#27;[90m{}&amp;#27;[39m
[debug] &amp;#27;[35m[W3C (0bf2b727)]&amp;#27;[39m Calling AppiumDriver.getCurrentContext() with args: [&quot;0bf2b727-b005-49fa-ad71-0321dbc60b93&quot;]
[debug] &amp;#27;[35m[W3C (0bf2b727)]&amp;#27;[39m Responding to client with driver.getCurrentContext() result: &quot;NATIVE_APP&quot;
&amp;#27;[35m[HTTP]&amp;#27;[39m &amp;#27;[37m&lt;-- GET /wd/hub/session/0bf2b727-b005-49fa-ad71-0321dbc60b93/context &amp;#27;[39m&amp;#27;[32m200&amp;#27;[39m &amp;#27;[90m8 ms - 22&amp;#27;[39m
&amp;#27;[35m[HTTP]&amp;#27;[39m &amp;#27;[90m&amp;#27;[39m
&amp;#27;[35m[HTTP]&amp;#27;[39m &amp;#27;[37m--&gt;&amp;#27;[39m &amp;#27;[37mPOST&amp;#27;[39m &amp;#27;[37m/wd/hub/session/0bf2b727-b005-49fa-ad71-0321dbc60b93/elements&amp;#27;[39m
&amp;#27;[35m[HTTP]&amp;#27;[39m &amp;#27;[90m{&quot;using&quot;:&quot;class name&quot;,&quot;value&quot;:&quot;android.view.View&quot;}&amp;#27;[39m
[debug] &amp;#27;[35m[W3C (0bf2b727)]&amp;#27;[39m Calling AppiumDriver.findElements() with args: [&quot;class name&quot;,&quot;android.view.View&quot;,&quot;0bf2b727-b005-49fa-ad71-0321dbc60b93&quot;]
[debug] &amp;#27;[35m[BaseDriver]&amp;#27;[39m Valid locator strategies for this request: xpath, id, class name, accessibility id, -android uiautomator
[debug] &amp;#27;[35m[BaseDriver]&amp;#27;[39m Waiting up to 10000 ms for condition
[debug] &amp;#27;[35m[WD Proxy]&amp;#27;[39m Matched &apos;/elements&apos; to command name &apos;findElements&apos;
[debug] &amp;#27;[35m[WD Proxy]&amp;#27;[39m Proxying [POST /elements] to [POST http://127.0.0.1:8223/wd/hub/session/509ee935-af7b-453d-9927-0bcc849a6600/elements] with body: {&quot;strategy&quot;:&quot;class name&quot;,&quot;selector&quot;:&quot;android.view.View&quot;,&quot;context&quot;:&quot;&quot;,&quot;multiple&quot;:true}
[debug] &amp;#27;[35m[WD Proxy]&amp;#27;[39m Got response with status 200: {&quot;sessionId&quot;:&quot;509ee935-af7b-453d-9927-0bcc849a6600&quot;,&quot;value&quot;:[{&quot;ELEMENT&quot;:&quot;0759afbb-7774-4ff2-9f1f-244ffcdf364a&quot;,&quot;element-6066-11e4-a52e-4f735466cecf&quot;:&quot;0759afbb-7774-4ff2-9f1f-244ffcdf364a&quot;},{&quot;ELEMENT&quot;:&quot;88436012-b21c-41c5-af43-234ae2a9f0da&quot;,&quot;element-6066-11e4-a52e-4f735466cecf&quot;:&quot;88436012-b21c-41c5-af43-234ae2a9f0da&quot;},{&quot;ELEMENT&quot;:&quot;ce6d5489-e43a-4311-8c99-b04ef80720b2&quot;,&quot;element-6066-11e4-a52e-4f735466cecf&quot;:&quot;ce6d5489-e43a-4311-8c99-b04ef80720b2&quot;},{&quot;ELEMENT&quot;:&quot;f321ea59-4f59-4d4d-b0cb-615c261106d6&quot;,&quot;element-6066-11e4-a52e-4f735466cecf&quot;:&quot;f321ea59-4f59-4d4d-b0cb-615c261106d6&quot;},{&quot;ELEMENT&quot;:&quot;fa6cceb3-e99c-4f59-83d0-db664edd9451&quot;,&quot;element-6066-11e4-a52e-4f735466cecf&quot;:&quot;fa6cceb3-e99c-4f59-83d0-db664edd9451&quot;},{&quot;ELEMENT&quot;:&quot;2450de69-edca-4410-af30-b541feceeb46&quot;,&quot;element-6066-11e4-a52e-4f735466cecf&quot;:&quot;2450de69-edca-4410-af30-b541feceeb46&quot;},{&quot;ELEMENT&quot;:&quot;00017269-b159-43a4-8ce5-5fabd491d35d&quot;,&quot;element-6066-11e4-a52e-4f735466cecf&quot;:&quot;00017269-b159-43a4-8ce5-5fabd491d35d&quot;},{&quot;ELEMENT&quot;:&quot;a8434ad9-66ff-4f57-bca0-bb8cfe0923c8&quot;,&quot;element-6066-...
[debug] &amp;#27;[35m[W3C (0bf2b727)]&amp;#27;[39m Responding to client with driver.findElements() result: [{&quot;element-6066-11e4-a52e-4f735466cecf&quot;:&quot;0759afbb-7774-4ff2-9f1f-244ffcdf364a&quot;,&quot;ELEMENT&quot;:&quot;0759afbb-7774-4ff2-9f1f-244ffcdf364a&quot;},{&quot;element-6066-11e4-a52e-4f735466cecf&quot;:&quot;88436012-b21c-41c5-af43-234ae2a9f0da&quot;,&quot;ELEMENT&quot;:&quot;88436012-b21c-41c5-af43-234ae2a9f0da&quot;},{&quot;element-6066-11e4-a52e-4f735466cecf&quot;:&quot;ce6d5489-e43a-4311-8c99-b04ef80720b2&quot;,&quot;ELEMENT&quot;:&quot;ce6d5489-e43a-4311-8c99-b04ef80720b2&quot;},{&quot;element-6066-11e4-a52e-4f735466cecf&quot;:&quot;f321ea59-4f59-4d4d-b0cb-615c261106d6&quot;,&quot;ELEMENT&quot;:&quot;f321ea59-4f59-4d4d-b0cb-615c261106d6&quot;},{&quot;element-6066-11e4-a52e-4f735466cecf&quot;:&quot;fa6cceb3-e99c-4f59-83d0-db664edd9451&quot;,&quot;ELEMENT&quot;:&quot;fa6cceb3-e99c-4f59-83d0-db664edd9451&quot;},{&quot;element-6066-11e4-a52e-4f735466cecf&quot;:&quot;2450de69-edca-4410-af30-b541feceeb46&quot;,&quot;ELEMENT&quot;:&quot;2450de69-edca-4410-af30-b541feceeb46&quot;},{&quot;element-6066-11e4-a52e-4f735466cecf&quot;:&quot;00017269-b159-43a4-8ce5-5fabd491d35d&quot;,&quot;ELEMENT&quot;:&quot;00017269-b159-43a4-8ce5-5fabd491d35d&quot;},{&quot;element-6066-11e4-a52e-4f735466cecf&quot;:&quot;a8434ad9-66ff-4f57-bca0-bb8cfe0923c8&quot;,&quot;ELEMENT&quot;:&quot;a8434ad9-66ff-4f57-bca0-bb8cfe0923c...
&amp;#27;[35m[HTTP]&amp;#27;[39m &amp;#27;[37m&lt;-- POST /wd/hub/session/0bf2b727-b005-49fa-ad71-0321dbc60b93/elements &amp;#27;[39m&amp;#27;[32m200&amp;#27;[39m &amp;#27;[90m476 ms - 6283&amp;#27;[39m
&amp;#27;[35m[HTTP]&amp;#27;[39m &amp;#27;[90m&amp;#27;[39m
&amp;#27;[35m[HTTP]&amp;#27;[39m &amp;#27;[37m--&gt;&amp;#27;[39m &amp;#27;[37mPOST&amp;#27;[39m &amp;#27;[37m/wd/hub/session/0bf2b727-b005-49fa-ad71-0321dbc60b93/element/73490b29-f38a-4e21-9caa-14bbc743a9dc/click&amp;#27;[39m
&amp;#27;[35m[HTTP]&amp;#27;[39m &amp;#27;[90m{&quot;id&quot;:&quot;73490b29-f38a-4e21-9caa-14bbc743a9dc&quot;}&amp;#27;[39m
[debug] &amp;#27;[35m[W3C (0bf2b727)]&amp;#27;[39m Calling AppiumDriver.click() with args: [&quot;73490b29-f38a-4e21-9caa-14bbc743a9dc&quot;,&quot;0bf2b727-b005-49fa-ad71-0321dbc60b93&quot;]
[debug] &amp;#27;[35m[WD Proxy]&amp;#27;[39m Matched &apos;/element/73490b29-f38a-4e21-9caa-14bbc743a9dc/click&apos; to command name &apos;click&apos;
[debug] &amp;#27;[35m[WD Proxy]&amp;#27;[39m Proxying [POST /element/73490b29-f38a-4e21-9caa-14bbc743a9dc/click] to [POST http://127.0.0.1:8223/wd/hub/session/509ee935-af7b-453d-9927-0bcc849a6600/element/73490b29-f38a-4e21-9caa-14bbc743a9dc/click] with body: {&quot;element&quot;:&quot;73490b29-f38a-4e21-9caa-14bbc743a9dc&quot;}
[debug] &amp;#27;[35m[WD Proxy]&amp;#27;[39m Got response with status 200: {&quot;sessionId&quot;:&quot;509ee935-af7b-453d-9927-0bcc849a6600&quot;,&quot;value&quot;:null}
[debug] &amp;#27;[35m[W3C (0bf2b727)]&amp;#27;[39m Responding to client with driver.click() result: null
&amp;#27;[35m[HTTP]&amp;#27;[39m &amp;#27;[37m&lt;-- POST /wd/hub/session/0bf2b727-b005-49fa-ad71-0321dbc60b93/element/73490b29-f38a-4e21-9caa-14bbc743a9dc/click &amp;#27;[39m&amp;#27;[32m200&amp;#27;[39m &amp;#27;[90m135 ms - 14&amp;#27;[39m
&amp;#27;[35m[HTTP]&amp;#27;[39m &amp;#27;[90m&amp;#27;[39m
&amp;#27;[35m[HTTP]&amp;#27;[39m &amp;#27;[37m--&gt;&amp;#27;[39m &amp;#27;[37mGET&amp;#27;[39m &amp;#27;[37m/wd/hub/session/0bf2b727-b005-49fa-ad71-0321dbc60b93/screenshot&amp;#27;[39m
&amp;#27;[35m[HTTP]&amp;#27;[39m &amp;#27;[90m{}&amp;#27;[39m
[debug] &amp;#27;[35m[W3C (0bf2b727)]&amp;#27;[39m Calling AppiumDriver.getScreenshot() with args: [&quot;0bf2b727-b005-49fa-ad71-0321dbc60b93&quot;]
[debug] &amp;#27;[35m[WD Proxy]&amp;#27;[39m Matched &apos;/screenshot&apos; to command name &apos;getScreenshot&apos;
[debug] &amp;#27;[35m[WD Proxy]&amp;#27;[39m Proxying [GET /screenshot] to [GET http://127.0.0.1:8223/wd/hub/session/509ee935-af7b-453d-9927-0bcc849a6600/screenshot] with no body
[debug] &amp;#27;[35m[WD Proxy]&amp;#27;[39m Got response with status 200: {&quot;sessionId&quot;:&quot;509ee935-af7b-453d-9927-0bcc849a6600&quot;,&quot;value&quot;:&quot;iVBORw0KGgoAAAANSUhEUgAABDgAAAjoCAYAAAA5jhrUAAAAAXNSR0IArs4c6QAAAARzQklUCAgI\nCHwIZIgAACAASURBVHic7N15XJTl/j/+F5vAsMqwKJsruCIc0wRNNFxKxWOmqNUJz0lPVqcszc7H\nTtapNM+nLD3Hb3WyPVxKsazEXFJSM8E1cIPAkE1FZVC2YZ/5/cFv7s/cs8AMzDDc8Ho+Hj1y7rnn\nvq8ZuJn7ft3X9b7sGhsb1SAiIiIiIiIikjB7WzeAiIiIiIiIiKi9GHAQERERERERkeQx4CAiIiIi\nIiIiyWPAQURERERERESSx4CDiIiIiIiIiCSPAQcRERERERERSR4DDiIiIiIiIiKSPAYcRERERERE\nRCR5DDiIiIiIiIiISPIYcBARERERERGR5DHgICIiIiIiIiLJY8BBRERERERERJLHgIOIiIiIiIiI\nJI8BBxERERERERFJHgMOIiIiIiIiIpI8BhxEREREREREJHkMOIiIiIiIiIhI8hhwEBEREREREZHk\nMeAgIiIiIiIiIsljwEFEREREREREkseAg4iIiIiIiIgkjwEHEREREREREUkeAw4iIiIiIiIikjwG\nHEREREREREQkeQw4iIiIiIiIiEjyGHAQERERERERkeQx4CAiIiIiIiIiyWPAQURERERERESSx4CD\niIiIiIiIiCSPAQcRERERERERSR4DDiIiIiIiIiKSPAYcRERERERERCR5DDiIiIiIiIiISPIYcBAR\nERERERGR5DHgICIiIiIiIiLJY8BBRERERERERJLHgIOIiIiIiIiIJI8BBxERERERERFJHgMOIiIi\nIiIiIpI8BhxEREREREREJHkMOIiIiIiIiIhI8hhwEBEREREREZHkMeAgIiIiIiIiIsljwEFERERE\nREREkseAg4iIiIiIiIgkjwEH...
[debug] &amp;#27;[35m[W3C (0bf2b727)]&amp;#27;[39m Responding to client with driver.getScreenshot() result: &quot;iVBORw0KGgoAAAANSUhEUgAABDgAAAjoCAYAAAA5jhrUAAAAAXNSR0IArs4c6QAAAARzQklUCAgI\nCHwIZIgAACAASURBVHic7N15XJTl/j/+F5vAsMqwKJsruCIc0wRNNFxKxWOmqNUJz0lPVqcszc7H\nTtapNM+nLD3Hb3WyPVxKsazEXFJSM8E1cIPAkE1FZVC2YZ/5/cFv7s/cs8AMzDDc8Ho+Hj1y7rnn\nvq8ZuJn7ft3X9b7sGhsb1SAiIiIiIiIikjB7WzeAiIiIiIiIiKi9GHAQERERERERkeQx4CAiIiIi\nIiIiyWPAQURERERERESSx4CDiIiIiIiIiCSPAQcRERERERERSR4DDiIiIiIiIiKSPAYcRERERERE\nRCR5DDiIiIiIiIiISPIYcBARERERERGR5DHgICIiIiIiIiLJY8BBRERERERERJLHgIOIiIiIiIiI\nJI8BBxERERERERFJHgMOIiIiIiIiIpI8BhxEREREREREJHkMOIiIiIiIiIhI8hhwEBEREREREZHk\nMeAgIiIiIiIiIsljwEFEREREREREkseAg4iIiIiIiIgkjwEHEREREREREUkeAw4iIiIiIiIikjwG\nHEREREREREQkeQw4iIiIiIiIiEjyGHAQERERERERkeQx4CAiIiIiIiIiyWPAQURERERERESSx4CD\niIiIiIiIiCSPAQcRERERERERSR4DDiIiIiIiIiKSPAYcRERERERERCR5DDiIiIiIiIiISPIYcBAR\nERERERGR5DHgICIiIiIiIiLJY8BBRERERERERJLHgIOIiIiIiIiIJI8BBxERERERERFJHgMOIiIi\nIiIiIpI8BhxEREREREREJHkMOIiIiIiIiIhI8hhwEBEREREREZHkMeAgIiIiIiIiIsljwEFERERE\nREREkseAg4iIiIiIiIgkjwEHEREREREREUkeAw4iIiIiIiIikjwGHEREREREREQkeQw4iIiIiIiI\niEjyHG...
&amp;#27;[35m[HTTP]&amp;#27;[39m &amp;#27;[37m&lt;-- GET /wd/hub/session/0bf2b727-b005-49fa-ad71-0321dbc60b93/screenshot &amp;#27;[39m&amp;#27;[32m200&amp;#27;[39m &amp;#27;[90m716 ms - 162138&amp;#27;[39m
&amp;#27;[35m[HTTP]&amp;#27;[39m &amp;#27;[90m&amp;#27;[39m
&amp;#27;[35m[HTTP]&amp;#27;[39m &amp;#27;[37m--&gt;&amp;#27;[39m &amp;#27;[37mPOST&amp;#27;[39m &amp;#27;[37m/wd/hub/session/0bf2b727-b005-49fa-ad71-0321dbc60b93/appium/app/close&amp;#27;[39m
&amp;#27;[35m[HTTP]&amp;#27;[39m &amp;#27;[90m{}&amp;#27;[39m
[debug] &amp;#27;[35m[W3C (0bf2b727)]&amp;#27;[39m Calling AppiumDriver.closeApp() with args: [&quot;0bf2b727-b005-49fa-ad71-0321dbc60b93&quot;]
[debug] &amp;#27;[35m[ADB]&amp;#27;[39m Running &apos;C:\Users\maliniv\AppData\Local\Android\Sdk\platform-tools\adb.exe -P 5037 -s 192.168.1.101\:5555 shell am force-stop com.samsung.android.calendar&apos;
[debug] &amp;#27;[35m[W3C (0bf2b727)]&amp;#27;[39m Responding to client with driver.closeApp() result: null
&amp;#27;[35m[HTTP]&amp;#27;[39m &amp;#27;[37m&lt;-- POST /wd/hub/session/0bf2b727-b005-49fa-ad71-0321dbc60b93/appium/app/close &amp;#27;[39m&amp;#27;[32m200&amp;#27;[39m &amp;#27;[90m366 ms - 14&amp;#27;[39m
</system-out>
    <system-err>Feb 02, 2021 8:58:10 AM io.appium.java_client.remote.AppiumCommandExecutor$1 lambda$0
INFO: Detected dialect: W3C
</system-err>
  </testcase>
  <testcase classname="Create a recurring meeting using Native Android/IOS Calender App" name="Create a new recurring (3 days a week) meeting, and make sure it doesn&apos;t repeat on successive days #3" time="30.899">
    <failure type="java.lang.AssertionError">java.lang.AssertionError
	at org.junit.Assert.fail(Assert.java:86)
	at org.junit.Assert.fail(Assert.java:95)
	at Utilities.Tools.checkSuccessiveNonWorkingDay(Tools.java:349)
	at StepDefinitions.TestStepDefinitions.the_days_a_week_meeting_is_not_repeated_on_successive_days_for_the_days(TestStepDefinitions.java:69)
	at âœ½.the &quot;3&quot; days a week meeting is not repeated on successive days for the days &quot;tuesday thursday sunday&quot;(file:///C:/Users/maliniv/Desktop/Sample/AndroidMobileAppAutomation/CalenderOne/src/test/java/Feature/CalenderEvents.feature:7)
</failure>
    <system-out>&amp;#27;[35m[Appium]&amp;#27;[39m Welcome to Appium v1.18.3
&amp;#27;[35m[Appium]&amp;#27;[39m Non-default server args:
&amp;#27;[35m[Appium]&amp;#27;[39m   port: 20486
&amp;#27;[35m[Appium]&amp;#27;[39m Appium REST http interface listener started on 0.0.0.0:20486
&amp;#27;[35m[HTTP]&amp;#27;[39m &amp;#27;[37m--&gt;&amp;#27;[39m &amp;#27;[37mGET&amp;#27;[39m &amp;#27;[37m/wd/hub/status&amp;#27;[39m
&amp;#27;[35m[HTTP]&amp;#27;[39m &amp;#27;[90m{}&amp;#27;[39m
[debug] &amp;#27;[35m[GENERIC]&amp;#27;[39m Calling AppiumDriver.getStatus() with args: []
[debug] &amp;#27;[35m[GENERIC]&amp;#27;[39m Responding to client with driver.getStatus() result: {&quot;build&quot;:{&quot;version&quot;:&quot;1.18.3&quot;}}
GalaxyS10e
&amp;#27;[35m[HTTP]&amp;#27;[39m &amp;#27;[37m&lt;-- GET /wd/hub/status &amp;#27;[39m&amp;#27;[32m200&amp;#27;[39m &amp;#27;[90m7 ms - 68&amp;#27;[39m
&amp;#27;[35m[HTTP]&amp;#27;[39m &amp;#27;[90m&amp;#27;[39m
&amp;#27;[35m[HTTP]&amp;#27;[39m &amp;#27;[37m--&gt;&amp;#27;[39m &amp;#27;[37mGET&amp;#27;[39m &amp;#27;[37m/wd/hub/status&amp;#27;[39m
&amp;#27;[35m[HTTP]&amp;#27;[39m &amp;#27;[90m{}&amp;#27;[39m
[debug] &amp;#27;[35m[GENERIC]&amp;#27;[39m Calling AppiumDriver.getStatus() with args: []
[debug] &amp;#27;[35m[GENERIC]&amp;#27;[39m Responding to client with driver.getStatus() result: {&quot;build&quot;:{&quot;version&quot;:&quot;1.18.3&quot;}}
&amp;#27;[35m[HTTP]&amp;#27;[39m &amp;#27;[37m&lt;-- GET /wd/hub/status &amp;#27;[39m&amp;#27;[32m200&amp;#27;[39m &amp;#27;[90m2 ms - 68&amp;#27;[39m
&amp;#27;[35m[HTTP]&amp;#27;[39m &amp;#27;[90m&amp;#27;[39m
&amp;#27;[35m[HTTP]&amp;#27;[39m &amp;#27;[37m--&gt;&amp;#27;[39m &amp;#27;[37mPOST&amp;#27;[39m &amp;#27;[37m/wd/hub/session&amp;#27;[39m
&amp;#27;[35m[HTTP]&amp;#27;[39m &amp;#27;[90m{&quot;desiredCapabilities&quot;:{&quot;appActivity&quot;:&quot;com.samsung.android.app.calendar.activity.MainActivity&quot;,&quot;appPackage&quot;:&quot;com.samsung.android.calendar&quot;,&quot;noReset&quot;:true,&quot;newCommandTimeout&quot;:&quot;10000&quot;,&quot;platformVersion&quot;:&quot;10&quot;,&quot;automationName&quot;:&quot;UiAutomator2&quot;,&quot;platformName&quot;:&quot;Android&quot;,&quot;deviceName&quot;:&quot;GalaxyS10e&quot;},&quot;capabilities&quot;:{&quot;firstMatch&quot;:[{&quot;appium:appActivity&quot;:&quot;com.samsung.android.app.calendar.activity.MainActivity&quot;,&quot;appium:appPackage&quot;:&quot;com.samsung.android.calendar&quot;,&quot;appium:automationName&quot;:&quot;UiAutomator2&quot;,&quot;appium:deviceName&quot;:&quot;GalaxyS10e&quot;,&quot;appium:newCommandTimeout&quot;:&quot;10000&quot;,&quot;appium:noReset&quot;:true,&quot;platformName&quot;:&quot;android&quot;,&quot;appium:platformVersion&quot;:&quot;10&quot;}]}}&amp;#27;[39m
[debug] &amp;#27;[35m[W3C]&amp;#27;[39m Calling AppiumDriver.createSession() with args: [{&quot;appActivity&quot;:&quot;com.samsung.android.app.calendar.activity.MainActivity&quot;,&quot;appPackage&quot;:&quot;com.samsung.android.calendar&quot;,&quot;noReset&quot;:true,&quot;newCommandTimeout&quot;:&quot;10000&quot;,&quot;platformVersion&quot;:&quot;10&quot;,&quot;automationName&quot;:&quot;UiAutomator2&quot;,&quot;platformName&quot;:&quot;Android&quot;,&quot;deviceName&quot;:&quot;GalaxyS10e&quot;},null,{&quot;firstMatch&quot;:[{&quot;appium:appActivity&quot;:&quot;com.samsung.android.app.calendar.activity.MainActivity&quot;,&quot;appium:appPackage&quot;:&quot;com.samsung.android.calendar&quot;,&quot;appium:automationName&quot;:&quot;UiAutomator2&quot;,&quot;appium:deviceName&quot;:&quot;GalaxyS10e&quot;,&quot;appium:newCommandTimeout&quot;:&quot;10000&quot;,&quot;appium:noReset&quot;:true,&quot;platformName&quot;:&quot;android&quot;,&quot;appium:platformVersion&quot;:&quot;10&quot;}]}]
[debug] &amp;#27;[35m[BaseDriver]&amp;#27;[39m Event &apos;newSessionRequested&apos; logged at 1612220312009 (08:58:32 GMT+1000 (Australian Eastern Standard Time))
&amp;#27;[35m[BaseDriver]&amp;#27;[39m Number capability passed in as string. Functionality may be compromised.
&amp;#27;[35m[Appium]&amp;#27;[39m Appium v1.18.3 creating new AndroidUiautomator2Driver (v1.56.1) session
[debug] &amp;#27;[35m[BaseDriver]&amp;#27;[39m W3C capabilities and MJSONWP desired capabilities were provided
[debug] &amp;#27;[35m[BaseDriver]&amp;#27;[39m Creating session with W3C capabilities: {
[debug] &amp;#27;[35m[BaseDriver]&amp;#27;[39m   &quot;alwaysMatch&quot;: {
[debug] &amp;#27;[35m[BaseDriver]&amp;#27;[39m     &quot;platformName&quot;: &quot;android&quot;,
[debug] &amp;#27;[35m[BaseDriver]&amp;#27;[39m     &quot;appium:appActivity&quot;: &quot;com.samsung.android.app.calendar.activity.MainActivity&quot;,
[debug] &amp;#27;[35m[BaseDriver]&amp;#27;[39m     &quot;appium:appPackage&quot;: &quot;com.samsung.android.calendar&quot;,
[debug] &amp;#27;[35m[BaseDriver]&amp;#27;[39m     &quot;appium:automationName&quot;: &quot;UiAutomator2&quot;,
[debug] &amp;#27;[35m[BaseDriver]&amp;#27;[39m     &quot;appium:deviceName&quot;: &quot;GalaxyS10e&quot;,
[debug] &amp;#27;[35m[BaseDriver]&amp;#27;[39m     &quot;appium:newCommandTimeout&quot;: &quot;10000&quot;,
[debug] &amp;#27;[35m[BaseDriver]&amp;#27;[39m     &quot;appium:noReset&quot;: true,
[debug] &amp;#27;[35m[BaseDriver]&amp;#27;[39m     &quot;appium:platformVersion&quot;: &quot;10&quot;
[debug] &amp;#27;[35m[BaseDriver]&amp;#27;[39m   },
[debug] &amp;#27;[35m[BaseDriver]&amp;#27;[39m   &quot;firstMatch&quot;: [
[debug] &amp;#27;[35m[BaseDriver]&amp;#27;[39m     {}
[debug] &amp;#27;[35m[BaseDriver]&amp;#27;[39m   ]
[debug] &amp;#27;[35m[BaseDriver]&amp;#27;[39m }
&amp;#27;[35m[BaseDriver]&amp;#27;[39m Number capability passed in as string. Functionality may be compromised.
&amp;#27;[35m[BaseDriver]&amp;#27;[39m Capability &apos;newCommandTimeout&apos; changed from string (&apos;10000&apos;) to integer (10000). This may cause unexpected behavior
&amp;#27;[35m[BaseDriver]&amp;#27;[39m Session created with session id: a8364ec0-742d-4627-b00a-54d0744b1d7f
&amp;#27;[35m[UiAutomator2]&amp;#27;[39m Starting &apos;com.samsung.android.calendar&apos; directly on the device
&amp;#27;[35m[ADB]&amp;#27;[39m Found 2 &apos;build-tools&apos; folders under &apos;C:\Users\maliniv\AppData\Local\Android\Sdk&apos; (newest first):
&amp;#27;[35m[ADB]&amp;#27;[39m     C:/Users/maliniv/AppData/Local/Android/Sdk/build-tools/30.0.2
&amp;#27;[35m[ADB]&amp;#27;[39m     C:/Users/maliniv/AppData/Local/Android/Sdk/build-tools/29.0.2
&amp;#27;[35m[ADB]&amp;#27;[39m Using &apos;adb.exe&apos; from &apos;C:\Users\maliniv\AppData\Local\Android\Sdk\platform-tools\adb.exe&apos;
[debug] &amp;#27;[35m[ADB]&amp;#27;[39m Running &apos;C:\Users\maliniv\AppData\Local\Android\Sdk\platform-tools\adb.exe -P 5037 start-server&apos;
&amp;#27;[35m[AndroidDriver]&amp;#27;[39m Retrieving device list
[debug] &amp;#27;[35m[ADB]&amp;#27;[39m Trying to find a connected android device
[debug] &amp;#27;[35m[ADB]&amp;#27;[39m Getting connected devices
[debug] &amp;#27;[35m[ADB]&amp;#27;[39m Connected devices: [{&quot;udid&quot;:&quot;192.168.1.101:5555&quot;,&quot;state&quot;:&quot;device&quot;}]
&amp;#27;[35m[AndroidDriver]&amp;#27;[39m Looking for a device with Android &apos;10.0.0&apos;
[debug] &amp;#27;[35m[ADB]&amp;#27;[39m Setting device id to 192.168.1.101:5555
&amp;#27;[35m[ADB]&amp;#27;[39m Getting device platform version
[debug] &amp;#27;[35m[ADB]&amp;#27;[39m Running &apos;C:\Users\maliniv\AppData\Local\Android\Sdk\platform-tools\adb.exe -P 5037 -s 192.168.1.101\:5555 shell getprop ro.build.version.release&apos;
[debug] &amp;#27;[35m[ADB]&amp;#27;[39m Current device property &apos;ro.build.version.release&apos;: 10
&amp;#27;[35m[AndroidDriver]&amp;#27;[39m Using device: 192.168.1.101:5555
&amp;#27;[35m[ADB]&amp;#27;[39m Using &apos;adb.exe&apos; from &apos;C:\Users\maliniv\AppData\Local\Android\Sdk\platform-tools\adb.exe&apos;
[debug] &amp;#27;[35m[ADB]&amp;#27;[39m Running &apos;C:\Users\maliniv\AppData\Local\Android\Sdk\platform-tools\adb.exe -P 5037 start-server&apos;
[debug] &amp;#27;[35m[ADB]&amp;#27;[39m Setting device id to 192.168.1.101:5555
[debug] &amp;#27;[35m[ADB]&amp;#27;[39m Running &apos;C:\Users\maliniv\AppData\Local\Android\Sdk\platform-tools\adb.exe -P 5037 -s 192.168.1.101\:5555 shell getprop ro.build.version.sdk&apos;
[debug] &amp;#27;[35m[ADB]&amp;#27;[39m Current device property &apos;ro.build.version.sdk&apos;: 29
&amp;#27;[35m[ADB]&amp;#27;[39m Getting device platform version
[debug] &amp;#27;[35m[ADB]&amp;#27;[39m Running &apos;C:\Users\maliniv\AppData\Local\Android\Sdk\platform-tools\adb.exe -P 5037 -s 192.168.1.101\:5555 shell getprop ro.build.version.release&apos;
[debug] &amp;#27;[35m[ADB]&amp;#27;[39m Current device property &apos;ro.build.version.release&apos;: 10
[debug] &amp;#27;[35m[ADB]&amp;#27;[39m Device API level: 29
&amp;#27;[35m[UiAutomator2]&amp;#27;[39m Relaxing hidden api policy
[debug] &amp;#27;[35m[ADB]&amp;#27;[39m Running &apos;C:\Users\maliniv\AppData\Local\Android\Sdk\platform-tools\adb.exe -P 5037 -s 192.168.1.101\:5555 shell &apos;settings put global hidden_api_policy_pre_p_apps 1;settings put global hidden_api_policy_p_apps 1;settings put global hidden_api_policy 1&apos;&apos;
&amp;#27;[35m[AndroidDriver]&amp;#27;[39m No app sent in, not parsing package/activity
[debug] &amp;#27;[35m[ADB]&amp;#27;[39m Running &apos;C:\Users\maliniv\AppData\Local\Android\Sdk\platform-tools\adb.exe -P 5037 -s 192.168.1.101\:5555 wait-for-device&apos;
[debug] &amp;#27;[35m[ADB]&amp;#27;[39m Running &apos;C:\Users\maliniv\AppData\Local\Android\Sdk\platform-tools\adb.exe -P 5037 -s 192.168.1.101\:5555 shell echo ping&apos;
[debug] &amp;#27;[35m[AndroidDriver]&amp;#27;[39m Pushing settings apk to device...
[debug] &amp;#27;[35m[ADB]&amp;#27;[39m Getting install status for io.appium.settings
[debug] &amp;#27;[35m[ADB]&amp;#27;[39m Running &apos;C:\Users\maliniv\AppData\Local\Android\Sdk\platform-tools\adb.exe -P 5037 -s 192.168.1.101\:5555 shell dumpsys package io.appium.settings&apos;
[debug] &amp;#27;[35m[ADB]&amp;#27;[39m &apos;io.appium.settings&apos; is installed
[debug] &amp;#27;[35m[ADB]&amp;#27;[39m Getting package info for &apos;io.appium.settings&apos;
[debug] &amp;#27;[35m[ADB]&amp;#27;[39m Running &apos;C:\Users\maliniv\AppData\Local\Android\Sdk\platform-tools\adb.exe -P 5037 -s 192.168.1.101\:5555 shell dumpsys package io.appium.settings&apos;
[debug] &amp;#27;[35m[ADB]&amp;#27;[39m The version name of the installed &apos;io.appium.settings&apos; is greater or equal to the application version name (&apos;3.2.0&apos; &gt;= &apos;3.2.0&apos;)
[debug] &amp;#27;[35m[ADB]&amp;#27;[39m There is no need to install/upgrade &apos;C:\Users\maliniv\AppData\Roaming\npm\node_modules\appium\node_modules\io.appium.settings\apks\settings_apk-debug.apk&apos;
[debug] &amp;#27;[35m[ADB]&amp;#27;[39m Getting IDs of all &apos;io.appium.settings&apos; processes
[debug] &amp;#27;[35m[ADB]&amp;#27;[39m Running &apos;C:\Users\maliniv\AppData\Local\Android\Sdk\platform-tools\adb.exe -P 5037 -s 192.168.1.101\:5555 shell &apos;pgrep --help; echo $?&apos;&apos;
[debug] &amp;#27;[35m[ADB]&amp;#27;[39m Running &apos;C:\Users\maliniv\AppData\Local\Android\Sdk\platform-tools\adb.exe -P 5037 -s 192.168.1.101\:5555 shell pgrep -f io\\.appium\\.settings&apos;
[debug] &amp;#27;[35m[AndroidDriver]&amp;#27;[39m io.appium.settings is already running. There is no need to reset its permissions.
[debug] &amp;#27;[35m[ADB]&amp;#27;[39m Running &apos;C:\Users\maliniv\AppData\Local\Android\Sdk\platform-tools\adb.exe -P 5037 -s 192.168.1.101\:5555 shell appops set io.appium.settings android\:mock_location allow&apos;
[debug] &amp;#27;[35m[Logcat]&amp;#27;[39m Starting logs capture with command: C:\\Users\\maliniv\\AppData\\Local\\Android\\Sdk\\platform-tools\\adb.exe -P 5037 -s 192.168.1.101\:5555 logcat -v threadtime
[debug] &amp;#27;[35m[UiAutomator2]&amp;#27;[39m Forwarding UiAutomator2 Server port 6790 to 8224
[debug] &amp;#27;[35m[ADB]&amp;#27;[39m Forwarding system: 8224 to device: 6790
[debug] &amp;#27;[35m[ADB]&amp;#27;[39m Running &apos;C:\Users\maliniv\AppData\Local\Android\Sdk\platform-tools\adb.exe -P 5037 -s 192.168.1.101\:5555 forward tcp\:8224 tcp\:6790&apos;
[debug] &amp;#27;[35m[ADB]&amp;#27;[39m Getting install status for io.appium.uiautomator2.server
[debug] &amp;#27;[35m[ADB]&amp;#27;[39m Running &apos;C:\Users\maliniv\AppData\Local\Android\Sdk\platform-tools\adb.exe -P 5037 -s 192.168.1.101\:5555 shell dumpsys package io.appium.uiautomator2.server&apos;
[debug] &amp;#27;[35m[ADB]&amp;#27;[39m &apos;io.appium.uiautomator2.server&apos; is installed
[debug] &amp;#27;[35m[ADB]&amp;#27;[39m Getting package info for &apos;io.appium.uiautomator2.server&apos;
[debug] &amp;#27;[35m[ADB]&amp;#27;[39m Running &apos;C:\Users\maliniv\AppData\Local\Android\Sdk\platform-tools\adb.exe -P 5037 -s 192.168.1.101\:5555 shell dumpsys package io.appium.uiautomator2.server&apos;
[debug] &amp;#27;[35m[ADB]&amp;#27;[39m The version name of the installed &apos;io.appium.uiautomator2.server&apos; is greater or equal to the application version name (&apos;4.12.2&apos; &gt;= &apos;4.12.2&apos;)
[debug] &amp;#27;[35m[UiAutomator2]&amp;#27;[39m io.appium.uiautomator2.server installation state: sameVersionInstalled
[debug] &amp;#27;[35m[ADB]&amp;#27;[39m Checking app cert for C:\Users\maliniv\AppData\Roaming\npm\node_modules\appium\node_modules\appium-uiautomator2-server\apks\appium-uiautomator2-server-v4.12.2.apk
&amp;#27;[35m[ADB]&amp;#27;[39m Using &apos;apksigner.jar&apos; from &apos;C:\Users\maliniv\AppData\Local\Android\Sdk\build-tools\30.0.2\lib\apksigner.jar&apos;
[debug] &amp;#27;[35m[ADB]&amp;#27;[39m Starting apksigner: &apos;C:\\Program Files\\Java\\jdk1.8.0_121\\bin\\java.exe&apos; -Xmx1024M -Xss1m -jar C:\\Users\\maliniv\\AppData\\Local\\Android\\Sdk\\build-tools\\30.0.2\\lib\\apksigner.jar verify --print-certs C:\\Users\\maliniv\\AppData\\Roaming\\npm\\node_modules\\appium\\node_modules\\appium-uiautomator2-server\\apks\\appium-uiautomator2-server-v4.12.2.apk
[debug] &amp;#27;[35m[ADB]&amp;#27;[39m apksigner stdout: Signer #1 certificate DN: EMAILADDRESS=android@android.com, CN=Android, OU=Android, O=Android, L=Mountain View, ST=California, C=US
[debug] &amp;#27;[35m[ADB]&amp;#27;[39m Signer #1 certificate SHA-256 digest: a40da80a59d170caa950cf15c18c454d47a39b26989d8b640ecd745ba71bf5dc
[debug] &amp;#27;[35m[ADB]&amp;#27;[39m Signer #1 certificate SHA-1 digest: 61ed377e85d386a8dfee6b864bd85b0bfaa5af81
[debug] &amp;#27;[35m[ADB]&amp;#27;[39m Signer #1 certificate MD5 digest: e89b158e4bcf988ebd09eb83f5378e87
[debug] &amp;#27;[35m[ADB]&amp;#27;[39m 
[debug] &amp;#27;[35m[ADB]&amp;#27;[39m &apos;C:\Users\maliniv\AppData\Roaming\npm\node_modules\appium\node_modules\appium-uiautomator2-server\apks\appium-uiautomator2-server-v4.12.2.apk&apos; is signed with the default certificate
[debug] &amp;#27;[35m[ADB]&amp;#27;[39m Getting install status for io.appium.uiautomator2.server.test
[debug] &amp;#27;[35m[ADB]&amp;#27;[39m Running &apos;C:\Users\maliniv\AppData\Local\Android\Sdk\platform-tools\adb.exe -P 5037 -s 192.168.1.101\:5555 shell dumpsys package io.appium.uiautomator2.server.test&apos;
[debug] &amp;#27;[35m[ADB]&amp;#27;[39m &apos;io.appium.uiautomator2.server.test&apos; is installed
[debug] &amp;#27;[35m[ADB]&amp;#27;[39m Checking app cert for C:\Users\maliniv\AppData\Roaming\npm\node_modules\appium\node_modules\appium-uiautomator2-server\apks\appium-uiautomator2-server-debug-androidTest.apk
[debug] &amp;#27;[35m[ADB]&amp;#27;[39m Starting apksigner: &apos;C:\\Program Files\\Java\\jdk1.8.0_121\\bin\\java.exe&apos; -Xmx1024M -Xss1m -jar C:\\Users\\maliniv\\AppData\\Local\\Android\\Sdk\\build-tools\\30.0.2\\lib\\apksigner.jar verify --print-certs C:\\Users\\maliniv\\AppData\\Roaming\\npm\\node_modules\\appium\\node_modules\\appium-uiautomator2-server\\apks\\appium-uiautomator2-server-debug-androidTest.apk
[debug] &amp;#27;[35m[ADB]&amp;#27;[39m apksigner stdout: Signer #1 certificate DN: EMAILADDRESS=android@android.com, CN=Android, OU=Android, O=Android, L=Mountain View, ST=California, C=US
[debug] &amp;#27;[35m[ADB]&amp;#27;[39m Signer #1 certificate SHA-256 digest: a40da80a59d170caa950cf15c18c454d47a39b26989d8b640ecd745ba71bf5dc
[debug] &amp;#27;[35m[ADB]&amp;#27;[39m Signer #1 certificate SHA-1 digest: 61ed377e85d386a8dfee6b864bd85b0bfaa5af81
[debug] &amp;#27;[35m[ADB]&amp;#27;[39m Signer #1 certificate MD5 digest: e89b158e4bcf988ebd09eb83f5378e87
[debug] &amp;#27;[35m[ADB]&amp;#27;[39m 
[debug] &amp;#27;[35m[ADB]&amp;#27;[39m &apos;C:\Users\maliniv\AppData\Roaming\npm\node_modules\appium\node_modules\appium-uiautomator2-server\apks\appium-uiautomator2-server-debug-androidTest.apk&apos; is signed with the default certificate
&amp;#27;[35m[UiAutomator2]&amp;#27;[39m Server packages are not going to be (re)installed
[debug] &amp;#27;[35m[UiAutomator2]&amp;#27;[39m Waiting up to 30000ms for services to be available
[debug] &amp;#27;[35m[ADB]&amp;#27;[39m Running &apos;C:\Users\maliniv\AppData\Local\Android\Sdk\platform-tools\adb.exe -P 5037 -s 192.168.1.101\:5555 shell pm list instrumentation&apos;
[debug] &amp;#27;[35m[UiAutomator2]&amp;#27;[39m Instrumentation target &apos;io.appium.uiautomator2.server.test/androidx.test.runner.AndroidJUnitRunner&apos; is available
[debug] &amp;#27;[35m[UiAutomator2]&amp;#27;[39m No app capability. Assuming it is already on the device
[debug] &amp;#27;[35m[UiAutomator2]&amp;#27;[39m Performing shallow cleanup of automation leftovers
[debug] &amp;#27;[35m[UiAutomator2]&amp;#27;[39m The following obsolete sessions are still running: [null]
[debug] &amp;#27;[35m[UiAutomator2]&amp;#27;[39m Cleaning up the obsolete sessions
[debug] &amp;#27;[35m[ADB]&amp;#27;[39m Running &apos;C:\Users\maliniv\AppData\Local\Android\Sdk\platform-tools\adb.exe -P 5037 -s 192.168.1.101\:5555 shell am force-stop io.appium.uiautomator2.server.test&apos;
&amp;#27;[35m[UiAutomator2]&amp;#27;[39m Starting UIAutomator2 server 4.12.2
&amp;#27;[35m[UiAutomator2]&amp;#27;[39m Using UIAutomator2 server from &apos;C:\Users\maliniv\AppData\Roaming\npm\node_modules\appium\node_modules\appium-uiautomator2-server\apks\appium-uiautomator2-server-v4.12.2.apk&apos; and test from &apos;C:\Users\maliniv\AppData\Roaming\npm\node_modules\appium\node_modules\appium-uiautomator2-server\apks\appium-uiautomator2-server-debug-androidTest.apk&apos;
&amp;#27;[35m[UiAutomator2]&amp;#27;[39m Waiting up to 30000ms for UiAutomator2 to be online...
[debug] &amp;#27;[35m[ADB]&amp;#27;[39m Creating ADB subprocess with args: [&quot;-P&quot;,5037,&quot;-s&quot;,&quot;192.168.1.101:5555&quot;,&quot;shell&quot;,&quot;am&quot;,&quot;instrument&quot;,&quot;-w&quot;,&quot;io.appium.uiautomator2.server.test/androidx.test.runner.AndroidJUnitRunner&quot;]
[debug] &amp;#27;[35m[Instrumentation]&amp;#27;[39m io.appium.uiautomator2.server.test.AppiumUiAutomator2Server:
[debug] &amp;#27;[35m[WD Proxy]&amp;#27;[39m Matched &apos;/status&apos; to command name &apos;getStatus&apos;
[debug] &amp;#27;[35m[WD Proxy]&amp;#27;[39m Proxying [GET /status] to [GET http://127.0.0.1:8224/wd/hub/status] with no body
&amp;#27;[35m[WD Proxy]&amp;#27;[39m socket hang up
[debug] &amp;#27;[35m[WD Proxy]&amp;#27;[39m Matched &apos;/status&apos; to command name &apos;getStatus&apos;
[debug] &amp;#27;[35m[WD Proxy]&amp;#27;[39m Proxying [GET /status] to [GET http://127.0.0.1:8224/wd/hub/status] with no body
[debug] &amp;#27;[35m[WD Proxy]&amp;#27;[39m Got response with status 200: {&quot;sessionId&quot;:&quot;None&quot;,&quot;value&quot;:{&quot;message&quot;:&quot;UiAutomator2 Server is ready to accept commands&quot;,&quot;ready&quot;:true}}
[debug] &amp;#27;[35m[UiAutomator2]&amp;#27;[39m The initialization of the instrumentation process took 2593ms
[debug] &amp;#27;[35m[WD Proxy]&amp;#27;[39m Matched &apos;/session&apos; to command name &apos;createSession&apos;
[debug] &amp;#27;[35m[WD Proxy]&amp;#27;[39m Proxying [POST /session] to [POST http://127.0.0.1:8224/wd/hub/session] with body: {&quot;capabilities&quot;:{&quot;firstMatch&quot;:[{&quot;platform&quot;:&quot;LINUX&quot;,&quot;webStorageEnabled&quot;:false,&quot;takesScreenshot&quot;:true,&quot;javascriptEnabled&quot;:true,&quot;databaseEnabled&quot;:false,&quot;networkConnectionEnabled&quot;:true,&quot;locationContextEnabled&quot;:false,&quot;warnings&quot;:{},&quot;desired&quot;:{&quot;platformName&quot;:&quot;android&quot;,&quot;appActivity&quot;:&quot;com.samsung.android.app.calendar.activity.MainActivity&quot;,&quot;appPackage&quot;:&quot;com.samsung.android.calendar&quot;,&quot;automationName&quot;:&quot;UiAutomator2&quot;,&quot;deviceName&quot;:&quot;GalaxyS10e&quot;,&quot;newCommandTimeout&quot;:10000,&quot;noReset&quot;:true,&quot;platformVersion&quot;:&quot;10&quot;},&quot;platformName&quot;:&quot;android&quot;,&quot;appActivity&quot;:&quot;com.samsung.android.app.calendar.activity.MainActivity&quot;,&quot;appPackage&quot;:&quot;com.samsung.android.calendar&quot;,&quot;automationName&quot;:&quot;UiAutomator2&quot;,&quot;deviceName&quot;:&quot;192.168.1.101:5555&quot;,&quot;newCommandTimeout&quot;:10000,&quot;noReset&quot;:true,&quot;platformVersion&quot;:&quot;10&quot;,&quot;deviceUDID&quot;:&quot;192.168.1.101:5555&quot;}],&quot;alwaysMatch&quot;:{}}}
[debug] &amp;#27;[35m[WD Proxy]&amp;#27;[39m Got response with status 200: {&quot;sessionId&quot;:&quot;12bea163-60ba-43cc-82ea-20ce829c1016&quot;,&quot;value&quot;:{&quot;capabilities&quot;:{&quot;firstMatch&quot;:[{&quot;platform&quot;:&quot;LINUX&quot;,&quot;webStorageEnabled&quot;:false,&quot;takesScreenshot&quot;:true,&quot;javascriptEnabled&quot;:true,&quot;databaseEnabled&quot;:false,&quot;networkConnectionEnabled&quot;:true,&quot;locationContextEnabled&quot;:false,&quot;warnings&quot;:{},&quot;desired&quot;:{&quot;platformName&quot;:&quot;android&quot;,&quot;appActivity&quot;:&quot;com.samsung.android.app.calendar.activity.MainActivity&quot;,&quot;appPackage&quot;:&quot;com.samsung.android.calendar&quot;,&quot;automationName&quot;:&quot;UiAutomator2&quot;,&quot;deviceName&quot;:&quot;GalaxyS10e&quot;,&quot;newCommandTimeout&quot;:10000,&quot;noReset&quot;:true,&quot;platformVersion&quot;:&quot;10&quot;},&quot;platformName&quot;:&quot;android&quot;,&quot;appActivity&quot;:&quot;com.samsung.android.app.calendar.activity.MainActivity&quot;,&quot;appPackage&quot;:&quot;com.samsung.android.calendar&quot;,&quot;automationName&quot;:&quot;UiAutomator2&quot;,&quot;deviceName&quot;:&quot;192.168.1.101:5555&quot;,&quot;newCommandTimeout&quot;:10000,&quot;noReset&quot;:true,&quot;platformVersion&quot;:&quot;10&quot;,&quot;deviceUDID&quot;:&quot;192.168.1.101:5555&quot;}],&quot;alwaysMatch&quot;:{}},&quot;sessionId&quot;:&quot;12bea163-60ba-43cc-82ea-20ce829c1016&quot;}}
&amp;#27;[35m[WD Proxy]&amp;#27;[39m Determined the downstream protocol as &apos;W3C&apos;
[debug] &amp;#27;[35m[WD Proxy]&amp;#27;[39m Proxying [GET /appium/device/info] to [GET http://127.0.0.1:8224/wd/hub/session/12bea163-60ba-43cc-82ea-20ce829c1016/appium/device/info] with no body
[debug] &amp;#27;[35m[WD Proxy]&amp;#27;[39m Got response with status 200: {&quot;sessionId&quot;:&quot;12bea163-60ba-43cc-82ea-20ce829c1016&quot;,&quot;value&quot;:{&quot;androidId&quot;:&quot;62f0e43bb0e2450e&quot;,&quot;apiVersion&quot;:&quot;29&quot;,&quot;bluetooth&quot;:{&quot;state&quot;:&quot;OFF&quot;},&quot;brand&quot;:&quot;samsung&quot;,&quot;carrierName&quot;:&quot;Vodafone AU&quot;,&quot;displayDensity&quot;:480,&quot;locale&quot;:&quot;en_AU&quot;,&quot;manufacturer&quot;:&quot;samsung&quot;,&quot;model&quot;:&quot;SM-G970F&quot;,&quot;networks&quot;:[{&quot;capabilities&quot;:{&quot;SSID&quot;:null,&quot;linkDownBandwidthKbps&quot;:102400,&quot;linkUpstreamBandwidthKbps&quot;:51200,&quot;networkCapabilities&quot;:&quot;NET_CAPABILITY_IMS,NET_CAPABILITY_NOT_METERED,NET_CAPABILITY_TRUSTED,NET_CAPABILITY_NOT_VPN,NET_CAPABILITY_VALIDATED,NET_CAPABILITY_NOT_ROAMING,NET_CAPABILITY_FOREGROUND,NET_CAPABILITY_NOT_CONGESTED,NET_CAPABILITY_NOT_SUSPENDED&quot;,&quot;signalStrength&quot;:-2147483648,&quot;transportTypes&quot;:&quot;TRANSPORT_CELLULAR&quot;},&quot;detailedState&quot;:&quot;CONNECTED&quot;,&quot;extraInfo&quot;:&quot;IMS&quot;,&quot;isAvailable&quot;:true,&quot;isConnected&quot;:true,&quot;isFailover&quot;:false,&quot;isRoaming&quot;:false,&quot;state&quot;:&quot;CONNECTED&quot;,&quot;subtype&quot;:13,&quot;subtypeName&quot;:&quot;LTE&quot;,&quot;type&quot;:0,&quot;typeName&quot;:&quot;MOBILE&quot;},{&quot;capabilities&quot;:{&quot;SSID&quot;:null,&quot;linkDownBandwidthKbps&quot;:1048576,&quot;linkUpstreamBandwidthKbps&quot;:1048576,&quot;networkCapabilities&quot;:&quot;NET_C...
[debug] &amp;#27;[35m[ADB]&amp;#27;[39m Running &apos;C:\Users\maliniv\AppData\Local\Android\Sdk\platform-tools\adb.exe -P 5037 -s 192.168.1.101\:5555 shell dumpsys window&apos;
&amp;#27;[35m[AndroidDriver]&amp;#27;[39m Screen already unlocked, doing nothing
&amp;#27;[35m[UiAutomator2]&amp;#27;[39m Starting &apos;com.samsung.android.calendar/com.samsung.android.app.calendar.activity.MainActivity and waiting for &apos;com.samsung.android.calendar/com.samsung.android.app.calendar.activity.MainActivity&apos;
[debug] &amp;#27;[35m[ADB]&amp;#27;[39m Running &apos;C:\Users\maliniv\AppData\Local\Android\Sdk\platform-tools\adb.exe -P 5037 -s 192.168.1.101\:5555 shell am start -W -n com.samsung.android.calendar/com.samsung.android.app.calendar.activity.MainActivity -S -a android.intent.action.MAIN -c android.intent.category.LAUNCHER -f 0x10200000&apos;
[debug] &amp;#27;[35m[WD Proxy]&amp;#27;[39m Proxying [GET /appium/device/pixel_ratio] to [GET http://127.0.0.1:8224/wd/hub/session/12bea163-60ba-43cc-82ea-20ce829c1016/appium/device/pixel_ratio] with no body
[debug] &amp;#27;[35m[WD Proxy]&amp;#27;[39m Got response with status 200: {&quot;sessionId&quot;:&quot;12bea163-60ba-43cc-82ea-20ce829c1016&quot;,&quot;value&quot;:3}
[debug] &amp;#27;[35m[WD Proxy]&amp;#27;[39m Matched &apos;/appium/device/system_bars&apos; to command name &apos;getSystemBars&apos;
[debug] &amp;#27;[35m[WD Proxy]&amp;#27;[39m Proxying [GET /appium/device/system_bars] to [GET http://127.0.0.1:8224/wd/hub/session/12bea163-60ba-43cc-82ea-20ce829c1016/appium/device/system_bars] with no body
[debug] &amp;#27;[35m[WD Proxy]&amp;#27;[39m Got response with status 200: {&quot;sessionId&quot;:&quot;12bea163-60ba-43cc-82ea-20ce829c1016&quot;,&quot;value&quot;:{&quot;statusBar&quot;:117}}
[debug] &amp;#27;[35m[WD Proxy]&amp;#27;[39m Matched &apos;/window/current/size&apos; to command name &apos;getWindowSize&apos;
[debug] &amp;#27;[35m[WD Proxy]&amp;#27;[39m Proxying [GET /window/current/size] to [GET http://127.0.0.1:8224/wd/hub/session/12bea163-60ba-43cc-82ea-20ce829c1016/window/current/size] with no body
[debug] &amp;#27;[35m[WD Proxy]&amp;#27;[39m Got response with status 200: {&quot;sessionId&quot;:&quot;12bea163-60ba-43cc-82ea-20ce829c1016&quot;,&quot;value&quot;:{&quot;height&quot;:2020,&quot;width&quot;:1080}}
&amp;#27;[35m[Appium]&amp;#27;[39m New AndroidUiautomator2Driver session created successfully, session a8364ec0-742d-4627-b00a-54d0744b1d7f added to master session list
[debug] &amp;#27;[35m[BaseDriver]&amp;#27;[39m Event &apos;newSessionStarted&apos; logged at 1612220323689 (08:58:43 GMT+1000 (Australian Eastern Standard Time))
[debug] &amp;#27;[35m[W3C (a8364ec0)]&amp;#27;[39m Cached the protocol value &apos;W3C&apos; for the new session a8364ec0-742d-4627-b00a-54d0744b1d7f
[debug] &amp;#27;[35m[W3C (a8364ec0)]&amp;#27;[39m Responding to client with driver.createSession() result: {&quot;capabilities&quot;:{&quot;platform&quot;:&quot;LINUX&quot;,&quot;webStorageEnabled&quot;:false,&quot;takesScreenshot&quot;:true,&quot;javascriptEnabled&quot;:true,&quot;databaseEnabled&quot;:false,&quot;networkConnectionEnabled&quot;:true,&quot;locationContextEnabled&quot;:false,&quot;warnings&quot;:{},&quot;desired&quot;:{&quot;platformName&quot;:&quot;android&quot;,&quot;appActivity&quot;:&quot;com.samsung.android.app.calendar.activity.MainActivity&quot;,&quot;appPackage&quot;:&quot;com.samsung.android.calendar&quot;,&quot;automationName&quot;:&quot;UiAutomator2&quot;,&quot;deviceName&quot;:&quot;GalaxyS10e&quot;,&quot;newCommandTimeout&quot;:10000,&quot;noReset&quot;:true,&quot;platformVersion&quot;:&quot;10&quot;},&quot;platformName&quot;:&quot;android&quot;,&quot;appActivity&quot;:&quot;com.samsung.android.app.calendar.activity.MainActivity&quot;,&quot;appPackage&quot;:&quot;com.samsung.android.calendar&quot;,&quot;automationName&quot;:&quot;UiAutomator2&quot;,&quot;deviceName&quot;:&quot;192.168.1.101:5555&quot;,&quot;newCommandTimeout&quot;:10000,&quot;noReset&quot;:true,&quot;platformVersion&quot;:&quot;10&quot;,&quot;deviceUDID&quot;:&quot;192.168.1.101:5555&quot;,&quot;deviceApiLevel&quot;:29,&quot;deviceScreenSize&quot;:&quot;1080x2280&quot;,&quot;deviceScreenDensity&quot;:480,&quot;deviceModel&quot;:&quot;SM-G970F&quot;,&quot;deviceManufacturer&quot;:&quot;samsung&quot;,&quot;pixelRatio&quot;:3,&quot;statBarHeight&quot;:117,&quot;viewportRect&quot;:{&quot;left&quot;:0,&quot;top&quot;:117,&quot;width&quot;:1080,&quot;height&quot;:1903}}}
&amp;#27;[35m[HTTP]&amp;#27;[39m &amp;#27;[37m&lt;-- POST /wd/hub/session &amp;#27;[39m&amp;#27;[32m200&amp;#27;[39m &amp;#27;[90m11689 ms - 1082&amp;#27;[39m
&amp;#27;[35m[HTTP]&amp;#27;[39m &amp;#27;[90m&amp;#27;[39m
&amp;#27;[35m[HTTP]&amp;#27;[39m &amp;#27;[37m--&gt;&amp;#27;[39m &amp;#27;[37mPOST&amp;#27;[39m &amp;#27;[37m/wd/hub/session/a8364ec0-742d-4627-b00a-54d0744b1d7f/timeouts&amp;#27;[39m
&amp;#27;[35m[HTTP]&amp;#27;[39m &amp;#27;[90m{&quot;implicit&quot;:10000}&amp;#27;[39m
[debug] &amp;#27;[35m[W3C (a8364ec0)]&amp;#27;[39m Calling AppiumDriver.timeouts() with args: [null,null,null,null,10000,&quot;a8364ec0-742d-4627-b00a-54d0744b1d7f&quot;]
[debug] &amp;#27;[35m[BaseDriver]&amp;#27;[39m W3C timeout argument: {&quot;implicit&quot;:10000}}
[debug] &amp;#27;[35m[BaseDriver]&amp;#27;[39m Set implicit wait to 10000ms
[debug] &amp;#27;[35m[W3C (a8364ec0)]&amp;#27;[39m Responding to client with driver.timeouts() result: null
&amp;#27;[35m[HTTP]&amp;#27;[39m &amp;#27;[37m&lt;-- POST /wd/hub/session/a8364ec0-742d-4627-b00a-54d0744b1d7f/timeouts &amp;#27;[39m&amp;#27;[32m200&amp;#27;[39m &amp;#27;[90m8 ms - 14&amp;#27;[39m
&amp;#27;[35m[HTTP]&amp;#27;[39m &amp;#27;[90m&amp;#27;[39m
&amp;#27;[35m[HTTP]&amp;#27;[39m &amp;#27;[37m--&gt;&amp;#27;[39m &amp;#27;[37mGET&amp;#27;[39m &amp;#27;[37m/wd/hub/session/a8364ec0-742d-4627-b00a-54d0744b1d7f/context&amp;#27;[39m
&amp;#27;[35m[HTTP]&amp;#27;[39m &amp;#27;[90m{}&amp;#27;[39m
[debug] &amp;#27;[35m[W3C (a8364ec0)]&amp;#27;[39m Calling AppiumDriver.getCurrentContext() with args: [&quot;a8364ec0-742d-4627-b00a-54d0744b1d7f&quot;]
[debug] &amp;#27;[35m[W3C (a8364ec0)]&amp;#27;[39m Responding to client with driver.getCurrentContext() result: &quot;NATIVE_APP&quot;
&amp;#27;[35m[HTTP]&amp;#27;[39m &amp;#27;[37m&lt;-- GET /wd/hub/session/a8364ec0-742d-4627-b00a-54d0744b1d7f/context &amp;#27;[39m&amp;#27;[32m200&amp;#27;[39m &amp;#27;[90m8 ms - 22&amp;#27;[39m
&amp;#27;[35m[HTTP]&amp;#27;[39m &amp;#27;[90m&amp;#27;[39m
&amp;#27;[35m[HTTP]&amp;#27;[39m &amp;#27;[37m--&gt;&amp;#27;[39m &amp;#27;[37mPOST&amp;#27;[39m &amp;#27;[37m/wd/hub/session/a8364ec0-742d-4627-b00a-54d0744b1d7f/element&amp;#27;[39m
&amp;#27;[35m[HTTP]&amp;#27;[39m &amp;#27;[90m{&quot;using&quot;:&quot;id&quot;,&quot;value&quot;:&quot;com.samsung.android.calendar:id/floating_action_button&quot;}&amp;#27;[39m
[debug] &amp;#27;[35m[W3C (a8364ec0)]&amp;#27;[39m Calling AppiumDriver.findElement() with args: [&quot;id&quot;,&quot;com.samsung.android.calendar:id/floating_action_button&quot;,&quot;a8364ec0-742d-4627-b00a-54d0744b1d7f&quot;]
[debug] &amp;#27;[35m[BaseDriver]&amp;#27;[39m Valid locator strategies for this request: xpath, id, class name, accessibility id, -android uiautomator
[debug] &amp;#27;[35m[BaseDriver]&amp;#27;[39m Waiting up to 10000 ms for condition
[debug] &amp;#27;[35m[WD Proxy]&amp;#27;[39m Matched &apos;/element&apos; to command name &apos;findElement&apos;
[debug] &amp;#27;[35m[WD Proxy]&amp;#27;[39m Proxying [POST /element] to [POST http://127.0.0.1:8224/wd/hub/session/12bea163-60ba-43cc-82ea-20ce829c1016/element] with body: {&quot;strategy&quot;:&quot;id&quot;,&quot;selector&quot;:&quot;com.samsung.android.calendar:id/floating_action_button&quot;,&quot;context&quot;:&quot;&quot;,&quot;multiple&quot;:false}
[debug] &amp;#27;[35m[WD Proxy]&amp;#27;[39m Got response with status 200: {&quot;sessionId&quot;:&quot;12bea163-60ba-43cc-82ea-20ce829c1016&quot;,&quot;value&quot;:{&quot;ELEMENT&quot;:&quot;0ff8d79d-36be-4d42-bafe-372a6335fd56&quot;,&quot;element-6066-11e4-a52e-4f735466cecf&quot;:&quot;0ff8d79d-36be-4d42-bafe-372a6335fd56&quot;}}
[debug] &amp;#27;[35m[W3C (a8364ec0)]&amp;#27;[39m Responding to client with driver.findElement() result: {&quot;element-6066-11e4-a52e-4f735466cecf&quot;:&quot;0ff8d79d-36be-4d42-bafe-372a6335fd56&quot;,&quot;ELEMENT&quot;:&quot;0ff8d79d-36be-4d42-bafe-372a6335fd56&quot;}
&amp;#27;[35m[HTTP]&amp;#27;[39m &amp;#27;[37m&lt;-- POST /wd/hub/session/a8364ec0-742d-4627-b00a-54d0744b1d7f/element &amp;#27;[39m&amp;#27;[32m200&amp;#27;[39m &amp;#27;[90m637 ms - 137&amp;#27;[39m
&amp;#27;[35m[HTTP]&amp;#27;[39m &amp;#27;[90m&amp;#27;[39m
&amp;#27;[35m[HTTP]&amp;#27;[39m &amp;#27;[37m--&gt;&amp;#27;[39m &amp;#27;[37mPOST&amp;#27;[39m &amp;#27;[37m/wd/hub/session/a8364ec0-742d-4627-b00a-54d0744b1d7f/element/0ff8d79d-36be-4d42-bafe-372a6335fd56/click&amp;#27;[39m
&amp;#27;[35m[HTTP]&amp;#27;[39m &amp;#27;[90m{&quot;id&quot;:&quot;0ff8d79d-36be-4d42-bafe-372a6335fd56&quot;}&amp;#27;[39m
[debug] &amp;#27;[35m[W3C (a8364ec0)]&amp;#27;[39m Calling AppiumDriver.click() with args: [&quot;0ff8d79d-36be-4d42-bafe-372a6335fd56&quot;,&quot;a8364ec0-742d-4627-b00a-54d0744b1d7f&quot;]
[debug] &amp;#27;[35m[WD Proxy]&amp;#27;[39m Matched &apos;/element/0ff8d79d-36be-4d42-bafe-372a6335fd56/click&apos; to command name &apos;click&apos;
[debug] &amp;#27;[35m[WD Proxy]&amp;#27;[39m Proxying [POST /element/0ff8d79d-36be-4d42-bafe-372a6335fd56/click] to [POST http://127.0.0.1:8224/wd/hub/session/12bea163-60ba-43cc-82ea-20ce829c1016/element/0ff8d79d-36be-4d42-bafe-372a6335fd56/click] with body: {&quot;element&quot;:&quot;0ff8d79d-36be-4d42-bafe-372a6335fd56&quot;}
[debug] &amp;#27;[35m[WD Proxy]&amp;#27;[39m Got response with status 200: {&quot;sessionId&quot;:&quot;12bea163-60ba-43cc-82ea-20ce829c1016&quot;,&quot;value&quot;:null}
[debug] &amp;#27;[35m[W3C (a8364ec0)]&amp;#27;[39m Responding to client with driver.click() result: null
&amp;#27;[35m[HTTP]&amp;#27;[39m &amp;#27;[37m&lt;-- POST /wd/hub/session/a8364ec0-742d-4627-b00a-54d0744b1d7f/element/0ff8d79d-36be-4d42-bafe-372a6335fd56/click &amp;#27;[39m&amp;#27;[32m200&amp;#27;[39m &amp;#27;[90m165 ms - 14&amp;#27;[39m
&amp;#27;[35m[HTTP]&amp;#27;[39m &amp;#27;[90m&amp;#27;[39m
&amp;#27;[35m[HTTP]&amp;#27;[39m &amp;#27;[37m--&gt;&amp;#27;[39m &amp;#27;[37mGET&amp;#27;[39m &amp;#27;[37m/wd/hub/session/a8364ec0-742d-4627-b00a-54d0744b1d7f/context&amp;#27;[39m
&amp;#27;[35m[HTTP]&amp;#27;[39m &amp;#27;[90m{}&amp;#27;[39m
[debug] &amp;#27;[35m[W3C (a8364ec0)]&amp;#27;[39m Calling AppiumDriver.getCurrentContext() with args: [&quot;a8364ec0-742d-4627-b00a-54d0744b1d7f&quot;]
[debug] &amp;#27;[35m[W3C (a8364ec0)]&amp;#27;[39m Responding to client with driver.getCurrentContext() result: &quot;NATIVE_APP&quot;
&amp;#27;[35m[HTTP]&amp;#27;[39m &amp;#27;[37m&lt;-- GET /wd/hub/session/a8364ec0-742d-4627-b00a-54d0744b1d7f/context &amp;#27;[39m&amp;#27;[32m200&amp;#27;[39m &amp;#27;[90m2 ms - 22&amp;#27;[39m
&amp;#27;[35m[HTTP]&amp;#27;[39m &amp;#27;[90m&amp;#27;[39m
&amp;#27;[35m[HTTP]&amp;#27;[39m &amp;#27;[37m--&gt;&amp;#27;[39m &amp;#27;[37mPOST&amp;#27;[39m &amp;#27;[37m/wd/hub/session/a8364ec0-742d-4627-b00a-54d0744b1d7f/element&amp;#27;[39m
&amp;#27;[35m[HTTP]&amp;#27;[39m &amp;#27;[90m{&quot;using&quot;:&quot;id&quot;,&quot;value&quot;:&quot;com.samsung.android.calendar:id/start_label&quot;}&amp;#27;[39m
[debug] &amp;#27;[35m[W3C (a8364ec0)]&amp;#27;[39m Calling AppiumDriver.findElement() with args: [&quot;id&quot;,&quot;com.samsung.android.calendar:id/start_label&quot;,&quot;a8364ec0-742d-4627-b00a-54d0744b1d7f&quot;]
[debug] &amp;#27;[35m[BaseDriver]&amp;#27;[39m Valid locator strategies for this request: xpath, id, class name, accessibility id, -android uiautomator
[debug] &amp;#27;[35m[BaseDriver]&amp;#27;[39m Waiting up to 10000 ms for condition
[debug] &amp;#27;[35m[WD Proxy]&amp;#27;[39m Matched &apos;/element&apos; to command name &apos;findElement&apos;
[debug] &amp;#27;[35m[WD Proxy]&amp;#27;[39m Proxying [POST /element] to [POST http://127.0.0.1:8224/wd/hub/session/12bea163-60ba-43cc-82ea-20ce829c1016/element] with body: {&quot;strategy&quot;:&quot;id&quot;,&quot;selector&quot;:&quot;com.samsung.android.calendar:id/start_label&quot;,&quot;context&quot;:&quot;&quot;,&quot;multiple&quot;:false}
[debug] &amp;#27;[35m[WD Proxy]&amp;#27;[39m Got response with status 200: {&quot;sessionId&quot;:&quot;12bea163-60ba-43cc-82ea-20ce829c1016&quot;,&quot;value&quot;:{&quot;ELEMENT&quot;:&quot;db2bede1-4c9c-4950-a957-87c3b248c64d&quot;,&quot;element-6066-11e4-a52e-4f735466cecf&quot;:&quot;db2bede1-4c9c-4950-a957-87c3b248c64d&quot;}}
[debug] &amp;#27;[35m[W3C (a8364ec0)]&amp;#27;[39m Responding to client with driver.findElement() result: {&quot;element-6066-11e4-a52e-4f735466cecf&quot;:&quot;db2bede1-4c9c-4950-a957-87c3b248c64d&quot;,&quot;ELEMENT&quot;:&quot;db2bede1-4c9c-4950-a957-87c3b248c64d&quot;}
&amp;#27;[35m[HTTP]&amp;#27;[39m &amp;#27;[37m&lt;-- POST /wd/hub/session/a8364ec0-742d-4627-b00a-54d0744b1d7f/element &amp;#27;[39m&amp;#27;[32m200&amp;#27;[39m &amp;#27;[90m1049 ms - 137&amp;#27;[39m
&amp;#27;[35m[HTTP]&amp;#27;[39m &amp;#27;[90m&amp;#27;[39m
&amp;#27;[35m[HTTP]&amp;#27;[39m &amp;#27;[37m--&gt;&amp;#27;[39m &amp;#27;[37mPOST&amp;#27;[39m &amp;#27;[37m/wd/hub/session/a8364ec0-742d-4627-b00a-54d0744b1d7f/element/db2bede1-4c9c-4950-a957-87c3b248c64d/click&amp;#27;[39m
&amp;#27;[35m[HTTP]&amp;#27;[39m &amp;#27;[90m{&quot;id&quot;:&quot;db2bede1-4c9c-4950-a957-87c3b248c64d&quot;}&amp;#27;[39m
[debug] &amp;#27;[35m[W3C (a8364ec0)]&amp;#27;[39m Calling AppiumDriver.click() with args: [&quot;db2bede1-4c9c-4950-a957-87c3b248c64d&quot;,&quot;a8364ec0-742d-4627-b00a-54d0744b1d7f&quot;]
[debug] &amp;#27;[35m[WD Proxy]&amp;#27;[39m Matched &apos;/element/db2bede1-4c9c-4950-a957-87c3b248c64d/click&apos; to command name &apos;click&apos;
[debug] &amp;#27;[35m[WD Proxy]&amp;#27;[39m Proxying [POST /element/db2bede1-4c9c-4950-a957-87c3b248c64d/click] to [POST http://127.0.0.1:8224/wd/hub/session/12bea163-60ba-43cc-82ea-20ce829c1016/element/db2bede1-4c9c-4950-a957-87c3b248c64d/click] with body: {&quot;element&quot;:&quot;db2bede1-4c9c-4950-a957-87c3b248c64d&quot;}
[debug] &amp;#27;[35m[WD Proxy]&amp;#27;[39m Got response with status 200: {&quot;sessionId&quot;:&quot;12bea163-60ba-43cc-82ea-20ce829c1016&quot;,&quot;value&quot;:null}
[debug] &amp;#27;[35m[W3C (a8364ec0)]&amp;#27;[39m Responding to client with driver.click() result: null
&amp;#27;[35m[HTTP]&amp;#27;[39m &amp;#27;[37m&lt;-- POST /wd/hub/session/a8364ec0-742d-4627-b00a-54d0744b1d7f/element/db2bede1-4c9c-4950-a957-87c3b248c64d/click &amp;#27;[39m&amp;#27;[32m200&amp;#27;[39m &amp;#27;[90m249 ms - 14&amp;#27;[39m
&amp;#27;[35m[HTTP]&amp;#27;[39m &amp;#27;[90m&amp;#27;[39m
&amp;#27;[35m[HTTP]&amp;#27;[39m &amp;#27;[37m--&gt;&amp;#27;[39m &amp;#27;[37mGET&amp;#27;[39m &amp;#27;[37m/wd/hub/session/a8364ec0-742d-4627-b00a-54d0744b1d7f/context&amp;#27;[39m
&amp;#27;[35m[HTTP]&amp;#27;[39m &amp;#27;[90m{}&amp;#27;[39m
[debug] &amp;#27;[35m[W3C (a8364ec0)]&amp;#27;[39m Calling AppiumDriver.getCurrentContext() with args: [&quot;a8364ec0-742d-4627-b00a-54d0744b1d7f&quot;]
[debug] &amp;#27;[35m[W3C (a8364ec0)]&amp;#27;[39m Responding to client with driver.getCurrentContext() result: &quot;NATIVE_APP&quot;
&amp;#27;[35m[HTTP]&amp;#27;[39m &amp;#27;[37m&lt;-- GET /wd/hub/session/a8364ec0-742d-4627-b00a-54d0744b1d7f/context &amp;#27;[39m&amp;#27;[32m200&amp;#27;[39m &amp;#27;[90m3 ms - 22&amp;#27;[39m
&amp;#27;[35m[HTTP]&amp;#27;[39m &amp;#27;[90m&amp;#27;[39m
&amp;#27;[35m[HTTP]&amp;#27;[39m &amp;#27;[37m--&gt;&amp;#27;[39m &amp;#27;[37mPOST&amp;#27;[39m &amp;#27;[37m/wd/hub/session/a8364ec0-742d-4627-b00a-54d0744b1d7f/element&amp;#27;[39m
&amp;#27;[35m[HTTP]&amp;#27;[39m &amp;#27;[90m{&quot;using&quot;:&quot;-android uiautomator&quot;,&quot;value&quot;:&quot;textContains(\&quot;Double tap to switch to calendar view.\&quot;)&quot;}&amp;#27;[39m
[debug] &amp;#27;[35m[W3C (a8364ec0)]&amp;#27;[39m Calling AppiumDriver.findElement() with args: [&quot;-android uiautomator&quot;,&quot;textContains(\&quot;Double tap to switch to calendar view.\&quot;)&quot;,&quot;a8364ec0-742d-4627-b00a-54d0744b1d7f&quot;]
[debug] &amp;#27;[35m[BaseDriver]&amp;#27;[39m Valid locator strategies for this request: xpath, id, class name, accessibility id, -android uiautomator
[debug] &amp;#27;[35m[BaseDriver]&amp;#27;[39m Waiting up to 10000 ms for condition
[debug] &amp;#27;[35m[WD Proxy]&amp;#27;[39m Matched &apos;/element&apos; to command name &apos;findElement&apos;
[debug] &amp;#27;[35m[WD Proxy]&amp;#27;[39m Proxying [POST /element] to [POST http://127.0.0.1:8224/wd/hub/session/12bea163-60ba-43cc-82ea-20ce829c1016/element] with body: {&quot;strategy&quot;:&quot;-android uiautomator&quot;,&quot;selector&quot;:&quot;textContains(\&quot;Double tap to switch to calendar view.\&quot;)&quot;,&quot;context&quot;:&quot;&quot;,&quot;multiple&quot;:false}
[debug] &amp;#27;[35m[WD Proxy]&amp;#27;[39m Got response with status 200: {&quot;sessionId&quot;:&quot;12bea163-60ba-43cc-82ea-20ce829c1016&quot;,&quot;value&quot;:{&quot;ELEMENT&quot;:&quot;cfaaab1c-5e6b-444a-ac91-89a7b9610063&quot;,&quot;element-6066-11e4-a52e-4f735466cecf&quot;:&quot;cfaaab1c-5e6b-444a-ac91-89a7b9610063&quot;}}
[debug] &amp;#27;[35m[W3C (a8364ec0)]&amp;#27;[39m Responding to client with driver.findElement() result: {&quot;element-6066-11e4-a52e-4f735466cecf&quot;:&quot;cfaaab1c-5e6b-444a-ac91-89a7b9610063&quot;,&quot;ELEMENT&quot;:&quot;cfaaab1c-5e6b-444a-ac91-89a7b9610063&quot;}
&amp;#27;[35m[HTTP]&amp;#27;[39m &amp;#27;[37m&lt;-- POST /wd/hub/session/a8364ec0-742d-4627-b00a-54d0744b1d7f/element &amp;#27;[39m&amp;#27;[32m200&amp;#27;[39m &amp;#27;[90m1027 ms - 137&amp;#27;[39m
&amp;#27;[35m[HTTP]&amp;#27;[39m &amp;#27;[90m&amp;#27;[39m
&amp;#27;[35m[HTTP]&amp;#27;[39m &amp;#27;[37m--&gt;&amp;#27;[39m &amp;#27;[37mPOST&amp;#27;[39m &amp;#27;[37m/wd/hub/session/a8364ec0-742d-4627-b00a-54d0744b1d7f/element/cfaaab1c-5e6b-444a-ac91-89a7b9610063/click&amp;#27;[39m
&amp;#27;[35m[HTTP]&amp;#27;[39m &amp;#27;[90m{&quot;id&quot;:&quot;cfaaab1c-5e6b-444a-ac91-89a7b9610063&quot;}&amp;#27;[39m
[debug] &amp;#27;[35m[W3C (a8364ec0)]&amp;#27;[39m Calling AppiumDriver.click() with args: [&quot;cfaaab1c-5e6b-444a-ac91-89a7b9610063&quot;,&quot;a8364ec0-742d-4627-b00a-54d0744b1d7f&quot;]
[debug] &amp;#27;[35m[WD Proxy]&amp;#27;[39m Matched &apos;/element/cfaaab1c-5e6b-444a-ac91-89a7b9610063/click&apos; to command name &apos;click&apos;
[debug] &amp;#27;[35m[WD Proxy]&amp;#27;[39m Proxying [POST /element/cfaaab1c-5e6b-444a-ac91-89a7b9610063/click] to [POST http://127.0.0.1:8224/wd/hub/session/12bea163-60ba-43cc-82ea-20ce829c1016/element/cfaaab1c-5e6b-444a-ac91-89a7b9610063/click] with body: {&quot;element&quot;:&quot;cfaaab1c-5e6b-444a-ac91-89a7b9610063&quot;}
[debug] &amp;#27;[35m[WD Proxy]&amp;#27;[39m Got response with status 200: {&quot;sessionId&quot;:&quot;12bea163-60ba-43cc-82ea-20ce829c1016&quot;,&quot;value&quot;:null}
[debug] &amp;#27;[35m[W3C (a8364ec0)]&amp;#27;[39m Responding to client with driver.click() result: null
&amp;#27;[35m[HTTP]&amp;#27;[39m &amp;#27;[37m&lt;-- POST /wd/hub/session/a8364ec0-742d-4627-b00a-54d0744b1d7f/element/cfaaab1c-5e6b-444a-ac91-89a7b9610063/click &amp;#27;[39m&amp;#27;[32m200&amp;#27;[39m &amp;#27;[90m1007 ms - 14&amp;#27;[39m
&amp;#27;[35m[HTTP]&amp;#27;[39m &amp;#27;[90m&amp;#27;[39m
&amp;#27;[35m[HTTP]&amp;#27;[39m &amp;#27;[37m--&gt;&amp;#27;[39m &amp;#27;[37mGET&amp;#27;[39m &amp;#27;[37m/wd/hub/session/a8364ec0-742d-4627-b00a-54d0744b1d7f/context&amp;#27;[39m
&amp;#27;[35m[HTTP]&amp;#27;[39m &amp;#27;[90m{}&amp;#27;[39m
[debug] &amp;#27;[35m[W3C (a8364ec0)]&amp;#27;[39m Calling AppiumDriver.getCurrentContext() with args: [&quot;a8364ec0-742d-4627-b00a-54d0744b1d7f&quot;]
[debug] &amp;#27;[35m[W3C (a8364ec0)]&amp;#27;[39m Responding to client with driver.getCurrentContext() result: &quot;NATIVE_APP&quot;
&amp;#27;[35m[HTTP]&amp;#27;[39m &amp;#27;[37m&lt;-- GET /wd/hub/session/a8364ec0-742d-4627-b00a-54d0744b1d7f/context &amp;#27;[39m&amp;#27;[32m200&amp;#27;[39m &amp;#27;[90m2 ms - 22&amp;#27;[39m
&amp;#27;[35m[HTTP]&amp;#27;[39m &amp;#27;[90m&amp;#27;[39m
&amp;#27;[35m[HTTP]&amp;#27;[39m &amp;#27;[37m--&gt;&amp;#27;[39m &amp;#27;[37mPOST&amp;#27;[39m &amp;#27;[37m/wd/hub/session/a8364ec0-742d-4627-b00a-54d0744b1d7f/element&amp;#27;[39m
&amp;#27;[35m[HTTP]&amp;#27;[39m &amp;#27;[90m{&quot;using&quot;:&quot;id&quot;,&quot;value&quot;:&quot;com.samsung.android.calendar:id/sesl_date_picker_calendar_header_text&quot;}&amp;#27;[39m
[debug] &amp;#27;[35m[W3C (a8364ec0)]&amp;#27;[39m Calling AppiumDriver.findElement() with args: [&quot;id&quot;,&quot;com.samsung.android.calendar:id/sesl_date_picker_calendar_header_text&quot;,&quot;a8364ec0-742d-4627-b00a-54d0744b1d7f&quot;]
[debug] &amp;#27;[35m[BaseDriver]&amp;#27;[39m Valid locator strategies for this request: xpath, id, class name, accessibility id, -android uiautomator
[debug] &amp;#27;[35m[BaseDriver]&amp;#27;[39m Waiting up to 10000 ms for condition
[debug] &amp;#27;[35m[WD Proxy]&amp;#27;[39m Matched &apos;/element&apos; to command name &apos;findElement&apos;
[debug] &amp;#27;[35m[WD Proxy]&amp;#27;[39m Proxying [POST /element] to [POST http://127.0.0.1:8224/wd/hub/session/12bea163-60ba-43cc-82ea-20ce829c1016/element] with body: {&quot;strategy&quot;:&quot;id&quot;,&quot;selector&quot;:&quot;com.samsung.android.calendar:id/sesl_date_picker_calendar_header_text&quot;,&quot;context&quot;:&quot;&quot;,&quot;multiple&quot;:false}
[debug] &amp;#27;[35m[WD Proxy]&amp;#27;[39m Got response with status 200: {&quot;sessionId&quot;:&quot;12bea163-60ba-43cc-82ea-20ce829c1016&quot;,&quot;value&quot;:{&quot;ELEMENT&quot;:&quot;d3cf9148-f6b9-4807-9cbc-2502f8eddd4c&quot;,&quot;element-6066-11e4-a52e-4f735466cecf&quot;:&quot;d3cf9148-f6b9-4807-9cbc-2502f8eddd4c&quot;}}
[debug] &amp;#27;[35m[W3C (a8364ec0)]&amp;#27;[39m Responding to client with driver.findElement() result: {&quot;element-6066-11e4-a52e-4f735466cecf&quot;:&quot;d3cf9148-f6b9-4807-9cbc-2502f8eddd4c&quot;,&quot;ELEMENT&quot;:&quot;d3cf9148-f6b9-4807-9cbc-2502f8eddd4c&quot;}
&amp;#27;[35m[HTTP]&amp;#27;[39m &amp;#27;[37m&lt;-- POST /wd/hub/session/a8364ec0-742d-4627-b00a-54d0744b1d7f/element &amp;#27;[39m&amp;#27;[32m200&amp;#27;[39m &amp;#27;[90m115 ms - 137&amp;#27;[39m
&amp;#27;[35m[HTTP]&amp;#27;[39m &amp;#27;[90m&amp;#27;[39m
&amp;#27;[35m[HTTP]&amp;#27;[39m &amp;#27;[37m--&gt;&amp;#27;[39m &amp;#27;[37mGET&amp;#27;[39m &amp;#27;[37m/wd/hub/session/a8364ec0-742d-4627-b00a-54d0744b1d7f/element/d3cf9148-f6b9-4807-9cbc-2502f8eddd4c/text&amp;#27;[39m
&amp;#27;[35m[HTTP]&amp;#27;[39m &amp;#27;[90m{}&amp;#27;[39m
&amp;#27;[35m[W3C (a8364ec0)]&amp;#27;[39m Driver proxy active, passing request on via HTTP proxy
[debug] &amp;#27;[35m[WD Proxy]&amp;#27;[39m Matched &apos;/wd/hub/session/a8364ec0-742d-4627-b00a-54d0744b1d7f/element/d3cf9148-f6b9-4807-9cbc-2502f8eddd4c/text&apos; to command name &apos;getText&apos;
[debug] &amp;#27;[35m[WD Proxy]&amp;#27;[39m Proxying [GET /wd/hub/session/a8364ec0-742d-4627-b00a-54d0744b1d7f/element/d3cf9148-f6b9-4807-9cbc-2502f8eddd4c/text] to [GET http://127.0.0.1:8224/wd/hub/session/12bea163-60ba-43cc-82ea-20ce829c1016/element/d3cf9148-f6b9-4807-9cbc-2502f8eddd4c/text] with no body
[debug] &amp;#27;[35m[WD Proxy]&amp;#27;[39m Got response with status 200: {&quot;sessionId&quot;:&quot;12bea163-60ba-43cc-82ea-20ce829c1016&quot;,&quot;value&quot;:&quot;February 2021&quot;}
&amp;#27;[35m[WD Proxy]&amp;#27;[39m Replacing sessionId 12bea163-60ba-43cc-82ea-20ce829c1016 with a8364ec0-742d-4627-b00a-54d0744b1d7f
&amp;#27;[35m[HTTP]&amp;#27;[39m &amp;#27;[37m&lt;-- GET /wd/hub/session/a8364ec0-742d-4627-b00a-54d0744b1d7f/element/d3cf9148-f6b9-4807-9cbc-2502f8eddd4c/text &amp;#27;[39m&amp;#27;[32m200&amp;#27;[39m &amp;#27;[90m522 ms - 76&amp;#27;[39m
&amp;#27;[35m[HTTP]&amp;#27;[39m &amp;#27;[90m&amp;#27;[39m
&amp;#27;[35m[HTTP]&amp;#27;[39m &amp;#27;[37m--&gt;&amp;#27;[39m &amp;#27;[37mGET&amp;#27;[39m &amp;#27;[37m/wd/hub/session/a8364ec0-742d-4627-b00a-54d0744b1d7f/context&amp;#27;[39m
&amp;#27;[35m[HTTP]&amp;#27;[39m &amp;#27;[90m{}&amp;#27;[39m
[debug] &amp;#27;[35m[W3C (a8364ec0)]&amp;#27;[39m Calling AppiumDriver.getCurrentContext() with args: [&quot;a8364ec0-742d-4627-b00a-54d0744b1d7f&quot;]
[debug] &amp;#27;[35m[W3C (a8364ec0)]&amp;#27;[39m Responding to client with driver.getCurrentContext() result: &quot;NATIVE_APP&quot;
&amp;#27;[35m[HTTP]&amp;#27;[39m &amp;#27;[37m&lt;-- GET /wd/hub/session/a8364ec0-742d-4627-b00a-54d0744b1d7f/context &amp;#27;[39m&amp;#27;[32m200&amp;#27;[39m &amp;#27;[90m6 ms - 22&amp;#27;[39m
&amp;#27;[35m[HTTP]&amp;#27;[39m &amp;#27;[90m&amp;#27;[39m
&amp;#27;[35m[HTTP]&amp;#27;[39m &amp;#27;[37m--&gt;&amp;#27;[39m &amp;#27;[37mPOST&amp;#27;[39m &amp;#27;[37m/wd/hub/session/a8364ec0-742d-4627-b00a-54d0744b1d7f/element&amp;#27;[39m
&amp;#27;[35m[HTTP]&amp;#27;[39m &amp;#27;[90m{&quot;using&quot;:&quot;id&quot;,&quot;value&quot;:&quot;com.samsung.android.calendar:id/sesl_date_picker_calendar_header_next_button&quot;}&amp;#27;[39m
[debug] &amp;#27;[35m[W3C (a8364ec0)]&amp;#27;[39m Calling AppiumDriver.findElement() with args: [&quot;id&quot;,&quot;com.samsung.android.calendar:id/sesl_date_picker_calendar_header_next_button&quot;,&quot;a8364ec0-742d-4627-b00a-54d0744b1d7f&quot;]
[debug] &amp;#27;[35m[BaseDriver]&amp;#27;[39m Valid locator strategies for this request: xpath, id, class name, accessibility id, -android uiautomator
[debug] &amp;#27;[35m[BaseDriver]&amp;#27;[39m Waiting up to 10000 ms for condition
[debug] &amp;#27;[35m[WD Proxy]&amp;#27;[39m Matched &apos;/element&apos; to command name &apos;findElement&apos;
[debug] &amp;#27;[35m[WD Proxy]&amp;#27;[39m Proxying [POST /element] to [POST http://127.0.0.1:8224/wd/hub/session/12bea163-60ba-43cc-82ea-20ce829c1016/element] with body: {&quot;strategy&quot;:&quot;id&quot;,&quot;selector&quot;:&quot;com.samsung.android.calendar:id/sesl_date_picker_calendar_header_next_button&quot;,&quot;context&quot;:&quot;&quot;,&quot;multiple&quot;:false}
[debug] &amp;#27;[35m[WD Proxy]&amp;#27;[39m Got response with status 200: {&quot;sessionId&quot;:&quot;12bea163-60ba-43cc-82ea-20ce829c1016&quot;,&quot;value&quot;:{&quot;ELEMENT&quot;:&quot;d7274438-63b0-424c-9405-84e0873e4ee5&quot;,&quot;element-6066-11e4-a52e-4f735466cecf&quot;:&quot;d7274438-63b0-424c-9405-84e0873e4ee5&quot;}}
[debug] &amp;#27;[35m[W3C (a8364ec0)]&amp;#27;[39m Responding to client with driver.findElement() result: {&quot;element-6066-11e4-a52e-4f735466cecf&quot;:&quot;d7274438-63b0-424c-9405-84e0873e4ee5&quot;,&quot;ELEMENT&quot;:&quot;d7274438-63b0-424c-9405-84e0873e4ee5&quot;}
&amp;#27;[35m[HTTP]&amp;#27;[39m &amp;#27;[37m&lt;-- POST /wd/hub/session/a8364ec0-742d-4627-b00a-54d0744b1d7f/element &amp;#27;[39m&amp;#27;[32m200&amp;#27;[39m &amp;#27;[90m207 ms - 137&amp;#27;[39m
&amp;#27;[35m[HTTP]&amp;#27;[39m &amp;#27;[90m&amp;#27;[39m
&amp;#27;[35m[HTTP]&amp;#27;[39m &amp;#27;[37m--&gt;&amp;#27;[39m &amp;#27;[37mPOST&amp;#27;[39m &amp;#27;[37m/wd/hub/session/a8364ec0-742d-4627-b00a-54d0744b1d7f/element/d7274438-63b0-424c-9405-84e0873e4ee5/click&amp;#27;[39m
&amp;#27;[35m[HTTP]&amp;#27;[39m &amp;#27;[90m{&quot;id&quot;:&quot;d7274438-63b0-424c-9405-84e0873e4ee5&quot;}&amp;#27;[39m
[debug] &amp;#27;[35m[W3C (a8364ec0)]&amp;#27;[39m Calling AppiumDriver.click() with args: [&quot;d7274438-63b0-424c-9405-84e0873e4ee5&quot;,&quot;a8364ec0-742d-4627-b00a-54d0744b1d7f&quot;]
[debug] &amp;#27;[35m[WD Proxy]&amp;#27;[39m Matched &apos;/element/d7274438-63b0-424c-9405-84e0873e4ee5/click&apos; to command name &apos;click&apos;
[debug] &amp;#27;[35m[WD Proxy]&amp;#27;[39m Proxying [POST /element/d7274438-63b0-424c-9405-84e0873e4ee5/click] to [POST http://127.0.0.1:8224/wd/hub/session/12bea163-60ba-43cc-82ea-20ce829c1016/element/d7274438-63b0-424c-9405-84e0873e4ee5/click] with body: {&quot;element&quot;:&quot;d7274438-63b0-424c-9405-84e0873e4ee5&quot;}
[debug] &amp;#27;[35m[WD Proxy]&amp;#27;[39m Got response with status 200: {&quot;sessionId&quot;:&quot;12bea163-60ba-43cc-82ea-20ce829c1016&quot;,&quot;value&quot;:null}
[debug] &amp;#27;[35m[W3C (a8364ec0)]&amp;#27;[39m Responding to client with driver.click() result: null
&amp;#27;[35m[HTTP]&amp;#27;[39m &amp;#27;[37m&lt;-- POST /wd/hub/session/a8364ec0-742d-4627-b00a-54d0744b1d7f/element/d7274438-63b0-424c-9405-84e0873e4ee5/click &amp;#27;[39m&amp;#27;[32m200&amp;#27;[39m &amp;#27;[90m1092 ms - 14&amp;#27;[39m
&amp;#27;[35m[HTTP]&amp;#27;[39m &amp;#27;[90m&amp;#27;[39m
&amp;#27;[35m[HTTP]&amp;#27;[39m &amp;#27;[37m--&gt;&amp;#27;[39m &amp;#27;[37mGET&amp;#27;[39m &amp;#27;[37m/wd/hub/session/a8364ec0-742d-4627-b00a-54d0744b1d7f/context&amp;#27;[39m
&amp;#27;[35m[HTTP]&amp;#27;[39m &amp;#27;[90m{}&amp;#27;[39m
[debug] &amp;#27;[35m[W3C (a8364ec0)]&amp;#27;[39m Calling AppiumDriver.getCurrentContext() with args: [&quot;a8364ec0-742d-4627-b00a-54d0744b1d7f&quot;]
[debug] &amp;#27;[35m[W3C (a8364ec0)]&amp;#27;[39m Responding to client with driver.getCurrentContext() result: &quot;NATIVE_APP&quot;
&amp;#27;[35m[HTTP]&amp;#27;[39m &amp;#27;[37m&lt;-- GET /wd/hub/session/a8364ec0-742d-4627-b00a-54d0744b1d7f/context &amp;#27;[39m&amp;#27;[32m200&amp;#27;[39m &amp;#27;[90m2 ms - 22&amp;#27;[39m
&amp;#27;[35m[HTTP]&amp;#27;[39m &amp;#27;[90m&amp;#27;[39m
&amp;#27;[35m[HTTP]&amp;#27;[39m &amp;#27;[37m--&gt;&amp;#27;[39m &amp;#27;[37mPOST&amp;#27;[39m &amp;#27;[37m/wd/hub/session/a8364ec0-742d-4627-b00a-54d0744b1d7f/element&amp;#27;[39m
&amp;#27;[35m[HTTP]&amp;#27;[39m &amp;#27;[90m{&quot;using&quot;:&quot;id&quot;,&quot;value&quot;:&quot;com.samsung.android.calendar:id/sesl_date_picker_calendar_header_text&quot;}&amp;#27;[39m
[debug] &amp;#27;[35m[W3C (a8364ec0)]&amp;#27;[39m Calling AppiumDriver.findElement() with args: [&quot;id&quot;,&quot;com.samsung.android.calendar:id/sesl_date_picker_calendar_header_text&quot;,&quot;a8364ec0-742d-4627-b00a-54d0744b1d7f&quot;]
[debug] &amp;#27;[35m[BaseDriver]&amp;#27;[39m Valid locator strategies for this request: xpath, id, class name, accessibility id, -android uiautomator
[debug] &amp;#27;[35m[BaseDriver]&amp;#27;[39m Waiting up to 10000 ms for condition
[debug] &amp;#27;[35m[WD Proxy]&amp;#27;[39m Matched &apos;/element&apos; to command name &apos;findElement&apos;
[debug] &amp;#27;[35m[WD Proxy]&amp;#27;[39m Proxying [POST /element] to [POST http://127.0.0.1:8224/wd/hub/session/12bea163-60ba-43cc-82ea-20ce829c1016/element] with body: {&quot;strategy&quot;:&quot;id&quot;,&quot;selector&quot;:&quot;com.samsung.android.calendar:id/sesl_date_picker_calendar_header_text&quot;,&quot;context&quot;:&quot;&quot;,&quot;multiple&quot;:false}
[debug] &amp;#27;[35m[WD Proxy]&amp;#27;[39m Got response with status 200: {&quot;sessionId&quot;:&quot;12bea163-60ba-43cc-82ea-20ce829c1016&quot;,&quot;value&quot;:{&quot;ELEMENT&quot;:&quot;5eaa396f-70bb-419a-a7e1-63e16228f22b&quot;,&quot;element-6066-11e4-a52e-4f735466cecf&quot;:&quot;5eaa396f-70bb-419a-a7e1-63e16228f22b&quot;}}
[debug] &amp;#27;[35m[W3C (a8364ec0)]&amp;#27;[39m Responding to client with driver.findElement() result: {&quot;element-6066-11e4-a52e-4f735466cecf&quot;:&quot;5eaa396f-70bb-419a-a7e1-63e16228f22b&quot;,&quot;ELEMENT&quot;:&quot;5eaa396f-70bb-419a-a7e1-63e16228f22b&quot;}
&amp;#27;[35m[HTTP]&amp;#27;[39m &amp;#27;[37m&lt;-- POST /wd/hub/session/a8364ec0-742d-4627-b00a-54d0744b1d7f/element &amp;#27;[39m&amp;#27;[32m200&amp;#27;[39m &amp;#27;[90m227 ms - 137&amp;#27;[39m
&amp;#27;[35m[HTTP]&amp;#27;[39m &amp;#27;[90m&amp;#27;[39m
&amp;#27;[35m[HTTP]&amp;#27;[39m &amp;#27;[37m--&gt;&amp;#27;[39m &amp;#27;[37mGET&amp;#27;[39m &amp;#27;[37m/wd/hub/session/a8364ec0-742d-4627-b00a-54d0744b1d7f/element/5eaa396f-70bb-419a-a7e1-63e16228f22b/text&amp;#27;[39m
&amp;#27;[35m[HTTP]&amp;#27;[39m &amp;#27;[90m{}&amp;#27;[39m
&amp;#27;[35m[W3C (a8364ec0)]&amp;#27;[39m Driver proxy active, passing request on via HTTP proxy
[debug] &amp;#27;[35m[WD Proxy]&amp;#27;[39m Matched &apos;/wd/hub/session/a8364ec0-742d-4627-b00a-54d0744b1d7f/element/5eaa396f-70bb-419a-a7e1-63e16228f22b/text&apos; to command name &apos;getText&apos;
[debug] &amp;#27;[35m[WD Proxy]&amp;#27;[39m Proxying [GET /wd/hub/session/a8364ec0-742d-4627-b00a-54d0744b1d7f/element/5eaa396f-70bb-419a-a7e1-63e16228f22b/text] to [GET http://127.0.0.1:8224/wd/hub/session/12bea163-60ba-43cc-82ea-20ce829c1016/element/5eaa396f-70bb-419a-a7e1-63e16228f22b/text] with no body
[debug] &amp;#27;[35m[WD Proxy]&amp;#27;[39m Got response with status 200: {&quot;sessionId&quot;:&quot;12bea163-60ba-43cc-82ea-20ce829c1016&quot;,&quot;value&quot;:&quot;March 2021&quot;}
&amp;#27;[35m[WD Proxy]&amp;#27;[39m Replacing sessionId 12bea163-60ba-43cc-82ea-20ce829c1016 with a8364ec0-742d-4627-b00a-54d0744b1d7f
&amp;#27;[35m[HTTP]&amp;#27;[39m &amp;#27;[37m&lt;-- GET /wd/hub/session/a8364ec0-742d-4627-b00a-54d0744b1d7f/element/5eaa396f-70bb-419a-a7e1-63e16228f22b/text &amp;#27;[39m&amp;#27;[32m200&amp;#27;[39m &amp;#27;[90m142 ms - 73&amp;#27;[39m
&amp;#27;[35m[HTTP]&amp;#27;[39m &amp;#27;[90m&amp;#27;[39m
&amp;#27;[35m[HTTP]&amp;#27;[39m &amp;#27;[37m--&gt;&amp;#27;[39m &amp;#27;[37mGET&amp;#27;[39m &amp;#27;[37m/wd/hub/session/a8364ec0-742d-4627-b00a-54d0744b1d7f/context&amp;#27;[39m
&amp;#27;[35m[HTTP]&amp;#27;[39m &amp;#27;[90m{}&amp;#27;[39m
[debug] &amp;#27;[35m[W3C (a8364ec0)]&amp;#27;[39m Calling AppiumDriver.getCurrentContext() with args: [&quot;a8364ec0-742d-4627-b00a-54d0744b1d7f&quot;]
[debug] &amp;#27;[35m[W3C (a8364ec0)]&amp;#27;[39m Responding to client with driver.getCurrentContext() result: &quot;NATIVE_APP&quot;
&amp;#27;[35m[HTTP]&amp;#27;[39m &amp;#27;[37m&lt;-- GET /wd/hub/session/a8364ec0-742d-4627-b00a-54d0744b1d7f/context &amp;#27;[39m&amp;#27;[32m200&amp;#27;[39m &amp;#27;[90m3 ms - 22&amp;#27;[39m
&amp;#27;[35m[HTTP]&amp;#27;[39m &amp;#27;[90m&amp;#27;[39m
&amp;#27;[35m[HTTP]&amp;#27;[39m &amp;#27;[37m--&gt;&amp;#27;[39m &amp;#27;[37mPOST&amp;#27;[39m &amp;#27;[37m/wd/hub/session/a8364ec0-742d-4627-b00a-54d0744b1d7f/elements&amp;#27;[39m
&amp;#27;[35m[HTTP]&amp;#27;[39m &amp;#27;[90m{&quot;using&quot;:&quot;class name&quot;,&quot;value&quot;:&quot;android.view.View&quot;}&amp;#27;[39m
[debug] &amp;#27;[35m[W3C (a8364ec0)]&amp;#27;[39m Calling AppiumDriver.findElements() with args: [&quot;class name&quot;,&quot;android.view.View&quot;,&quot;a8364ec0-742d-4627-b00a-54d0744b1d7f&quot;]
[debug] &amp;#27;[35m[BaseDriver]&amp;#27;[39m Valid locator strategies for this request: xpath, id, class name, accessibility id, -android uiautomator
[debug] &amp;#27;[35m[BaseDriver]&amp;#27;[39m Waiting up to 10000 ms for condition
[debug] &amp;#27;[35m[WD Proxy]&amp;#27;[39m Matched &apos;/elements&apos; to command name &apos;findElements&apos;
[debug] &amp;#27;[35m[WD Proxy]&amp;#27;[39m Proxying [POST /elements] to [POST http://127.0.0.1:8224/wd/hub/session/12bea163-60ba-43cc-82ea-20ce829c1016/elements] with body: {&quot;strategy&quot;:&quot;class name&quot;,&quot;selector&quot;:&quot;android.view.View&quot;,&quot;context&quot;:&quot;&quot;,&quot;multiple&quot;:true}
[debug] &amp;#27;[35m[WD Proxy]&amp;#27;[39m Got response with status 200: {&quot;sessionId&quot;:&quot;12bea163-60ba-43cc-82ea-20ce829c1016&quot;,&quot;value&quot;:[{&quot;ELEMENT&quot;:&quot;ba1a4226-f5ed-4885-86c5-6c59cded6def&quot;,&quot;element-6066-11e4-a52e-4f735466cecf&quot;:&quot;ba1a4226-f5ed-4885-86c5-6c59cded6def&quot;},{&quot;ELEMENT&quot;:&quot;4344ca63-742d-4103-bbaf-c184bb2f90a4&quot;,&quot;element-6066-11e4-a52e-4f735466cecf&quot;:&quot;4344ca63-742d-4103-bbaf-c184bb2f90a4&quot;},{&quot;ELEMENT&quot;:&quot;d3af4515-9c64-4927-bcb7-f75553e1a453&quot;,&quot;element-6066-11e4-a52e-4f735466cecf&quot;:&quot;d3af4515-9c64-4927-bcb7-f75553e1a453&quot;},{&quot;ELEMENT&quot;:&quot;62e09424-f0c0-44a5-a4af-7777e8ad5e72&quot;,&quot;element-6066-11e4-a52e-4f735466cecf&quot;:&quot;62e09424-f0c0-44a5-a4af-7777e8ad5e72&quot;},{&quot;ELEMENT&quot;:&quot;bf939387-eb64-40d4-8dd0-49993e34f6ac&quot;,&quot;element-6066-11e4-a52e-4f735466cecf&quot;:&quot;bf939387-eb64-40d4-8dd0-49993e34f6ac&quot;},{&quot;ELEMENT&quot;:&quot;a13bb289-7afc-426f-b068-165c362ef04f&quot;,&quot;element-6066-11e4-a52e-4f735466cecf&quot;:&quot;a13bb289-7afc-426f-b068-165c362ef04f&quot;},{&quot;ELEMENT&quot;:&quot;076cf8d8-2511-436e-96bd-08251f625881&quot;,&quot;element-6066-11e4-a52e-4f735466cecf&quot;:&quot;076cf8d8-2511-436e-96bd-08251f625881&quot;},{&quot;ELEMENT&quot;:&quot;643eaedf-a30d-467d-86d5-98362433423f&quot;,&quot;element-6066-...
[debug] &amp;#27;[35m[W3C (a8364ec0)]&amp;#27;[39m Responding to client with driver.findElements() result: [{&quot;element-6066-11e4-a52e-4f735466cecf&quot;:&quot;ba1a4226-f5ed-4885-86c5-6c59cded6def&quot;,&quot;ELEMENT&quot;:&quot;ba1a4226-f5ed-4885-86c5-6c59cded6def&quot;},{&quot;element-6066-11e4-a52e-4f735466cecf&quot;:&quot;4344ca63-742d-4103-bbaf-c184bb2f90a4&quot;,&quot;ELEMENT&quot;:&quot;4344ca63-742d-4103-bbaf-c184bb2f90a4&quot;},{&quot;element-6066-11e4-a52e-4f735466cecf&quot;:&quot;d3af4515-9c64-4927-bcb7-f75553e1a453&quot;,&quot;ELEMENT&quot;:&quot;d3af4515-9c64-4927-bcb7-f75553e1a453&quot;},{&quot;element-6066-11e4-a52e-4f735466cecf&quot;:&quot;62e09424-f0c0-44a5-a4af-7777e8ad5e72&quot;,&quot;ELEMENT&quot;:&quot;62e09424-f0c0-44a5-a4af-7777e8ad5e72&quot;},{&quot;element-6066-11e4-a52e-4f735466cecf&quot;:&quot;bf939387-eb64-40d4-8dd0-49993e34f6ac&quot;,&quot;ELEMENT&quot;:&quot;bf939387-eb64-40d4-8dd0-49993e34f6ac&quot;},{&quot;element-6066-11e4-a52e-4f735466cecf&quot;:&quot;a13bb289-7afc-426f-b068-165c362ef04f&quot;,&quot;ELEMENT&quot;:&quot;a13bb289-7afc-426f-b068-165c362ef04f&quot;},{&quot;element-6066-11e4-a52e-4f735466cecf&quot;:&quot;076cf8d8-2511-436e-96bd-08251f625881&quot;,&quot;ELEMENT&quot;:&quot;076cf8d8-2511-436e-96bd-08251f625881&quot;},{&quot;element-6066-11e4-a52e-4f735466cecf&quot;:&quot;643eaedf-a30d-467d-86d5-98362433423f&quot;,&quot;ELEMENT&quot;:&quot;643eaedf-a30d-467d-86d5-98362433423...
&amp;#27;[35m[HTTP]&amp;#27;[39m &amp;#27;[37m&lt;-- POST /wd/hub/session/a8364ec0-742d-4627-b00a-54d0744b1d7f/elements &amp;#27;[39m&amp;#27;[32m200&amp;#27;[39m &amp;#27;[90m363 ms - 6283&amp;#27;[39m
&amp;#27;[35m[HTTP]&amp;#27;[39m &amp;#27;[90m&amp;#27;[39m
&amp;#27;[35m[HTTP]&amp;#27;[39m &amp;#27;[37m--&gt;&amp;#27;[39m &amp;#27;[37mPOST&amp;#27;[39m &amp;#27;[37m/wd/hub/session/a8364ec0-742d-4627-b00a-54d0744b1d7f/element/e20857cf-c762-4b0b-ac0c-25ea71b14e2e/click&amp;#27;[39m
&amp;#27;[35m[HTTP]&amp;#27;[39m &amp;#27;[90m{&quot;id&quot;:&quot;e20857cf-c762-4b0b-ac0c-25ea71b14e2e&quot;}&amp;#27;[39m
[debug] &amp;#27;[35m[W3C (a8364ec0)]&amp;#27;[39m Calling AppiumDriver.click() with args: [&quot;e20857cf-c762-4b0b-ac0c-25ea71b14e2e&quot;,&quot;a8364ec0-742d-4627-b00a-54d0744b1d7f&quot;]
[debug] &amp;#27;[35m[WD Proxy]&amp;#27;[39m Matched &apos;/element/e20857cf-c762-4b0b-ac0c-25ea71b14e2e/click&apos; to command name &apos;click&apos;
[debug] &amp;#27;[35m[WD Proxy]&amp;#27;[39m Proxying [POST /element/e20857cf-c762-4b0b-ac0c-25ea71b14e2e/click] to [POST http://127.0.0.1:8224/wd/hub/session/12bea163-60ba-43cc-82ea-20ce829c1016/element/e20857cf-c762-4b0b-ac0c-25ea71b14e2e/click] with body: {&quot;element&quot;:&quot;e20857cf-c762-4b0b-ac0c-25ea71b14e2e&quot;}
[debug] &amp;#27;[35m[WD Proxy]&amp;#27;[39m Got response with status 200: {&quot;sessionId&quot;:&quot;12bea163-60ba-43cc-82ea-20ce829c1016&quot;,&quot;value&quot;:null}
[debug] &amp;#27;[35m[W3C (a8364ec0)]&amp;#27;[39m Responding to client with driver.click() result: null
&amp;#27;[35m[HTTP]&amp;#27;[39m &amp;#27;[37m&lt;-- POST /wd/hub/session/a8364ec0-742d-4627-b00a-54d0744b1d7f/element/e20857cf-c762-4b0b-ac0c-25ea71b14e2e/click &amp;#27;[39m&amp;#27;[32m200&amp;#27;[39m &amp;#27;[90m152 ms - 14&amp;#27;[39m
&amp;#27;[35m[HTTP]&amp;#27;[39m &amp;#27;[90m&amp;#27;[39m
&amp;#27;[35m[HTTP]&amp;#27;[39m &amp;#27;[37m--&gt;&amp;#27;[39m &amp;#27;[37mGET&amp;#27;[39m &amp;#27;[37m/wd/hub/session/a8364ec0-742d-4627-b00a-54d0744b1d7f/screenshot&amp;#27;[39m
&amp;#27;[35m[HTTP]&amp;#27;[39m &amp;#27;[90m{}&amp;#27;[39m
[debug] &amp;#27;[35m[W3C (a8364ec0)]&amp;#27;[39m Calling AppiumDriver.getScreenshot() with args: [&quot;a8364ec0-742d-4627-b00a-54d0744b1d7f&quot;]
[debug] &amp;#27;[35m[WD Proxy]&amp;#27;[39m Matched &apos;/screenshot&apos; to command name &apos;getScreenshot&apos;
[debug] &amp;#27;[35m[WD Proxy]&amp;#27;[39m Proxying [GET /screenshot] to [GET http://127.0.0.1:8224/wd/hub/session/12bea163-60ba-43cc-82ea-20ce829c1016/screenshot] with no body
[debug] &amp;#27;[35m[WD Proxy]&amp;#27;[39m Got response with status 200: {&quot;sessionId&quot;:&quot;12bea163-60ba-43cc-82ea-20ce829c1016&quot;,&quot;value&quot;:&quot;iVBORw0KGgoAAAANSUhEUgAABDgAAAjoCAYAAAA5jhrUAAAAAXNSR0IArs4c6QAAAARzQklUCAgI\nCHwIZIgAACAASURBVHic7N15XJTl/j/+F5vAsMqwKJsruCIc0wRNNFxKxWOmqNUJz0lPVqcszc7H\nTtapNM+nLD3Hb3WyPVxKsazEXFJSM8E1cIPAkE1FZVC2YZ/5/cFv7s/cs8AMzDDc8Ho+Hj1y7rnn\nvq8ZuJn7ft3X9b7sGhsb1SAiIiIiIiIikjB7WzeAiIiIiIiIiKi9GHAQERERERERkeQx4CAiIiIi\nIiIiyWPAQURERERERESSx4CDiIiIiIiIiCSPAQcRERERERERSR4DDiIiIiIiIiKSPAYcRERERERE\nRCR5DDiIiIiIiIiISPIYcBARERERERGR5DHgICIiIiIiIiLJY8BBRERERERERJLHgIOIiIiIiIiI\nJI8BBxERERERERFJHgMOIiIiIiIiIpI8BhxEREREREREJHkMOIiIiIiIiIhI8hhwEBEREREREZHk\nMeAgIiIiIiIiIsljwEFEREREREREkseAg4iIiIiIiIgkjwEHEREREREREUkeAw4iIiIiIiIikjwG\nHEREREREREQkeQw4iIiIiIiIiEjyGHAQERERERERkeQx4CAiIiIiIiIiyWPAQURERERERESSx4CD\niIiIiIiIiCSPAQcRERERERERSR4DDiIiIiIiIiKSPAYcRERERERERCR5DDiIiIiIiIiISPIYcBAR\nERERERGR5DHgICIiIiIiIiLJY8BBRERERERERJLHgIOIiIiIiIiIJI8BBxERERERERFJHgMOIiIi\nIiIiIpI8BhxEREREREREJHkMOIiIiIiIiIhI8hhwEBEREREREZHkMeAgIiIiIiIiIsljwEFERERE\nREREkseAg4iIiIiIiIgkjwEH...
[debug] &amp;#27;[35m[W3C (a8364ec0)]&amp;#27;[39m Responding to client with driver.getScreenshot() result: &quot;iVBORw0KGgoAAAANSUhEUgAABDgAAAjoCAYAAAA5jhrUAAAAAXNSR0IArs4c6QAAAARzQklUCAgI\nCHwIZIgAACAASURBVHic7N15XJTl/j/+F5vAsMqwKJsruCIc0wRNNFxKxWOmqNUJz0lPVqcszc7H\nTtapNM+nLD3Hb3WyPVxKsazEXFJSM8E1cIPAkE1FZVC2YZ/5/cFv7s/cs8AMzDDc8Ho+Hj1y7rnn\nvq8ZuJn7ft3X9b7sGhsb1SAiIiIiIiIikjB7WzeAiIiIiIiIiKi9GHAQERERERERkeQx4CAiIiIi\nIiIiyWPAQURERERERESSx4CDiIiIiIiIiCSPAQcRERERERERSR4DDiIiIiIiIiKSPAYcRERERERE\nRCR5DDiIiIiIiIiISPIYcBARERERERGR5DHgICIiIiIiIiLJY8BBRERERERERJLHgIOIiIiIiIiI\nJI8BBxERERERERFJHgMOIiIiIiIiIpI8BhxEREREREREJHkMOIiIiIiIiIhI8hhwEBEREREREZHk\nMeAgIiIiIiIiIsljwEFEREREREREkseAg4iIiIiIiIgkjwEHEREREREREUkeAw4iIiIiIiIikjwG\nHEREREREREQkeQw4iIiIiIiIiEjyGHAQERERERERkeQx4CAiIiIiIiIiyWPAQURERERERESSx4CD\niIiIiIiIiCSPAQcRERERERERSR4DDiIiIiIiIiKSPAYcRERERERERCR5DDiIiIiIiIiISPIYcBAR\nERERERGR5DHgICIiIiIiIiLJY8BBRERERERERJLHgIOIiIiIiIiIJI8BBxERERERERFJHgMOIiIi\nIiIiIpI8BhxEREREREREJHkMOIiIiIiIiIhI8hhwEBEREREREZHkMeAgIiIiIiIiIsljwEFERERE\nREREkseAg4iIiIiIiIgkjwEHEREREREREUkeAw4iIiIiIiIikjwGHEREREREREQkeQw4iIiIiIiI\niEjyHG...
&amp;#27;[35m[HTTP]&amp;#27;[39m &amp;#27;[37m&lt;-- GET /wd/hub/session/a8364ec0-742d-4627-b00a-54d0744b1d7f/screenshot &amp;#27;[39m&amp;#27;[32m200&amp;#27;[39m &amp;#27;[90m668 ms - 162138&amp;#27;[39m
&amp;#27;[35m[HTTP]&amp;#27;[39m &amp;#27;[90m&amp;#27;[39m
&amp;#27;[35m[HTTP]&amp;#27;[39m &amp;#27;[37m--&gt;&amp;#27;[39m &amp;#27;[37mPOST&amp;#27;[39m &amp;#27;[37m/wd/hub/session/a8364ec0-742d-4627-b00a-54d0744b1d7f/appium/app/close&amp;#27;[39m
&amp;#27;[35m[HTTP]&amp;#27;[39m &amp;#27;[90m{}&amp;#27;[39m
[debug] &amp;#27;[35m[W3C (a8364ec0)]&amp;#27;[39m Calling AppiumDriver.closeApp() with args: [&quot;a8364ec0-742d-4627-b00a-54d0744b1d7f&quot;]
[debug] &amp;#27;[35m[ADB]&amp;#27;[39m Running &apos;C:\Users\maliniv\AppData\Local\Android\Sdk\platform-tools\adb.exe -P 5037 -s 192.168.1.101\:5555 shell am force-stop com.samsung.android.calendar&apos;
[debug] &amp;#27;[35m[W3C (a8364ec0)]&amp;#27;[39m Responding to client with driver.closeApp() result: null
</system-out>
    <system-err>Feb 02, 2021 8:58:43 AM io.appium.java_client.remote.AppiumCommandExecutor$1 lambda$0
INFO: Detected dialect: W3C
</system-err>
  </testcase>
  <testcase classname="Create a recurring meeting using Native Android/IOS Calender App" name="Create a new recurring (3 days a week) meeting, and make sure it doesn&apos;t repeat on successive days #4" time="44.099">
    <failure type="java.lang.AssertionError">java.lang.AssertionError
	at org.junit.Assert.fail(Assert.java:86)
	at org.junit.Assert.fail(Assert.java:95)
	at StepDefinitions.TestStepDefinitions.I_want_to_book_a_meeting_with_the_title(TestStepDefinitions.java:86)
	at âœ½.I want to book a meeting with the title &quot;Recurring-Team Catch Up 2&quot;(file:///C:/Users/maliniv/Desktop/Sample/AndroidMobileAppAutomation/CalenderOne/src/test/java/Feature/CalenderEvents.feature:8)
</failure>
    <system-out>&amp;#27;[35m[Appium]&amp;#27;[39m Welcome to Appium v1.18.3
&amp;#27;[35m[Appium]&amp;#27;[39m Non-default server args:
&amp;#27;[35m[Appium]&amp;#27;[39m   port: 12493
&amp;#27;[35m[Appium]&amp;#27;[39m Appium REST http interface listener started on 0.0.0.0:12493
&amp;#27;[35m[HTTP]&amp;#27;[39m &amp;#27;[37m--&gt;&amp;#27;[39m &amp;#27;[37mGET&amp;#27;[39m &amp;#27;[37m/wd/hub/status&amp;#27;[39m
&amp;#27;[35m[HTTP]&amp;#27;[39m &amp;#27;[90m{}&amp;#27;[39m
[debug] &amp;#27;[35m[GENERIC]&amp;#27;[39m Calling AppiumDriver.getStatus() with args: []
[debug] &amp;#27;[35m[GENERIC]&amp;#27;[39m Responding to client with driver.getStatus() result: {&quot;build&quot;:{&quot;version&quot;:&quot;1.18.3&quot;}}
GalaxyS10e
&amp;#27;[35m[HTTP]&amp;#27;[39m &amp;#27;[37m&lt;-- GET /wd/hub/status &amp;#27;[39m&amp;#27;[32m200&amp;#27;[39m &amp;#27;[90m10 ms - 68&amp;#27;[39m
&amp;#27;[35m[HTTP]&amp;#27;[39m &amp;#27;[90m&amp;#27;[39m
&amp;#27;[35m[HTTP]&amp;#27;[39m &amp;#27;[37m--&gt;&amp;#27;[39m &amp;#27;[37mGET&amp;#27;[39m &amp;#27;[37m/wd/hub/status&amp;#27;[39m
&amp;#27;[35m[HTTP]&amp;#27;[39m &amp;#27;[90m{}&amp;#27;[39m
[debug] &amp;#27;[35m[GENERIC]&amp;#27;[39m Calling AppiumDriver.getStatus() with args: []
[debug] &amp;#27;[35m[GENERIC]&amp;#27;[39m Responding to client with driver.getStatus() result: {&quot;build&quot;:{&quot;version&quot;:&quot;1.18.3&quot;}}
&amp;#27;[35m[HTTP]&amp;#27;[39m &amp;#27;[37m&lt;-- GET /wd/hub/status &amp;#27;[39m&amp;#27;[32m200&amp;#27;[39m &amp;#27;[90m4 ms - 68&amp;#27;[39m
&amp;#27;[35m[HTTP]&amp;#27;[39m &amp;#27;[90m&amp;#27;[39m
&amp;#27;[35m[HTTP]&amp;#27;[39m &amp;#27;[37m--&gt;&amp;#27;[39m &amp;#27;[37mPOST&amp;#27;[39m &amp;#27;[37m/wd/hub/session&amp;#27;[39m
&amp;#27;[35m[HTTP]&amp;#27;[39m &amp;#27;[90m{&quot;desiredCapabilities&quot;:{&quot;appActivity&quot;:&quot;com.samsung.android.app.calendar.activity.MainActivity&quot;,&quot;appPackage&quot;:&quot;com.samsung.android.calendar&quot;,&quot;noReset&quot;:true,&quot;newCommandTimeout&quot;:&quot;10000&quot;,&quot;platformVersion&quot;:&quot;10&quot;,&quot;automationName&quot;:&quot;UiAutomator2&quot;,&quot;platformName&quot;:&quot;Android&quot;,&quot;deviceName&quot;:&quot;GalaxyS10e&quot;},&quot;capabilities&quot;:{&quot;firstMatch&quot;:[{&quot;appium:appActivity&quot;:&quot;com.samsung.android.app.calendar.activity.MainActivity&quot;,&quot;appium:appPackage&quot;:&quot;com.samsung.android.calendar&quot;,&quot;appium:automationName&quot;:&quot;UiAutomator2&quot;,&quot;appium:deviceName&quot;:&quot;GalaxyS10e&quot;,&quot;appium:newCommandTimeout&quot;:&quot;10000&quot;,&quot;appium:noReset&quot;:true,&quot;platformName&quot;:&quot;android&quot;,&quot;appium:platformVersion&quot;:&quot;10&quot;}]}}&amp;#27;[39m
[debug] &amp;#27;[35m[W3C]&amp;#27;[39m Calling AppiumDriver.createSession() with args: [{&quot;appActivity&quot;:&quot;com.samsung.android.app.calendar.activity.MainActivity&quot;,&quot;appPackage&quot;:&quot;com.samsung.android.calendar&quot;,&quot;noReset&quot;:true,&quot;newCommandTimeout&quot;:&quot;10000&quot;,&quot;platformVersion&quot;:&quot;10&quot;,&quot;automationName&quot;:&quot;UiAutomator2&quot;,&quot;platformName&quot;:&quot;Android&quot;,&quot;deviceName&quot;:&quot;GalaxyS10e&quot;},null,{&quot;firstMatch&quot;:[{&quot;appium:appActivity&quot;:&quot;com.samsung.android.app.calendar.activity.MainActivity&quot;,&quot;appium:appPackage&quot;:&quot;com.samsung.android.calendar&quot;,&quot;appium:automationName&quot;:&quot;UiAutomator2&quot;,&quot;appium:deviceName&quot;:&quot;GalaxyS10e&quot;,&quot;appium:newCommandTimeout&quot;:&quot;10000&quot;,&quot;appium:noReset&quot;:true,&quot;platformName&quot;:&quot;android&quot;,&quot;appium:platformVersion&quot;:&quot;10&quot;}]}]
[debug] &amp;#27;[35m[BaseDriver]&amp;#27;[39m Event &apos;newSessionRequested&apos; logged at 1612220342947 (08:59:02 GMT+1000 (Australian Eastern Standard Time))
&amp;#27;[35m[BaseDriver]&amp;#27;[39m Number capability passed in as string. Functionality may be compromised.
&amp;#27;[35m[Appium]&amp;#27;[39m Appium v1.18.3 creating new AndroidUiautomator2Driver (v1.56.1) session
[debug] &amp;#27;[35m[BaseDriver]&amp;#27;[39m W3C capabilities and MJSONWP desired capabilities were provided
[debug] &amp;#27;[35m[BaseDriver]&amp;#27;[39m Creating session with W3C capabilities: {
[debug] &amp;#27;[35m[BaseDriver]&amp;#27;[39m   &quot;alwaysMatch&quot;: {
[debug] &amp;#27;[35m[BaseDriver]&amp;#27;[39m     &quot;platformName&quot;: &quot;android&quot;,
[debug] &amp;#27;[35m[BaseDriver]&amp;#27;[39m     &quot;appium:appActivity&quot;: &quot;com.samsung.android.app.calendar.activity.MainActivity&quot;,
[debug] &amp;#27;[35m[BaseDriver]&amp;#27;[39m     &quot;appium:appPackage&quot;: &quot;com.samsung.android.calendar&quot;,
[debug] &amp;#27;[35m[BaseDriver]&amp;#27;[39m     &quot;appium:automationName&quot;: &quot;UiAutomator2&quot;,
[debug] &amp;#27;[35m[BaseDriver]&amp;#27;[39m     &quot;appium:deviceName&quot;: &quot;GalaxyS10e&quot;,
[debug] &amp;#27;[35m[BaseDriver]&amp;#27;[39m     &quot;appium:newCommandTimeout&quot;: &quot;10000&quot;,
[debug] &amp;#27;[35m[BaseDriver]&amp;#27;[39m     &quot;appium:noReset&quot;: true,
[debug] &amp;#27;[35m[BaseDriver]&amp;#27;[39m     &quot;appium:platformVersion&quot;: &quot;10&quot;
[debug] &amp;#27;[35m[BaseDriver]&amp;#27;[39m   },
[debug] &amp;#27;[35m[BaseDriver]&amp;#27;[39m   &quot;firstMatch&quot;: [
[debug] &amp;#27;[35m[BaseDriver]&amp;#27;[39m     {}
[debug] &amp;#27;[35m[BaseDriver]&amp;#27;[39m   ]
[debug] &amp;#27;[35m[BaseDriver]&amp;#27;[39m }
&amp;#27;[35m[BaseDriver]&amp;#27;[39m Number capability passed in as string. Functionality may be compromised.
&amp;#27;[35m[BaseDriver]&amp;#27;[39m Capability &apos;newCommandTimeout&apos; changed from string (&apos;10000&apos;) to integer (10000). This may cause unexpected behavior
&amp;#27;[35m[BaseDriver]&amp;#27;[39m Session created with session id: 1f204809-c2f5-4101-a635-4faf0d6c14d0
&amp;#27;[35m[UiAutomator2]&amp;#27;[39m Starting &apos;com.samsung.android.calendar&apos; directly on the device
&amp;#27;[35m[ADB]&amp;#27;[39m Found 2 &apos;build-tools&apos; folders under &apos;C:\Users\maliniv\AppData\Local\Android\Sdk&apos; (newest first):
&amp;#27;[35m[ADB]&amp;#27;[39m     C:/Users/maliniv/AppData/Local/Android/Sdk/build-tools/30.0.2
&amp;#27;[35m[ADB]&amp;#27;[39m     C:/Users/maliniv/AppData/Local/Android/Sdk/build-tools/29.0.2
&amp;#27;[35m[ADB]&amp;#27;[39m Using &apos;adb.exe&apos; from &apos;C:\Users\maliniv\AppData\Local\Android\Sdk\platform-tools\adb.exe&apos;
[debug] &amp;#27;[35m[ADB]&amp;#27;[39m Running &apos;C:\Users\maliniv\AppData\Local\Android\Sdk\platform-tools\adb.exe -P 5037 start-server&apos;
&amp;#27;[35m[AndroidDriver]&amp;#27;[39m Retrieving device list
[debug] &amp;#27;[35m[ADB]&amp;#27;[39m Trying to find a connected android device
[debug] &amp;#27;[35m[ADB]&amp;#27;[39m Getting connected devices
[debug] &amp;#27;[35m[ADB]&amp;#27;[39m Connected devices: [{&quot;udid&quot;:&quot;192.168.1.101:5555&quot;,&quot;state&quot;:&quot;device&quot;}]
&amp;#27;[35m[AndroidDriver]&amp;#27;[39m Looking for a device with Android &apos;10.0.0&apos;
[debug] &amp;#27;[35m[ADB]&amp;#27;[39m Setting device id to 192.168.1.101:5555
&amp;#27;[35m[ADB]&amp;#27;[39m Getting device platform version
[debug] &amp;#27;[35m[ADB]&amp;#27;[39m Running &apos;C:\Users\maliniv\AppData\Local\Android\Sdk\platform-tools\adb.exe -P 5037 -s 192.168.1.101\:5555 shell getprop ro.build.version.release&apos;
[debug] &amp;#27;[35m[ADB]&amp;#27;[39m Current device property &apos;ro.build.version.release&apos;: 10
&amp;#27;[35m[AndroidDriver]&amp;#27;[39m Using device: 192.168.1.101:5555
&amp;#27;[35m[ADB]&amp;#27;[39m Using &apos;adb.exe&apos; from &apos;C:\Users\maliniv\AppData\Local\Android\Sdk\platform-tools\adb.exe&apos;
[debug] &amp;#27;[35m[ADB]&amp;#27;[39m Running &apos;C:\Users\maliniv\AppData\Local\Android\Sdk\platform-tools\adb.exe -P 5037 start-server&apos;
[debug] &amp;#27;[35m[ADB]&amp;#27;[39m Setting device id to 192.168.1.101:5555
[debug] &amp;#27;[35m[ADB]&amp;#27;[39m Running &apos;C:\Users\maliniv\AppData\Local\Android\Sdk\platform-tools\adb.exe -P 5037 -s 192.168.1.101\:5555 shell getprop ro.build.version.sdk&apos;
[debug] &amp;#27;[35m[ADB]&amp;#27;[39m Current device property &apos;ro.build.version.sdk&apos;: 29
&amp;#27;[35m[ADB]&amp;#27;[39m Getting device platform version
[debug] &amp;#27;[35m[ADB]&amp;#27;[39m Running &apos;C:\Users\maliniv\AppData\Local\Android\Sdk\platform-tools\adb.exe -P 5037 -s 192.168.1.101\:5555 shell getprop ro.build.version.release&apos;
[debug] &amp;#27;[35m[ADB]&amp;#27;[39m Current device property &apos;ro.build.version.release&apos;: 10
[debug] &amp;#27;[35m[ADB]&amp;#27;[39m Device API level: 29
&amp;#27;[35m[UiAutomator2]&amp;#27;[39m Relaxing hidden api policy
[debug] &amp;#27;[35m[ADB]&amp;#27;[39m Running &apos;C:\Users\maliniv\AppData\Local\Android\Sdk\platform-tools\adb.exe -P 5037 -s 192.168.1.101\:5555 shell &apos;settings put global hidden_api_policy_pre_p_apps 1;settings put global hidden_api_policy_p_apps 1;settings put global hidden_api_policy 1&apos;&apos;
&amp;#27;[35m[AndroidDriver]&amp;#27;[39m No app sent in, not parsing package/activity
[debug] &amp;#27;[35m[ADB]&amp;#27;[39m Running &apos;C:\Users\maliniv\AppData\Local\Android\Sdk\platform-tools\adb.exe -P 5037 -s 192.168.1.101\:5555 wait-for-device&apos;
[debug] &amp;#27;[35m[ADB]&amp;#27;[39m Running &apos;C:\Users\maliniv\AppData\Local\Android\Sdk\platform-tools\adb.exe -P 5037 -s 192.168.1.101\:5555 shell echo ping&apos;
[debug] &amp;#27;[35m[AndroidDriver]&amp;#27;[39m Pushing settings apk to device...
[debug] &amp;#27;[35m[ADB]&amp;#27;[39m Getting install status for io.appium.settings
[debug] &amp;#27;[35m[ADB]&amp;#27;[39m Running &apos;C:\Users\maliniv\AppData\Local\Android\Sdk\platform-tools\adb.exe -P 5037 -s 192.168.1.101\:5555 shell dumpsys package io.appium.settings&apos;
[debug] &amp;#27;[35m[ADB]&amp;#27;[39m &apos;io.appium.settings&apos; is installed
[debug] &amp;#27;[35m[ADB]&amp;#27;[39m Getting package info for &apos;io.appium.settings&apos;
[debug] &amp;#27;[35m[ADB]&amp;#27;[39m Running &apos;C:\Users\maliniv\AppData\Local\Android\Sdk\platform-tools\adb.exe -P 5037 -s 192.168.1.101\:5555 shell dumpsys package io.appium.settings&apos;
[debug] &amp;#27;[35m[ADB]&amp;#27;[39m The version name of the installed &apos;io.appium.settings&apos; is greater or equal to the application version name (&apos;3.2.0&apos; &gt;= &apos;3.2.0&apos;)
[debug] &amp;#27;[35m[ADB]&amp;#27;[39m There is no need to install/upgrade &apos;C:\Users\maliniv\AppData\Roaming\npm\node_modules\appium\node_modules\io.appium.settings\apks\settings_apk-debug.apk&apos;
[debug] &amp;#27;[35m[ADB]&amp;#27;[39m Getting IDs of all &apos;io.appium.settings&apos; processes
[debug] &amp;#27;[35m[ADB]&amp;#27;[39m Running &apos;C:\Users\maliniv\AppData\Local\Android\Sdk\platform-tools\adb.exe -P 5037 -s 192.168.1.101\:5555 shell &apos;pgrep --help; echo $?&apos;&apos;
[debug] &amp;#27;[35m[ADB]&amp;#27;[39m Running &apos;C:\Users\maliniv\AppData\Local\Android\Sdk\platform-tools\adb.exe -P 5037 -s 192.168.1.101\:5555 shell pgrep -f io\\.appium\\.settings&apos;
[debug] &amp;#27;[35m[AndroidDriver]&amp;#27;[39m io.appium.settings is already running. There is no need to reset its permissions.
[debug] &amp;#27;[35m[ADB]&amp;#27;[39m Running &apos;C:\Users\maliniv\AppData\Local\Android\Sdk\platform-tools\adb.exe -P 5037 -s 192.168.1.101\:5555 shell appops set io.appium.settings android\:mock_location allow&apos;
[debug] &amp;#27;[35m[Logcat]&amp;#27;[39m Starting logs capture with command: C:\\Users\\maliniv\\AppData\\Local\\Android\\Sdk\\platform-tools\\adb.exe -P 5037 -s 192.168.1.101\:5555 logcat -v threadtime
[debug] &amp;#27;[35m[UiAutomator2]&amp;#27;[39m Forwarding UiAutomator2 Server port 6790 to 8225
[debug] &amp;#27;[35m[ADB]&amp;#27;[39m Forwarding system: 8225 to device: 6790
[debug] &amp;#27;[35m[ADB]&amp;#27;[39m Running &apos;C:\Users\maliniv\AppData\Local\Android\Sdk\platform-tools\adb.exe -P 5037 -s 192.168.1.101\:5555 forward tcp\:8225 tcp\:6790&apos;
[debug] &amp;#27;[35m[ADB]&amp;#27;[39m Getting install status for io.appium.uiautomator2.server
[debug] &amp;#27;[35m[ADB]&amp;#27;[39m Running &apos;C:\Users\maliniv\AppData\Local\Android\Sdk\platform-tools\adb.exe -P 5037 -s 192.168.1.101\:5555 shell dumpsys package io.appium.uiautomator2.server&apos;
[debug] &amp;#27;[35m[ADB]&amp;#27;[39m &apos;io.appium.uiautomator2.server&apos; is installed
[debug] &amp;#27;[35m[ADB]&amp;#27;[39m Getting package info for &apos;io.appium.uiautomator2.server&apos;
[debug] &amp;#27;[35m[ADB]&amp;#27;[39m Running &apos;C:\Users\maliniv\AppData\Local\Android\Sdk\platform-tools\adb.exe -P 5037 -s 192.168.1.101\:5555 shell dumpsys package io.appium.uiautomator2.server&apos;
[debug] &amp;#27;[35m[ADB]&amp;#27;[39m The version name of the installed &apos;io.appium.uiautomator2.server&apos; is greater or equal to the application version name (&apos;4.12.2&apos; &gt;= &apos;4.12.2&apos;)
[debug] &amp;#27;[35m[UiAutomator2]&amp;#27;[39m io.appium.uiautomator2.server installation state: sameVersionInstalled
[debug] &amp;#27;[35m[ADB]&amp;#27;[39m Checking app cert for C:\Users\maliniv\AppData\Roaming\npm\node_modules\appium\node_modules\appium-uiautomator2-server\apks\appium-uiautomator2-server-v4.12.2.apk
&amp;#27;[35m[ADB]&amp;#27;[39m Using &apos;apksigner.jar&apos; from &apos;C:\Users\maliniv\AppData\Local\Android\Sdk\build-tools\30.0.2\lib\apksigner.jar&apos;
[debug] &amp;#27;[35m[ADB]&amp;#27;[39m Starting apksigner: &apos;C:\\Program Files\\Java\\jdk1.8.0_121\\bin\\java.exe&apos; -Xmx1024M -Xss1m -jar C:\\Users\\maliniv\\AppData\\Local\\Android\\Sdk\\build-tools\\30.0.2\\lib\\apksigner.jar verify --print-certs C:\\Users\\maliniv\\AppData\\Roaming\\npm\\node_modules\\appium\\node_modules\\appium-uiautomator2-server\\apks\\appium-uiautomator2-server-v4.12.2.apk
[debug] &amp;#27;[35m[ADB]&amp;#27;[39m apksigner stdout: Signer #1 certificate DN: EMAILADDRESS=android@android.com, CN=Android, OU=Android, O=Android, L=Mountain View, ST=California, C=US
[debug] &amp;#27;[35m[ADB]&amp;#27;[39m Signer #1 certificate SHA-256 digest: a40da80a59d170caa950cf15c18c454d47a39b26989d8b640ecd745ba71bf5dc
[debug] &amp;#27;[35m[ADB]&amp;#27;[39m Signer #1 certificate SHA-1 digest: 61ed377e85d386a8dfee6b864bd85b0bfaa5af81
[debug] &amp;#27;[35m[ADB]&amp;#27;[39m Signer #1 certificate MD5 digest: e89b158e4bcf988ebd09eb83f5378e87
[debug] &amp;#27;[35m[ADB]&amp;#27;[39m 
[debug] &amp;#27;[35m[ADB]&amp;#27;[39m &apos;C:\Users\maliniv\AppData\Roaming\npm\node_modules\appium\node_modules\appium-uiautomator2-server\apks\appium-uiautomator2-server-v4.12.2.apk&apos; is signed with the default certificate
[debug] &amp;#27;[35m[ADB]&amp;#27;[39m Getting install status for io.appium.uiautomator2.server.test
[debug] &amp;#27;[35m[ADB]&amp;#27;[39m Running &apos;C:\Users\maliniv\AppData\Local\Android\Sdk\platform-tools\adb.exe -P 5037 -s 192.168.1.101\:5555 shell dumpsys package io.appium.uiautomator2.server.test&apos;
[debug] &amp;#27;[35m[ADB]&amp;#27;[39m &apos;io.appium.uiautomator2.server.test&apos; is installed
[debug] &amp;#27;[35m[ADB]&amp;#27;[39m Checking app cert for C:\Users\maliniv\AppData\Roaming\npm\node_modules\appium\node_modules\appium-uiautomator2-server\apks\appium-uiautomator2-server-debug-androidTest.apk
[debug] &amp;#27;[35m[ADB]&amp;#27;[39m Starting apksigner: &apos;C:\\Program Files\\Java\\jdk1.8.0_121\\bin\\java.exe&apos; -Xmx1024M -Xss1m -jar C:\\Users\\maliniv\\AppData\\Local\\Android\\Sdk\\build-tools\\30.0.2\\lib\\apksigner.jar verify --print-certs C:\\Users\\maliniv\\AppData\\Roaming\\npm\\node_modules\\appium\\node_modules\\appium-uiautomator2-server\\apks\\appium-uiautomator2-server-debug-androidTest.apk
[debug] &amp;#27;[35m[ADB]&amp;#27;[39m apksigner stdout: Signer #1 certificate DN: EMAILADDRESS=android@android.com, CN=Android, OU=Android, O=Android, L=Mountain View, ST=California, C=US
[debug] &amp;#27;[35m[ADB]&amp;#27;[39m Signer #1 certificate SHA-256 digest: a40da80a59d170caa950cf15c18c454d47a39b26989d8b640ecd745ba71bf5dc
[debug] &amp;#27;[35m[ADB]&amp;#27;[39m Signer #1 certificate SHA-1 digest: 61ed377e85d386a8dfee6b864bd85b0bfaa5af81
[debug] &amp;#27;[35m[ADB]&amp;#27;[39m Signer #1 certificate MD5 digest: e89b158e4bcf988ebd09eb83f5378e87
[debug] &amp;#27;[35m[ADB]&amp;#27;[39m 
[debug] &amp;#27;[35m[ADB]&amp;#27;[39m &apos;C:\Users\maliniv\AppData\Roaming\npm\node_modules\appium\node_modules\appium-uiautomator2-server\apks\appium-uiautomator2-server-debug-androidTest.apk&apos; is signed with the default certificate
&amp;#27;[35m[UiAutomator2]&amp;#27;[39m Server packages are not going to be (re)installed
[debug] &amp;#27;[35m[UiAutomator2]&amp;#27;[39m Waiting up to 30000ms for services to be available
[debug] &amp;#27;[35m[ADB]&amp;#27;[39m Running &apos;C:\Users\maliniv\AppData\Local\Android\Sdk\platform-tools\adb.exe -P 5037 -s 192.168.1.101\:5555 shell pm list instrumentation&apos;
[debug] &amp;#27;[35m[UiAutomator2]&amp;#27;[39m Instrumentation target &apos;io.appium.uiautomator2.server.test/androidx.test.runner.AndroidJUnitRunner&apos; is available
[debug] &amp;#27;[35m[UiAutomator2]&amp;#27;[39m No app capability. Assuming it is already on the device
[debug] &amp;#27;[35m[UiAutomator2]&amp;#27;[39m Performing shallow cleanup of automation leftovers
[debug] &amp;#27;[35m[UiAutomator2]&amp;#27;[39m No obsolete sessions have been detected (timeout of 500ms exceeded)
[debug] &amp;#27;[35m[ADB]&amp;#27;[39m Running &apos;C:\Users\maliniv\AppData\Local\Android\Sdk\platform-tools\adb.exe -P 5037 -s 192.168.1.101\:5555 shell am force-stop io.appium.uiautomator2.server.test&apos;
&amp;#27;[35m[UiAutomator2]&amp;#27;[39m Starting UIAutomator2 server 4.12.2
&amp;#27;[35m[UiAutomator2]&amp;#27;[39m Using UIAutomator2 server from &apos;C:\Users\maliniv\AppData\Roaming\npm\node_modules\appium\node_modules\appium-uiautomator2-server\apks\appium-uiautomator2-server-v4.12.2.apk&apos; and test from &apos;C:\Users\maliniv\AppData\Roaming\npm\node_modules\appium\node_modules\appium-uiautomator2-server\apks\appium-uiautomator2-server-debug-androidTest.apk&apos;
&amp;#27;[35m[UiAutomator2]&amp;#27;[39m Waiting up to 30000ms for UiAutomator2 to be online...
[debug] &amp;#27;[35m[ADB]&amp;#27;[39m Creating ADB subprocess with args: [&quot;-P&quot;,5037,&quot;-s&quot;,&quot;192.168.1.101:5555&quot;,&quot;shell&quot;,&quot;am&quot;,&quot;instrument&quot;,&quot;-w&quot;,&quot;io.appium.uiautomator2.server.test/androidx.test.runner.AndroidJUnitRunner&quot;]
[debug] &amp;#27;[35m[Instrumentation]&amp;#27;[39m io.appium.uiautomator2.server.test.AppiumUiAutomator2Server:
[debug] &amp;#27;[35m[WD Proxy]&amp;#27;[39m Matched &apos;/status&apos; to command name &apos;getStatus&apos;
[debug] &amp;#27;[35m[WD Proxy]&amp;#27;[39m Proxying [GET /status] to [GET http://127.0.0.1:8225/wd/hub/status] with no body
&amp;#27;[35m[WD Proxy]&amp;#27;[39m socket hang up
[debug] &amp;#27;[35m[WD Proxy]&amp;#27;[39m Matched &apos;/status&apos; to command name &apos;getStatus&apos;
[debug] &amp;#27;[35m[WD Proxy]&amp;#27;[39m Proxying [GET /status] to [GET http://127.0.0.1:8225/wd/hub/status] with no body
[debug] &amp;#27;[35m[WD Proxy]&amp;#27;[39m Got response with status 200: {&quot;sessionId&quot;:&quot;None&quot;,&quot;value&quot;:{&quot;message&quot;:&quot;UiAutomator2 Server is ready to accept commands&quot;,&quot;ready&quot;:true}}
[debug] &amp;#27;[35m[UiAutomator2]&amp;#27;[39m The initialization of the instrumentation process took 2395ms
[debug] &amp;#27;[35m[WD Proxy]&amp;#27;[39m Matched &apos;/session&apos; to command name &apos;createSession&apos;
[debug] &amp;#27;[35m[WD Proxy]&amp;#27;[39m Proxying [POST /session] to [POST http://127.0.0.1:8225/wd/hub/session] with body: {&quot;capabilities&quot;:{&quot;firstMatch&quot;:[{&quot;platform&quot;:&quot;LINUX&quot;,&quot;webStorageEnabled&quot;:false,&quot;takesScreenshot&quot;:true,&quot;javascriptEnabled&quot;:true,&quot;databaseEnabled&quot;:false,&quot;networkConnectionEnabled&quot;:true,&quot;locationContextEnabled&quot;:false,&quot;warnings&quot;:{},&quot;desired&quot;:{&quot;platformName&quot;:&quot;android&quot;,&quot;appActivity&quot;:&quot;com.samsung.android.app.calendar.activity.MainActivity&quot;,&quot;appPackage&quot;:&quot;com.samsung.android.calendar&quot;,&quot;automationName&quot;:&quot;UiAutomator2&quot;,&quot;deviceName&quot;:&quot;GalaxyS10e&quot;,&quot;newCommandTimeout&quot;:10000,&quot;noReset&quot;:true,&quot;platformVersion&quot;:&quot;10&quot;},&quot;platformName&quot;:&quot;android&quot;,&quot;appActivity&quot;:&quot;com.samsung.android.app.calendar.activity.MainActivity&quot;,&quot;appPackage&quot;:&quot;com.samsung.android.calendar&quot;,&quot;automationName&quot;:&quot;UiAutomator2&quot;,&quot;deviceName&quot;:&quot;192.168.1.101:5555&quot;,&quot;newCommandTimeout&quot;:10000,&quot;noReset&quot;:true,&quot;platformVersion&quot;:&quot;10&quot;,&quot;deviceUDID&quot;:&quot;192.168.1.101:5555&quot;}],&quot;alwaysMatch&quot;:{}}}
[debug] &amp;#27;[35m[WD Proxy]&amp;#27;[39m Got response with status 200: {&quot;sessionId&quot;:&quot;1e49554d-8610-4493-b521-6b5932fb2ffc&quot;,&quot;value&quot;:{&quot;capabilities&quot;:{&quot;firstMatch&quot;:[{&quot;platform&quot;:&quot;LINUX&quot;,&quot;webStorageEnabled&quot;:false,&quot;takesScreenshot&quot;:true,&quot;javascriptEnabled&quot;:true,&quot;databaseEnabled&quot;:false,&quot;networkConnectionEnabled&quot;:true,&quot;locationContextEnabled&quot;:false,&quot;warnings&quot;:{},&quot;desired&quot;:{&quot;platformName&quot;:&quot;android&quot;,&quot;appActivity&quot;:&quot;com.samsung.android.app.calendar.activity.MainActivity&quot;,&quot;appPackage&quot;:&quot;com.samsung.android.calendar&quot;,&quot;automationName&quot;:&quot;UiAutomator2&quot;,&quot;deviceName&quot;:&quot;GalaxyS10e&quot;,&quot;newCommandTimeout&quot;:10000,&quot;noReset&quot;:true,&quot;platformVersion&quot;:&quot;10&quot;},&quot;platformName&quot;:&quot;android&quot;,&quot;appActivity&quot;:&quot;com.samsung.android.app.calendar.activity.MainActivity&quot;,&quot;appPackage&quot;:&quot;com.samsung.android.calendar&quot;,&quot;automationName&quot;:&quot;UiAutomator2&quot;,&quot;deviceName&quot;:&quot;192.168.1.101:5555&quot;,&quot;newCommandTimeout&quot;:10000,&quot;noReset&quot;:true,&quot;platformVersion&quot;:&quot;10&quot;,&quot;deviceUDID&quot;:&quot;192.168.1.101:5555&quot;}],&quot;alwaysMatch&quot;:{}},&quot;sessionId&quot;:&quot;1e49554d-8610-4493-b521-6b5932fb2ffc&quot;}}
&amp;#27;[35m[WD Proxy]&amp;#27;[39m Determined the downstream protocol as &apos;W3C&apos;
[debug] &amp;#27;[35m[WD Proxy]&amp;#27;[39m Proxying [GET /appium/device/info] to [GET http://127.0.0.1:8225/wd/hub/session/1e49554d-8610-4493-b521-6b5932fb2ffc/appium/device/info] with no body
[debug] &amp;#27;[35m[WD Proxy]&amp;#27;[39m Got response with status 200: {&quot;sessionId&quot;:&quot;1e49554d-8610-4493-b521-6b5932fb2ffc&quot;,&quot;value&quot;:{&quot;androidId&quot;:&quot;62f0e43bb0e2450e&quot;,&quot;apiVersion&quot;:&quot;29&quot;,&quot;bluetooth&quot;:{&quot;state&quot;:&quot;OFF&quot;},&quot;brand&quot;:&quot;samsung&quot;,&quot;carrierName&quot;:&quot;Vodafone AU&quot;,&quot;displayDensity&quot;:480,&quot;locale&quot;:&quot;en_AU&quot;,&quot;manufacturer&quot;:&quot;samsung&quot;,&quot;model&quot;:&quot;SM-G970F&quot;,&quot;networks&quot;:[{&quot;capabilities&quot;:{&quot;SSID&quot;:null,&quot;linkDownBandwidthKbps&quot;:102400,&quot;linkUpstreamBandwidthKbps&quot;:51200,&quot;networkCapabilities&quot;:&quot;NET_CAPABILITY_IMS,NET_CAPABILITY_NOT_METERED,NET_CAPABILITY_TRUSTED,NET_CAPABILITY_NOT_VPN,NET_CAPABILITY_VALIDATED,NET_CAPABILITY_NOT_ROAMING,NET_CAPABILITY_FOREGROUND,NET_CAPABILITY_NOT_CONGESTED,NET_CAPABILITY_NOT_SUSPENDED&quot;,&quot;signalStrength&quot;:-2147483648,&quot;transportTypes&quot;:&quot;TRANSPORT_CELLULAR&quot;},&quot;detailedState&quot;:&quot;CONNECTED&quot;,&quot;extraInfo&quot;:&quot;IMS&quot;,&quot;isAvailable&quot;:true,&quot;isConnected&quot;:true,&quot;isFailover&quot;:false,&quot;isRoaming&quot;:false,&quot;state&quot;:&quot;CONNECTED&quot;,&quot;subtype&quot;:13,&quot;subtypeName&quot;:&quot;LTE&quot;,&quot;type&quot;:0,&quot;typeName&quot;:&quot;MOBILE&quot;},{&quot;capabilities&quot;:{&quot;SSID&quot;:null,&quot;linkDownBandwidthKbps&quot;:1048576,&quot;linkUpstreamBandwidthKbps&quot;:1048576,&quot;networkCapabilities&quot;:&quot;NET_C...
[debug] &amp;#27;[35m[ADB]&amp;#27;[39m Running &apos;C:\Users\maliniv\AppData\Local\Android\Sdk\platform-tools\adb.exe -P 5037 -s 192.168.1.101\:5555 shell dumpsys window&apos;
&amp;#27;[35m[AndroidDriver]&amp;#27;[39m Screen already unlocked, doing nothing
&amp;#27;[35m[UiAutomator2]&amp;#27;[39m Starting &apos;com.samsung.android.calendar/com.samsung.android.app.calendar.activity.MainActivity and waiting for &apos;com.samsung.android.calendar/com.samsung.android.app.calendar.activity.MainActivity&apos;
[debug] &amp;#27;[35m[ADB]&amp;#27;[39m Running &apos;C:\Users\maliniv\AppData\Local\Android\Sdk\platform-tools\adb.exe -P 5037 -s 192.168.1.101\:5555 shell am start -W -n com.samsung.android.calendar/com.samsung.android.app.calendar.activity.MainActivity -S -a android.intent.action.MAIN -c android.intent.category.LAUNCHER -f 0x10200000&apos;
[debug] &amp;#27;[35m[WD Proxy]&amp;#27;[39m Proxying [GET /appium/device/pixel_ratio] to [GET http://127.0.0.1:8225/wd/hub/session/1e49554d-8610-4493-b521-6b5932fb2ffc/appium/device/pixel_ratio] with no body
[debug] &amp;#27;[35m[WD Proxy]&amp;#27;[39m Got response with status 200: {&quot;sessionId&quot;:&quot;1e49554d-8610-4493-b521-6b5932fb2ffc&quot;,&quot;value&quot;:3}
[debug] &amp;#27;[35m[WD Proxy]&amp;#27;[39m Matched &apos;/appium/device/system_bars&apos; to command name &apos;getSystemBars&apos;
[debug] &amp;#27;[35m[WD Proxy]&amp;#27;[39m Proxying [GET /appium/device/system_bars] to [GET http://127.0.0.1:8225/wd/hub/session/1e49554d-8610-4493-b521-6b5932fb2ffc/appium/device/system_bars] with no body
[debug] &amp;#27;[35m[WD Proxy]&amp;#27;[39m Got response with status 200: {&quot;sessionId&quot;:&quot;1e49554d-8610-4493-b521-6b5932fb2ffc&quot;,&quot;value&quot;:{&quot;statusBar&quot;:117}}
[debug] &amp;#27;[35m[WD Proxy]&amp;#27;[39m Matched &apos;/window/current/size&apos; to command name &apos;getWindowSize&apos;
[debug] &amp;#27;[35m[WD Proxy]&amp;#27;[39m Proxying [GET /window/current/size] to [GET http://127.0.0.1:8225/wd/hub/session/1e49554d-8610-4493-b521-6b5932fb2ffc/window/current/size] with no body
[debug] &amp;#27;[35m[WD Proxy]&amp;#27;[39m Got response with status 200: {&quot;sessionId&quot;:&quot;1e49554d-8610-4493-b521-6b5932fb2ffc&quot;,&quot;value&quot;:{&quot;height&quot;:2020,&quot;width&quot;:1080}}
&amp;#27;[35m[Appium]&amp;#27;[39m New AndroidUiautomator2Driver session created successfully, session 1f204809-c2f5-4101-a635-4faf0d6c14d0 added to master session list
[debug] &amp;#27;[35m[BaseDriver]&amp;#27;[39m Event &apos;newSessionStarted&apos; logged at 1612220352541 (08:59:12 GMT+1000 (Australian Eastern Standard Time))
[debug] &amp;#27;[35m[W3C (1f204809)]&amp;#27;[39m Cached the protocol value &apos;W3C&apos; for the new session 1f204809-c2f5-4101-a635-4faf0d6c14d0
[debug] &amp;#27;[35m[W3C (1f204809)]&amp;#27;[39m Responding to client with driver.createSession() result: {&quot;capabilities&quot;:{&quot;platform&quot;:&quot;LINUX&quot;,&quot;webStorageEnabled&quot;:false,&quot;takesScreenshot&quot;:true,&quot;javascriptEnabled&quot;:true,&quot;databaseEnabled&quot;:false,&quot;networkConnectionEnabled&quot;:true,&quot;locationContextEnabled&quot;:false,&quot;warnings&quot;:{},&quot;desired&quot;:{&quot;platformName&quot;:&quot;android&quot;,&quot;appActivity&quot;:&quot;com.samsung.android.app.calendar.activity.MainActivity&quot;,&quot;appPackage&quot;:&quot;com.samsung.android.calendar&quot;,&quot;automationName&quot;:&quot;UiAutomator2&quot;,&quot;deviceName&quot;:&quot;GalaxyS10e&quot;,&quot;newCommandTimeout&quot;:10000,&quot;noReset&quot;:true,&quot;platformVersion&quot;:&quot;10&quot;},&quot;platformName&quot;:&quot;android&quot;,&quot;appActivity&quot;:&quot;com.samsung.android.app.calendar.activity.MainActivity&quot;,&quot;appPackage&quot;:&quot;com.samsung.android.calendar&quot;,&quot;automationName&quot;:&quot;UiAutomator2&quot;,&quot;deviceName&quot;:&quot;192.168.1.101:5555&quot;,&quot;newCommandTimeout&quot;:10000,&quot;noReset&quot;:true,&quot;platformVersion&quot;:&quot;10&quot;,&quot;deviceUDID&quot;:&quot;192.168.1.101:5555&quot;,&quot;deviceApiLevel&quot;:29,&quot;deviceScreenSize&quot;:&quot;1080x2280&quot;,&quot;deviceScreenDensity&quot;:480,&quot;deviceModel&quot;:&quot;SM-G970F&quot;,&quot;deviceManufacturer&quot;:&quot;samsung&quot;,&quot;pixelRatio&quot;:3,&quot;statBarHeight&quot;:117,&quot;viewportRect&quot;:{&quot;left&quot;:0,&quot;top&quot;:117,&quot;width&quot;:1080,&quot;height&quot;:1903}}}
&amp;#27;[35m[HTTP]&amp;#27;[39m &amp;#27;[37m&lt;-- POST /wd/hub/session &amp;#27;[39m&amp;#27;[32m200&amp;#27;[39m &amp;#27;[90m9605 ms - 1082&amp;#27;[39m
&amp;#27;[35m[HTTP]&amp;#27;[39m &amp;#27;[90m&amp;#27;[39m
&amp;#27;[35m[HTTP]&amp;#27;[39m &amp;#27;[37m--&gt;&amp;#27;[39m &amp;#27;[37mPOST&amp;#27;[39m &amp;#27;[37m/wd/hub/session/1f204809-c2f5-4101-a635-4faf0d6c14d0/timeouts&amp;#27;[39m
&amp;#27;[35m[HTTP]&amp;#27;[39m &amp;#27;[90m{&quot;implicit&quot;:10000}&amp;#27;[39m
[debug] &amp;#27;[35m[W3C (1f204809)]&amp;#27;[39m Calling AppiumDriver.timeouts() with args: [null,null,null,null,10000,&quot;1f204809-c2f5-4101-a635-4faf0d6c14d0&quot;]
[debug] &amp;#27;[35m[BaseDriver]&amp;#27;[39m W3C timeout argument: {&quot;implicit&quot;:10000}}
[debug] &amp;#27;[35m[BaseDriver]&amp;#27;[39m Set implicit wait to 10000ms
[debug] &amp;#27;[35m[W3C (1f204809)]&amp;#27;[39m Responding to client with driver.timeouts() result: null
&amp;#27;[35m[HTTP]&amp;#27;[39m &amp;#27;[37m&lt;-- POST /wd/hub/session/1f204809-c2f5-4101-a635-4faf0d6c14d0/timeouts &amp;#27;[39m&amp;#27;[32m200&amp;#27;[39m &amp;#27;[90m6 ms - 14&amp;#27;[39m
&amp;#27;[35m[HTTP]&amp;#27;[39m &amp;#27;[90m&amp;#27;[39m
&amp;#27;[35m[HTTP]&amp;#27;[39m &amp;#27;[37m--&gt;&amp;#27;[39m &amp;#27;[37mGET&amp;#27;[39m &amp;#27;[37m/wd/hub/session/1f204809-c2f5-4101-a635-4faf0d6c14d0/context&amp;#27;[39m
&amp;#27;[35m[HTTP]&amp;#27;[39m &amp;#27;[90m{}&amp;#27;[39m
[debug] &amp;#27;[35m[W3C (1f204809)]&amp;#27;[39m Calling AppiumDriver.getCurrentContext() with args: [&quot;1f204809-c2f5-4101-a635-4faf0d6c14d0&quot;]
[debug] &amp;#27;[35m[W3C (1f204809)]&amp;#27;[39m Responding to client with driver.getCurrentContext() result: &quot;NATIVE_APP&quot;
&amp;#27;[35m[HTTP]&amp;#27;[39m &amp;#27;[37m&lt;-- GET /wd/hub/session/1f204809-c2f5-4101-a635-4faf0d6c14d0/context &amp;#27;[39m&amp;#27;[32m200&amp;#27;[39m &amp;#27;[90m7 ms - 22&amp;#27;[39m
&amp;#27;[35m[HTTP]&amp;#27;[39m &amp;#27;[90m&amp;#27;[39m
&amp;#27;[35m[HTTP]&amp;#27;[39m &amp;#27;[37m--&gt;&amp;#27;[39m &amp;#27;[37mPOST&amp;#27;[39m &amp;#27;[37m/wd/hub/session/1f204809-c2f5-4101-a635-4faf0d6c14d0/element&amp;#27;[39m
&amp;#27;[35m[HTTP]&amp;#27;[39m &amp;#27;[90m{&quot;using&quot;:&quot;id&quot;,&quot;value&quot;:&quot;com.samsung.android.calendar:id/floating_action_button&quot;}&amp;#27;[39m
[debug] &amp;#27;[35m[W3C (1f204809)]&amp;#27;[39m Calling AppiumDriver.findElement() with args: [&quot;id&quot;,&quot;com.samsung.android.calendar:id/floating_action_button&quot;,&quot;1f204809-c2f5-4101-a635-4faf0d6c14d0&quot;]
[debug] &amp;#27;[35m[BaseDriver]&amp;#27;[39m Valid locator strategies for this request: xpath, id, class name, accessibility id, -android uiautomator
[debug] &amp;#27;[35m[BaseDriver]&amp;#27;[39m Waiting up to 10000 ms for condition
[debug] &amp;#27;[35m[WD Proxy]&amp;#27;[39m Matched &apos;/element&apos; to command name &apos;findElement&apos;
[debug] &amp;#27;[35m[WD Proxy]&amp;#27;[39m Proxying [POST /element] to [POST http://127.0.0.1:8225/wd/hub/session/1e49554d-8610-4493-b521-6b5932fb2ffc/element] with body: {&quot;strategy&quot;:&quot;id&quot;,&quot;selector&quot;:&quot;com.samsung.android.calendar:id/floating_action_button&quot;,&quot;context&quot;:&quot;&quot;,&quot;multiple&quot;:false}
[debug] &amp;#27;[35m[WD Proxy]&amp;#27;[39m Got response with status 200: {&quot;sessionId&quot;:&quot;1e49554d-8610-4493-b521-6b5932fb2ffc&quot;,&quot;value&quot;:{&quot;ELEMENT&quot;:&quot;d69b1fc4-ef37-4972-9b76-c4af3480db44&quot;,&quot;element-6066-11e4-a52e-4f735466cecf&quot;:&quot;d69b1fc4-ef37-4972-9b76-c4af3480db44&quot;}}
[debug] &amp;#27;[35m[W3C (1f204809)]&amp;#27;[39m Responding to client with driver.findElement() result: {&quot;element-6066-11e4-a52e-4f735466cecf&quot;:&quot;d69b1fc4-ef37-4972-9b76-c4af3480db44&quot;,&quot;ELEMENT&quot;:&quot;d69b1fc4-ef37-4972-9b76-c4af3480db44&quot;}
&amp;#27;[35m[HTTP]&amp;#27;[39m &amp;#27;[37m&lt;-- POST /wd/hub/session/1f204809-c2f5-4101-a635-4faf0d6c14d0/element &amp;#27;[39m&amp;#27;[32m200&amp;#27;[39m &amp;#27;[90m121 ms - 137&amp;#27;[39m
&amp;#27;[35m[HTTP]&amp;#27;[39m &amp;#27;[90m&amp;#27;[39m
&amp;#27;[35m[HTTP]&amp;#27;[39m &amp;#27;[37m--&gt;&amp;#27;[39m &amp;#27;[37mPOST&amp;#27;[39m &amp;#27;[37m/wd/hub/session/1f204809-c2f5-4101-a635-4faf0d6c14d0/element/d69b1fc4-ef37-4972-9b76-c4af3480db44/click&amp;#27;[39m
&amp;#27;[35m[HTTP]&amp;#27;[39m &amp;#27;[90m{&quot;id&quot;:&quot;d69b1fc4-ef37-4972-9b76-c4af3480db44&quot;}&amp;#27;[39m
[debug] &amp;#27;[35m[W3C (1f204809)]&amp;#27;[39m Calling AppiumDriver.click() with args: [&quot;d69b1fc4-ef37-4972-9b76-c4af3480db44&quot;,&quot;1f204809-c2f5-4101-a635-4faf0d6c14d0&quot;]
[debug] &amp;#27;[35m[WD Proxy]&amp;#27;[39m Matched &apos;/element/d69b1fc4-ef37-4972-9b76-c4af3480db44/click&apos; to command name &apos;click&apos;
[debug] &amp;#27;[35m[WD Proxy]&amp;#27;[39m Proxying [POST /element/d69b1fc4-ef37-4972-9b76-c4af3480db44/click] to [POST http://127.0.0.1:8225/wd/hub/session/1e49554d-8610-4493-b521-6b5932fb2ffc/element/d69b1fc4-ef37-4972-9b76-c4af3480db44/click] with body: {&quot;element&quot;:&quot;d69b1fc4-ef37-4972-9b76-c4af3480db44&quot;}
[debug] &amp;#27;[35m[WD Proxy]&amp;#27;[39m Got response with status 200: {&quot;sessionId&quot;:&quot;1e49554d-8610-4493-b521-6b5932fb2ffc&quot;,&quot;value&quot;:null}
[debug] &amp;#27;[35m[W3C (1f204809)]&amp;#27;[39m Responding to client with driver.click() result: null
&amp;#27;[35m[HTTP]&amp;#27;[39m &amp;#27;[37m&lt;-- POST /wd/hub/session/1f204809-c2f5-4101-a635-4faf0d6c14d0/element/d69b1fc4-ef37-4972-9b76-c4af3480db44/click &amp;#27;[39m&amp;#27;[32m200&amp;#27;[39m &amp;#27;[90m769 ms - 14&amp;#27;[39m
&amp;#27;[35m[HTTP]&amp;#27;[39m &amp;#27;[90m&amp;#27;[39m
&amp;#27;[35m[HTTP]&amp;#27;[39m &amp;#27;[37m--&gt;&amp;#27;[39m &amp;#27;[37mGET&amp;#27;[39m &amp;#27;[37m/wd/hub/session/1f204809-c2f5-4101-a635-4faf0d6c14d0/context&amp;#27;[39m
&amp;#27;[35m[HTTP]&amp;#27;[39m &amp;#27;[90m{}&amp;#27;[39m
[debug] &amp;#27;[35m[W3C (1f204809)]&amp;#27;[39m Calling AppiumDriver.getCurrentContext() with args: [&quot;1f204809-c2f5-4101-a635-4faf0d6c14d0&quot;]
[debug] &amp;#27;[35m[W3C (1f204809)]&amp;#27;[39m Responding to client with driver.getCurrentContext() result: &quot;NATIVE_APP&quot;
&amp;#27;[35m[HTTP]&amp;#27;[39m &amp;#27;[37m&lt;-- GET /wd/hub/session/1f204809-c2f5-4101-a635-4faf0d6c14d0/context &amp;#27;[39m&amp;#27;[32m200&amp;#27;[39m &amp;#27;[90m4 ms - 22&amp;#27;[39m
&amp;#27;[35m[HTTP]&amp;#27;[39m &amp;#27;[90m&amp;#27;[39m
&amp;#27;[35m[HTTP]&amp;#27;[39m &amp;#27;[37m--&gt;&amp;#27;[39m &amp;#27;[37mPOST&amp;#27;[39m &amp;#27;[37m/wd/hub/session/1f204809-c2f5-4101-a635-4faf0d6c14d0/element&amp;#27;[39m
&amp;#27;[35m[HTTP]&amp;#27;[39m &amp;#27;[90m{&quot;using&quot;:&quot;id&quot;,&quot;value&quot;:&quot;com.samsung.android.calendar:id/start_label&quot;}&amp;#27;[39m
[debug] &amp;#27;[35m[W3C (1f204809)]&amp;#27;[39m Calling AppiumDriver.findElement() with args: [&quot;id&quot;,&quot;com.samsung.android.calendar:id/start_label&quot;,&quot;1f204809-c2f5-4101-a635-4faf0d6c14d0&quot;]
[debug] &amp;#27;[35m[BaseDriver]&amp;#27;[39m Valid locator strategies for this request: xpath, id, class name, accessibility id, -android uiautomator
[debug] &amp;#27;[35m[BaseDriver]&amp;#27;[39m Waiting up to 10000 ms for condition
[debug] &amp;#27;[35m[WD Proxy]&amp;#27;[39m Matched &apos;/element&apos; to command name &apos;findElement&apos;
[debug] &amp;#27;[35m[WD Proxy]&amp;#27;[39m Proxying [POST /element] to [POST http://127.0.0.1:8225/wd/hub/session/1e49554d-8610-4493-b521-6b5932fb2ffc/element] with body: {&quot;strategy&quot;:&quot;id&quot;,&quot;selector&quot;:&quot;com.samsung.android.calendar:id/start_label&quot;,&quot;context&quot;:&quot;&quot;,&quot;multiple&quot;:false}
[debug] &amp;#27;[35m[WD Proxy]&amp;#27;[39m Got response with status 200: {&quot;sessionId&quot;:&quot;1e49554d-8610-4493-b521-6b5932fb2ffc&quot;,&quot;value&quot;:{&quot;ELEMENT&quot;:&quot;aad11c93-b8ac-45be-bfe8-25c9280c7c18&quot;,&quot;element-6066-11e4-a52e-4f735466cecf&quot;:&quot;aad11c93-b8ac-45be-bfe8-25c9280c7c18&quot;}}
[debug] &amp;#27;[35m[W3C (1f204809)]&amp;#27;[39m Responding to client with driver.findElement() result: {&quot;element-6066-11e4-a52e-4f735466cecf&quot;:&quot;aad11c93-b8ac-45be-bfe8-25c9280c7c18&quot;,&quot;ELEMENT&quot;:&quot;aad11c93-b8ac-45be-bfe8-25c9280c7c18&quot;}
&amp;#27;[35m[HTTP]&amp;#27;[39m &amp;#27;[37m&lt;-- POST /wd/hub/session/1f204809-c2f5-4101-a635-4faf0d6c14d0/element &amp;#27;[39m&amp;#27;[32m200&amp;#27;[39m &amp;#27;[90m1142 ms - 137&amp;#27;[39m
&amp;#27;[35m[HTTP]&amp;#27;[39m &amp;#27;[90m&amp;#27;[39m
&amp;#27;[35m[HTTP]&amp;#27;[39m &amp;#27;[37m--&gt;&amp;#27;[39m &amp;#27;[37mPOST&amp;#27;[39m &amp;#27;[37m/wd/hub/session/1f204809-c2f5-4101-a635-4faf0d6c14d0/element/aad11c93-b8ac-45be-bfe8-25c9280c7c18/click&amp;#27;[39m
&amp;#27;[35m[HTTP]&amp;#27;[39m &amp;#27;[90m{&quot;id&quot;:&quot;aad11c93-b8ac-45be-bfe8-25c9280c7c18&quot;}&amp;#27;[39m
[debug] &amp;#27;[35m[W3C (1f204809)]&amp;#27;[39m Calling AppiumDriver.click() with args: [&quot;aad11c93-b8ac-45be-bfe8-25c9280c7c18&quot;,&quot;1f204809-c2f5-4101-a635-4faf0d6c14d0&quot;]
[debug] &amp;#27;[35m[WD Proxy]&amp;#27;[39m Matched &apos;/element/aad11c93-b8ac-45be-bfe8-25c9280c7c18/click&apos; to command name &apos;click&apos;
[debug] &amp;#27;[35m[WD Proxy]&amp;#27;[39m Proxying [POST /element/aad11c93-b8ac-45be-bfe8-25c9280c7c18/click] to [POST http://127.0.0.1:8225/wd/hub/session/1e49554d-8610-4493-b521-6b5932fb2ffc/element/aad11c93-b8ac-45be-bfe8-25c9280c7c18/click] with body: {&quot;element&quot;:&quot;aad11c93-b8ac-45be-bfe8-25c9280c7c18&quot;}
[debug] &amp;#27;[35m[WD Proxy]&amp;#27;[39m Got response with status 200: {&quot;sessionId&quot;:&quot;1e49554d-8610-4493-b521-6b5932fb2ffc&quot;,&quot;value&quot;:null}
[debug] &amp;#27;[35m[W3C (1f204809)]&amp;#27;[39m Responding to client with driver.click() result: null
&amp;#27;[35m[HTTP]&amp;#27;[39m &amp;#27;[37m&lt;-- POST /wd/hub/session/1f204809-c2f5-4101-a635-4faf0d6c14d0/element/aad11c93-b8ac-45be-bfe8-25c9280c7c18/click &amp;#27;[39m&amp;#27;[32m200&amp;#27;[39m &amp;#27;[90m166 ms - 14&amp;#27;[39m
&amp;#27;[35m[HTTP]&amp;#27;[39m &amp;#27;[90m&amp;#27;[39m
&amp;#27;[35m[HTTP]&amp;#27;[39m &amp;#27;[37m--&gt;&amp;#27;[39m &amp;#27;[37mGET&amp;#27;[39m &amp;#27;[37m/wd/hub/session/1f204809-c2f5-4101-a635-4faf0d6c14d0/context&amp;#27;[39m
&amp;#27;[35m[HTTP]&amp;#27;[39m &amp;#27;[90m{}&amp;#27;[39m
[debug] &amp;#27;[35m[W3C (1f204809)]&amp;#27;[39m Calling AppiumDriver.getCurrentContext() with args: [&quot;1f204809-c2f5-4101-a635-4faf0d6c14d0&quot;]
[debug] &amp;#27;[35m[W3C (1f204809)]&amp;#27;[39m Responding to client with driver.getCurrentContext() result: &quot;NATIVE_APP&quot;
&amp;#27;[35m[HTTP]&amp;#27;[39m &amp;#27;[37m&lt;-- GET /wd/hub/session/1f204809-c2f5-4101-a635-4faf0d6c14d0/context &amp;#27;[39m&amp;#27;[32m200&amp;#27;[39m &amp;#27;[90m3 ms - 22&amp;#27;[39m
&amp;#27;[35m[HTTP]&amp;#27;[39m &amp;#27;[90m&amp;#27;[39m
&amp;#27;[35m[HTTP]&amp;#27;[39m &amp;#27;[37m--&gt;&amp;#27;[39m &amp;#27;[37mPOST&amp;#27;[39m &amp;#27;[37m/wd/hub/session/1f204809-c2f5-4101-a635-4faf0d6c14d0/element&amp;#27;[39m
&amp;#27;[35m[HTTP]&amp;#27;[39m &amp;#27;[90m{&quot;using&quot;:&quot;-android uiautomator&quot;,&quot;value&quot;:&quot;textContains(\&quot;Double tap to switch to calendar view.\&quot;)&quot;}&amp;#27;[39m
[debug] &amp;#27;[35m[W3C (1f204809)]&amp;#27;[39m Calling AppiumDriver.findElement() with args: [&quot;-android uiautomator&quot;,&quot;textContains(\&quot;Double tap to switch to calendar view.\&quot;)&quot;,&quot;1f204809-c2f5-4101-a635-4faf0d6c14d0&quot;]
[debug] &amp;#27;[35m[BaseDriver]&amp;#27;[39m Valid locator strategies for this request: xpath, id, class name, accessibility id, -android uiautomator
[debug] &amp;#27;[35m[BaseDriver]&amp;#27;[39m Waiting up to 10000 ms for condition
[debug] &amp;#27;[35m[WD Proxy]&amp;#27;[39m Matched &apos;/element&apos; to command name &apos;findElement&apos;
[debug] &amp;#27;[35m[WD Proxy]&amp;#27;[39m Proxying [POST /element] to [POST http://127.0.0.1:8225/wd/hub/session/1e49554d-8610-4493-b521-6b5932fb2ffc/element] with body: {&quot;strategy&quot;:&quot;-android uiautomator&quot;,&quot;selector&quot;:&quot;textContains(\&quot;Double tap to switch to calendar view.\&quot;)&quot;,&quot;context&quot;:&quot;&quot;,&quot;multiple&quot;:false}
[debug] &amp;#27;[35m[WD Proxy]&amp;#27;[39m Got response with status 200: {&quot;sessionId&quot;:&quot;1e49554d-8610-4493-b521-6b5932fb2ffc&quot;,&quot;value&quot;:{&quot;ELEMENT&quot;:&quot;bb40538f-c91d-42d1-922e-233967cdc680&quot;,&quot;element-6066-11e4-a52e-4f735466cecf&quot;:&quot;bb40538f-c91d-42d1-922e-233967cdc680&quot;}}
[debug] &amp;#27;[35m[W3C (1f204809)]&amp;#27;[39m Responding to client with driver.findElement() result: {&quot;element-6066-11e4-a52e-4f735466cecf&quot;:&quot;bb40538f-c91d-42d1-922e-233967cdc680&quot;,&quot;ELEMENT&quot;:&quot;bb40538f-c91d-42d1-922e-233967cdc680&quot;}
&amp;#27;[35m[HTTP]&amp;#27;[39m &amp;#27;[37m&lt;-- POST /wd/hub/session/1f204809-c2f5-4101-a635-4faf0d6c14d0/element &amp;#27;[39m&amp;#27;[32m200&amp;#27;[39m &amp;#27;[90m699 ms - 137&amp;#27;[39m
&amp;#27;[35m[HTTP]&amp;#27;[39m &amp;#27;[90m&amp;#27;[39m
&amp;#27;[35m[HTTP]&amp;#27;[39m &amp;#27;[37m--&gt;&amp;#27;[39m &amp;#27;[37mPOST&amp;#27;[39m &amp;#27;[37m/wd/hub/session/1f204809-c2f5-4101-a635-4faf0d6c14d0/element/bb40538f-c91d-42d1-922e-233967cdc680/click&amp;#27;[39m
&amp;#27;[35m[HTTP]&amp;#27;[39m &amp;#27;[90m{&quot;id&quot;:&quot;bb40538f-c91d-42d1-922e-233967cdc680&quot;}&amp;#27;[39m
[debug] &amp;#27;[35m[W3C (1f204809)]&amp;#27;[39m Calling AppiumDriver.click() with args: [&quot;bb40538f-c91d-42d1-922e-233967cdc680&quot;,&quot;1f204809-c2f5-4101-a635-4faf0d6c14d0&quot;]
[debug] &amp;#27;[35m[WD Proxy]&amp;#27;[39m Matched &apos;/element/bb40538f-c91d-42d1-922e-233967cdc680/click&apos; to command name &apos;click&apos;
[debug] &amp;#27;[35m[WD Proxy]&amp;#27;[39m Proxying [POST /element/bb40538f-c91d-42d1-922e-233967cdc680/click] to [POST http://127.0.0.1:8225/wd/hub/session/1e49554d-8610-4493-b521-6b5932fb2ffc/element/bb40538f-c91d-42d1-922e-233967cdc680/click] with body: {&quot;element&quot;:&quot;bb40538f-c91d-42d1-922e-233967cdc680&quot;}
[debug] &amp;#27;[35m[WD Proxy]&amp;#27;[39m Got response with status 200: {&quot;sessionId&quot;:&quot;1e49554d-8610-4493-b521-6b5932fb2ffc&quot;,&quot;value&quot;:null}
[debug] &amp;#27;[35m[W3C (1f204809)]&amp;#27;[39m Responding to client with driver.click() result: null
&amp;#27;[35m[HTTP]&amp;#27;[39m &amp;#27;[37m&lt;-- POST /wd/hub/session/1f204809-c2f5-4101-a635-4faf0d6c14d0/element/bb40538f-c91d-42d1-922e-233967cdc680/click &amp;#27;[39m&amp;#27;[32m200&amp;#27;[39m &amp;#27;[90m997 ms - 14&amp;#27;[39m
&amp;#27;[35m[HTTP]&amp;#27;[39m &amp;#27;[90m&amp;#27;[39m
&amp;#27;[35m[HTTP]&amp;#27;[39m &amp;#27;[37m--&gt;&amp;#27;[39m &amp;#27;[37mGET&amp;#27;[39m &amp;#27;[37m/wd/hub/session/1f204809-c2f5-4101-a635-4faf0d6c14d0/context&amp;#27;[39m
&amp;#27;[35m[HTTP]&amp;#27;[39m &amp;#27;[90m{}&amp;#27;[39m
[debug] &amp;#27;[35m[W3C (1f204809)]&amp;#27;[39m Calling AppiumDriver.getCurrentContext() with args: [&quot;1f204809-c2f5-4101-a635-4faf0d6c14d0&quot;]
[debug] &amp;#27;[35m[W3C (1f204809)]&amp;#27;[39m Responding to client with driver.getCurrentContext() result: &quot;NATIVE_APP&quot;
&amp;#27;[35m[HTTP]&amp;#27;[39m &amp;#27;[37m&lt;-- GET /wd/hub/session/1f204809-c2f5-4101-a635-4faf0d6c14d0/context &amp;#27;[39m&amp;#27;[32m200&amp;#27;[39m &amp;#27;[90m3 ms - 22&amp;#27;[39m
&amp;#27;[35m[HTTP]&amp;#27;[39m &amp;#27;[90m&amp;#27;[39m
&amp;#27;[35m[HTTP]&amp;#27;[39m &amp;#27;[37m--&gt;&amp;#27;[39m &amp;#27;[37mPOST&amp;#27;[39m &amp;#27;[37m/wd/hub/session/1f204809-c2f5-4101-a635-4faf0d6c14d0/element&amp;#27;[39m
&amp;#27;[35m[HTTP]&amp;#27;[39m &amp;#27;[90m{&quot;using&quot;:&quot;id&quot;,&quot;value&quot;:&quot;com.samsung.android.calendar:id/sesl_date_picker_calendar_header_text&quot;}&amp;#27;[39m
[debug] &amp;#27;[35m[W3C (1f204809)]&amp;#27;[39m Calling AppiumDriver.findElement() with args: [&quot;id&quot;,&quot;com.samsung.android.calendar:id/sesl_date_picker_calendar_header_text&quot;,&quot;1f204809-c2f5-4101-a635-4faf0d6c14d0&quot;]
[debug] &amp;#27;[35m[BaseDriver]&amp;#27;[39m Valid locator strategies for this request: xpath, id, class name, accessibility id, -android uiautomator
[debug] &amp;#27;[35m[BaseDriver]&amp;#27;[39m Waiting up to 10000 ms for condition
[debug] &amp;#27;[35m[WD Proxy]&amp;#27;[39m Matched &apos;/element&apos; to command name &apos;findElement&apos;
[debug] &amp;#27;[35m[WD Proxy]&amp;#27;[39m Proxying [POST /element] to [POST http://127.0.0.1:8225/wd/hub/session/1e49554d-8610-4493-b521-6b5932fb2ffc/element] with body: {&quot;strategy&quot;:&quot;id&quot;,&quot;selector&quot;:&quot;com.samsung.android.calendar:id/sesl_date_picker_calendar_header_text&quot;,&quot;context&quot;:&quot;&quot;,&quot;multiple&quot;:false}
[debug] &amp;#27;[35m[WD Proxy]&amp;#27;[39m Got response with status 200: {&quot;sessionId&quot;:&quot;1e49554d-8610-4493-b521-6b5932fb2ffc&quot;,&quot;value&quot;:{&quot;ELEMENT&quot;:&quot;b8b55092-a420-4fa9-9010-b69e40f63601&quot;,&quot;element-6066-11e4-a52e-4f735466cecf&quot;:&quot;b8b55092-a420-4fa9-9010-b69e40f63601&quot;}}
[debug] &amp;#27;[35m[W3C (1f204809)]&amp;#27;[39m Responding to client with driver.findElement() result: {&quot;element-6066-11e4-a52e-4f735466cecf&quot;:&quot;b8b55092-a420-4fa9-9010-b69e40f63601&quot;,&quot;ELEMENT&quot;:&quot;b8b55092-a420-4fa9-9010-b69e40f63601&quot;}
&amp;#27;[35m[HTTP]&amp;#27;[39m &amp;#27;[37m&lt;-- POST /wd/hub/session/1f204809-c2f5-4101-a635-4faf0d6c14d0/element &amp;#27;[39m&amp;#27;[32m200&amp;#27;[39m &amp;#27;[90m193 ms - 137&amp;#27;[39m
&amp;#27;[35m[HTTP]&amp;#27;[39m &amp;#27;[90m&amp;#27;[39m
&amp;#27;[35m[HTTP]&amp;#27;[39m &amp;#27;[37m--&gt;&amp;#27;[39m &amp;#27;[37mGET&amp;#27;[39m &amp;#27;[37m/wd/hub/session/1f204809-c2f5-4101-a635-4faf0d6c14d0/element/b8b55092-a420-4fa9-9010-b69e40f63601/text&amp;#27;[39m
&amp;#27;[35m[HTTP]&amp;#27;[39m &amp;#27;[90m{}&amp;#27;[39m
&amp;#27;[35m[W3C (1f204809)]&amp;#27;[39m Driver proxy active, passing request on via HTTP proxy
[debug] &amp;#27;[35m[WD Proxy]&amp;#27;[39m Matched &apos;/wd/hub/session/1f204809-c2f5-4101-a635-4faf0d6c14d0/element/b8b55092-a420-4fa9-9010-b69e40f63601/text&apos; to command name &apos;getText&apos;
[debug] &amp;#27;[35m[WD Proxy]&amp;#27;[39m Proxying [GET /wd/hub/session/1f204809-c2f5-4101-a635-4faf0d6c14d0/element/b8b55092-a420-4fa9-9010-b69e40f63601/text] to [GET http://127.0.0.1:8225/wd/hub/session/1e49554d-8610-4493-b521-6b5932fb2ffc/element/b8b55092-a420-4fa9-9010-b69e40f63601/text] with no body
[debug] &amp;#27;[35m[WD Proxy]&amp;#27;[39m Got response with status 200: {&quot;sessionId&quot;:&quot;1e49554d-8610-4493-b521-6b5932fb2ffc&quot;,&quot;value&quot;:&quot;February 2021&quot;}
&amp;#27;[35m[WD Proxy]&amp;#27;[39m Replacing sessionId 1e49554d-8610-4493-b521-6b5932fb2ffc with 1f204809-c2f5-4101-a635-4faf0d6c14d0
&amp;#27;[35m[HTTP]&amp;#27;[39m &amp;#27;[37m&lt;-- GET /wd/hub/session/1f204809-c2f5-4101-a635-4faf0d6c14d0/element/b8b55092-a420-4fa9-9010-b69e40f63601/text &amp;#27;[39m&amp;#27;[32m200&amp;#27;[39m &amp;#27;[90m274 ms - 76&amp;#27;[39m
&amp;#27;[35m[HTTP]&amp;#27;[39m &amp;#27;[90m&amp;#27;[39m
&amp;#27;[35m[HTTP]&amp;#27;[39m &amp;#27;[37m--&gt;&amp;#27;[39m &amp;#27;[37mGET&amp;#27;[39m &amp;#27;[37m/wd/hub/session/1f204809-c2f5-4101-a635-4faf0d6c14d0/context&amp;#27;[39m
&amp;#27;[35m[HTTP]&amp;#27;[39m &amp;#27;[90m{}&amp;#27;[39m
[debug] &amp;#27;[35m[W3C (1f204809)]&amp;#27;[39m Calling AppiumDriver.getCurrentContext() with args: [&quot;1f204809-c2f5-4101-a635-4faf0d6c14d0&quot;]
[debug] &amp;#27;[35m[W3C (1f204809)]&amp;#27;[39m Responding to client with driver.getCurrentContext() result: &quot;NATIVE_APP&quot;
&amp;#27;[35m[HTTP]&amp;#27;[39m &amp;#27;[37m&lt;-- GET /wd/hub/session/1f204809-c2f5-4101-a635-4faf0d6c14d0/context &amp;#27;[39m&amp;#27;[32m200&amp;#27;[39m &amp;#27;[90m3 ms - 22&amp;#27;[39m
&amp;#27;[35m[HTTP]&amp;#27;[39m &amp;#27;[90m&amp;#27;[39m
&amp;#27;[35m[HTTP]&amp;#27;[39m &amp;#27;[37m--&gt;&amp;#27;[39m &amp;#27;[37mPOST&amp;#27;[39m &amp;#27;[37m/wd/hub/session/1f204809-c2f5-4101-a635-4faf0d6c14d0/element&amp;#27;[39m
&amp;#27;[35m[HTTP]&amp;#27;[39m &amp;#27;[90m{&quot;using&quot;:&quot;id&quot;,&quot;value&quot;:&quot;com.samsung.android.calendar:id/sesl_date_picker_calendar_header_next_button&quot;}&amp;#27;[39m
[debug] &amp;#27;[35m[W3C (1f204809)]&amp;#27;[39m Calling AppiumDriver.findElement() with args: [&quot;id&quot;,&quot;com.samsung.android.calendar:id/sesl_date_picker_calendar_header_next_button&quot;,&quot;1f204809-c2f5-4101-a635-4faf0d6c14d0&quot;]
[debug] &amp;#27;[35m[BaseDriver]&amp;#27;[39m Valid locator strategies for this request: xpath, id, class name, accessibility id, -android uiautomator
[debug] &amp;#27;[35m[BaseDriver]&amp;#27;[39m Waiting up to 10000 ms for condition
[debug] &amp;#27;[35m[WD Proxy]&amp;#27;[39m Matched &apos;/element&apos; to command name &apos;findElement&apos;
[debug] &amp;#27;[35m[WD Proxy]&amp;#27;[39m Proxying [POST /element] to [POST http://127.0.0.1:8225/wd/hub/session/1e49554d-8610-4493-b521-6b5932fb2ffc/element] with body: {&quot;strategy&quot;:&quot;id&quot;,&quot;selector&quot;:&quot;com.samsung.android.calendar:id/sesl_date_picker_calendar_header_next_button&quot;,&quot;context&quot;:&quot;&quot;,&quot;multiple&quot;:false}
[debug] &amp;#27;[35m[WD Proxy]&amp;#27;[39m Got response with status 200: {&quot;sessionId&quot;:&quot;1e49554d-8610-4493-b521-6b5932fb2ffc&quot;,&quot;value&quot;:{&quot;ELEMENT&quot;:&quot;33a4baad-f640-47ae-bff0-d13c2f0b4dbe&quot;,&quot;element-6066-11e4-a52e-4f735466cecf&quot;:&quot;33a4baad-f640-47ae-bff0-d13c2f0b4dbe&quot;}}
[debug] &amp;#27;[35m[W3C (1f204809)]&amp;#27;[39m Responding to client with driver.findElement() result: {&quot;element-6066-11e4-a52e-4f735466cecf&quot;:&quot;33a4baad-f640-47ae-bff0-d13c2f0b4dbe&quot;,&quot;ELEMENT&quot;:&quot;33a4baad-f640-47ae-bff0-d13c2f0b4dbe&quot;}
&amp;#27;[35m[HTTP]&amp;#27;[39m &amp;#27;[37m&lt;-- POST /wd/hub/session/1f204809-c2f5-4101-a635-4faf0d6c14d0/element &amp;#27;[39m&amp;#27;[32m200&amp;#27;[39m &amp;#27;[90m120 ms - 137&amp;#27;[39m
&amp;#27;[35m[HTTP]&amp;#27;[39m &amp;#27;[90m&amp;#27;[39m
&amp;#27;[35m[HTTP]&amp;#27;[39m &amp;#27;[37m--&gt;&amp;#27;[39m &amp;#27;[37mPOST&amp;#27;[39m &amp;#27;[37m/wd/hub/session/1f204809-c2f5-4101-a635-4faf0d6c14d0/element/33a4baad-f640-47ae-bff0-d13c2f0b4dbe/click&amp;#27;[39m
&amp;#27;[35m[HTTP]&amp;#27;[39m &amp;#27;[90m{&quot;id&quot;:&quot;33a4baad-f640-47ae-bff0-d13c2f0b4dbe&quot;}&amp;#27;[39m
[debug] &amp;#27;[35m[W3C (1f204809)]&amp;#27;[39m Calling AppiumDriver.click() with args: [&quot;33a4baad-f640-47ae-bff0-d13c2f0b4dbe&quot;,&quot;1f204809-c2f5-4101-a635-4faf0d6c14d0&quot;]
[debug] &amp;#27;[35m[WD Proxy]&amp;#27;[39m Matched &apos;/element/33a4baad-f640-47ae-bff0-d13c2f0b4dbe/click&apos; to command name &apos;click&apos;
[debug] &amp;#27;[35m[WD Proxy]&amp;#27;[39m Proxying [POST /element/33a4baad-f640-47ae-bff0-d13c2f0b4dbe/click] to [POST http://127.0.0.1:8225/wd/hub/session/1e49554d-8610-4493-b521-6b5932fb2ffc/element/33a4baad-f640-47ae-bff0-d13c2f0b4dbe/click] with body: {&quot;element&quot;:&quot;33a4baad-f640-47ae-bff0-d13c2f0b4dbe&quot;}
[debug] &amp;#27;[35m[WD Proxy]&amp;#27;[39m Got response with status 200: {&quot;sessionId&quot;:&quot;1e49554d-8610-4493-b521-6b5932fb2ffc&quot;,&quot;value&quot;:null}
[debug] &amp;#27;[35m[W3C (1f204809)]&amp;#27;[39m Responding to client with driver.click() result: null
&amp;#27;[35m[HTTP]&amp;#27;[39m &amp;#27;[37m&lt;-- POST /wd/hub/session/1f204809-c2f5-4101-a635-4faf0d6c14d0/element/33a4baad-f640-47ae-bff0-d13c2f0b4dbe/click &amp;#27;[39m&amp;#27;[32m200&amp;#27;[39m &amp;#27;[90m122 ms - 14&amp;#27;[39m
&amp;#27;[35m[HTTP]&amp;#27;[39m &amp;#27;[90m&amp;#27;[39m
&amp;#27;[35m[HTTP]&amp;#27;[39m &amp;#27;[37m--&gt;&amp;#27;[39m &amp;#27;[37mGET&amp;#27;[39m &amp;#27;[37m/wd/hub/session/1f204809-c2f5-4101-a635-4faf0d6c14d0/context&amp;#27;[39m
&amp;#27;[35m[HTTP]&amp;#27;[39m &amp;#27;[90m{}&amp;#27;[39m
[debug] &amp;#27;[35m[W3C (1f204809)]&amp;#27;[39m Calling AppiumDriver.getCurrentContext() with args: [&quot;1f204809-c2f5-4101-a635-4faf0d6c14d0&quot;]
[debug] &amp;#27;[35m[W3C (1f204809)]&amp;#27;[39m Responding to client with driver.getCurrentContext() result: &quot;NATIVE_APP&quot;
&amp;#27;[35m[HTTP]&amp;#27;[39m &amp;#27;[37m&lt;-- GET /wd/hub/session/1f204809-c2f5-4101-a635-4faf0d6c14d0/context &amp;#27;[39m&amp;#27;[32m200&amp;#27;[39m &amp;#27;[90m3 ms - 22&amp;#27;[39m
&amp;#27;[35m[HTTP]&amp;#27;[39m &amp;#27;[90m&amp;#27;[39m
&amp;#27;[35m[HTTP]&amp;#27;[39m &amp;#27;[37m--&gt;&amp;#27;[39m &amp;#27;[37mPOST&amp;#27;[39m &amp;#27;[37m/wd/hub/session/1f204809-c2f5-4101-a635-4faf0d6c14d0/element&amp;#27;[39m
&amp;#27;[35m[HTTP]&amp;#27;[39m &amp;#27;[90m{&quot;using&quot;:&quot;id&quot;,&quot;value&quot;:&quot;com.samsung.android.calendar:id/sesl_date_picker_calendar_header_text&quot;}&amp;#27;[39m
[debug] &amp;#27;[35m[W3C (1f204809)]&amp;#27;[39m Calling AppiumDriver.findElement() with args: [&quot;id&quot;,&quot;com.samsung.android.calendar:id/sesl_date_picker_calendar_header_text&quot;,&quot;1f204809-c2f5-4101-a635-4faf0d6c14d0&quot;]
[debug] &amp;#27;[35m[BaseDriver]&amp;#27;[39m Valid locator strategies for this request: xpath, id, class name, accessibility id, -android uiautomator
[debug] &amp;#27;[35m[BaseDriver]&amp;#27;[39m Waiting up to 10000 ms for condition
[debug] &amp;#27;[35m[WD Proxy]&amp;#27;[39m Matched &apos;/element&apos; to command name &apos;findElement&apos;
[debug] &amp;#27;[35m[WD Proxy]&amp;#27;[39m Proxying [POST /element] to [POST http://127.0.0.1:8225/wd/hub/session/1e49554d-8610-4493-b521-6b5932fb2ffc/element] with body: {&quot;strategy&quot;:&quot;id&quot;,&quot;selector&quot;:&quot;com.samsung.android.calendar:id/sesl_date_picker_calendar_header_text&quot;,&quot;context&quot;:&quot;&quot;,&quot;multiple&quot;:false}
[debug] &amp;#27;[35m[WD Proxy]&amp;#27;[39m Got response with status 200: {&quot;sessionId&quot;:&quot;1e49554d-8610-4493-b521-6b5932fb2ffc&quot;,&quot;value&quot;:{&quot;ELEMENT&quot;:&quot;88941c32-be82-43fe-ba54-4623a015e484&quot;,&quot;element-6066-11e4-a52e-4f735466cecf&quot;:&quot;88941c32-be82-43fe-ba54-4623a015e484&quot;}}
[debug] &amp;#27;[35m[W3C (1f204809)]&amp;#27;[39m Responding to client with driver.findElement() result: {&quot;element-6066-11e4-a52e-4f735466cecf&quot;:&quot;88941c32-be82-43fe-ba54-4623a015e484&quot;,&quot;ELEMENT&quot;:&quot;88941c32-be82-43fe-ba54-4623a015e484&quot;}
&amp;#27;[35m[HTTP]&amp;#27;[39m &amp;#27;[37m&lt;-- POST /wd/hub/session/1f204809-c2f5-4101-a635-4faf0d6c14d0/element &amp;#27;[39m&amp;#27;[32m200&amp;#27;[39m &amp;#27;[90m873 ms - 137&amp;#27;[39m
&amp;#27;[35m[HTTP]&amp;#27;[39m &amp;#27;[90m&amp;#27;[39m
&amp;#27;[35m[HTTP]&amp;#27;[39m &amp;#27;[37m--&gt;&amp;#27;[39m &amp;#27;[37mGET&amp;#27;[39m &amp;#27;[37m/wd/hub/session/1f204809-c2f5-4101-a635-4faf0d6c14d0/element/88941c32-be82-43fe-ba54-4623a015e484/text&amp;#27;[39m
&amp;#27;[35m[HTTP]&amp;#27;[39m &amp;#27;[90m{}&amp;#27;[39m
&amp;#27;[35m[W3C (1f204809)]&amp;#27;[39m Driver proxy active, passing request on via HTTP proxy
[debug] &amp;#27;[35m[WD Proxy]&amp;#27;[39m Matched &apos;/wd/hub/session/1f204809-c2f5-4101-a635-4faf0d6c14d0/element/88941c32-be82-43fe-ba54-4623a015e484/text&apos; to command name &apos;getText&apos;
[debug] &amp;#27;[35m[WD Proxy]&amp;#27;[39m Proxying [GET /wd/hub/session/1f204809-c2f5-4101-a635-4faf0d6c14d0/element/88941c32-be82-43fe-ba54-4623a015e484/text] to [GET http://127.0.0.1:8225/wd/hub/session/1e49554d-8610-4493-b521-6b5932fb2ffc/element/88941c32-be82-43fe-ba54-4623a015e484/text] with no body
[debug] &amp;#27;[35m[WD Proxy]&amp;#27;[39m Got response with status 200: {&quot;sessionId&quot;:&quot;1e49554d-8610-4493-b521-6b5932fb2ffc&quot;,&quot;value&quot;:&quot;March 2021&quot;}
&amp;#27;[35m[WD Proxy]&amp;#27;[39m Replacing sessionId 1e49554d-8610-4493-b521-6b5932fb2ffc with 1f204809-c2f5-4101-a635-4faf0d6c14d0
&amp;#27;[35m[HTTP]&amp;#27;[39m &amp;#27;[37m&lt;-- GET /wd/hub/session/1f204809-c2f5-4101-a635-4faf0d6c14d0/element/88941c32-be82-43fe-ba54-4623a015e484/text &amp;#27;[39m&amp;#27;[32m200&amp;#27;[39m &amp;#27;[90m136 ms - 73&amp;#27;[39m
&amp;#27;[35m[HTTP]&amp;#27;[39m &amp;#27;[90m&amp;#27;[39m
&amp;#27;[35m[HTTP]&amp;#27;[39m &amp;#27;[37m--&gt;&amp;#27;[39m &amp;#27;[37mGET&amp;#27;[39m &amp;#27;[37m/wd/hub/session/1f204809-c2f5-4101-a635-4faf0d6c14d0/context&amp;#27;[39m
&amp;#27;[35m[HTTP]&amp;#27;[39m &amp;#27;[90m{}&amp;#27;[39m
[debug] &amp;#27;[35m[W3C (1f204809)]&amp;#27;[39m Calling AppiumDriver.getCurrentContext() with args: [&quot;1f204809-c2f5-4101-a635-4faf0d6c14d0&quot;]
[debug] &amp;#27;[35m[W3C (1f204809)]&amp;#27;[39m Responding to client with driver.getCurrentContext() result: &quot;NATIVE_APP&quot;
&amp;#27;[35m[HTTP]&amp;#27;[39m &amp;#27;[37m&lt;-- GET /wd/hub/session/1f204809-c2f5-4101-a635-4faf0d6c14d0/context &amp;#27;[39m&amp;#27;[32m200&amp;#27;[39m &amp;#27;[90m3 ms - 22&amp;#27;[39m
&amp;#27;[35m[HTTP]&amp;#27;[39m &amp;#27;[90m&amp;#27;[39m
&amp;#27;[35m[HTTP]&amp;#27;[39m &amp;#27;[37m--&gt;&amp;#27;[39m &amp;#27;[37mPOST&amp;#27;[39m &amp;#27;[37m/wd/hub/session/1f204809-c2f5-4101-a635-4faf0d6c14d0/elements&amp;#27;[39m
&amp;#27;[35m[HTTP]&amp;#27;[39m &amp;#27;[90m{&quot;using&quot;:&quot;class name&quot;,&quot;value&quot;:&quot;android.view.View&quot;}&amp;#27;[39m
[debug] &amp;#27;[35m[W3C (1f204809)]&amp;#27;[39m Calling AppiumDriver.findElements() with args: [&quot;class name&quot;,&quot;android.view.View&quot;,&quot;1f204809-c2f5-4101-a635-4faf0d6c14d0&quot;]
[debug] &amp;#27;[35m[BaseDriver]&amp;#27;[39m Valid locator strategies for this request: xpath, id, class name, accessibility id, -android uiautomator
[debug] &amp;#27;[35m[BaseDriver]&amp;#27;[39m Waiting up to 10000 ms for condition
[debug] &amp;#27;[35m[WD Proxy]&amp;#27;[39m Matched &apos;/elements&apos; to command name &apos;findElements&apos;
[debug] &amp;#27;[35m[WD Proxy]&amp;#27;[39m Proxying [POST /elements] to [POST http://127.0.0.1:8225/wd/hub/session/1e49554d-8610-4493-b521-6b5932fb2ffc/elements] with body: {&quot;strategy&quot;:&quot;class name&quot;,&quot;selector&quot;:&quot;android.view.View&quot;,&quot;context&quot;:&quot;&quot;,&quot;multiple&quot;:true}
[debug] &amp;#27;[35m[WD Proxy]&amp;#27;[39m Got response with status 200: {&quot;sessionId&quot;:&quot;1e49554d-8610-4493-b521-6b5932fb2ffc&quot;,&quot;value&quot;:[{&quot;ELEMENT&quot;:&quot;08c341c9-be1f-4f56-9137-d0ecb433e96d&quot;,&quot;element-6066-11e4-a52e-4f735466cecf&quot;:&quot;08c341c9-be1f-4f56-9137-d0ecb433e96d&quot;},{&quot;ELEMENT&quot;:&quot;6048433c-f583-4ef6-a9e3-401d6d21d9dd&quot;,&quot;element-6066-11e4-a52e-4f735466cecf&quot;:&quot;6048433c-f583-4ef6-a9e3-401d6d21d9dd&quot;},{&quot;ELEMENT&quot;:&quot;225b334c-e384-47f2-a122-7ba7d96c7786&quot;,&quot;element-6066-11e4-a52e-4f735466cecf&quot;:&quot;225b334c-e384-47f2-a122-7ba7d96c7786&quot;},{&quot;ELEMENT&quot;:&quot;47ff50e7-95bb-4a0c-a2a2-72694c6a6bd4&quot;,&quot;element-6066-11e4-a52e-4f735466cecf&quot;:&quot;47ff50e7-95bb-4a0c-a2a2-72694c6a6bd4&quot;},{&quot;ELEMENT&quot;:&quot;a96bacc5-6820-4bec-8d70-a5797925af38&quot;,&quot;element-6066-11e4-a52e-4f735466cecf&quot;:&quot;a96bacc5-6820-4bec-8d70-a5797925af38&quot;},{&quot;ELEMENT&quot;:&quot;e4fb32c7-de68-46aa-a95b-542f1e53a521&quot;,&quot;element-6066-11e4-a52e-4f735466cecf&quot;:&quot;e4fb32c7-de68-46aa-a95b-542f1e53a521&quot;},{&quot;ELEMENT&quot;:&quot;b578e353-3c0a-4f53-a6f7-877743a3cbcf&quot;,&quot;element-6066-11e4-a52e-4f735466cecf&quot;:&quot;b578e353-3c0a-4f53-a6f7-877743a3cbcf&quot;},{&quot;ELEMENT&quot;:&quot;7c4c3160-b81a-49fa-b300-6a84aceafd54&quot;,&quot;element-6066-...
[debug] &amp;#27;[35m[W3C (1f204809)]&amp;#27;[39m Responding to client with driver.findElements() result: [{&quot;element-6066-11e4-a52e-4f735466cecf&quot;:&quot;08c341c9-be1f-4f56-9137-d0ecb433e96d&quot;,&quot;ELEMENT&quot;:&quot;08c341c9-be1f-4f56-9137-d0ecb433e96d&quot;},{&quot;element-6066-11e4-a52e-4f735466cecf&quot;:&quot;6048433c-f583-4ef6-a9e3-401d6d21d9dd&quot;,&quot;ELEMENT&quot;:&quot;6048433c-f583-4ef6-a9e3-401d6d21d9dd&quot;},{&quot;element-6066-11e4-a52e-4f735466cecf&quot;:&quot;225b334c-e384-47f2-a122-7ba7d96c7786&quot;,&quot;ELEMENT&quot;:&quot;225b334c-e384-47f2-a122-7ba7d96c7786&quot;},{&quot;element-6066-11e4-a52e-4f735466cecf&quot;:&quot;47ff50e7-95bb-4a0c-a2a2-72694c6a6bd4&quot;,&quot;ELEMENT&quot;:&quot;47ff50e7-95bb-4a0c-a2a2-72694c6a6bd4&quot;},{&quot;element-6066-11e4-a52e-4f735466cecf&quot;:&quot;a96bacc5-6820-4bec-8d70-a5797925af38&quot;,&quot;ELEMENT&quot;:&quot;a96bacc5-6820-4bec-8d70-a5797925af38&quot;},{&quot;element-6066-11e4-a52e-4f735466cecf&quot;:&quot;e4fb32c7-de68-46aa-a95b-542f1e53a521&quot;,&quot;ELEMENT&quot;:&quot;e4fb32c7-de68-46aa-a95b-542f1e53a521&quot;},{&quot;element-6066-11e4-a52e-4f735466cecf&quot;:&quot;b578e353-3c0a-4f53-a6f7-877743a3cbcf&quot;,&quot;ELEMENT&quot;:&quot;b578e353-3c0a-4f53-a6f7-877743a3cbcf&quot;},{&quot;element-6066-11e4-a52e-4f735466cecf&quot;:&quot;7c4c3160-b81a-49fa-b300-6a84aceafd54&quot;,&quot;ELEMENT&quot;:&quot;7c4c3160-b81a-49fa-b300-6a84aceafd5...
&amp;#27;[35m[HTTP]&amp;#27;[39m &amp;#27;[37m&lt;-- POST /wd/hub/session/1f204809-c2f5-4101-a635-4faf0d6c14d0/elements &amp;#27;[39m&amp;#27;[32m200&amp;#27;[39m &amp;#27;[90m497 ms - 6283&amp;#27;[39m
&amp;#27;[35m[HTTP]&amp;#27;[39m &amp;#27;[90m&amp;#27;[39m
&amp;#27;[35m[HTTP]&amp;#27;[39m &amp;#27;[37m--&gt;&amp;#27;[39m &amp;#27;[37mPOST&amp;#27;[39m &amp;#27;[37m/wd/hub/session/1f204809-c2f5-4101-a635-4faf0d6c14d0/element/adff7266-8488-4d55-95db-e4d9d6288777/click&amp;#27;[39m
&amp;#27;[35m[HTTP]&amp;#27;[39m &amp;#27;[90m{&quot;id&quot;:&quot;adff7266-8488-4d55-95db-e4d9d6288777&quot;}&amp;#27;[39m
[debug] &amp;#27;[35m[W3C (1f204809)]&amp;#27;[39m Calling AppiumDriver.click() with args: [&quot;adff7266-8488-4d55-95db-e4d9d6288777&quot;,&quot;1f204809-c2f5-4101-a635-4faf0d6c14d0&quot;]
[debug] &amp;#27;[35m[WD Proxy]&amp;#27;[39m Matched &apos;/element/adff7266-8488-4d55-95db-e4d9d6288777/click&apos; to command name &apos;click&apos;
[debug] &amp;#27;[35m[WD Proxy]&amp;#27;[39m Proxying [POST /element/adff7266-8488-4d55-95db-e4d9d6288777/click] to [POST http://127.0.0.1:8225/wd/hub/session/1e49554d-8610-4493-b521-6b5932fb2ffc/element/adff7266-8488-4d55-95db-e4d9d6288777/click] with body: {&quot;element&quot;:&quot;adff7266-8488-4d55-95db-e4d9d6288777&quot;}
[debug] &amp;#27;[35m[WD Proxy]&amp;#27;[39m Got response with status 200: {&quot;sessionId&quot;:&quot;1e49554d-8610-4493-b521-6b5932fb2ffc&quot;,&quot;value&quot;:null}
[debug] &amp;#27;[35m[W3C (1f204809)]&amp;#27;[39m Responding to client with driver.click() result: null
&amp;#27;[35m[HTTP]&amp;#27;[39m &amp;#27;[37m&lt;-- POST /wd/hub/session/1f204809-c2f5-4101-a635-4faf0d6c14d0/element/adff7266-8488-4d55-95db-e4d9d6288777/click &amp;#27;[39m&amp;#27;[32m200&amp;#27;[39m &amp;#27;[90m169 ms - 14&amp;#27;[39m
&amp;#27;[35m[HTTP]&amp;#27;[39m &amp;#27;[90m&amp;#27;[39m
&amp;#27;[35m[HTTP]&amp;#27;[39m &amp;#27;[37m--&gt;&amp;#27;[39m &amp;#27;[37mPOST&amp;#27;[39m &amp;#27;[37m/wd/hub/session/1f204809-c2f5-4101-a635-4faf0d6c14d0/element&amp;#27;[39m
&amp;#27;[35m[HTTP]&amp;#27;[39m &amp;#27;[90m{&quot;using&quot;:&quot;-android uiautomator&quot;,&quot;value&quot;:&quot;new UiScrollable(new UiSelector()).scrollIntoView(new UiSelector().text(\&quot;Don&apos;t repeat\&quot;));&quot;}&amp;#27;[39m
[debug] &amp;#27;[35m[W3C (1f204809)]&amp;#27;[39m Calling AppiumDriver.findElement() with args: [&quot;-android uiautomator&quot;,&quot;new UiScrollable(new UiSelector()).scrollIntoView(new UiSelector().text(\&quot;Don&apos;t repeat\&quot;));&quot;,&quot;1f204809-c2f5-4101-a635-4faf0d6c14d0&quot;]
[debug] &amp;#27;[35m[BaseDriver]&amp;#27;[39m Valid locator strategies for this request: xpath, id, class name, accessibility id, -android uiautomator
[debug] &amp;#27;[35m[BaseDriver]&amp;#27;[39m Waiting up to 10000 ms for condition
[debug] &amp;#27;[35m[WD Proxy]&amp;#27;[39m Matched &apos;/element&apos; to command name &apos;findElement&apos;
[debug] &amp;#27;[35m[WD Proxy]&amp;#27;[39m Proxying [POST /element] to [POST http://127.0.0.1:8225/wd/hub/session/1e49554d-8610-4493-b521-6b5932fb2ffc/element] with body: {&quot;strategy&quot;:&quot;-android uiautomator&quot;,&quot;selector&quot;:&quot;new UiScrollable(new UiSelector()).scrollIntoView(new UiSelector().text(\&quot;Don&apos;t repeat\&quot;));&quot;,&quot;context&quot;:&quot;&quot;,&quot;multiple&quot;:false}
[debug] &amp;#27;[35m[WD Proxy]&amp;#27;[39m Got response with status 200: {&quot;sessionId&quot;:&quot;1e49554d-8610-4493-b521-6b5932fb2ffc&quot;,&quot;value&quot;:{&quot;ELEMENT&quot;:&quot;f1b38108-5b1a-4ed3-8c8c-0eadf45ff46e&quot;,&quot;element-6066-11e4-a52e-4f735466cecf&quot;:&quot;f1b38108-5b1a-4ed3-8c8c-0eadf45ff46e&quot;}}
[debug] &amp;#27;[35m[W3C (1f204809)]&amp;#27;[39m Responding to client with driver.findElement() result: {&quot;element-6066-11e4-a52e-4f735466cecf&quot;:&quot;f1b38108-5b1a-4ed3-8c8c-0eadf45ff46e&quot;,&quot;ELEMENT&quot;:&quot;f1b38108-5b1a-4ed3-8c8c-0eadf45ff46e&quot;}
&amp;#27;[35m[HTTP]&amp;#27;[39m &amp;#27;[37m&lt;-- POST /wd/hub/session/1f204809-c2f5-4101-a635-4faf0d6c14d0/element &amp;#27;[39m&amp;#27;[32m200&amp;#27;[39m &amp;#27;[90m198 ms - 137&amp;#27;[39m
&amp;#27;[35m[HTTP]&amp;#27;[39m &amp;#27;[90m&amp;#27;[39m
&amp;#27;[35m[HTTP]&amp;#27;[39m &amp;#27;[37m--&gt;&amp;#27;[39m &amp;#27;[37mGET&amp;#27;[39m &amp;#27;[37m/wd/hub/session/1f204809-c2f5-4101-a635-4faf0d6c14d0/context&amp;#27;[39m
&amp;#27;[35m[HTTP]&amp;#27;[39m &amp;#27;[90m{}&amp;#27;[39m
[debug] &amp;#27;[35m[W3C (1f204809)]&amp;#27;[39m Calling AppiumDriver.getCurrentContext() with args: [&quot;1f204809-c2f5-4101-a635-4faf0d6c14d0&quot;]
[debug] &amp;#27;[35m[W3C (1f204809)]&amp;#27;[39m Responding to client with driver.getCurrentContext() result: &quot;NATIVE_APP&quot;
&amp;#27;[35m[HTTP]&amp;#27;[39m &amp;#27;[37m&lt;-- GET /wd/hub/session/1f204809-c2f5-4101-a635-4faf0d6c14d0/context &amp;#27;[39m&amp;#27;[32m200&amp;#27;[39m &amp;#27;[90m5 ms - 22&amp;#27;[39m
&amp;#27;[35m[HTTP]&amp;#27;[39m &amp;#27;[90m&amp;#27;[39m
&amp;#27;[35m[HTTP]&amp;#27;[39m &amp;#27;[37m--&gt;&amp;#27;[39m &amp;#27;[37mPOST&amp;#27;[39m &amp;#27;[37m/wd/hub/session/1f204809-c2f5-4101-a635-4faf0d6c14d0/element&amp;#27;[39m
&amp;#27;[35m[HTTP]&amp;#27;[39m &amp;#27;[90m{&quot;using&quot;:&quot;id&quot;,&quot;value&quot;:&quot;com.samsung.android.calendar:id/repeat_text&quot;}&amp;#27;[39m
[debug] &amp;#27;[35m[W3C (1f204809)]&amp;#27;[39m Calling AppiumDriver.findElement() with args: [&quot;id&quot;,&quot;com.samsung.android.calendar:id/repeat_text&quot;,&quot;1f204809-c2f5-4101-a635-4faf0d6c14d0&quot;]
[debug] &amp;#27;[35m[BaseDriver]&amp;#27;[39m Valid locator strategies for this request: xpath, id, class name, accessibility id, -android uiautomator
[debug] &amp;#27;[35m[BaseDriver]&amp;#27;[39m Waiting up to 10000 ms for condition
[debug] &amp;#27;[35m[WD Proxy]&amp;#27;[39m Matched &apos;/element&apos; to command name &apos;findElement&apos;
[debug] &amp;#27;[35m[WD Proxy]&amp;#27;[39m Proxying [POST /element] to [POST http://127.0.0.1:8225/wd/hub/session/1e49554d-8610-4493-b521-6b5932fb2ffc/element] with body: {&quot;strategy&quot;:&quot;id&quot;,&quot;selector&quot;:&quot;com.samsung.android.calendar:id/repeat_text&quot;,&quot;context&quot;:&quot;&quot;,&quot;multiple&quot;:false}
[debug] &amp;#27;[35m[WD Proxy]&amp;#27;[39m Got response with status 200: {&quot;sessionId&quot;:&quot;1e49554d-8610-4493-b521-6b5932fb2ffc&quot;,&quot;value&quot;:{&quot;ELEMENT&quot;:&quot;04a9f616-fe07-4d28-8254-1c6da2a29dd1&quot;,&quot;element-6066-11e4-a52e-4f735466cecf&quot;:&quot;04a9f616-fe07-4d28-8254-1c6da2a29dd1&quot;}}
[debug] &amp;#27;[35m[W3C (1f204809)]&amp;#27;[39m Responding to client with driver.findElement() result: {&quot;element-6066-11e4-a52e-4f735466cecf&quot;:&quot;04a9f616-fe07-4d28-8254-1c6da2a29dd1&quot;,&quot;ELEMENT&quot;:&quot;04a9f616-fe07-4d28-8254-1c6da2a29dd1&quot;}
&amp;#27;[35m[HTTP]&amp;#27;[39m &amp;#27;[37m&lt;-- POST /wd/hub/session/1f204809-c2f5-4101-a635-4faf0d6c14d0/element &amp;#27;[39m&amp;#27;[32m200&amp;#27;[39m &amp;#27;[90m102 ms - 137&amp;#27;[39m
&amp;#27;[35m[HTTP]&amp;#27;[39m &amp;#27;[90m&amp;#27;[39m
&amp;#27;[35m[HTTP]&amp;#27;[39m &amp;#27;[37m--&gt;&amp;#27;[39m &amp;#27;[37mPOST&amp;#27;[39m &amp;#27;[37m/wd/hub/session/1f204809-c2f5-4101-a635-4faf0d6c14d0/element/04a9f616-fe07-4d28-8254-1c6da2a29dd1/click&amp;#27;[39m
&amp;#27;[35m[HTTP]&amp;#27;[39m &amp;#27;[90m{&quot;id&quot;:&quot;04a9f616-fe07-4d28-8254-1c6da2a29dd1&quot;}&amp;#27;[39m
[debug] &amp;#27;[35m[W3C (1f204809)]&amp;#27;[39m Calling AppiumDriver.click() with args: [&quot;04a9f616-fe07-4d28-8254-1c6da2a29dd1&quot;,&quot;1f204809-c2f5-4101-a635-4faf0d6c14d0&quot;]
[debug] &amp;#27;[35m[WD Proxy]&amp;#27;[39m Matched &apos;/element/04a9f616-fe07-4d28-8254-1c6da2a29dd1/click&apos; to command name &apos;click&apos;
[debug] &amp;#27;[35m[WD Proxy]&amp;#27;[39m Proxying [POST /element/04a9f616-fe07-4d28-8254-1c6da2a29dd1/click] to [POST http://127.0.0.1:8225/wd/hub/session/1e49554d-8610-4493-b521-6b5932fb2ffc/element/04a9f616-fe07-4d28-8254-1c6da2a29dd1/click] with body: {&quot;element&quot;:&quot;04a9f616-fe07-4d28-8254-1c6da2a29dd1&quot;}
[debug] &amp;#27;[35m[WD Proxy]&amp;#27;[39m Got response with status 200: {&quot;sessionId&quot;:&quot;1e49554d-8610-4493-b521-6b5932fb2ffc&quot;,&quot;value&quot;:null}
[debug] &amp;#27;[35m[W3C (1f204809)]&amp;#27;[39m Responding to client with driver.click() result: null
&amp;#27;[35m[HTTP]&amp;#27;[39m &amp;#27;[37m&lt;-- POST /wd/hub/session/1f204809-c2f5-4101-a635-4faf0d6c14d0/element/04a9f616-fe07-4d28-8254-1c6da2a29dd1/click &amp;#27;[39m&amp;#27;[32m200&amp;#27;[39m &amp;#27;[90m78 ms - 14&amp;#27;[39m
&amp;#27;[35m[HTTP]&amp;#27;[39m &amp;#27;[90m&amp;#27;[39m
&amp;#27;[35m[HTTP]&amp;#27;[39m &amp;#27;[37m--&gt;&amp;#27;[39m &amp;#27;[37mGET&amp;#27;[39m &amp;#27;[37m/wd/hub/session/1f204809-c2f5-4101-a635-4faf0d6c14d0/context&amp;#27;[39m
&amp;#27;[35m[HTTP]&amp;#27;[39m &amp;#27;[90m{}&amp;#27;[39m
[debug] &amp;#27;[35m[W3C (1f204809)]&amp;#27;[39m Calling AppiumDriver.getCurrentContext() with args: [&quot;1f204809-c2f5-4101-a635-4faf0d6c14d0&quot;]
[debug] &amp;#27;[35m[W3C (1f204809)]&amp;#27;[39m Responding to client with driver.getCurrentContext() result: &quot;NATIVE_APP&quot;
&amp;#27;[35m[HTTP]&amp;#27;[39m &amp;#27;[37m&lt;-- GET /wd/hub/session/1f204809-c2f5-4101-a635-4faf0d6c14d0/context &amp;#27;[39m&amp;#27;[32m200&amp;#27;[39m &amp;#27;[90m3 ms - 22&amp;#27;[39m
&amp;#27;[35m[HTTP]&amp;#27;[39m &amp;#27;[90m&amp;#27;[39m
&amp;#27;[35m[HTTP]&amp;#27;[39m &amp;#27;[37m--&gt;&amp;#27;[39m &amp;#27;[37mPOST&amp;#27;[39m &amp;#27;[37m/wd/hub/session/1f204809-c2f5-4101-a635-4faf0d6c14d0/elements&amp;#27;[39m
&amp;#27;[35m[HTTP]&amp;#27;[39m &amp;#27;[90m{&quot;using&quot;:&quot;class name&quot;,&quot;value&quot;:&quot;android.widget.RadioButton&quot;}&amp;#27;[39m
[debug] &amp;#27;[35m[W3C (1f204809)]&amp;#27;[39m Calling AppiumDriver.findElements() with args: [&quot;class name&quot;,&quot;android.widget.RadioButton&quot;,&quot;1f204809-c2f5-4101-a635-4faf0d6c14d0&quot;]
[debug] &amp;#27;[35m[BaseDriver]&amp;#27;[39m Valid locator strategies for this request: xpath, id, class name, accessibility id, -android uiautomator
[debug] &amp;#27;[35m[BaseDriver]&amp;#27;[39m Waiting up to 10000 ms for condition
[debug] &amp;#27;[35m[WD Proxy]&amp;#27;[39m Matched &apos;/elements&apos; to command name &apos;findElements&apos;
[debug] &amp;#27;[35m[WD Proxy]&amp;#27;[39m Proxying [POST /elements] to [POST http://127.0.0.1:8225/wd/hub/session/1e49554d-8610-4493-b521-6b5932fb2ffc/elements] with body: {&quot;strategy&quot;:&quot;class name&quot;,&quot;selector&quot;:&quot;android.widget.RadioButton&quot;,&quot;context&quot;:&quot;&quot;,&quot;multiple&quot;:true}
[debug] &amp;#27;[35m[WD Proxy]&amp;#27;[39m Got response with status 200: {&quot;sessionId&quot;:&quot;1e49554d-8610-4493-b521-6b5932fb2ffc&quot;,&quot;value&quot;:[{&quot;ELEMENT&quot;:&quot;27701c21-2eef-49c6-8d9e-2fea65a5e25d&quot;,&quot;element-6066-11e4-a52e-4f735466cecf&quot;:&quot;27701c21-2eef-49c6-8d9e-2fea65a5e25d&quot;},{&quot;ELEMENT&quot;:&quot;4214b36c-129a-4559-921c-4ee0378205b3&quot;,&quot;element-6066-11e4-a52e-4f735466cecf&quot;:&quot;4214b36c-129a-4559-921c-4ee0378205b3&quot;},{&quot;ELEMENT&quot;:&quot;4e93fcd2-ebf4-4e5b-adb4-fe71a93167cb&quot;,&quot;element-6066-11e4-a52e-4f735466cecf&quot;:&quot;4e93fcd2-ebf4-4e5b-adb4-fe71a93167cb&quot;},{&quot;ELEMENT&quot;:&quot;6f149743-85ff-40a1-86f6-08b478f4e9a4&quot;,&quot;element-6066-11e4-a52e-4f735466cecf&quot;:&quot;6f149743-85ff-40a1-86f6-08b478f4e9a4&quot;},{&quot;ELEMENT&quot;:&quot;f976b8d8-3820-4baf-8e71-dac001e92fdf&quot;,&quot;element-6066-11e4-a52e-4f735466cecf&quot;:&quot;f976b8d8-3820-4baf-8e71-dac001e92fdf&quot;},{&quot;ELEMENT&quot;:&quot;d7243ca0-8fa8-4353-9c36-7bfc07670f1a&quot;,&quot;element-6066-11e4-a52e-4f735466cecf&quot;:&quot;d7243ca0-8fa8-4353-9c36-7bfc07670f1a&quot;}]}
[debug] &amp;#27;[35m[W3C (1f204809)]&amp;#27;[39m Responding to client with driver.findElements() result: [{&quot;element-6066-11e4-a52e-4f735466cecf&quot;:&quot;27701c21-2eef-49c6-8d9e-2fea65a5e25d&quot;,&quot;ELEMENT&quot;:&quot;27701c21-2eef-49c6-8d9e-2fea65a5e25d&quot;},{&quot;element-6066-11e4-a52e-4f735466cecf&quot;:&quot;4214b36c-129a-4559-921c-4ee0378205b3&quot;,&quot;ELEMENT&quot;:&quot;4214b36c-129a-4559-921c-4ee0378205b3&quot;},{&quot;element-6066-11e4-a52e-4f735466cecf&quot;:&quot;4e93fcd2-ebf4-4e5b-adb4-fe71a93167cb&quot;,&quot;ELEMENT&quot;:&quot;4e93fcd2-ebf4-4e5b-adb4-fe71a93167cb&quot;},{&quot;element-6066-11e4-a52e-4f735466cecf&quot;:&quot;6f149743-85ff-40a1-86f6-08b478f4e9a4&quot;,&quot;ELEMENT&quot;:&quot;6f149743-85ff-40a1-86f6-08b478f4e9a4&quot;},{&quot;element-6066-11e4-a52e-4f735466cecf&quot;:&quot;f976b8d8-3820-4baf-8e71-dac001e92fdf&quot;,&quot;ELEMENT&quot;:&quot;f976b8d8-3820-4baf-8e71-dac001e92fdf&quot;},{&quot;element-6066-11e4-a52e-4f735466cecf&quot;:&quot;d7243ca0-8fa8-4353-9c36-7bfc07670f1a&quot;,&quot;ELEMENT&quot;:&quot;d7243ca0-8fa8-4353-9c36-7bfc07670f1a&quot;}]
&amp;#27;[35m[HTTP]&amp;#27;[39m &amp;#27;[37m&lt;-- POST /wd/hub/session/1f204809-c2f5-4101-a635-4faf0d6c14d0/elements &amp;#27;[39m&amp;#27;[32m200&amp;#27;[39m &amp;#27;[90m742 ms - 779&amp;#27;[39m
&amp;#27;[35m[HTTP]&amp;#27;[39m &amp;#27;[90m&amp;#27;[39m
&amp;#27;[35m[HTTP]&amp;#27;[39m &amp;#27;[37m--&gt;&amp;#27;[39m &amp;#27;[37mPOST&amp;#27;[39m &amp;#27;[37m/wd/hub/session/1f204809-c2f5-4101-a635-4faf0d6c14d0/element/d7243ca0-8fa8-4353-9c36-7bfc07670f1a/click&amp;#27;[39m
&amp;#27;[35m[HTTP]&amp;#27;[39m &amp;#27;[90m{&quot;id&quot;:&quot;d7243ca0-8fa8-4353-9c36-7bfc07670f1a&quot;}&amp;#27;[39m
[debug] &amp;#27;[35m[W3C (1f204809)]&amp;#27;[39m Calling AppiumDriver.click() with args: [&quot;d7243ca0-8fa8-4353-9c36-7bfc07670f1a&quot;,&quot;1f204809-c2f5-4101-a635-4faf0d6c14d0&quot;]
[debug] &amp;#27;[35m[WD Proxy]&amp;#27;[39m Matched &apos;/element/d7243ca0-8fa8-4353-9c36-7bfc07670f1a/click&apos; to command name &apos;click&apos;
[debug] &amp;#27;[35m[WD Proxy]&amp;#27;[39m Proxying [POST /element/d7243ca0-8fa8-4353-9c36-7bfc07670f1a/click] to [POST http://127.0.0.1:8225/wd/hub/session/1e49554d-8610-4493-b521-6b5932fb2ffc/element/d7243ca0-8fa8-4353-9c36-7bfc07670f1a/click] with body: {&quot;element&quot;:&quot;d7243ca0-8fa8-4353-9c36-7bfc07670f1a&quot;}
[debug] &amp;#27;[35m[WD Proxy]&amp;#27;[39m Got response with status 200: {&quot;sessionId&quot;:&quot;1e49554d-8610-4493-b521-6b5932fb2ffc&quot;,&quot;value&quot;:null}
[debug] &amp;#27;[35m[W3C (1f204809)]&amp;#27;[39m Responding to client with driver.click() result: null
&amp;#27;[35m[HTTP]&amp;#27;[39m &amp;#27;[37m&lt;-- POST /wd/hub/session/1f204809-c2f5-4101-a635-4faf0d6c14d0/element/d7243ca0-8fa8-4353-9c36-7bfc07670f1a/click &amp;#27;[39m&amp;#27;[32m200&amp;#27;[39m &amp;#27;[90m759 ms - 14&amp;#27;[39m
&amp;#27;[35m[HTTP]&amp;#27;[39m &amp;#27;[90m&amp;#27;[39m
&amp;#27;[35m[HTTP]&amp;#27;[39m &amp;#27;[37m--&gt;&amp;#27;[39m &amp;#27;[37mGET&amp;#27;[39m &amp;#27;[37m/wd/hub/session/1f204809-c2f5-4101-a635-4faf0d6c14d0/context&amp;#27;[39m
&amp;#27;[35m[HTTP]&amp;#27;[39m &amp;#27;[90m{}&amp;#27;[39m
[debug] &amp;#27;[35m[W3C (1f204809)]&amp;#27;[39m Calling AppiumDriver.getCurrentContext() with args: [&quot;1f204809-c2f5-4101-a635-4faf0d6c14d0&quot;]
[debug] &amp;#27;[35m[W3C (1f204809)]&amp;#27;[39m Responding to client with driver.getCurrentContext() result: &quot;NATIVE_APP&quot;
&amp;#27;[35m[HTTP]&amp;#27;[39m &amp;#27;[37m&lt;-- GET /wd/hub/session/1f204809-c2f5-4101-a635-4faf0d6c14d0/context &amp;#27;[39m&amp;#27;[32m200&amp;#27;[39m &amp;#27;[90m4 ms - 22&amp;#27;[39m
&amp;#27;[35m[HTTP]&amp;#27;[39m &amp;#27;[90m&amp;#27;[39m
&amp;#27;[35m[HTTP]&amp;#27;[39m &amp;#27;[37m--&gt;&amp;#27;[39m &amp;#27;[37mPOST&amp;#27;[39m &amp;#27;[37m/wd/hub/session/1f204809-c2f5-4101-a635-4faf0d6c14d0/element&amp;#27;[39m
&amp;#27;[35m[HTTP]&amp;#27;[39m &amp;#27;[90m{&quot;using&quot;:&quot;xpath&quot;,&quot;value&quot;:&quot;//android.widget.Button[@text=&apos;week, , &apos;]&quot;}&amp;#27;[39m
[debug] &amp;#27;[35m[W3C (1f204809)]&amp;#27;[39m Calling AppiumDriver.findElement() with args: [&quot;xpath&quot;,&quot;//android.widget.Button[@text=&apos;week, , &apos;]&quot;,&quot;1f204809-c2f5-4101-a635-4faf0d6c14d0&quot;]
[debug] &amp;#27;[35m[BaseDriver]&amp;#27;[39m Valid locator strategies for this request: xpath, id, class name, accessibility id, -android uiautomator
[debug] &amp;#27;[35m[BaseDriver]&amp;#27;[39m Waiting up to 10000 ms for condition
[debug] &amp;#27;[35m[WD Proxy]&amp;#27;[39m Matched &apos;/element&apos; to command name &apos;findElement&apos;
[debug] &amp;#27;[35m[WD Proxy]&amp;#27;[39m Proxying [POST /element] to [POST http://127.0.0.1:8225/wd/hub/session/1e49554d-8610-4493-b521-6b5932fb2ffc/element] with body: {&quot;strategy&quot;:&quot;xpath&quot;,&quot;selector&quot;:&quot;//android.widget.Button[@text=&apos;week, , &apos;]&quot;,&quot;context&quot;:&quot;&quot;,&quot;multiple&quot;:false}
[debug] &amp;#27;[35m[WD Proxy]&amp;#27;[39m Got response with status 200: {&quot;sessionId&quot;:&quot;1e49554d-8610-4493-b521-6b5932fb2ffc&quot;,&quot;value&quot;:{&quot;ELEMENT&quot;:&quot;81af4b43-d348-4b33-ba04-dd6f18a68c3d&quot;,&quot;element-6066-11e4-a52e-4f735466cecf&quot;:&quot;81af4b43-d348-4b33-ba04-dd6f18a68c3d&quot;}}
[debug] &amp;#27;[35m[W3C (1f204809)]&amp;#27;[39m Responding to client with driver.findElement() result: {&quot;element-6066-11e4-a52e-4f735466cecf&quot;:&quot;81af4b43-d348-4b33-ba04-dd6f18a68c3d&quot;,&quot;ELEMENT&quot;:&quot;81af4b43-d348-4b33-ba04-dd6f18a68c3d&quot;}
&amp;#27;[35m[HTTP]&amp;#27;[39m &amp;#27;[37m&lt;-- POST /wd/hub/session/1f204809-c2f5-4101-a635-4faf0d6c14d0/element &amp;#27;[39m&amp;#27;[32m200&amp;#27;[39m &amp;#27;[90m245 ms - 137&amp;#27;[39m
&amp;#27;[35m[HTTP]&amp;#27;[39m &amp;#27;[90m&amp;#27;[39m
&amp;#27;[35m[HTTP]&amp;#27;[39m &amp;#27;[37m--&gt;&amp;#27;[39m &amp;#27;[37mPOST&amp;#27;[39m &amp;#27;[37m/wd/hub/session/1f204809-c2f5-4101-a635-4faf0d6c14d0/element/81af4b43-d348-4b33-ba04-dd6f18a68c3d/click&amp;#27;[39m
&amp;#27;[35m[HTTP]&amp;#27;[39m &amp;#27;[90m{&quot;id&quot;:&quot;81af4b43-d348-4b33-ba04-dd6f18a68c3d&quot;}&amp;#27;[39m
[debug] &amp;#27;[35m[W3C (1f204809)]&amp;#27;[39m Calling AppiumDriver.click() with args: [&quot;81af4b43-d348-4b33-ba04-dd6f18a68c3d&quot;,&quot;1f204809-c2f5-4101-a635-4faf0d6c14d0&quot;]
[debug] &amp;#27;[35m[WD Proxy]&amp;#27;[39m Matched &apos;/element/81af4b43-d348-4b33-ba04-dd6f18a68c3d/click&apos; to command name &apos;click&apos;
[debug] &amp;#27;[35m[WD Proxy]&amp;#27;[39m Proxying [POST /element/81af4b43-d348-4b33-ba04-dd6f18a68c3d/click] to [POST http://127.0.0.1:8225/wd/hub/session/1e49554d-8610-4493-b521-6b5932fb2ffc/element/81af4b43-d348-4b33-ba04-dd6f18a68c3d/click] with body: {&quot;element&quot;:&quot;81af4b43-d348-4b33-ba04-dd6f18a68c3d&quot;}
[debug] &amp;#27;[35m[WD Proxy]&amp;#27;[39m Got response with status 200: {&quot;sessionId&quot;:&quot;1e49554d-8610-4493-b521-6b5932fb2ffc&quot;,&quot;value&quot;:null}
[debug] &amp;#27;[35m[W3C (1f204809)]&amp;#27;[39m Responding to client with driver.click() result: null
&amp;#27;[35m[HTTP]&amp;#27;[39m &amp;#27;[37m&lt;-- POST /wd/hub/session/1f204809-c2f5-4101-a635-4faf0d6c14d0/element/81af4b43-d348-4b33-ba04-dd6f18a68c3d/click &amp;#27;[39m&amp;#27;[32m200&amp;#27;[39m &amp;#27;[90m91 ms - 14&amp;#27;[39m
&amp;#27;[35m[HTTP]&amp;#27;[39m &amp;#27;[90m&amp;#27;[39m
&amp;#27;[35m[HTTP]&amp;#27;[39m &amp;#27;[37m--&gt;&amp;#27;[39m &amp;#27;[37mPOST&amp;#27;[39m &amp;#27;[37m/wd/hub/session/1f204809-c2f5-4101-a635-4faf0d6c14d0/element&amp;#27;[39m
&amp;#27;[35m[HTTP]&amp;#27;[39m &amp;#27;[90m{&quot;using&quot;:&quot;-android uiautomator&quot;,&quot;value&quot;:&quot;new UiScrollable(new UiSelector()).scrollIntoView(new UiSelector().text(\&quot;Forever\&quot;));&quot;}&amp;#27;[39m
[debug] &amp;#27;[35m[W3C (1f204809)]&amp;#27;[39m Calling AppiumDriver.findElement() with args: [&quot;-android uiautomator&quot;,&quot;new UiScrollable(new UiSelector()).scrollIntoView(new UiSelector().text(\&quot;Forever\&quot;));&quot;,&quot;1f204809-c2f5-4101-a635-4faf0d6c14d0&quot;]
[debug] &amp;#27;[35m[BaseDriver]&amp;#27;[39m Valid locator strategies for this request: xpath, id, class name, accessibility id, -android uiautomator
[debug] &amp;#27;[35m[BaseDriver]&amp;#27;[39m Waiting up to 10000 ms for condition
[debug] &amp;#27;[35m[WD Proxy]&amp;#27;[39m Matched &apos;/element&apos; to command name &apos;findElement&apos;
[debug] &amp;#27;[35m[WD Proxy]&amp;#27;[39m Proxying [POST /element] to [POST http://127.0.0.1:8225/wd/hub/session/1e49554d-8610-4493-b521-6b5932fb2ffc/element] with body: {&quot;strategy&quot;:&quot;-android uiautomator&quot;,&quot;selector&quot;:&quot;new UiScrollable(new UiSelector()).scrollIntoView(new UiSelector().text(\&quot;Forever\&quot;));&quot;,&quot;context&quot;:&quot;&quot;,&quot;multiple&quot;:false}
[debug] &amp;#27;[35m[WD Proxy]&amp;#27;[39m Got response with status 200: {&quot;sessionId&quot;:&quot;1e49554d-8610-4493-b521-6b5932fb2ffc&quot;,&quot;value&quot;:{&quot;ELEMENT&quot;:&quot;43afae1b-58cc-4af7-a5a8-3d0567b09044&quot;,&quot;element-6066-11e4-a52e-4f735466cecf&quot;:&quot;43afae1b-58cc-4af7-a5a8-3d0567b09044&quot;}}
[debug] &amp;#27;[35m[W3C (1f204809)]&amp;#27;[39m Responding to client with driver.findElement() result: {&quot;element-6066-11e4-a52e-4f735466cecf&quot;:&quot;43afae1b-58cc-4af7-a5a8-3d0567b09044&quot;,&quot;ELEMENT&quot;:&quot;43afae1b-58cc-4af7-a5a8-3d0567b09044&quot;}
&amp;#27;[35m[HTTP]&amp;#27;[39m &amp;#27;[37m&lt;-- POST /wd/hub/session/1f204809-c2f5-4101-a635-4faf0d6c14d0/element &amp;#27;[39m&amp;#27;[32m200&amp;#27;[39m &amp;#27;[90m2684 ms - 137&amp;#27;[39m
&amp;#27;[35m[HTTP]&amp;#27;[39m &amp;#27;[90m&amp;#27;[39m
&amp;#27;[35m[HTTP]&amp;#27;[39m &amp;#27;[37m--&gt;&amp;#27;[39m &amp;#27;[37mGET&amp;#27;[39m &amp;#27;[37m/wd/hub/session/1f204809-c2f5-4101-a635-4faf0d6c14d0/context&amp;#27;[39m
&amp;#27;[35m[HTTP]&amp;#27;[39m &amp;#27;[90m{}&amp;#27;[39m
[debug] &amp;#27;[35m[W3C (1f204809)]&amp;#27;[39m Calling AppiumDriver.getCurrentContext() with args: [&quot;1f204809-c2f5-4101-a635-4faf0d6c14d0&quot;]
[debug] &amp;#27;[35m[W3C (1f204809)]&amp;#27;[39m Responding to client with driver.getCurrentContext() result: &quot;NATIVE_APP&quot;
&amp;#27;[35m[HTTP]&amp;#27;[39m &amp;#27;[37m&lt;-- GET /wd/hub/session/1f204809-c2f5-4101-a635-4faf0d6c14d0/context &amp;#27;[39m&amp;#27;[32m200&amp;#27;[39m &amp;#27;[90m5 ms - 22&amp;#27;[39m
&amp;#27;[35m[HTTP]&amp;#27;[39m &amp;#27;[90m&amp;#27;[39m
&amp;#27;[35m[HTTP]&amp;#27;[39m &amp;#27;[37m--&gt;&amp;#27;[39m &amp;#27;[37mPOST&amp;#27;[39m &amp;#27;[37m/wd/hub/session/1f204809-c2f5-4101-a635-4faf0d6c14d0/element&amp;#27;[39m
&amp;#27;[35m[HTTP]&amp;#27;[39m &amp;#27;[90m{&quot;using&quot;:&quot;id&quot;,&quot;value&quot;:&quot;com.samsung.android.calendar:id/add_dayofweek_toggle_mon&quot;}&amp;#27;[39m
[debug] &amp;#27;[35m[W3C (1f204809)]&amp;#27;[39m Calling AppiumDriver.findElement() with args: [&quot;id&quot;,&quot;com.samsung.android.calendar:id/add_dayofweek_toggle_mon&quot;,&quot;1f204809-c2f5-4101-a635-4faf0d6c14d0&quot;]
[debug] &amp;#27;[35m[BaseDriver]&amp;#27;[39m Valid locator strategies for this request: xpath, id, class name, accessibility id, -android uiautomator
[debug] &amp;#27;[35m[BaseDriver]&amp;#27;[39m Waiting up to 10000 ms for condition
[debug] &amp;#27;[35m[WD Proxy]&amp;#27;[39m Matched &apos;/element&apos; to command name &apos;findElement&apos;
[debug] &amp;#27;[35m[WD Proxy]&amp;#27;[39m Proxying [POST /element] to [POST http://127.0.0.1:8225/wd/hub/session/1e49554d-8610-4493-b521-6b5932fb2ffc/element] with body: {&quot;strategy&quot;:&quot;id&quot;,&quot;selector&quot;:&quot;com.samsung.android.calendar:id/add_dayofweek_toggle_mon&quot;,&quot;context&quot;:&quot;&quot;,&quot;multiple&quot;:false}
[debug] &amp;#27;[35m[WD Proxy]&amp;#27;[39m Got response with status 200: {&quot;sessionId&quot;:&quot;1e49554d-8610-4493-b521-6b5932fb2ffc&quot;,&quot;value&quot;:{&quot;ELEMENT&quot;:&quot;3c716fff-170d-49c9-b1ea-3494dadb3b82&quot;,&quot;element-6066-11e4-a52e-4f735466cecf&quot;:&quot;3c716fff-170d-49c9-b1ea-3494dadb3b82&quot;}}
[debug] &amp;#27;[35m[W3C (1f204809)]&amp;#27;[39m Responding to client with driver.findElement() result: {&quot;element-6066-11e4-a52e-4f735466cecf&quot;:&quot;3c716fff-170d-49c9-b1ea-3494dadb3b82&quot;,&quot;ELEMENT&quot;:&quot;3c716fff-170d-49c9-b1ea-3494dadb3b82&quot;}
&amp;#27;[35m[HTTP]&amp;#27;[39m &amp;#27;[37m&lt;-- POST /wd/hub/session/1f204809-c2f5-4101-a635-4faf0d6c14d0/element &amp;#27;[39m&amp;#27;[32m200&amp;#27;[39m &amp;#27;[90m71 ms - 137&amp;#27;[39m
&amp;#27;[35m[HTTP]&amp;#27;[39m &amp;#27;[90m&amp;#27;[39m
&amp;#27;[35m[HTTP]&amp;#27;[39m &amp;#27;[37m--&gt;&amp;#27;[39m &amp;#27;[37mGET&amp;#27;[39m &amp;#27;[37m/wd/hub/session/1f204809-c2f5-4101-a635-4faf0d6c14d0/element/3c716fff-170d-49c9-b1ea-3494dadb3b82/attribute/checked&amp;#27;[39m
&amp;#27;[35m[HTTP]&amp;#27;[39m &amp;#27;[90m{}&amp;#27;[39m
[debug] &amp;#27;[35m[W3C (1f204809)]&amp;#27;[39m Calling AppiumDriver.getAttribute() with args: [&quot;checked&quot;,&quot;3c716fff-170d-49c9-b1ea-3494dadb3b82&quot;,&quot;1f204809-c2f5-4101-a635-4faf0d6c14d0&quot;]
[debug] &amp;#27;[35m[WD Proxy]&amp;#27;[39m Matched &apos;/element/3c716fff-170d-49c9-b1ea-3494dadb3b82/attribute/checked&apos; to command name &apos;getAttribute&apos;
[debug] &amp;#27;[35m[WD Proxy]&amp;#27;[39m Proxying [GET /element/3c716fff-170d-49c9-b1ea-3494dadb3b82/attribute/checked] to [GET http://127.0.0.1:8225/wd/hub/session/1e49554d-8610-4493-b521-6b5932fb2ffc/element/3c716fff-170d-49c9-b1ea-3494dadb3b82/attribute/checked] with no body
[debug] &amp;#27;[35m[WD Proxy]&amp;#27;[39m Got response with status 200: {&quot;sessionId&quot;:&quot;1e49554d-8610-4493-b521-6b5932fb2ffc&quot;,&quot;value&quot;:&quot;true&quot;}
[debug] &amp;#27;[35m[W3C (1f204809)]&amp;#27;[39m Responding to client with driver.getAttribute() result: &quot;true&quot;
&amp;#27;[35m[HTTP]&amp;#27;[39m &amp;#27;[37m&lt;-- GET /wd/hub/session/1f204809-c2f5-4101-a635-4faf0d6c14d0/element/3c716fff-170d-49c9-b1ea-3494dadb3b82/attribute/checked &amp;#27;[39m&amp;#27;[32m200&amp;#27;[39m &amp;#27;[90m47 ms - 16&amp;#27;[39m
&amp;#27;[35m[HTTP]&amp;#27;[39m &amp;#27;[90m&amp;#27;[39m
&amp;#27;[35m[HTTP]&amp;#27;[39m &amp;#27;[37m--&gt;&amp;#27;[39m &amp;#27;[37mGET&amp;#27;[39m &amp;#27;[37m/wd/hub/session/1f204809-c2f5-4101-a635-4faf0d6c14d0/context&amp;#27;[39m
&amp;#27;[35m[HTTP]&amp;#27;[39m &amp;#27;[90m{}&amp;#27;[39m
[debug] &amp;#27;[35m[W3C (1f204809)]&amp;#27;[39m Calling AppiumDriver.getCurrentContext() with args: [&quot;1f204809-c2f5-4101-a635-4faf0d6c14d0&quot;]
[debug] &amp;#27;[35m[W3C (1f204809)]&amp;#27;[39m Responding to client with driver.getCurrentContext() result: &quot;NATIVE_APP&quot;
&amp;#27;[35m[HTTP]&amp;#27;[39m &amp;#27;[37m&lt;-- GET /wd/hub/session/1f204809-c2f5-4101-a635-4faf0d6c14d0/context &amp;#27;[39m&amp;#27;[32m200&amp;#27;[39m &amp;#27;[90m2 ms - 22&amp;#27;[39m
&amp;#27;[35m[HTTP]&amp;#27;[39m &amp;#27;[90m&amp;#27;[39m
&amp;#27;[35m[HTTP]&amp;#27;[39m &amp;#27;[37m--&gt;&amp;#27;[39m &amp;#27;[37mPOST&amp;#27;[39m &amp;#27;[37m/wd/hub/session/1f204809-c2f5-4101-a635-4faf0d6c14d0/element&amp;#27;[39m
&amp;#27;[35m[HTTP]&amp;#27;[39m &amp;#27;[90m{&quot;using&quot;:&quot;id&quot;,&quot;value&quot;:&quot;com.samsung.android.calendar:id/add_dayofweek_toggle_mon&quot;}&amp;#27;[39m
[debug] &amp;#27;[35m[W3C (1f204809)]&amp;#27;[39m Calling AppiumDriver.findElement() with args: [&quot;id&quot;,&quot;com.samsung.android.calendar:id/add_dayofweek_toggle_mon&quot;,&quot;1f204809-c2f5-4101-a635-4faf0d6c14d0&quot;]
[debug] &amp;#27;[35m[BaseDriver]&amp;#27;[39m Valid locator strategies for this request: xpath, id, class name, accessibility id, -android uiautomator
[debug] &amp;#27;[35m[BaseDriver]&amp;#27;[39m Waiting up to 10000 ms for condition
[debug] &amp;#27;[35m[WD Proxy]&amp;#27;[39m Matched &apos;/element&apos; to command name &apos;findElement&apos;
[debug] &amp;#27;[35m[WD Proxy]&amp;#27;[39m Proxying [POST /element] to [POST http://127.0.0.1:8225/wd/hub/session/1e49554d-8610-4493-b521-6b5932fb2ffc/element] with body: {&quot;strategy&quot;:&quot;id&quot;,&quot;selector&quot;:&quot;com.samsung.android.calendar:id/add_dayofweek_toggle_mon&quot;,&quot;context&quot;:&quot;&quot;,&quot;multiple&quot;:false}
[debug] &amp;#27;[35m[WD Proxy]&amp;#27;[39m Got response with status 200: {&quot;sessionId&quot;:&quot;1e49554d-8610-4493-b521-6b5932fb2ffc&quot;,&quot;value&quot;:{&quot;ELEMENT&quot;:&quot;4d3397d3-64c9-4220-9259-dd99b9ef2dde&quot;,&quot;element-6066-11e4-a52e-4f735466cecf&quot;:&quot;4d3397d3-64c9-4220-9259-dd99b9ef2dde&quot;}}
[debug] &amp;#27;[35m[W3C (1f204809)]&amp;#27;[39m Responding to client with driver.findElement() result: {&quot;element-6066-11e4-a52e-4f735466cecf&quot;:&quot;4d3397d3-64c9-4220-9259-dd99b9ef2dde&quot;,&quot;ELEMENT&quot;:&quot;4d3397d3-64c9-4220-9259-dd99b9ef2dde&quot;}
&amp;#27;[35m[HTTP]&amp;#27;[39m &amp;#27;[37m&lt;-- POST /wd/hub/session/1f204809-c2f5-4101-a635-4faf0d6c14d0/element &amp;#27;[39m&amp;#27;[32m200&amp;#27;[39m &amp;#27;[90m84 ms - 137&amp;#27;[39m
&amp;#27;[35m[HTTP]&amp;#27;[39m &amp;#27;[90m&amp;#27;[39m
&amp;#27;[35m[HTTP]&amp;#27;[39m &amp;#27;[37m--&gt;&amp;#27;[39m &amp;#27;[37mPOST&amp;#27;[39m &amp;#27;[37m/wd/hub/session/1f204809-c2f5-4101-a635-4faf0d6c14d0/element/4d3397d3-64c9-4220-9259-dd99b9ef2dde/click&amp;#27;[39m
&amp;#27;[35m[HTTP]&amp;#27;[39m &amp;#27;[90m{&quot;id&quot;:&quot;4d3397d3-64c9-4220-9259-dd99b9ef2dde&quot;}&amp;#27;[39m
[debug] &amp;#27;[35m[W3C (1f204809)]&amp;#27;[39m Calling AppiumDriver.click() with args: [&quot;4d3397d3-64c9-4220-9259-dd99b9ef2dde&quot;,&quot;1f204809-c2f5-4101-a635-4faf0d6c14d0&quot;]
[debug] &amp;#27;[35m[WD Proxy]&amp;#27;[39m Matched &apos;/element/4d3397d3-64c9-4220-9259-dd99b9ef2dde/click&apos; to command name &apos;click&apos;
[debug] &amp;#27;[35m[WD Proxy]&amp;#27;[39m Proxying [POST /element/4d3397d3-64c9-4220-9259-dd99b9ef2dde/click] to [POST http://127.0.0.1:8225/wd/hub/session/1e49554d-8610-4493-b521-6b5932fb2ffc/element/4d3397d3-64c9-4220-9259-dd99b9ef2dde/click] with body: {&quot;element&quot;:&quot;4d3397d3-64c9-4220-9259-dd99b9ef2dde&quot;}
[debug] &amp;#27;[35m[WD Proxy]&amp;#27;[39m Got response with status 200: {&quot;sessionId&quot;:&quot;1e49554d-8610-4493-b521-6b5932fb2ffc&quot;,&quot;value&quot;:null}
[debug] &amp;#27;[35m[W3C (1f204809)]&amp;#27;[39m Responding to client with driver.click() result: null
&amp;#27;[35m[HTTP]&amp;#27;[39m &amp;#27;[37m&lt;-- POST /wd/hub/session/1f204809-c2f5-4101-a635-4faf0d6c14d0/element/4d3397d3-64c9-4220-9259-dd99b9ef2dde/click &amp;#27;[39m&amp;#27;[32m200&amp;#27;[39m &amp;#27;[90m83 ms - 14&amp;#27;[39m
&amp;#27;[35m[HTTP]&amp;#27;[39m &amp;#27;[90m&amp;#27;[39m
&amp;#27;[35m[HTTP]&amp;#27;[39m &amp;#27;[37m--&gt;&amp;#27;[39m &amp;#27;[37mGET&amp;#27;[39m &amp;#27;[37m/wd/hub/session/1f204809-c2f5-4101-a635-4faf0d6c14d0/context&amp;#27;[39m
&amp;#27;[35m[HTTP]&amp;#27;[39m &amp;#27;[90m{}&amp;#27;[39m
[debug] &amp;#27;[35m[W3C (1f204809)]&amp;#27;[39m Calling AppiumDriver.getCurrentContext() with args: [&quot;1f204809-c2f5-4101-a635-4faf0d6c14d0&quot;]
[debug] &amp;#27;[35m[W3C (1f204809)]&amp;#27;[39m Responding to client with driver.getCurrentContext() result: &quot;NATIVE_APP&quot;
&amp;#27;[35m[HTTP]&amp;#27;[39m &amp;#27;[37m&lt;-- GET /wd/hub/session/1f204809-c2f5-4101-a635-4faf0d6c14d0/context &amp;#27;[39m&amp;#27;[32m200&amp;#27;[39m &amp;#27;[90m12 ms - 22&amp;#27;[39m
&amp;#27;[35m[HTTP]&amp;#27;[39m &amp;#27;[90m&amp;#27;[39m
&amp;#27;[35m[HTTP]&amp;#27;[39m &amp;#27;[37m--&gt;&amp;#27;[39m &amp;#27;[37mPOST&amp;#27;[39m &amp;#27;[37m/wd/hub/session/1f204809-c2f5-4101-a635-4faf0d6c14d0/element&amp;#27;[39m
&amp;#27;[35m[HTTP]&amp;#27;[39m &amp;#27;[90m{&quot;using&quot;:&quot;id&quot;,&quot;value&quot;:&quot;com.samsung.android.calendar:id/add_dayofweek_toggle_tue&quot;}&amp;#27;[39m
[debug] &amp;#27;[35m[W3C (1f204809)]&amp;#27;[39m Calling AppiumDriver.findElement() with args: [&quot;id&quot;,&quot;com.samsung.android.calendar:id/add_dayofweek_toggle_tue&quot;,&quot;1f204809-c2f5-4101-a635-4faf0d6c14d0&quot;]
[debug] &amp;#27;[35m[BaseDriver]&amp;#27;[39m Valid locator strategies for this request: xpath, id, class name, accessibility id, -android uiautomator
[debug] &amp;#27;[35m[BaseDriver]&amp;#27;[39m Waiting up to 10000 ms for condition
[debug] &amp;#27;[35m[WD Proxy]&amp;#27;[39m Matched &apos;/element&apos; to command name &apos;findElement&apos;
[debug] &amp;#27;[35m[WD Proxy]&amp;#27;[39m Proxying [POST /element] to [POST http://127.0.0.1:8225/wd/hub/session/1e49554d-8610-4493-b521-6b5932fb2ffc/element] with body: {&quot;strategy&quot;:&quot;id&quot;,&quot;selector&quot;:&quot;com.samsung.android.calendar:id/add_dayofweek_toggle_tue&quot;,&quot;context&quot;:&quot;&quot;,&quot;multiple&quot;:false}
[debug] &amp;#27;[35m[WD Proxy]&amp;#27;[39m Got response with status 200: {&quot;sessionId&quot;:&quot;1e49554d-8610-4493-b521-6b5932fb2ffc&quot;,&quot;value&quot;:{&quot;ELEMENT&quot;:&quot;9702f4b0-5c25-4735-b596-eb25d3b4fdad&quot;,&quot;element-6066-11e4-a52e-4f735466cecf&quot;:&quot;9702f4b0-5c25-4735-b596-eb25d3b4fdad&quot;}}
[debug] &amp;#27;[35m[W3C (1f204809)]&amp;#27;[39m Responding to client with driver.findElement() result: {&quot;element-6066-11e4-a52e-4f735466cecf&quot;:&quot;9702f4b0-5c25-4735-b596-eb25d3b4fdad&quot;,&quot;ELEMENT&quot;:&quot;9702f4b0-5c25-4735-b596-eb25d3b4fdad&quot;}
&amp;#27;[35m[HTTP]&amp;#27;[39m &amp;#27;[37m&lt;-- POST /wd/hub/session/1f204809-c2f5-4101-a635-4faf0d6c14d0/element &amp;#27;[39m&amp;#27;[32m200&amp;#27;[39m &amp;#27;[90m620 ms - 137&amp;#27;[39m
&amp;#27;[35m[HTTP]&amp;#27;[39m &amp;#27;[90m&amp;#27;[39m
&amp;#27;[35m[HTTP]&amp;#27;[39m &amp;#27;[37m--&gt;&amp;#27;[39m &amp;#27;[37mGET&amp;#27;[39m &amp;#27;[37m/wd/hub/session/1f204809-c2f5-4101-a635-4faf0d6c14d0/element/9702f4b0-5c25-4735-b596-eb25d3b4fdad/attribute/checked&amp;#27;[39m
&amp;#27;[35m[HTTP]&amp;#27;[39m &amp;#27;[90m{}&amp;#27;[39m
[debug] &amp;#27;[35m[W3C (1f204809)]&amp;#27;[39m Calling AppiumDriver.getAttribute() with args: [&quot;checked&quot;,&quot;9702f4b0-5c25-4735-b596-eb25d3b4fdad&quot;,&quot;1f204809-c2f5-4101-a635-4faf0d6c14d0&quot;]
[debug] &amp;#27;[35m[WD Proxy]&amp;#27;[39m Matched &apos;/element/9702f4b0-5c25-4735-b596-eb25d3b4fdad/attribute/checked&apos; to command name &apos;getAttribute&apos;
[debug] &amp;#27;[35m[WD Proxy]&amp;#27;[39m Proxying [GET /element/9702f4b0-5c25-4735-b596-eb25d3b4fdad/attribute/checked] to [GET http://127.0.0.1:8225/wd/hub/session/1e49554d-8610-4493-b521-6b5932fb2ffc/element/9702f4b0-5c25-4735-b596-eb25d3b4fdad/attribute/checked] with no body
[debug] &amp;#27;[35m[WD Proxy]&amp;#27;[39m Got response with status 200: {&quot;sessionId&quot;:&quot;1e49554d-8610-4493-b521-6b5932fb2ffc&quot;,&quot;value&quot;:&quot;false&quot;}
[debug] &amp;#27;[35m[W3C (1f204809)]&amp;#27;[39m Responding to client with driver.getAttribute() result: &quot;false&quot;
&amp;#27;[35m[HTTP]&amp;#27;[39m &amp;#27;[37m&lt;-- GET /wd/hub/session/1f204809-c2f5-4101-a635-4faf0d6c14d0/element/9702f4b0-5c25-4735-b596-eb25d3b4fdad/attribute/checked &amp;#27;[39m&amp;#27;[32m200&amp;#27;[39m &amp;#27;[90m50 ms - 17&amp;#27;[39m
&amp;#27;[35m[HTTP]&amp;#27;[39m &amp;#27;[90m&amp;#27;[39m
&amp;#27;[35m[HTTP]&amp;#27;[39m &amp;#27;[37m--&gt;&amp;#27;[39m &amp;#27;[37mGET&amp;#27;[39m &amp;#27;[37m/wd/hub/session/1f204809-c2f5-4101-a635-4faf0d6c14d0/context&amp;#27;[39m
&amp;#27;[35m[HTTP]&amp;#27;[39m &amp;#27;[90m{}&amp;#27;[39m
[debug] &amp;#27;[35m[W3C (1f204809)]&amp;#27;[39m Calling AppiumDriver.getCurrentContext() with args: [&quot;1f204809-c2f5-4101-a635-4faf0d6c14d0&quot;]
[debug] &amp;#27;[35m[W3C (1f204809)]&amp;#27;[39m Responding to client with driver.getCurrentContext() result: &quot;NATIVE_APP&quot;
&amp;#27;[35m[HTTP]&amp;#27;[39m &amp;#27;[37m&lt;-- GET /wd/hub/session/1f204809-c2f5-4101-a635-4faf0d6c14d0/context &amp;#27;[39m&amp;#27;[32m200&amp;#27;[39m &amp;#27;[90m2 ms - 22&amp;#27;[39m
&amp;#27;[35m[HTTP]&amp;#27;[39m &amp;#27;[90m&amp;#27;[39m
&amp;#27;[35m[HTTP]&amp;#27;[39m &amp;#27;[37m--&gt;&amp;#27;[39m &amp;#27;[37mPOST&amp;#27;[39m &amp;#27;[37m/wd/hub/session/1f204809-c2f5-4101-a635-4faf0d6c14d0/element&amp;#27;[39m
&amp;#27;[35m[HTTP]&amp;#27;[39m &amp;#27;[90m{&quot;using&quot;:&quot;id&quot;,&quot;value&quot;:&quot;com.samsung.android.calendar:id/add_dayofweek_toggle_wed&quot;}&amp;#27;[39m
[debug] &amp;#27;[35m[W3C (1f204809)]&amp;#27;[39m Calling AppiumDriver.findElement() with args: [&quot;id&quot;,&quot;com.samsung.android.calendar:id/add_dayofweek_toggle_wed&quot;,&quot;1f204809-c2f5-4101-a635-4faf0d6c14d0&quot;]
[debug] &amp;#27;[35m[BaseDriver]&amp;#27;[39m Valid locator strategies for this request: xpath, id, class name, accessibility id, -android uiautomator
[debug] &amp;#27;[35m[BaseDriver]&amp;#27;[39m Waiting up to 10000 ms for condition
[debug] &amp;#27;[35m[WD Proxy]&amp;#27;[39m Matched &apos;/element&apos; to command name &apos;findElement&apos;
[debug] &amp;#27;[35m[WD Proxy]&amp;#27;[39m Proxying [POST /element] to [POST http://127.0.0.1:8225/wd/hub/session/1e49554d-8610-4493-b521-6b5932fb2ffc/element] with body: {&quot;strategy&quot;:&quot;id&quot;,&quot;selector&quot;:&quot;com.samsung.android.calendar:id/add_dayofweek_toggle_wed&quot;,&quot;context&quot;:&quot;&quot;,&quot;multiple&quot;:false}
[debug] &amp;#27;[35m[WD Proxy]&amp;#27;[39m Got response with status 200: {&quot;sessionId&quot;:&quot;1e49554d-8610-4493-b521-6b5932fb2ffc&quot;,&quot;value&quot;:{&quot;ELEMENT&quot;:&quot;27613623-befb-4ee1-8e2f-2fc598fa5ee8&quot;,&quot;element-6066-11e4-a52e-4f735466cecf&quot;:&quot;27613623-befb-4ee1-8e2f-2fc598fa5ee8&quot;}}
[debug] &amp;#27;[35m[W3C (1f204809)]&amp;#27;[39m Responding to client with driver.findElement() result: {&quot;element-6066-11e4-a52e-4f735466cecf&quot;:&quot;27613623-befb-4ee1-8e2f-2fc598fa5ee8&quot;,&quot;ELEMENT&quot;:&quot;27613623-befb-4ee1-8e2f-2fc598fa5ee8&quot;}
&amp;#27;[35m[HTTP]&amp;#27;[39m &amp;#27;[37m&lt;-- POST /wd/hub/session/1f204809-c2f5-4101-a635-4faf0d6c14d0/element &amp;#27;[39m&amp;#27;[32m200&amp;#27;[39m &amp;#27;[90m494 ms - 137&amp;#27;[39m
&amp;#27;[35m[HTTP]&amp;#27;[39m &amp;#27;[90m&amp;#27;[39m
&amp;#27;[35m[HTTP]&amp;#27;[39m &amp;#27;[37m--&gt;&amp;#27;[39m &amp;#27;[37mGET&amp;#27;[39m &amp;#27;[37m/wd/hub/session/1f204809-c2f5-4101-a635-4faf0d6c14d0/element/27613623-befb-4ee1-8e2f-2fc598fa5ee8/attribute/checked&amp;#27;[39m
&amp;#27;[35m[HTTP]&amp;#27;[39m &amp;#27;[90m{}&amp;#27;[39m
[debug] &amp;#27;[35m[W3C (1f204809)]&amp;#27;[39m Calling AppiumDriver.getAttribute() with args: [&quot;checked&quot;,&quot;27613623-befb-4ee1-8e2f-2fc598fa5ee8&quot;,&quot;1f204809-c2f5-4101-a635-4faf0d6c14d0&quot;]
[debug] &amp;#27;[35m[WD Proxy]&amp;#27;[39m Matched &apos;/element/27613623-befb-4ee1-8e2f-2fc598fa5ee8/attribute/checked&apos; to command name &apos;getAttribute&apos;
[debug] &amp;#27;[35m[WD Proxy]&amp;#27;[39m Proxying [GET /element/27613623-befb-4ee1-8e2f-2fc598fa5ee8/attribute/checked] to [GET http://127.0.0.1:8225/wd/hub/session/1e49554d-8610-4493-b521-6b5932fb2ffc/element/27613623-befb-4ee1-8e2f-2fc598fa5ee8/attribute/checked] with no body
[debug] &amp;#27;[35m[WD Proxy]&amp;#27;[39m Got response with status 200: {&quot;sessionId&quot;:&quot;1e49554d-8610-4493-b521-6b5932fb2ffc&quot;,&quot;value&quot;:&quot;false&quot;}
[debug] &amp;#27;[35m[W3C (1f204809)]&amp;#27;[39m Responding to client with driver.getAttribute() result: &quot;false&quot;
&amp;#27;[35m[HTTP]&amp;#27;[39m &amp;#27;[37m&lt;-- GET /wd/hub/session/1f204809-c2f5-4101-a635-4faf0d6c14d0/element/27613623-befb-4ee1-8e2f-2fc598fa5ee8/attribute/checked &amp;#27;[39m&amp;#27;[32m200&amp;#27;[39m &amp;#27;[90m49 ms - 17&amp;#27;[39m
&amp;#27;[35m[HTTP]&amp;#27;[39m &amp;#27;[90m&amp;#27;[39m
&amp;#27;[35m[HTTP]&amp;#27;[39m &amp;#27;[37m--&gt;&amp;#27;[39m &amp;#27;[37mGET&amp;#27;[39m &amp;#27;[37m/wd/hub/session/1f204809-c2f5-4101-a635-4faf0d6c14d0/context&amp;#27;[39m
&amp;#27;[35m[HTTP]&amp;#27;[39m &amp;#27;[90m{}&amp;#27;[39m
[debug] &amp;#27;[35m[W3C (1f204809)]&amp;#27;[39m Calling AppiumDriver.getCurrentContext() with args: [&quot;1f204809-c2f5-4101-a635-4faf0d6c14d0&quot;]
[debug] &amp;#27;[35m[W3C (1f204809)]&amp;#27;[39m Responding to client with driver.getCurrentContext() result: &quot;NATIVE_APP&quot;
&amp;#27;[35m[HTTP]&amp;#27;[39m &amp;#27;[37m&lt;-- GET /wd/hub/session/1f204809-c2f5-4101-a635-4faf0d6c14d0/context &amp;#27;[39m&amp;#27;[32m200&amp;#27;[39m &amp;#27;[90m2 ms - 22&amp;#27;[39m
&amp;#27;[35m[HTTP]&amp;#27;[39m &amp;#27;[90m&amp;#27;[39m
&amp;#27;[35m[HTTP]&amp;#27;[39m &amp;#27;[37m--&gt;&amp;#27;[39m &amp;#27;[37mPOST&amp;#27;[39m &amp;#27;[37m/wd/hub/session/1f204809-c2f5-4101-a635-4faf0d6c14d0/element&amp;#27;[39m
&amp;#27;[35m[HTTP]&amp;#27;[39m &amp;#27;[90m{&quot;using&quot;:&quot;id&quot;,&quot;value&quot;:&quot;com.samsung.android.calendar:id/add_dayofweek_toggle_thu&quot;}&amp;#27;[39m
[debug] &amp;#27;[35m[W3C (1f204809)]&amp;#27;[39m Calling AppiumDriver.findElement() with args: [&quot;id&quot;,&quot;com.samsung.android.calendar:id/add_dayofweek_toggle_thu&quot;,&quot;1f204809-c2f5-4101-a635-4faf0d6c14d0&quot;]
[debug] &amp;#27;[35m[BaseDriver]&amp;#27;[39m Valid locator strategies for this request: xpath, id, class name, accessibility id, -android uiautomator
[debug] &amp;#27;[35m[BaseDriver]&amp;#27;[39m Waiting up to 10000 ms for condition
[debug] &amp;#27;[35m[WD Proxy]&amp;#27;[39m Matched &apos;/element&apos; to command name &apos;findElement&apos;
[debug] &amp;#27;[35m[WD Proxy]&amp;#27;[39m Proxying [POST /element] to [POST http://127.0.0.1:8225/wd/hub/session/1e49554d-8610-4493-b521-6b5932fb2ffc/element] with body: {&quot;strategy&quot;:&quot;id&quot;,&quot;selector&quot;:&quot;com.samsung.android.calendar:id/add_dayofweek_toggle_thu&quot;,&quot;context&quot;:&quot;&quot;,&quot;multiple&quot;:false}
[debug] &amp;#27;[35m[WD Proxy]&amp;#27;[39m Got response with status 200: {&quot;sessionId&quot;:&quot;1e49554d-8610-4493-b521-6b5932fb2ffc&quot;,&quot;value&quot;:{&quot;ELEMENT&quot;:&quot;c62b0009-3256-40fe-8044-53516fd962ee&quot;,&quot;element-6066-11e4-a52e-4f735466cecf&quot;:&quot;c62b0009-3256-40fe-8044-53516fd962ee&quot;}}
[debug] &amp;#27;[35m[W3C (1f204809)]&amp;#27;[39m Responding to client with driver.findElement() result: {&quot;element-6066-11e4-a52e-4f735466cecf&quot;:&quot;c62b0009-3256-40fe-8044-53516fd962ee&quot;,&quot;ELEMENT&quot;:&quot;c62b0009-3256-40fe-8044-53516fd962ee&quot;}
&amp;#27;[35m[HTTP]&amp;#27;[39m &amp;#27;[37m&lt;-- POST /wd/hub/session/1f204809-c2f5-4101-a635-4faf0d6c14d0/element &amp;#27;[39m&amp;#27;[32m200&amp;#27;[39m &amp;#27;[90m65 ms - 137&amp;#27;[39m
&amp;#27;[35m[HTTP]&amp;#27;[39m &amp;#27;[90m&amp;#27;[39m
&amp;#27;[35m[HTTP]&amp;#27;[39m &amp;#27;[37m--&gt;&amp;#27;[39m &amp;#27;[37mGET&amp;#27;[39m &amp;#27;[37m/wd/hub/session/1f204809-c2f5-4101-a635-4faf0d6c14d0/element/c62b0009-3256-40fe-8044-53516fd962ee/attribute/checked&amp;#27;[39m
&amp;#27;[35m[HTTP]&amp;#27;[39m &amp;#27;[90m{}&amp;#27;[39m
[debug] &amp;#27;[35m[W3C (1f204809)]&amp;#27;[39m Calling AppiumDriver.getAttribute() with args: [&quot;checked&quot;,&quot;c62b0009-3256-40fe-8044-53516fd962ee&quot;,&quot;1f204809-c2f5-4101-a635-4faf0d6c14d0&quot;]
[debug] &amp;#27;[35m[WD Proxy]&amp;#27;[39m Matched &apos;/element/c62b0009-3256-40fe-8044-53516fd962ee/attribute/checked&apos; to command name &apos;getAttribute&apos;
[debug] &amp;#27;[35m[WD Proxy]&amp;#27;[39m Proxying [GET /element/c62b0009-3256-40fe-8044-53516fd962ee/attribute/checked] to [GET http://127.0.0.1:8225/wd/hub/session/1e49554d-8610-4493-b521-6b5932fb2ffc/element/c62b0009-3256-40fe-8044-53516fd962ee/attribute/checked] with no body
[debug] &amp;#27;[35m[WD Proxy]&amp;#27;[39m Got response with status 200: {&quot;sessionId&quot;:&quot;1e49554d-8610-4493-b521-6b5932fb2ffc&quot;,&quot;value&quot;:&quot;false&quot;}
[debug] &amp;#27;[35m[W3C (1f204809)]&amp;#27;[39m Responding to client with driver.getAttribute() result: &quot;false&quot;
&amp;#27;[35m[HTTP]&amp;#27;[39m &amp;#27;[37m&lt;-- GET /wd/hub/session/1f204809-c2f5-4101-a635-4faf0d6c14d0/element/c62b0009-3256-40fe-8044-53516fd962ee/attribute/checked &amp;#27;[39m&amp;#27;[32m200&amp;#27;[39m &amp;#27;[90m56 ms - 17&amp;#27;[39m
&amp;#27;[35m[HTTP]&amp;#27;[39m &amp;#27;[90m&amp;#27;[39m
&amp;#27;[35m[HTTP]&amp;#27;[39m &amp;#27;[37m--&gt;&amp;#27;[39m &amp;#27;[37mGET&amp;#27;[39m &amp;#27;[37m/wd/hub/session/1f204809-c2f5-4101-a635-4faf0d6c14d0/context&amp;#27;[39m
&amp;#27;[35m[HTTP]&amp;#27;[39m &amp;#27;[90m{}&amp;#27;[39m
[debug] &amp;#27;[35m[W3C (1f204809)]&amp;#27;[39m Calling AppiumDriver.getCurrentContext() with args: [&quot;1f204809-c2f5-4101-a635-4faf0d6c14d0&quot;]
[debug] &amp;#27;[35m[W3C (1f204809)]&amp;#27;[39m Responding to client with driver.getCurrentContext() result: &quot;NATIVE_APP&quot;
&amp;#27;[35m[HTTP]&amp;#27;[39m &amp;#27;[37m&lt;-- GET /wd/hub/session/1f204809-c2f5-4101-a635-4faf0d6c14d0/context &amp;#27;[39m&amp;#27;[32m200&amp;#27;[39m &amp;#27;[90m2 ms - 22&amp;#27;[39m
&amp;#27;[35m[HTTP]&amp;#27;[39m &amp;#27;[90m&amp;#27;[39m
&amp;#27;[35m[HTTP]&amp;#27;[39m &amp;#27;[37m--&gt;&amp;#27;[39m &amp;#27;[37mPOST&amp;#27;[39m &amp;#27;[37m/wd/hub/session/1f204809-c2f5-4101-a635-4faf0d6c14d0/element&amp;#27;[39m
&amp;#27;[35m[HTTP]&amp;#27;[39m &amp;#27;[90m{&quot;using&quot;:&quot;id&quot;,&quot;value&quot;:&quot;com.samsung.android.calendar:id/add_dayofweek_toggle_fri&quot;}&amp;#27;[39m
[debug] &amp;#27;[35m[W3C (1f204809)]&amp;#27;[39m Calling AppiumDriver.findElement() with args: [&quot;id&quot;,&quot;com.samsung.android.calendar:id/add_dayofweek_toggle_fri&quot;,&quot;1f204809-c2f5-4101-a635-4faf0d6c14d0&quot;]
[debug] &amp;#27;[35m[BaseDriver]&amp;#27;[39m Valid locator strategies for this request: xpath, id, class name, accessibility id, -android uiautomator
[debug] &amp;#27;[35m[BaseDriver]&amp;#27;[39m Waiting up to 10000 ms for condition
[debug] &amp;#27;[35m[WD Proxy]&amp;#27;[39m Matched &apos;/element&apos; to command name &apos;findElement&apos;
[debug] &amp;#27;[35m[WD Proxy]&amp;#27;[39m Proxying [POST /element] to [POST http://127.0.0.1:8225/wd/hub/session/1e49554d-8610-4493-b521-6b5932fb2ffc/element] with body: {&quot;strategy&quot;:&quot;id&quot;,&quot;selector&quot;:&quot;com.samsung.android.calendar:id/add_dayofweek_toggle_fri&quot;,&quot;context&quot;:&quot;&quot;,&quot;multiple&quot;:false}
[debug] &amp;#27;[35m[WD Proxy]&amp;#27;[39m Got response with status 200: {&quot;sessionId&quot;:&quot;1e49554d-8610-4493-b521-6b5932fb2ffc&quot;,&quot;value&quot;:{&quot;ELEMENT&quot;:&quot;8de7f240-6cec-4012-9794-9a75c73c34dd&quot;,&quot;element-6066-11e4-a52e-4f735466cecf&quot;:&quot;8de7f240-6cec-4012-9794-9a75c73c34dd&quot;}}
[debug] &amp;#27;[35m[W3C (1f204809)]&amp;#27;[39m Responding to client with driver.findElement() result: {&quot;element-6066-11e4-a52e-4f735466cecf&quot;:&quot;8de7f240-6cec-4012-9794-9a75c73c34dd&quot;,&quot;ELEMENT&quot;:&quot;8de7f240-6cec-4012-9794-9a75c73c34dd&quot;}
&amp;#27;[35m[HTTP]&amp;#27;[39m &amp;#27;[37m&lt;-- POST /wd/hub/session/1f204809-c2f5-4101-a635-4faf0d6c14d0/element &amp;#27;[39m&amp;#27;[32m200&amp;#27;[39m &amp;#27;[90m74 ms - 137&amp;#27;[39m
&amp;#27;[35m[HTTP]&amp;#27;[39m &amp;#27;[90m&amp;#27;[39m
&amp;#27;[35m[HTTP]&amp;#27;[39m &amp;#27;[37m--&gt;&amp;#27;[39m &amp;#27;[37mGET&amp;#27;[39m &amp;#27;[37m/wd/hub/session/1f204809-c2f5-4101-a635-4faf0d6c14d0/element/8de7f240-6cec-4012-9794-9a75c73c34dd/attribute/checked&amp;#27;[39m
&amp;#27;[35m[HTTP]&amp;#27;[39m &amp;#27;[90m{}&amp;#27;[39m
[debug] &amp;#27;[35m[W3C (1f204809)]&amp;#27;[39m Calling AppiumDriver.getAttribute() with args: [&quot;checked&quot;,&quot;8de7f240-6cec-4012-9794-9a75c73c34dd&quot;,&quot;1f204809-c2f5-4101-a635-4faf0d6c14d0&quot;]
[debug] &amp;#27;[35m[WD Proxy]&amp;#27;[39m Matched &apos;/element/8de7f240-6cec-4012-9794-9a75c73c34dd/attribute/checked&apos; to command name &apos;getAttribute&apos;
[debug] &amp;#27;[35m[WD Proxy]&amp;#27;[39m Proxying [GET /element/8de7f240-6cec-4012-9794-9a75c73c34dd/attribute/checked] to [GET http://127.0.0.1:8225/wd/hub/session/1e49554d-8610-4493-b521-6b5932fb2ffc/element/8de7f240-6cec-4012-9794-9a75c73c34dd/attribute/checked] with no body
[debug] &amp;#27;[35m[WD Proxy]&amp;#27;[39m Got response with status 200: {&quot;sessionId&quot;:&quot;1e49554d-8610-4493-b521-6b5932fb2ffc&quot;,&quot;value&quot;:&quot;false&quot;}
[debug] &amp;#27;[35m[W3C (1f204809)]&amp;#27;[39m Responding to client with driver.getAttribute() result: &quot;false&quot;
&amp;#27;[35m[HTTP]&amp;#27;[39m &amp;#27;[37m&lt;-- GET /wd/hub/session/1f204809-c2f5-4101-a635-4faf0d6c14d0/element/8de7f240-6cec-4012-9794-9a75c73c34dd/attribute/checked &amp;#27;[39m&amp;#27;[32m200&amp;#27;[39m &amp;#27;[90m27 ms - 17&amp;#27;[39m
&amp;#27;[35m[HTTP]&amp;#27;[39m &amp;#27;[90m&amp;#27;[39m
&amp;#27;[35m[HTTP]&amp;#27;[39m &amp;#27;[37m--&gt;&amp;#27;[39m &amp;#27;[37mGET&amp;#27;[39m &amp;#27;[37m/wd/hub/session/1f204809-c2f5-4101-a635-4faf0d6c14d0/context&amp;#27;[39m
&amp;#27;[35m[HTTP]&amp;#27;[39m &amp;#27;[90m{}&amp;#27;[39m
[debug] &amp;#27;[35m[W3C (1f204809)]&amp;#27;[39m Calling AppiumDriver.getCurrentContext() with args: [&quot;1f204809-c2f5-4101-a635-4faf0d6c14d0&quot;]
[debug] &amp;#27;[35m[W3C (1f204809)]&amp;#27;[39m Responding to client with driver.getCurrentContext() result: &quot;NATIVE_APP&quot;
&amp;#27;[35m[HTTP]&amp;#27;[39m &amp;#27;[37m&lt;-- GET /wd/hub/session/1f204809-c2f5-4101-a635-4faf0d6c14d0/context &amp;#27;[39m&amp;#27;[32m200&amp;#27;[39m &amp;#27;[90m1 ms - 22&amp;#27;[39m
&amp;#27;[35m[HTTP]&amp;#27;[39m &amp;#27;[90m&amp;#27;[39m
&amp;#27;[35m[HTTP]&amp;#27;[39m &amp;#27;[37m--&gt;&amp;#27;[39m &amp;#27;[37mPOST&amp;#27;[39m &amp;#27;[37m/wd/hub/session/1f204809-c2f5-4101-a635-4faf0d6c14d0/element&amp;#27;[39m
&amp;#27;[35m[HTTP]&amp;#27;[39m &amp;#27;[90m{&quot;using&quot;:&quot;id&quot;,&quot;value&quot;:&quot;com.samsung.android.calendar:id/add_dayofweek_toggle_sat&quot;}&amp;#27;[39m
[debug] &amp;#27;[35m[W3C (1f204809)]&amp;#27;[39m Calling AppiumDriver.findElement() with args: [&quot;id&quot;,&quot;com.samsung.android.calendar:id/add_dayofweek_toggle_sat&quot;,&quot;1f204809-c2f5-4101-a635-4faf0d6c14d0&quot;]
[debug] &amp;#27;[35m[BaseDriver]&amp;#27;[39m Valid locator strategies for this request: xpath, id, class name, accessibility id, -android uiautomator
[debug] &amp;#27;[35m[BaseDriver]&amp;#27;[39m Waiting up to 10000 ms for condition
[debug] &amp;#27;[35m[WD Proxy]&amp;#27;[39m Matched &apos;/element&apos; to command name &apos;findElement&apos;
[debug] &amp;#27;[35m[WD Proxy]&amp;#27;[39m Proxying [POST /element] to [POST http://127.0.0.1:8225/wd/hub/session/1e49554d-8610-4493-b521-6b5932fb2ffc/element] with body: {&quot;strategy&quot;:&quot;id&quot;,&quot;selector&quot;:&quot;com.samsung.android.calendar:id/add_dayofweek_toggle_sat&quot;,&quot;context&quot;:&quot;&quot;,&quot;multiple&quot;:false}
[debug] &amp;#27;[35m[WD Proxy]&amp;#27;[39m Got response with status 200: {&quot;sessionId&quot;:&quot;1e49554d-8610-4493-b521-6b5932fb2ffc&quot;,&quot;value&quot;:{&quot;ELEMENT&quot;:&quot;01af498f-4679-4ac5-8ba5-7a30e57be4c6&quot;,&quot;element-6066-11e4-a52e-4f735466cecf&quot;:&quot;01af498f-4679-4ac5-8ba5-7a30e57be4c6&quot;}}
[debug] &amp;#27;[35m[W3C (1f204809)]&amp;#27;[39m Responding to client with driver.findElement() result: {&quot;element-6066-11e4-a52e-4f735466cecf&quot;:&quot;01af498f-4679-4ac5-8ba5-7a30e57be4c6&quot;,&quot;ELEMENT&quot;:&quot;01af498f-4679-4ac5-8ba5-7a30e57be4c6&quot;}
&amp;#27;[35m[HTTP]&amp;#27;[39m &amp;#27;[37m&lt;-- POST /wd/hub/session/1f204809-c2f5-4101-a635-4faf0d6c14d0/element &amp;#27;[39m&amp;#27;[32m200&amp;#27;[39m &amp;#27;[90m124 ms - 137&amp;#27;[39m
&amp;#27;[35m[HTTP]&amp;#27;[39m &amp;#27;[90m&amp;#27;[39m
&amp;#27;[35m[HTTP]&amp;#27;[39m &amp;#27;[37m--&gt;&amp;#27;[39m &amp;#27;[37mGET&amp;#27;[39m &amp;#27;[37m/wd/hub/session/1f204809-c2f5-4101-a635-4faf0d6c14d0/element/01af498f-4679-4ac5-8ba5-7a30e57be4c6/attribute/checked&amp;#27;[39m
&amp;#27;[35m[HTTP]&amp;#27;[39m &amp;#27;[90m{}&amp;#27;[39m
[debug] &amp;#27;[35m[W3C (1f204809)]&amp;#27;[39m Calling AppiumDriver.getAttribute() with args: [&quot;checked&quot;,&quot;01af498f-4679-4ac5-8ba5-7a30e57be4c6&quot;,&quot;1f204809-c2f5-4101-a635-4faf0d6c14d0&quot;]
[debug] &amp;#27;[35m[WD Proxy]&amp;#27;[39m Matched &apos;/element/01af498f-4679-4ac5-8ba5-7a30e57be4c6/attribute/checked&apos; to command name &apos;getAttribute&apos;
[debug] &amp;#27;[35m[WD Proxy]&amp;#27;[39m Proxying [GET /element/01af498f-4679-4ac5-8ba5-7a30e57be4c6/attribute/checked] to [GET http://127.0.0.1:8225/wd/hub/session/1e49554d-8610-4493-b521-6b5932fb2ffc/element/01af498f-4679-4ac5-8ba5-7a30e57be4c6/attribute/checked] with no body
[debug] &amp;#27;[35m[WD Proxy]&amp;#27;[39m Got response with status 200: {&quot;sessionId&quot;:&quot;1e49554d-8610-4493-b521-6b5932fb2ffc&quot;,&quot;value&quot;:&quot;false&quot;}
[debug] &amp;#27;[35m[W3C (1f204809)]&amp;#27;[39m Responding to client with driver.getAttribute() result: &quot;false&quot;
&amp;#27;[35m[HTTP]&amp;#27;[39m &amp;#27;[37m&lt;-- GET /wd/hub/session/1f204809-c2f5-4101-a635-4faf0d6c14d0/element/01af498f-4679-4ac5-8ba5-7a30e57be4c6/attribute/checked &amp;#27;[39m&amp;#27;[32m200&amp;#27;[39m &amp;#27;[90m54 ms - 17&amp;#27;[39m
&amp;#27;[35m[HTTP]&amp;#27;[39m &amp;#27;[90m&amp;#27;[39m
&amp;#27;[35m[HTTP]&amp;#27;[39m &amp;#27;[37m--&gt;&amp;#27;[39m &amp;#27;[37mGET&amp;#27;[39m &amp;#27;[37m/wd/hub/session/1f204809-c2f5-4101-a635-4faf0d6c14d0/context&amp;#27;[39m
&amp;#27;[35m[HTTP]&amp;#27;[39m &amp;#27;[90m{}&amp;#27;[39m
[debug] &amp;#27;[35m[W3C (1f204809)]&amp;#27;[39m Calling AppiumDriver.getCurrentContext() with args: [&quot;1f204809-c2f5-4101-a635-4faf0d6c14d0&quot;]
[debug] &amp;#27;[35m[W3C (1f204809)]&amp;#27;[39m Responding to client with driver.getCurrentContext() result: &quot;NATIVE_APP&quot;
&amp;#27;[35m[HTTP]&amp;#27;[39m &amp;#27;[37m&lt;-- GET /wd/hub/session/1f204809-c2f5-4101-a635-4faf0d6c14d0/context &amp;#27;[39m&amp;#27;[32m200&amp;#27;[39m &amp;#27;[90m2 ms - 22&amp;#27;[39m
&amp;#27;[35m[HTTP]&amp;#27;[39m &amp;#27;[90m&amp;#27;[39m
&amp;#27;[35m[HTTP]&amp;#27;[39m &amp;#27;[37m--&gt;&amp;#27;[39m &amp;#27;[37mPOST&amp;#27;[39m &amp;#27;[37m/wd/hub/session/1f204809-c2f5-4101-a635-4faf0d6c14d0/element&amp;#27;[39m
&amp;#27;[35m[HTTP]&amp;#27;[39m &amp;#27;[90m{&quot;using&quot;:&quot;id&quot;,&quot;value&quot;:&quot;com.samsung.android.calendar:id/add_dayofweek_toggle_mon&quot;}&amp;#27;[39m
[debug] &amp;#27;[35m[W3C (1f204809)]&amp;#27;[39m Calling AppiumDriver.findElement() with args: [&quot;id&quot;,&quot;com.samsung.android.calendar:id/add_dayofweek_toggle_mon&quot;,&quot;1f204809-c2f5-4101-a635-4faf0d6c14d0&quot;]
[debug] &amp;#27;[35m[BaseDriver]&amp;#27;[39m Valid locator strategies for this request: xpath, id, class name, accessibility id, -android uiautomator
[debug] &amp;#27;[35m[BaseDriver]&amp;#27;[39m Waiting up to 10000 ms for condition
[debug] &amp;#27;[35m[WD Proxy]&amp;#27;[39m Matched &apos;/element&apos; to command name &apos;findElement&apos;
[debug] &amp;#27;[35m[WD Proxy]&amp;#27;[39m Proxying [POST /element] to [POST http://127.0.0.1:8225/wd/hub/session/1e49554d-8610-4493-b521-6b5932fb2ffc/element] with body: {&quot;strategy&quot;:&quot;id&quot;,&quot;selector&quot;:&quot;com.samsung.android.calendar:id/add_dayofweek_toggle_mon&quot;,&quot;context&quot;:&quot;&quot;,&quot;multiple&quot;:false}
[debug] &amp;#27;[35m[WD Proxy]&amp;#27;[39m Got response with status 200: {&quot;sessionId&quot;:&quot;1e49554d-8610-4493-b521-6b5932fb2ffc&quot;,&quot;value&quot;:{&quot;ELEMENT&quot;:&quot;e6fffafc-0ba9-4d5d-84a5-e1b4e2adc468&quot;,&quot;element-6066-11e4-a52e-4f735466cecf&quot;:&quot;e6fffafc-0ba9-4d5d-84a5-e1b4e2adc468&quot;}}
[debug] &amp;#27;[35m[W3C (1f204809)]&amp;#27;[39m Responding to client with driver.findElement() result: {&quot;element-6066-11e4-a52e-4f735466cecf&quot;:&quot;e6fffafc-0ba9-4d5d-84a5-e1b4e2adc468&quot;,&quot;ELEMENT&quot;:&quot;e6fffafc-0ba9-4d5d-84a5-e1b4e2adc468&quot;}
&amp;#27;[35m[HTTP]&amp;#27;[39m &amp;#27;[37m&lt;-- POST /wd/hub/session/1f204809-c2f5-4101-a635-4faf0d6c14d0/element &amp;#27;[39m&amp;#27;[32m200&amp;#27;[39m &amp;#27;[90m220 ms - 137&amp;#27;[39m
&amp;#27;[35m[HTTP]&amp;#27;[39m &amp;#27;[90m&amp;#27;[39m
&amp;#27;[35m[HTTP]&amp;#27;[39m &amp;#27;[37m--&gt;&amp;#27;[39m &amp;#27;[37mGET&amp;#27;[39m &amp;#27;[37m/wd/hub/session/1f204809-c2f5-4101-a635-4faf0d6c14d0/element/e6fffafc-0ba9-4d5d-84a5-e1b4e2adc468/attribute/checked&amp;#27;[39m
&amp;#27;[35m[HTTP]&amp;#27;[39m &amp;#27;[90m{}&amp;#27;[39m
[debug] &amp;#27;[35m[W3C (1f204809)]&amp;#27;[39m Calling AppiumDriver.getAttribute() with args: [&quot;checked&quot;,&quot;e6fffafc-0ba9-4d5d-84a5-e1b4e2adc468&quot;,&quot;1f204809-c2f5-4101-a635-4faf0d6c14d0&quot;]
[debug] &amp;#27;[35m[WD Proxy]&amp;#27;[39m Matched &apos;/element/e6fffafc-0ba9-4d5d-84a5-e1b4e2adc468/attribute/checked&apos; to command name &apos;getAttribute&apos;
[debug] &amp;#27;[35m[WD Proxy]&amp;#27;[39m Proxying [GET /element/e6fffafc-0ba9-4d5d-84a5-e1b4e2adc468/attribute/checked] to [GET http://127.0.0.1:8225/wd/hub/session/1e49554d-8610-4493-b521-6b5932fb2ffc/element/e6fffafc-0ba9-4d5d-84a5-e1b4e2adc468/attribute/checked] with no body
[debug] &amp;#27;[35m[WD Proxy]&amp;#27;[39m Got response with status 200: {&quot;sessionId&quot;:&quot;1e49554d-8610-4493-b521-6b5932fb2ffc&quot;,&quot;value&quot;:&quot;false&quot;}
[debug] &amp;#27;[35m[W3C (1f204809)]&amp;#27;[39m Responding to client with driver.getAttribute() result: &quot;false&quot;
&amp;#27;[35m[HTTP]&amp;#27;[39m &amp;#27;[37m&lt;-- GET /wd/hub/session/1f204809-c2f5-4101-a635-4faf0d6c14d0/element/e6fffafc-0ba9-4d5d-84a5-e1b4e2adc468/attribute/checked &amp;#27;[39m&amp;#27;[32m200&amp;#27;[39m &amp;#27;[90m50 ms - 17&amp;#27;[39m
&amp;#27;[35m[HTTP]&amp;#27;[39m &amp;#27;[90m&amp;#27;[39m
&amp;#27;[35m[HTTP]&amp;#27;[39m &amp;#27;[37m--&gt;&amp;#27;[39m &amp;#27;[37mGET&amp;#27;[39m &amp;#27;[37m/wd/hub/session/1f204809-c2f5-4101-a635-4faf0d6c14d0/context&amp;#27;[39m
&amp;#27;[35m[HTTP]&amp;#27;[39m &amp;#27;[90m{}&amp;#27;[39m
[debug] &amp;#27;[35m[W3C (1f204809)]&amp;#27;[39m Calling AppiumDriver.getCurrentContext() with args: [&quot;1f204809-c2f5-4101-a635-4faf0d6c14d0&quot;]
[debug] &amp;#27;[35m[W3C (1f204809)]&amp;#27;[39m Responding to client with driver.getCurrentContext() result: &quot;NATIVE_APP&quot;
&amp;#27;[35m[HTTP]&amp;#27;[39m &amp;#27;[37m&lt;-- GET /wd/hub/session/1f204809-c2f5-4101-a635-4faf0d6c14d0/context &amp;#27;[39m&amp;#27;[32m200&amp;#27;[39m &amp;#27;[90m2 ms - 22&amp;#27;[39m
&amp;#27;[35m[HTTP]&amp;#27;[39m &amp;#27;[90m&amp;#27;[39m
&amp;#27;[35m[HTTP]&amp;#27;[39m &amp;#27;[37m--&gt;&amp;#27;[39m &amp;#27;[37mPOST&amp;#27;[39m &amp;#27;[37m/wd/hub/session/1f204809-c2f5-4101-a635-4faf0d6c14d0/element&amp;#27;[39m
&amp;#27;[35m[HTTP]&amp;#27;[39m &amp;#27;[90m{&quot;using&quot;:&quot;id&quot;,&quot;value&quot;:&quot;com.samsung.android.calendar:id/add_dayofweek_toggle_wed&quot;}&amp;#27;[39m
[debug] &amp;#27;[35m[W3C (1f204809)]&amp;#27;[39m Calling AppiumDriver.findElement() with args: [&quot;id&quot;,&quot;com.samsung.android.calendar:id/add_dayofweek_toggle_wed&quot;,&quot;1f204809-c2f5-4101-a635-4faf0d6c14d0&quot;]
[debug] &amp;#27;[35m[BaseDriver]&amp;#27;[39m Valid locator strategies for this request: xpath, id, class name, accessibility id, -android uiautomator
[debug] &amp;#27;[35m[BaseDriver]&amp;#27;[39m Waiting up to 10000 ms for condition
[debug] &amp;#27;[35m[WD Proxy]&amp;#27;[39m Matched &apos;/element&apos; to command name &apos;findElement&apos;
[debug] &amp;#27;[35m[WD Proxy]&amp;#27;[39m Proxying [POST /element] to [POST http://127.0.0.1:8225/wd/hub/session/1e49554d-8610-4493-b521-6b5932fb2ffc/element] with body: {&quot;strategy&quot;:&quot;id&quot;,&quot;selector&quot;:&quot;com.samsung.android.calendar:id/add_dayofweek_toggle_wed&quot;,&quot;context&quot;:&quot;&quot;,&quot;multiple&quot;:false}
[debug] &amp;#27;[35m[WD Proxy]&amp;#27;[39m Got response with status 200: {&quot;sessionId&quot;:&quot;1e49554d-8610-4493-b521-6b5932fb2ffc&quot;,&quot;value&quot;:{&quot;ELEMENT&quot;:&quot;3ffe117c-17a6-4439-8076-5e26a149a46f&quot;,&quot;element-6066-11e4-a52e-4f735466cecf&quot;:&quot;3ffe117c-17a6-4439-8076-5e26a149a46f&quot;}}
[debug] &amp;#27;[35m[W3C (1f204809)]&amp;#27;[39m Responding to client with driver.findElement() result: {&quot;element-6066-11e4-a52e-4f735466cecf&quot;:&quot;3ffe117c-17a6-4439-8076-5e26a149a46f&quot;,&quot;ELEMENT&quot;:&quot;3ffe117c-17a6-4439-8076-5e26a149a46f&quot;}
&amp;#27;[35m[HTTP]&amp;#27;[39m &amp;#27;[37m&lt;-- POST /wd/hub/session/1f204809-c2f5-4101-a635-4faf0d6c14d0/element &amp;#27;[39m&amp;#27;[32m200&amp;#27;[39m &amp;#27;[90m68 ms - 137&amp;#27;[39m
&amp;#27;[35m[HTTP]&amp;#27;[39m &amp;#27;[90m&amp;#27;[39m
&amp;#27;[35m[HTTP]&amp;#27;[39m &amp;#27;[37m--&gt;&amp;#27;[39m &amp;#27;[37mGET&amp;#27;[39m &amp;#27;[37m/wd/hub/session/1f204809-c2f5-4101-a635-4faf0d6c14d0/element/3ffe117c-17a6-4439-8076-5e26a149a46f/attribute/checked&amp;#27;[39m
&amp;#27;[35m[HTTP]&amp;#27;[39m &amp;#27;[90m{}&amp;#27;[39m
[debug] &amp;#27;[35m[W3C (1f204809)]&amp;#27;[39m Calling AppiumDriver.getAttribute() with args: [&quot;checked&quot;,&quot;3ffe117c-17a6-4439-8076-5e26a149a46f&quot;,&quot;1f204809-c2f5-4101-a635-4faf0d6c14d0&quot;]
[debug] &amp;#27;[35m[WD Proxy]&amp;#27;[39m Matched &apos;/element/3ffe117c-17a6-4439-8076-5e26a149a46f/attribute/checked&apos; to command name &apos;getAttribute&apos;
[debug] &amp;#27;[35m[WD Proxy]&amp;#27;[39m Proxying [GET /element/3ffe117c-17a6-4439-8076-5e26a149a46f/attribute/checked] to [GET http://127.0.0.1:8225/wd/hub/session/1e49554d-8610-4493-b521-6b5932fb2ffc/element/3ffe117c-17a6-4439-8076-5e26a149a46f/attribute/checked] with no body
[debug] &amp;#27;[35m[WD Proxy]&amp;#27;[39m Got response with status 200: {&quot;sessionId&quot;:&quot;1e49554d-8610-4493-b521-6b5932fb2ffc&quot;,&quot;value&quot;:&quot;false&quot;}
[debug] &amp;#27;[35m[W3C (1f204809)]&amp;#27;[39m Responding to client with driver.getAttribute() result: &quot;false&quot;
&amp;#27;[35m[HTTP]&amp;#27;[39m &amp;#27;[37m&lt;-- GET /wd/hub/session/1f204809-c2f5-4101-a635-4faf0d6c14d0/element/3ffe117c-17a6-4439-8076-5e26a149a46f/attribute/checked &amp;#27;[39m&amp;#27;[32m200&amp;#27;[39m &amp;#27;[90m44 ms - 17&amp;#27;[39m
&amp;#27;[35m[HTTP]&amp;#27;[39m &amp;#27;[90m&amp;#27;[39m
&amp;#27;[35m[HTTP]&amp;#27;[39m &amp;#27;[37m--&gt;&amp;#27;[39m &amp;#27;[37mGET&amp;#27;[39m &amp;#27;[37m/wd/hub/session/1f204809-c2f5-4101-a635-4faf0d6c14d0/context&amp;#27;[39m
&amp;#27;[35m[HTTP]&amp;#27;[39m &amp;#27;[90m{}&amp;#27;[39m
[debug] &amp;#27;[35m[W3C (1f204809)]&amp;#27;[39m Calling AppiumDriver.getCurrentContext() with args: [&quot;1f204809-c2f5-4101-a635-4faf0d6c14d0&quot;]
[debug] &amp;#27;[35m[W3C (1f204809)]&amp;#27;[39m Responding to client with driver.getCurrentContext() result: &quot;NATIVE_APP&quot;
&amp;#27;[35m[HTTP]&amp;#27;[39m &amp;#27;[37m&lt;-- GET /wd/hub/session/1f204809-c2f5-4101-a635-4faf0d6c14d0/context &amp;#27;[39m&amp;#27;[32m200&amp;#27;[39m &amp;#27;[90m3 ms - 22&amp;#27;[39m
&amp;#27;[35m[HTTP]&amp;#27;[39m &amp;#27;[90m&amp;#27;[39m
&amp;#27;[35m[HTTP]&amp;#27;[39m &amp;#27;[37m--&gt;&amp;#27;[39m &amp;#27;[37mPOST&amp;#27;[39m &amp;#27;[37m/wd/hub/session/1f204809-c2f5-4101-a635-4faf0d6c14d0/element&amp;#27;[39m
&amp;#27;[35m[HTTP]&amp;#27;[39m &amp;#27;[90m{&quot;using&quot;:&quot;id&quot;,&quot;value&quot;:&quot;com.samsung.android.calendar:id/add_dayofweek_toggle_fri&quot;}&amp;#27;[39m
[debug] &amp;#27;[35m[W3C (1f204809)]&amp;#27;[39m Calling AppiumDriver.findElement() with args: [&quot;id&quot;,&quot;com.samsung.android.calendar:id/add_dayofweek_toggle_fri&quot;,&quot;1f204809-c2f5-4101-a635-4faf0d6c14d0&quot;]
[debug] &amp;#27;[35m[BaseDriver]&amp;#27;[39m Valid locator strategies for this request: xpath, id, class name, accessibility id, -android uiautomator
[debug] &amp;#27;[35m[BaseDriver]&amp;#27;[39m Waiting up to 10000 ms for condition
[debug] &amp;#27;[35m[WD Proxy]&amp;#27;[39m Matched &apos;/element&apos; to command name &apos;findElement&apos;
[debug] &amp;#27;[35m[WD Proxy]&amp;#27;[39m Proxying [POST /element] to [POST http://127.0.0.1:8225/wd/hub/session/1e49554d-8610-4493-b521-6b5932fb2ffc/element] with body: {&quot;strategy&quot;:&quot;id&quot;,&quot;selector&quot;:&quot;com.samsung.android.calendar:id/add_dayofweek_toggle_fri&quot;,&quot;context&quot;:&quot;&quot;,&quot;multiple&quot;:false}
[debug] &amp;#27;[35m[WD Proxy]&amp;#27;[39m Got response with status 200: {&quot;sessionId&quot;:&quot;1e49554d-8610-4493-b521-6b5932fb2ffc&quot;,&quot;value&quot;:{&quot;ELEMENT&quot;:&quot;5fb12466-8280-4a2d-b896-a6b2dbe94566&quot;,&quot;element-6066-11e4-a52e-4f735466cecf&quot;:&quot;5fb12466-8280-4a2d-b896-a6b2dbe94566&quot;}}
[debug] &amp;#27;[35m[W3C (1f204809)]&amp;#27;[39m Responding to client with driver.findElement() result: {&quot;element-6066-11e4-a52e-4f735466cecf&quot;:&quot;5fb12466-8280-4a2d-b896-a6b2dbe94566&quot;,&quot;ELEMENT&quot;:&quot;5fb12466-8280-4a2d-b896-a6b2dbe94566&quot;}
&amp;#27;[35m[HTTP]&amp;#27;[39m &amp;#27;[37m&lt;-- POST /wd/hub/session/1f204809-c2f5-4101-a635-4faf0d6c14d0/element &amp;#27;[39m&amp;#27;[32m200&amp;#27;[39m &amp;#27;[90m625 ms - 137&amp;#27;[39m
&amp;#27;[35m[HTTP]&amp;#27;[39m &amp;#27;[90m&amp;#27;[39m
&amp;#27;[35m[HTTP]&amp;#27;[39m &amp;#27;[37m--&gt;&amp;#27;[39m &amp;#27;[37mGET&amp;#27;[39m &amp;#27;[37m/wd/hub/session/1f204809-c2f5-4101-a635-4faf0d6c14d0/element/5fb12466-8280-4a2d-b896-a6b2dbe94566/attribute/checked&amp;#27;[39m
&amp;#27;[35m[HTTP]&amp;#27;[39m &amp;#27;[90m{}&amp;#27;[39m
[debug] &amp;#27;[35m[W3C (1f204809)]&amp;#27;[39m Calling AppiumDriver.getAttribute() with args: [&quot;checked&quot;,&quot;5fb12466-8280-4a2d-b896-a6b2dbe94566&quot;,&quot;1f204809-c2f5-4101-a635-4faf0d6c14d0&quot;]
[debug] &amp;#27;[35m[WD Proxy]&amp;#27;[39m Matched &apos;/element/5fb12466-8280-4a2d-b896-a6b2dbe94566/attribute/checked&apos; to command name &apos;getAttribute&apos;
[debug] &amp;#27;[35m[WD Proxy]&amp;#27;[39m Proxying [GET /element/5fb12466-8280-4a2d-b896-a6b2dbe94566/attribute/checked] to [GET http://127.0.0.1:8225/wd/hub/session/1e49554d-8610-4493-b521-6b5932fb2ffc/element/5fb12466-8280-4a2d-b896-a6b2dbe94566/attribute/checked] with no body
[debug] &amp;#27;[35m[WD Proxy]&amp;#27;[39m Got response with status 200: {&quot;sessionId&quot;:&quot;1e49554d-8610-4493-b521-6b5932fb2ffc&quot;,&quot;value&quot;:&quot;false&quot;}
[debug] &amp;#27;[35m[W3C (1f204809)]&amp;#27;[39m Responding to client with driver.getAttribute() result: &quot;false&quot;
&amp;#27;[35m[HTTP]&amp;#27;[39m &amp;#27;[37m&lt;-- GET /wd/hub/session/1f204809-c2f5-4101-a635-4faf0d6c14d0/element/5fb12466-8280-4a2d-b896-a6b2dbe94566/attribute/checked &amp;#27;[39m&amp;#27;[32m200&amp;#27;[39m &amp;#27;[90m44 ms - 17&amp;#27;[39m
&amp;#27;[35m[HTTP]&amp;#27;[39m &amp;#27;[90m&amp;#27;[39m
&amp;#27;[35m[HTTP]&amp;#27;[39m &amp;#27;[37m--&gt;&amp;#27;[39m &amp;#27;[37mGET&amp;#27;[39m &amp;#27;[37m/wd/hub/session/1f204809-c2f5-4101-a635-4faf0d6c14d0/context&amp;#27;[39m
&amp;#27;[35m[HTTP]&amp;#27;[39m &amp;#27;[90m{}&amp;#27;[39m
[debug] &amp;#27;[35m[W3C (1f204809)]&amp;#27;[39m Calling AppiumDriver.getCurrentContext() with args: [&quot;1f204809-c2f5-4101-a635-4faf0d6c14d0&quot;]
[debug] &amp;#27;[35m[W3C (1f204809)]&amp;#27;[39m Responding to client with driver.getCurrentContext() result: &quot;NATIVE_APP&quot;
&amp;#27;[35m[HTTP]&amp;#27;[39m &amp;#27;[37m&lt;-- GET /wd/hub/session/1f204809-c2f5-4101-a635-4faf0d6c14d0/context &amp;#27;[39m&amp;#27;[32m200&amp;#27;[39m &amp;#27;[90m5 ms - 22&amp;#27;[39m
&amp;#27;[35m[HTTP]&amp;#27;[39m &amp;#27;[90m&amp;#27;[39m
&amp;#27;[35m[HTTP]&amp;#27;[39m &amp;#27;[37m--&gt;&amp;#27;[39m &amp;#27;[37mPOST&amp;#27;[39m &amp;#27;[37m/wd/hub/session/1f204809-c2f5-4101-a635-4faf0d6c14d0/element&amp;#27;[39m
&amp;#27;[35m[HTTP]&amp;#27;[39m &amp;#27;[90m{&quot;using&quot;:&quot;id&quot;,&quot;value&quot;:&quot;com.samsung.android.calendar:id/add_dayofweek_toggle_tue&quot;}&amp;#27;[39m
[debug] &amp;#27;[35m[W3C (1f204809)]&amp;#27;[39m Calling AppiumDriver.findElement() with args: [&quot;id&quot;,&quot;com.samsung.android.calendar:id/add_dayofweek_toggle_tue&quot;,&quot;1f204809-c2f5-4101-a635-4faf0d6c14d0&quot;]
[debug] &amp;#27;[35m[BaseDriver]&amp;#27;[39m Valid locator strategies for this request: xpath, id, class name, accessibility id, -android uiautomator
[debug] &amp;#27;[35m[BaseDriver]&amp;#27;[39m Waiting up to 10000 ms for condition
[debug] &amp;#27;[35m[WD Proxy]&amp;#27;[39m Matched &apos;/element&apos; to command name &apos;findElement&apos;
[debug] &amp;#27;[35m[WD Proxy]&amp;#27;[39m Proxying [POST /element] to [POST http://127.0.0.1:8225/wd/hub/session/1e49554d-8610-4493-b521-6b5932fb2ffc/element] with body: {&quot;strategy&quot;:&quot;id&quot;,&quot;selector&quot;:&quot;com.samsung.android.calendar:id/add_dayofweek_toggle_tue&quot;,&quot;context&quot;:&quot;&quot;,&quot;multiple&quot;:false}
[debug] &amp;#27;[35m[WD Proxy]&amp;#27;[39m Got response with status 200: {&quot;sessionId&quot;:&quot;1e49554d-8610-4493-b521-6b5932fb2ffc&quot;,&quot;value&quot;:{&quot;ELEMENT&quot;:&quot;bf981f4a-bc8b-4034-922d-ead009f5e9d0&quot;,&quot;element-6066-11e4-a52e-4f735466cecf&quot;:&quot;bf981f4a-bc8b-4034-922d-ead009f5e9d0&quot;}}
[debug] &amp;#27;[35m[W3C (1f204809)]&amp;#27;[39m Responding to client with driver.findElement() result: {&quot;element-6066-11e4-a52e-4f735466cecf&quot;:&quot;bf981f4a-bc8b-4034-922d-ead009f5e9d0&quot;,&quot;ELEMENT&quot;:&quot;bf981f4a-bc8b-4034-922d-ead009f5e9d0&quot;}
&amp;#27;[35m[HTTP]&amp;#27;[39m &amp;#27;[37m&lt;-- POST /wd/hub/session/1f204809-c2f5-4101-a635-4faf0d6c14d0/element &amp;#27;[39m&amp;#27;[32m200&amp;#27;[39m &amp;#27;[90m65 ms - 137&amp;#27;[39m
&amp;#27;[35m[HTTP]&amp;#27;[39m &amp;#27;[90m&amp;#27;[39m
&amp;#27;[35m[HTTP]&amp;#27;[39m &amp;#27;[37m--&gt;&amp;#27;[39m &amp;#27;[37mGET&amp;#27;[39m &amp;#27;[37m/wd/hub/session/1f204809-c2f5-4101-a635-4faf0d6c14d0/element/bf981f4a-bc8b-4034-922d-ead009f5e9d0/attribute/checked&amp;#27;[39m
&amp;#27;[35m[HTTP]&amp;#27;[39m &amp;#27;[90m{}&amp;#27;[39m
[debug] &amp;#27;[35m[W3C (1f204809)]&amp;#27;[39m Calling AppiumDriver.getAttribute() with args: [&quot;checked&quot;,&quot;bf981f4a-bc8b-4034-922d-ead009f5e9d0&quot;,&quot;1f204809-c2f5-4101-a635-4faf0d6c14d0&quot;]
[debug] &amp;#27;[35m[WD Proxy]&amp;#27;[39m Matched &apos;/element/bf981f4a-bc8b-4034-922d-ead009f5e9d0/attribute/checked&apos; to command name &apos;getAttribute&apos;
[debug] &amp;#27;[35m[WD Proxy]&amp;#27;[39m Proxying [GET /element/bf981f4a-bc8b-4034-922d-ead009f5e9d0/attribute/checked] to [GET http://127.0.0.1:8225/wd/hub/session/1e49554d-8610-4493-b521-6b5932fb2ffc/element/bf981f4a-bc8b-4034-922d-ead009f5e9d0/attribute/checked] with no body
[debug] &amp;#27;[35m[WD Proxy]&amp;#27;[39m Got response with status 200: {&quot;sessionId&quot;:&quot;1e49554d-8610-4493-b521-6b5932fb2ffc&quot;,&quot;value&quot;:&quot;false&quot;}
[debug] &amp;#27;[35m[W3C (1f204809)]&amp;#27;[39m Responding to client with driver.getAttribute() result: &quot;false&quot;
&amp;#27;[35m[HTTP]&amp;#27;[39m &amp;#27;[37m&lt;-- GET /wd/hub/session/1f204809-c2f5-4101-a635-4faf0d6c14d0/element/bf981f4a-bc8b-4034-922d-ead009f5e9d0/attribute/checked &amp;#27;[39m&amp;#27;[32m200&amp;#27;[39m &amp;#27;[90m38 ms - 17&amp;#27;[39m
&amp;#27;[35m[HTTP]&amp;#27;[39m &amp;#27;[90m&amp;#27;[39m
&amp;#27;[35m[HTTP]&amp;#27;[39m &amp;#27;[37m--&gt;&amp;#27;[39m &amp;#27;[37mGET&amp;#27;[39m &amp;#27;[37m/wd/hub/session/1f204809-c2f5-4101-a635-4faf0d6c14d0/context&amp;#27;[39m
&amp;#27;[35m[HTTP]&amp;#27;[39m &amp;#27;[90m{}&amp;#27;[39m
[debug] &amp;#27;[35m[W3C (1f204809)]&amp;#27;[39m Calling AppiumDriver.getCurrentContext() with args: [&quot;1f204809-c2f5-4101-a635-4faf0d6c14d0&quot;]
[debug] &amp;#27;[35m[W3C (1f204809)]&amp;#27;[39m Responding to client with driver.getCurrentContext() result: &quot;NATIVE_APP&quot;
&amp;#27;[35m[HTTP]&amp;#27;[39m &amp;#27;[37m&lt;-- GET /wd/hub/session/1f204809-c2f5-4101-a635-4faf0d6c14d0/context &amp;#27;[39m&amp;#27;[32m200&amp;#27;[39m &amp;#27;[90m2 ms - 22&amp;#27;[39m
&amp;#27;[35m[HTTP]&amp;#27;[39m &amp;#27;[90m&amp;#27;[39m
&amp;#27;[35m[HTTP]&amp;#27;[39m &amp;#27;[37m--&gt;&amp;#27;[39m &amp;#27;[37mPOST&amp;#27;[39m &amp;#27;[37m/wd/hub/session/1f204809-c2f5-4101-a635-4faf0d6c14d0/element&amp;#27;[39m
&amp;#27;[35m[HTTP]&amp;#27;[39m &amp;#27;[90m{&quot;using&quot;:&quot;id&quot;,&quot;value&quot;:&quot;com.samsung.android.calendar:id/add_dayofweek_toggle_tue&quot;}&amp;#27;[39m
[debug] &amp;#27;[35m[W3C (1f204809)]&amp;#27;[39m Calling AppiumDriver.findElement() with args: [&quot;id&quot;,&quot;com.samsung.android.calendar:id/add_dayofweek_toggle_tue&quot;,&quot;1f204809-c2f5-4101-a635-4faf0d6c14d0&quot;]
[debug] &amp;#27;[35m[BaseDriver]&amp;#27;[39m Valid locator strategies for this request: xpath, id, class name, accessibility id, -android uiautomator
[debug] &amp;#27;[35m[BaseDriver]&amp;#27;[39m Waiting up to 10000 ms for condition
[debug] &amp;#27;[35m[WD Proxy]&amp;#27;[39m Matched &apos;/element&apos; to command name &apos;findElement&apos;
[debug] &amp;#27;[35m[WD Proxy]&amp;#27;[39m Proxying [POST /element] to [POST http://127.0.0.1:8225/wd/hub/session/1e49554d-8610-4493-b521-6b5932fb2ffc/element] with body: {&quot;strategy&quot;:&quot;id&quot;,&quot;selector&quot;:&quot;com.samsung.android.calendar:id/add_dayofweek_toggle_tue&quot;,&quot;context&quot;:&quot;&quot;,&quot;multiple&quot;:false}
[debug] &amp;#27;[35m[WD Proxy]&amp;#27;[39m Got response with status 200: {&quot;sessionId&quot;:&quot;1e49554d-8610-4493-b521-6b5932fb2ffc&quot;,&quot;value&quot;:{&quot;ELEMENT&quot;:&quot;70049a20-cb16-4c6b-bd0f-322d255787de&quot;,&quot;element-6066-11e4-a52e-4f735466cecf&quot;:&quot;70049a20-cb16-4c6b-bd0f-322d255787de&quot;}}
[debug] &amp;#27;[35m[W3C (1f204809)]&amp;#27;[39m Responding to client with driver.findElement() result: {&quot;element-6066-11e4-a52e-4f735466cecf&quot;:&quot;70049a20-cb16-4c6b-bd0f-322d255787de&quot;,&quot;ELEMENT&quot;:&quot;70049a20-cb16-4c6b-bd0f-322d255787de&quot;}
&amp;#27;[35m[HTTP]&amp;#27;[39m &amp;#27;[37m&lt;-- POST /wd/hub/session/1f204809-c2f5-4101-a635-4faf0d6c14d0/element &amp;#27;[39m&amp;#27;[32m200&amp;#27;[39m &amp;#27;[90m100 ms - 137&amp;#27;[39m
&amp;#27;[35m[HTTP]&amp;#27;[39m &amp;#27;[90m&amp;#27;[39m
&amp;#27;[35m[HTTP]&amp;#27;[39m &amp;#27;[37m--&gt;&amp;#27;[39m &amp;#27;[37mPOST&amp;#27;[39m &amp;#27;[37m/wd/hub/session/1f204809-c2f5-4101-a635-4faf0d6c14d0/element/70049a20-cb16-4c6b-bd0f-322d255787de/click&amp;#27;[39m
&amp;#27;[35m[HTTP]&amp;#27;[39m &amp;#27;[90m{&quot;id&quot;:&quot;70049a20-cb16-4c6b-bd0f-322d255787de&quot;}&amp;#27;[39m
[debug] &amp;#27;[35m[W3C (1f204809)]&amp;#27;[39m Calling AppiumDriver.click() with args: [&quot;70049a20-cb16-4c6b-bd0f-322d255787de&quot;,&quot;1f204809-c2f5-4101-a635-4faf0d6c14d0&quot;]
[debug] &amp;#27;[35m[WD Proxy]&amp;#27;[39m Matched &apos;/element/70049a20-cb16-4c6b-bd0f-322d255787de/click&apos; to command name &apos;click&apos;
[debug] &amp;#27;[35m[WD Proxy]&amp;#27;[39m Proxying [POST /element/70049a20-cb16-4c6b-bd0f-322d255787de/click] to [POST http://127.0.0.1:8225/wd/hub/session/1e49554d-8610-4493-b521-6b5932fb2ffc/element/70049a20-cb16-4c6b-bd0f-322d255787de/click] with body: {&quot;element&quot;:&quot;70049a20-cb16-4c6b-bd0f-322d255787de&quot;}
[debug] &amp;#27;[35m[WD Proxy]&amp;#27;[39m Got response with status 200: {&quot;sessionId&quot;:&quot;1e49554d-8610-4493-b521-6b5932fb2ffc&quot;,&quot;value&quot;:null}
[debug] &amp;#27;[35m[W3C (1f204809)]&amp;#27;[39m Responding to client with driver.click() result: null
&amp;#27;[35m[HTTP]&amp;#27;[39m &amp;#27;[37m&lt;-- POST /wd/hub/session/1f204809-c2f5-4101-a635-4faf0d6c14d0/element/70049a20-cb16-4c6b-bd0f-322d255787de/click &amp;#27;[39m&amp;#27;[32m200&amp;#27;[39m &amp;#27;[90m72 ms - 14&amp;#27;[39m
&amp;#27;[35m[HTTP]&amp;#27;[39m &amp;#27;[90m&amp;#27;[39m
&amp;#27;[35m[HTTP]&amp;#27;[39m &amp;#27;[37m--&gt;&amp;#27;[39m &amp;#27;[37mGET&amp;#27;[39m &amp;#27;[37m/wd/hub/session/1f204809-c2f5-4101-a635-4faf0d6c14d0/context&amp;#27;[39m
&amp;#27;[35m[HTTP]&amp;#27;[39m &amp;#27;[90m{}&amp;#27;[39m
[debug] &amp;#27;[35m[W3C (1f204809)]&amp;#27;[39m Calling AppiumDriver.getCurrentContext() with args: [&quot;1f204809-c2f5-4101-a635-4faf0d6c14d0&quot;]
[debug] &amp;#27;[35m[W3C (1f204809)]&amp;#27;[39m Responding to client with driver.getCurrentContext() result: &quot;NATIVE_APP&quot;
&amp;#27;[35m[HTTP]&amp;#27;[39m &amp;#27;[37m&lt;-- GET /wd/hub/session/1f204809-c2f5-4101-a635-4faf0d6c14d0/context &amp;#27;[39m&amp;#27;[32m200&amp;#27;[39m &amp;#27;[90m4 ms - 22&amp;#27;[39m
&amp;#27;[35m[HTTP]&amp;#27;[39m &amp;#27;[90m&amp;#27;[39m
&amp;#27;[35m[HTTP]&amp;#27;[39m &amp;#27;[37m--&gt;&amp;#27;[39m &amp;#27;[37mPOST&amp;#27;[39m &amp;#27;[37m/wd/hub/session/1f204809-c2f5-4101-a635-4faf0d6c14d0/element&amp;#27;[39m
&amp;#27;[35m[HTTP]&amp;#27;[39m &amp;#27;[90m{&quot;using&quot;:&quot;id&quot;,&quot;value&quot;:&quot;com.samsung.android.calendar:id/add_dayofweek_toggle_thu&quot;}&amp;#27;[39m
[debug] &amp;#27;[35m[W3C (1f204809)]&amp;#27;[39m Calling AppiumDriver.findElement() with args: [&quot;id&quot;,&quot;com.samsung.android.calendar:id/add_dayofweek_toggle_thu&quot;,&quot;1f204809-c2f5-4101-a635-4faf0d6c14d0&quot;]
[debug] &amp;#27;[35m[BaseDriver]&amp;#27;[39m Valid locator strategies for this request: xpath, id, class name, accessibility id, -android uiautomator
[debug] &amp;#27;[35m[BaseDriver]&amp;#27;[39m Waiting up to 10000 ms for condition
[debug] &amp;#27;[35m[WD Proxy]&amp;#27;[39m Matched &apos;/element&apos; to command name &apos;findElement&apos;
[debug] &amp;#27;[35m[WD Proxy]&amp;#27;[39m Proxying [POST /element] to [POST http://127.0.0.1:8225/wd/hub/session/1e49554d-8610-4493-b521-6b5932fb2ffc/element] with body: {&quot;strategy&quot;:&quot;id&quot;,&quot;selector&quot;:&quot;com.samsung.android.calendar:id/add_dayofweek_toggle_thu&quot;,&quot;context&quot;:&quot;&quot;,&quot;multiple&quot;:false}
[debug] &amp;#27;[35m[WD Proxy]&amp;#27;[39m Got response with status 200: {&quot;sessionId&quot;:&quot;1e49554d-8610-4493-b521-6b5932fb2ffc&quot;,&quot;value&quot;:{&quot;ELEMENT&quot;:&quot;2f3f0ab4-8a15-4e4c-a37b-6bbc8ec645ae&quot;,&quot;element-6066-11e4-a52e-4f735466cecf&quot;:&quot;2f3f0ab4-8a15-4e4c-a37b-6bbc8ec645ae&quot;}}
[debug] &amp;#27;[35m[W3C (1f204809)]&amp;#27;[39m Responding to client with driver.findElement() result: {&quot;element-6066-11e4-a52e-4f735466cecf&quot;:&quot;2f3f0ab4-8a15-4e4c-a37b-6bbc8ec645ae&quot;,&quot;ELEMENT&quot;:&quot;2f3f0ab4-8a15-4e4c-a37b-6bbc8ec645ae&quot;}
&amp;#27;[35m[HTTP]&amp;#27;[39m &amp;#27;[37m&lt;-- POST /wd/hub/session/1f204809-c2f5-4101-a635-4faf0d6c14d0/element &amp;#27;[39m&amp;#27;[32m200&amp;#27;[39m &amp;#27;[90m608 ms - 137&amp;#27;[39m
&amp;#27;[35m[HTTP]&amp;#27;[39m &amp;#27;[90m&amp;#27;[39m
&amp;#27;[35m[HTTP]&amp;#27;[39m &amp;#27;[37m--&gt;&amp;#27;[39m &amp;#27;[37mGET&amp;#27;[39m &amp;#27;[37m/wd/hub/session/1f204809-c2f5-4101-a635-4faf0d6c14d0/element/2f3f0ab4-8a15-4e4c-a37b-6bbc8ec645ae/attribute/checked&amp;#27;[39m
&amp;#27;[35m[HTTP]&amp;#27;[39m &amp;#27;[90m{}&amp;#27;[39m
[debug] &amp;#27;[35m[W3C (1f204809)]&amp;#27;[39m Calling AppiumDriver.getAttribute() with args: [&quot;checked&quot;,&quot;2f3f0ab4-8a15-4e4c-a37b-6bbc8ec645ae&quot;,&quot;1f204809-c2f5-4101-a635-4faf0d6c14d0&quot;]
[debug] &amp;#27;[35m[WD Proxy]&amp;#27;[39m Matched &apos;/element/2f3f0ab4-8a15-4e4c-a37b-6bbc8ec645ae/attribute/checked&apos; to command name &apos;getAttribute&apos;
[debug] &amp;#27;[35m[WD Proxy]&amp;#27;[39m Proxying [GET /element/2f3f0ab4-8a15-4e4c-a37b-6bbc8ec645ae/attribute/checked] to [GET http://127.0.0.1:8225/wd/hub/session/1e49554d-8610-4493-b521-6b5932fb2ffc/element/2f3f0ab4-8a15-4e4c-a37b-6bbc8ec645ae/attribute/checked] with no body
[debug] &amp;#27;[35m[WD Proxy]&amp;#27;[39m Got response with status 200: {&quot;sessionId&quot;:&quot;1e49554d-8610-4493-b521-6b5932fb2ffc&quot;,&quot;value&quot;:&quot;false&quot;}
[debug] &amp;#27;[35m[W3C (1f204809)]&amp;#27;[39m Responding to client with driver.getAttribute() result: &quot;false&quot;
&amp;#27;[35m[HTTP]&amp;#27;[39m &amp;#27;[37m&lt;-- GET /wd/hub/session/1f204809-c2f5-4101-a635-4faf0d6c14d0/element/2f3f0ab4-8a15-4e4c-a37b-6bbc8ec645ae/attribute/checked &amp;#27;[39m&amp;#27;[32m200&amp;#27;[39m &amp;#27;[90m44 ms - 17&amp;#27;[39m
&amp;#27;[35m[HTTP]&amp;#27;[39m &amp;#27;[90m&amp;#27;[39m
&amp;#27;[35m[HTTP]&amp;#27;[39m &amp;#27;[37m--&gt;&amp;#27;[39m &amp;#27;[37mGET&amp;#27;[39m &amp;#27;[37m/wd/hub/session/1f204809-c2f5-4101-a635-4faf0d6c14d0/context&amp;#27;[39m
&amp;#27;[35m[HTTP]&amp;#27;[39m &amp;#27;[90m{}&amp;#27;[39m
[debug] &amp;#27;[35m[W3C (1f204809)]&amp;#27;[39m Calling AppiumDriver.getCurrentContext() with args: [&quot;1f204809-c2f5-4101-a635-4faf0d6c14d0&quot;]
[debug] &amp;#27;[35m[W3C (1f204809)]&amp;#27;[39m Responding to client with driver.getCurrentContext() result: &quot;NATIVE_APP&quot;
&amp;#27;[35m[HTTP]&amp;#27;[39m &amp;#27;[37m&lt;-- GET /wd/hub/session/1f204809-c2f5-4101-a635-4faf0d6c14d0/context &amp;#27;[39m&amp;#27;[32m200&amp;#27;[39m &amp;#27;[90m2 ms - 22&amp;#27;[39m
&amp;#27;[35m[HTTP]&amp;#27;[39m &amp;#27;[90m&amp;#27;[39m
&amp;#27;[35m[HTTP]&amp;#27;[39m &amp;#27;[37m--&gt;&amp;#27;[39m &amp;#27;[37mPOST&amp;#27;[39m &amp;#27;[37m/wd/hub/session/1f204809-c2f5-4101-a635-4faf0d6c14d0/element&amp;#27;[39m
&amp;#27;[35m[HTTP]&amp;#27;[39m &amp;#27;[90m{&quot;using&quot;:&quot;id&quot;,&quot;value&quot;:&quot;com.samsung.android.calendar:id/add_dayofweek_toggle_thu&quot;}&amp;#27;[39m
[debug] &amp;#27;[35m[W3C (1f204809)]&amp;#27;[39m Calling AppiumDriver.findElement() with args: [&quot;id&quot;,&quot;com.samsung.android.calendar:id/add_dayofweek_toggle_thu&quot;,&quot;1f204809-c2f5-4101-a635-4faf0d6c14d0&quot;]
[debug] &amp;#27;[35m[BaseDriver]&amp;#27;[39m Valid locator strategies for this request: xpath, id, class name, accessibility id, -android uiautomator
[debug] &amp;#27;[35m[BaseDriver]&amp;#27;[39m Waiting up to 10000 ms for condition
[debug] &amp;#27;[35m[WD Proxy]&amp;#27;[39m Matched &apos;/element&apos; to command name &apos;findElement&apos;
[debug] &amp;#27;[35m[WD Proxy]&amp;#27;[39m Proxying [POST /element] to [POST http://127.0.0.1:8225/wd/hub/session/1e49554d-8610-4493-b521-6b5932fb2ffc/element] with body: {&quot;strategy&quot;:&quot;id&quot;,&quot;selector&quot;:&quot;com.samsung.android.calendar:id/add_dayofweek_toggle_thu&quot;,&quot;context&quot;:&quot;&quot;,&quot;multiple&quot;:false}
[debug] &amp;#27;[35m[WD Proxy]&amp;#27;[39m Got response with status 200: {&quot;sessionId&quot;:&quot;1e49554d-8610-4493-b521-6b5932fb2ffc&quot;,&quot;value&quot;:{&quot;ELEMENT&quot;:&quot;33656d7a-21da-4920-bc7d-afee502c7958&quot;,&quot;element-6066-11e4-a52e-4f735466cecf&quot;:&quot;33656d7a-21da-4920-bc7d-afee502c7958&quot;}}
[debug] &amp;#27;[35m[W3C (1f204809)]&amp;#27;[39m Responding to client with driver.findElement() result: {&quot;element-6066-11e4-a52e-4f735466cecf&quot;:&quot;33656d7a-21da-4920-bc7d-afee502c7958&quot;,&quot;ELEMENT&quot;:&quot;33656d7a-21da-4920-bc7d-afee502c7958&quot;}
&amp;#27;[35m[HTTP]&amp;#27;[39m &amp;#27;[37m&lt;-- POST /wd/hub/session/1f204809-c2f5-4101-a635-4faf0d6c14d0/element &amp;#27;[39m&amp;#27;[32m200&amp;#27;[39m &amp;#27;[90m65 ms - 137&amp;#27;[39m
&amp;#27;[35m[HTTP]&amp;#27;[39m &amp;#27;[90m&amp;#27;[39m
&amp;#27;[35m[HTTP]&amp;#27;[39m &amp;#27;[37m--&gt;&amp;#27;[39m &amp;#27;[37mPOST&amp;#27;[39m &amp;#27;[37m/wd/hub/session/1f204809-c2f5-4101-a635-4faf0d6c14d0/element/33656d7a-21da-4920-bc7d-afee502c7958/click&amp;#27;[39m
&amp;#27;[35m[HTTP]&amp;#27;[39m &amp;#27;[90m{&quot;id&quot;:&quot;33656d7a-21da-4920-bc7d-afee502c7958&quot;}&amp;#27;[39m
[debug] &amp;#27;[35m[W3C (1f204809)]&amp;#27;[39m Calling AppiumDriver.click() with args: [&quot;33656d7a-21da-4920-bc7d-afee502c7958&quot;,&quot;1f204809-c2f5-4101-a635-4faf0d6c14d0&quot;]
[debug] &amp;#27;[35m[WD Proxy]&amp;#27;[39m Matched &apos;/element/33656d7a-21da-4920-bc7d-afee502c7958/click&apos; to command name &apos;click&apos;
[debug] &amp;#27;[35m[WD Proxy]&amp;#27;[39m Proxying [POST /element/33656d7a-21da-4920-bc7d-afee502c7958/click] to [POST http://127.0.0.1:8225/wd/hub/session/1e49554d-8610-4493-b521-6b5932fb2ffc/element/33656d7a-21da-4920-bc7d-afee502c7958/click] with body: {&quot;element&quot;:&quot;33656d7a-21da-4920-bc7d-afee502c7958&quot;}
[debug] &amp;#27;[35m[WD Proxy]&amp;#27;[39m Got response with status 200: {&quot;sessionId&quot;:&quot;1e49554d-8610-4493-b521-6b5932fb2ffc&quot;,&quot;value&quot;:null}
[debug] &amp;#27;[35m[W3C (1f204809)]&amp;#27;[39m Responding to client with driver.click() result: null
&amp;#27;[35m[HTTP]&amp;#27;[39m &amp;#27;[37m&lt;-- POST /wd/hub/session/1f204809-c2f5-4101-a635-4faf0d6c14d0/element/33656d7a-21da-4920-bc7d-afee502c7958/click &amp;#27;[39m&amp;#27;[32m200&amp;#27;[39m &amp;#27;[90m77 ms - 14&amp;#27;[39m
&amp;#27;[35m[HTTP]&amp;#27;[39m &amp;#27;[90m&amp;#27;[39m
&amp;#27;[35m[HTTP]&amp;#27;[39m &amp;#27;[37m--&gt;&amp;#27;[39m &amp;#27;[37mGET&amp;#27;[39m &amp;#27;[37m/wd/hub/session/1f204809-c2f5-4101-a635-4faf0d6c14d0/context&amp;#27;[39m
&amp;#27;[35m[HTTP]&amp;#27;[39m &amp;#27;[90m{}&amp;#27;[39m
[debug] &amp;#27;[35m[W3C (1f204809)]&amp;#27;[39m Calling AppiumDriver.getCurrentContext() with args: [&quot;1f204809-c2f5-4101-a635-4faf0d6c14d0&quot;]
[debug] &amp;#27;[35m[W3C (1f204809)]&amp;#27;[39m Responding to client with driver.getCurrentContext() result: &quot;NATIVE_APP&quot;
&amp;#27;[35m[HTTP]&amp;#27;[39m &amp;#27;[37m&lt;-- GET /wd/hub/session/1f204809-c2f5-4101-a635-4faf0d6c14d0/context &amp;#27;[39m&amp;#27;[32m200&amp;#27;[39m &amp;#27;[90m2 ms - 22&amp;#27;[39m
&amp;#27;[35m[HTTP]&amp;#27;[39m &amp;#27;[90m&amp;#27;[39m
&amp;#27;[35m[HTTP]&amp;#27;[39m &amp;#27;[37m--&gt;&amp;#27;[39m &amp;#27;[37mPOST&amp;#27;[39m &amp;#27;[37m/wd/hub/session/1f204809-c2f5-4101-a635-4faf0d6c14d0/element&amp;#27;[39m
&amp;#27;[35m[HTTP]&amp;#27;[39m &amp;#27;[90m{&quot;using&quot;:&quot;id&quot;,&quot;value&quot;:&quot;com.samsung.android.calendar:id/add_dayofweek_toggle_sat&quot;}&amp;#27;[39m
[debug] &amp;#27;[35m[W3C (1f204809)]&amp;#27;[39m Calling AppiumDriver.findElement() with args: [&quot;id&quot;,&quot;com.samsung.android.calendar:id/add_dayofweek_toggle_sat&quot;,&quot;1f204809-c2f5-4101-a635-4faf0d6c14d0&quot;]
[debug] &amp;#27;[35m[BaseDriver]&amp;#27;[39m Valid locator strategies for this request: xpath, id, class name, accessibility id, -android uiautomator
[debug] &amp;#27;[35m[BaseDriver]&amp;#27;[39m Waiting up to 10000 ms for condition
[debug] &amp;#27;[35m[WD Proxy]&amp;#27;[39m Matched &apos;/element&apos; to command name &apos;findElement&apos;
[debug] &amp;#27;[35m[WD Proxy]&amp;#27;[39m Proxying [POST /element] to [POST http://127.0.0.1:8225/wd/hub/session/1e49554d-8610-4493-b521-6b5932fb2ffc/element] with body: {&quot;strategy&quot;:&quot;id&quot;,&quot;selector&quot;:&quot;com.samsung.android.calendar:id/add_dayofweek_toggle_sat&quot;,&quot;context&quot;:&quot;&quot;,&quot;multiple&quot;:false}
[debug] &amp;#27;[35m[WD Proxy]&amp;#27;[39m Got response with status 200: {&quot;sessionId&quot;:&quot;1e49554d-8610-4493-b521-6b5932fb2ffc&quot;,&quot;value&quot;:{&quot;ELEMENT&quot;:&quot;8bdd807f-ef4e-4188-b7ae-9eddc4f9fdd7&quot;,&quot;element-6066-11e4-a52e-4f735466cecf&quot;:&quot;8bdd807f-ef4e-4188-b7ae-9eddc4f9fdd7&quot;}}
[debug] &amp;#27;[35m[W3C (1f204809)]&amp;#27;[39m Responding to client with driver.findElement() result: {&quot;element-6066-11e4-a52e-4f735466cecf&quot;:&quot;8bdd807f-ef4e-4188-b7ae-9eddc4f9fdd7&quot;,&quot;ELEMENT&quot;:&quot;8bdd807f-ef4e-4188-b7ae-9eddc4f9fdd7&quot;}
&amp;#27;[35m[HTTP]&amp;#27;[39m &amp;#27;[37m&lt;-- POST /wd/hub/session/1f204809-c2f5-4101-a635-4faf0d6c14d0/element &amp;#27;[39m&amp;#27;[32m200&amp;#27;[39m &amp;#27;[90m594 ms - 137&amp;#27;[39m
&amp;#27;[35m[HTTP]&amp;#27;[39m &amp;#27;[90m&amp;#27;[39m
&amp;#27;[35m[HTTP]&amp;#27;[39m &amp;#27;[37m--&gt;&amp;#27;[39m &amp;#27;[37mGET&amp;#27;[39m &amp;#27;[37m/wd/hub/session/1f204809-c2f5-4101-a635-4faf0d6c14d0/element/8bdd807f-ef4e-4188-b7ae-9eddc4f9fdd7/attribute/checked&amp;#27;[39m
&amp;#27;[35m[HTTP]&amp;#27;[39m &amp;#27;[90m{}&amp;#27;[39m
[debug] &amp;#27;[35m[W3C (1f204809)]&amp;#27;[39m Calling AppiumDriver.getAttribute() with args: [&quot;checked&quot;,&quot;8bdd807f-ef4e-4188-b7ae-9eddc4f9fdd7&quot;,&quot;1f204809-c2f5-4101-a635-4faf0d6c14d0&quot;]
[debug] &amp;#27;[35m[WD Proxy]&amp;#27;[39m Matched &apos;/element/8bdd807f-ef4e-4188-b7ae-9eddc4f9fdd7/attribute/checked&apos; to command name &apos;getAttribute&apos;
[debug] &amp;#27;[35m[WD Proxy]&amp;#27;[39m Proxying [GET /element/8bdd807f-ef4e-4188-b7ae-9eddc4f9fdd7/attribute/checked] to [GET http://127.0.0.1:8225/wd/hub/session/1e49554d-8610-4493-b521-6b5932fb2ffc/element/8bdd807f-ef4e-4188-b7ae-9eddc4f9fdd7/attribute/checked] with no body
[debug] &amp;#27;[35m[WD Proxy]&amp;#27;[39m Got response with status 200: {&quot;sessionId&quot;:&quot;1e49554d-8610-4493-b521-6b5932fb2ffc&quot;,&quot;value&quot;:&quot;false&quot;}
[debug] &amp;#27;[35m[W3C (1f204809)]&amp;#27;[39m Responding to client with driver.getAttribute() result: &quot;false&quot;
&amp;#27;[35m[HTTP]&amp;#27;[39m &amp;#27;[37m&lt;-- GET /wd/hub/session/1f204809-c2f5-4101-a635-4faf0d6c14d0/element/8bdd807f-ef4e-4188-b7ae-9eddc4f9fdd7/attribute/checked &amp;#27;[39m&amp;#27;[32m200&amp;#27;[39m &amp;#27;[90m41 ms - 17&amp;#27;[39m
&amp;#27;[35m[HTTP]&amp;#27;[39m &amp;#27;[90m&amp;#27;[39m
&amp;#27;[35m[HTTP]&amp;#27;[39m &amp;#27;[37m--&gt;&amp;#27;[39m &amp;#27;[37mGET&amp;#27;[39m &amp;#27;[37m/wd/hub/session/1f204809-c2f5-4101-a635-4faf0d6c14d0/context&amp;#27;[39m
&amp;#27;[35m[HTTP]&amp;#27;[39m &amp;#27;[90m{}&amp;#27;[39m
[debug] &amp;#27;[35m[W3C (1f204809)]&amp;#27;[39m Calling AppiumDriver.getCurrentContext() with args: [&quot;1f204809-c2f5-4101-a635-4faf0d6c14d0&quot;]
[debug] &amp;#27;[35m[W3C (1f204809)]&amp;#27;[39m Responding to client with driver.getCurrentContext() result: &quot;NATIVE_APP&quot;
&amp;#27;[35m[HTTP]&amp;#27;[39m &amp;#27;[37m&lt;-- GET /wd/hub/session/1f204809-c2f5-4101-a635-4faf0d6c14d0/context &amp;#27;[39m&amp;#27;[32m200&amp;#27;[39m &amp;#27;[90m2 ms - 22&amp;#27;[39m
&amp;#27;[35m[HTTP]&amp;#27;[39m &amp;#27;[90m&amp;#27;[39m
&amp;#27;[35m[HTTP]&amp;#27;[39m &amp;#27;[37m--&gt;&amp;#27;[39m &amp;#27;[37mPOST&amp;#27;[39m &amp;#27;[37m/wd/hub/session/1f204809-c2f5-4101-a635-4faf0d6c14d0/element&amp;#27;[39m
&amp;#27;[35m[HTTP]&amp;#27;[39m &amp;#27;[90m{&quot;using&quot;:&quot;id&quot;,&quot;value&quot;:&quot;com.samsung.android.calendar:id/add_dayofweek_toggle_sat&quot;}&amp;#27;[39m
[debug] &amp;#27;[35m[W3C (1f204809)]&amp;#27;[39m Calling AppiumDriver.findElement() with args: [&quot;id&quot;,&quot;com.samsung.android.calendar:id/add_dayofweek_toggle_sat&quot;,&quot;1f204809-c2f5-4101-a635-4faf0d6c14d0&quot;]
[debug] &amp;#27;[35m[BaseDriver]&amp;#27;[39m Valid locator strategies for this request: xpath, id, class name, accessibility id, -android uiautomator
[debug] &amp;#27;[35m[BaseDriver]&amp;#27;[39m Waiting up to 10000 ms for condition
[debug] &amp;#27;[35m[WD Proxy]&amp;#27;[39m Matched &apos;/element&apos; to command name &apos;findElement&apos;
[debug] &amp;#27;[35m[WD Proxy]&amp;#27;[39m Proxying [POST /element] to [POST http://127.0.0.1:8225/wd/hub/session/1e49554d-8610-4493-b521-6b5932fb2ffc/element] with body: {&quot;strategy&quot;:&quot;id&quot;,&quot;selector&quot;:&quot;com.samsung.android.calendar:id/add_dayofweek_toggle_sat&quot;,&quot;context&quot;:&quot;&quot;,&quot;multiple&quot;:false}
[debug] &amp;#27;[35m[WD Proxy]&amp;#27;[39m Got response with status 200: {&quot;sessionId&quot;:&quot;1e49554d-8610-4493-b521-6b5932fb2ffc&quot;,&quot;value&quot;:{&quot;ELEMENT&quot;:&quot;0984eafb-5c13-4eeb-82c8-8e4a5d2bbc1e&quot;,&quot;element-6066-11e4-a52e-4f735466cecf&quot;:&quot;0984eafb-5c13-4eeb-82c8-8e4a5d2bbc1e&quot;}}
[debug] &amp;#27;[35m[W3C (1f204809)]&amp;#27;[39m Responding to client with driver.findElement() result: {&quot;element-6066-11e4-a52e-4f735466cecf&quot;:&quot;0984eafb-5c13-4eeb-82c8-8e4a5d2bbc1e&quot;,&quot;ELEMENT&quot;:&quot;0984eafb-5c13-4eeb-82c8-8e4a5d2bbc1e&quot;}
&amp;#27;[35m[HTTP]&amp;#27;[39m &amp;#27;[37m&lt;-- POST /wd/hub/session/1f204809-c2f5-4101-a635-4faf0d6c14d0/element &amp;#27;[39m&amp;#27;[32m200&amp;#27;[39m &amp;#27;[90m85 ms - 137&amp;#27;[39m
&amp;#27;[35m[HTTP]&amp;#27;[39m &amp;#27;[90m&amp;#27;[39m
&amp;#27;[35m[HTTP]&amp;#27;[39m &amp;#27;[37m--&gt;&amp;#27;[39m &amp;#27;[37mPOST&amp;#27;[39m &amp;#27;[37m/wd/hub/session/1f204809-c2f5-4101-a635-4faf0d6c14d0/element/0984eafb-5c13-4eeb-82c8-8e4a5d2bbc1e/click&amp;#27;[39m
&amp;#27;[35m[HTTP]&amp;#27;[39m &amp;#27;[90m{&quot;id&quot;:&quot;0984eafb-5c13-4eeb-82c8-8e4a5d2bbc1e&quot;}&amp;#27;[39m
[debug] &amp;#27;[35m[W3C (1f204809)]&amp;#27;[39m Calling AppiumDriver.click() with args: [&quot;0984eafb-5c13-4eeb-82c8-8e4a5d2bbc1e&quot;,&quot;1f204809-c2f5-4101-a635-4faf0d6c14d0&quot;]
[debug] &amp;#27;[35m[WD Proxy]&amp;#27;[39m Matched &apos;/element/0984eafb-5c13-4eeb-82c8-8e4a5d2bbc1e/click&apos; to command name &apos;click&apos;
[debug] &amp;#27;[35m[WD Proxy]&amp;#27;[39m Proxying [POST /element/0984eafb-5c13-4eeb-82c8-8e4a5d2bbc1e/click] to [POST http://127.0.0.1:8225/wd/hub/session/1e49554d-8610-4493-b521-6b5932fb2ffc/element/0984eafb-5c13-4eeb-82c8-8e4a5d2bbc1e/click] with body: {&quot;element&quot;:&quot;0984eafb-5c13-4eeb-82c8-8e4a5d2bbc1e&quot;}
[debug] &amp;#27;[35m[WD Proxy]&amp;#27;[39m Got response with status 200: {&quot;sessionId&quot;:&quot;1e49554d-8610-4493-b521-6b5932fb2ffc&quot;,&quot;value&quot;:null}
[debug] &amp;#27;[35m[W3C (1f204809)]&amp;#27;[39m Responding to client with driver.click() result: null
&amp;#27;[35m[HTTP]&amp;#27;[39m &amp;#27;[37m&lt;-- POST /wd/hub/session/1f204809-c2f5-4101-a635-4faf0d6c14d0/element/0984eafb-5c13-4eeb-82c8-8e4a5d2bbc1e/click &amp;#27;[39m&amp;#27;[32m200&amp;#27;[39m &amp;#27;[90m86 ms - 14&amp;#27;[39m
&amp;#27;[35m[HTTP]&amp;#27;[39m &amp;#27;[90m&amp;#27;[39m
&amp;#27;[35m[HTTP]&amp;#27;[39m &amp;#27;[37m--&gt;&amp;#27;[39m &amp;#27;[37mGET&amp;#27;[39m &amp;#27;[37m/wd/hub/session/1f204809-c2f5-4101-a635-4faf0d6c14d0/context&amp;#27;[39m
&amp;#27;[35m[HTTP]&amp;#27;[39m &amp;#27;[90m{}&amp;#27;[39m
[debug] &amp;#27;[35m[W3C (1f204809)]&amp;#27;[39m Calling AppiumDriver.getCurrentContext() with args: [&quot;1f204809-c2f5-4101-a635-4faf0d6c14d0&quot;]
[debug] &amp;#27;[35m[W3C (1f204809)]&amp;#27;[39m Responding to client with driver.getCurrentContext() result: &quot;NATIVE_APP&quot;
&amp;#27;[35m[HTTP]&amp;#27;[39m &amp;#27;[37m&lt;-- GET /wd/hub/session/1f204809-c2f5-4101-a635-4faf0d6c14d0/context &amp;#27;[39m&amp;#27;[32m200&amp;#27;[39m &amp;#27;[90m5 ms - 22&amp;#27;[39m
&amp;#27;[35m[HTTP]&amp;#27;[39m &amp;#27;[90m&amp;#27;[39m
&amp;#27;[35m[HTTP]&amp;#27;[39m &amp;#27;[37m--&gt;&amp;#27;[39m &amp;#27;[37mPOST&amp;#27;[39m &amp;#27;[37m/wd/hub/session/1f204809-c2f5-4101-a635-4faf0d6c14d0/element&amp;#27;[39m
&amp;#27;[35m[HTTP]&amp;#27;[39m &amp;#27;[90m{&quot;using&quot;:&quot;id&quot;,&quot;value&quot;:&quot;com.samsung.android.calendar:id/repeat_duration&quot;}&amp;#27;[39m
[debug] &amp;#27;[35m[W3C (1f204809)]&amp;#27;[39m Calling AppiumDriver.findElement() with args: [&quot;id&quot;,&quot;com.samsung.android.calendar:id/repeat_duration&quot;,&quot;1f204809-c2f5-4101-a635-4faf0d6c14d0&quot;]
[debug] &amp;#27;[35m[BaseDriver]&amp;#27;[39m Valid locator strategies for this request: xpath, id, class name, accessibility id, -android uiautomator
[debug] &amp;#27;[35m[BaseDriver]&amp;#27;[39m Waiting up to 10000 ms for condition
[debug] &amp;#27;[35m[WD Proxy]&amp;#27;[39m Matched &apos;/element&apos; to command name &apos;findElement&apos;
[debug] &amp;#27;[35m[WD Proxy]&amp;#27;[39m Proxying [POST /element] to [POST http://127.0.0.1:8225/wd/hub/session/1e49554d-8610-4493-b521-6b5932fb2ffc/element] with body: {&quot;strategy&quot;:&quot;id&quot;,&quot;selector&quot;:&quot;com.samsung.android.calendar:id/repeat_duration&quot;,&quot;context&quot;:&quot;&quot;,&quot;multiple&quot;:false}
[debug] &amp;#27;[35m[WD Proxy]&amp;#27;[39m Got response with status 200: {&quot;sessionId&quot;:&quot;1e49554d-8610-4493-b521-6b5932fb2ffc&quot;,&quot;value&quot;:{&quot;ELEMENT&quot;:&quot;9b556ece-2d0c-455f-bca3-20614f6b53ff&quot;,&quot;element-6066-11e4-a52e-4f735466cecf&quot;:&quot;9b556ece-2d0c-455f-bca3-20614f6b53ff&quot;}}
[debug] &amp;#27;[35m[W3C (1f204809)]&amp;#27;[39m Responding to client with driver.findElement() result: {&quot;element-6066-11e4-a52e-4f735466cecf&quot;:&quot;9b556ece-2d0c-455f-bca3-20614f6b53ff&quot;,&quot;ELEMENT&quot;:&quot;9b556ece-2d0c-455f-bca3-20614f6b53ff&quot;}
&amp;#27;[35m[HTTP]&amp;#27;[39m &amp;#27;[37m&lt;-- POST /wd/hub/session/1f204809-c2f5-4101-a635-4faf0d6c14d0/element &amp;#27;[39m&amp;#27;[32m200&amp;#27;[39m &amp;#27;[90m648 ms - 137&amp;#27;[39m
&amp;#27;[35m[HTTP]&amp;#27;[39m &amp;#27;[90m&amp;#27;[39m
&amp;#27;[35m[HTTP]&amp;#27;[39m &amp;#27;[37m--&gt;&amp;#27;[39m &amp;#27;[37mPOST&amp;#27;[39m &amp;#27;[37m/wd/hub/session/1f204809-c2f5-4101-a635-4faf0d6c14d0/element/9b556ece-2d0c-455f-bca3-20614f6b53ff/click&amp;#27;[39m
&amp;#27;[35m[HTTP]&amp;#27;[39m &amp;#27;[90m{&quot;id&quot;:&quot;9b556ece-2d0c-455f-bca3-20614f6b53ff&quot;}&amp;#27;[39m
[debug] &amp;#27;[35m[W3C (1f204809)]&amp;#27;[39m Calling AppiumDriver.click() with args: [&quot;9b556ece-2d0c-455f-bca3-20614f6b53ff&quot;,&quot;1f204809-c2f5-4101-a635-4faf0d6c14d0&quot;]
[debug] &amp;#27;[35m[WD Proxy]&amp;#27;[39m Matched &apos;/element/9b556ece-2d0c-455f-bca3-20614f6b53ff/click&apos; to command name &apos;click&apos;
[debug] &amp;#27;[35m[WD Proxy]&amp;#27;[39m Proxying [POST /element/9b556ece-2d0c-455f-bca3-20614f6b53ff/click] to [POST http://127.0.0.1:8225/wd/hub/session/1e49554d-8610-4493-b521-6b5932fb2ffc/element/9b556ece-2d0c-455f-bca3-20614f6b53ff/click] with body: {&quot;element&quot;:&quot;9b556ece-2d0c-455f-bca3-20614f6b53ff&quot;}
[debug] &amp;#27;[35m[WD Proxy]&amp;#27;[39m Got response with status 200: {&quot;sessionId&quot;:&quot;1e49554d-8610-4493-b521-6b5932fb2ffc&quot;,&quot;value&quot;:null}
[debug] &amp;#27;[35m[W3C (1f204809)]&amp;#27;[39m Responding to client with driver.click() result: null
&amp;#27;[35m[HTTP]&amp;#27;[39m &amp;#27;[37m&lt;-- POST /wd/hub/session/1f204809-c2f5-4101-a635-4faf0d6c14d0/element/9b556ece-2d0c-455f-bca3-20614f6b53ff/click &amp;#27;[39m&amp;#27;[32m200&amp;#27;[39m &amp;#27;[90m141 ms - 14&amp;#27;[39m
&amp;#27;[35m[HTTP]&amp;#27;[39m &amp;#27;[90m&amp;#27;[39m
&amp;#27;[35m[HTTP]&amp;#27;[39m &amp;#27;[37m--&gt;&amp;#27;[39m &amp;#27;[37mGET&amp;#27;[39m &amp;#27;[37m/wd/hub/session/1f204809-c2f5-4101-a635-4faf0d6c14d0/context&amp;#27;[39m
&amp;#27;[35m[HTTP]&amp;#27;[39m &amp;#27;[90m{}&amp;#27;[39m
[debug] &amp;#27;[35m[W3C (1f204809)]&amp;#27;[39m Calling AppiumDriver.getCurrentContext() with args: [&quot;1f204809-c2f5-4101-a635-4faf0d6c14d0&quot;]
[debug] &amp;#27;[35m[W3C (1f204809)]&amp;#27;[39m Responding to client with driver.getCurrentContext() result: &quot;NATIVE_APP&quot;
&amp;#27;[35m[HTTP]&amp;#27;[39m &amp;#27;[37m&lt;-- GET /wd/hub/session/1f204809-c2f5-4101-a635-4faf0d6c14d0/context &amp;#27;[39m&amp;#27;[32m200&amp;#27;[39m &amp;#27;[90m2 ms - 22&amp;#27;[39m
&amp;#27;[35m[HTTP]&amp;#27;[39m &amp;#27;[90m&amp;#27;[39m
&amp;#27;[35m[HTTP]&amp;#27;[39m &amp;#27;[37m--&gt;&amp;#27;[39m &amp;#27;[37mPOST&amp;#27;[39m &amp;#27;[37m/wd/hub/session/1f204809-c2f5-4101-a635-4faf0d6c14d0/element&amp;#27;[39m
&amp;#27;[35m[HTTP]&amp;#27;[39m &amp;#27;[90m{&quot;using&quot;:&quot;id&quot;,&quot;value&quot;:&quot;com.samsung.android.calendar:id/repeat_duration_option_end_count&quot;}&amp;#27;[39m
[debug] &amp;#27;[35m[W3C (1f204809)]&amp;#27;[39m Calling AppiumDriver.findElement() with args: [&quot;id&quot;,&quot;com.samsung.android.calendar:id/repeat_duration_option_end_count&quot;,&quot;1f204809-c2f5-4101-a635-4faf0d6c14d0&quot;]
[debug] &amp;#27;[35m[BaseDriver]&amp;#27;[39m Valid locator strategies for this request: xpath, id, class name, accessibility id, -android uiautomator
[debug] &amp;#27;[35m[BaseDriver]&amp;#27;[39m Waiting up to 10000 ms for condition
[debug] &amp;#27;[35m[WD Proxy]&amp;#27;[39m Matched &apos;/element&apos; to command name &apos;findElement&apos;
[debug] &amp;#27;[35m[WD Proxy]&amp;#27;[39m Proxying [POST /element] to [POST http://127.0.0.1:8225/wd/hub/session/1e49554d-8610-4493-b521-6b5932fb2ffc/element] with body: {&quot;strategy&quot;:&quot;id&quot;,&quot;selector&quot;:&quot;com.samsung.android.calendar:id/repeat_duration_option_end_count&quot;,&quot;context&quot;:&quot;&quot;,&quot;multiple&quot;:false}
[debug] &amp;#27;[35m[WD Proxy]&amp;#27;[39m Got response with status 200: {&quot;sessionId&quot;:&quot;1e49554d-8610-4493-b521-6b5932fb2ffc&quot;,&quot;value&quot;:{&quot;ELEMENT&quot;:&quot;20b7919b-f972-4820-ad80-b50a86e0ebd5&quot;,&quot;element-6066-11e4-a52e-4f735466cecf&quot;:&quot;20b7919b-f972-4820-ad80-b50a86e0ebd5&quot;}}
[debug] &amp;#27;[35m[W3C (1f204809)]&amp;#27;[39m Responding to client with driver.findElement() result: {&quot;element-6066-11e4-a52e-4f735466cecf&quot;:&quot;20b7919b-f972-4820-ad80-b50a86e0ebd5&quot;,&quot;ELEMENT&quot;:&quot;20b7919b-f972-4820-ad80-b50a86e0ebd5&quot;}
&amp;#27;[35m[HTTP]&amp;#27;[39m &amp;#27;[37m&lt;-- POST /wd/hub/session/1f204809-c2f5-4101-a635-4faf0d6c14d0/element &amp;#27;[39m&amp;#27;[32m200&amp;#27;[39m &amp;#27;[90m614 ms - 137&amp;#27;[39m
&amp;#27;[35m[HTTP]&amp;#27;[39m &amp;#27;[90m&amp;#27;[39m
&amp;#27;[35m[HTTP]&amp;#27;[39m &amp;#27;[37m--&gt;&amp;#27;[39m &amp;#27;[37mPOST&amp;#27;[39m &amp;#27;[37m/wd/hub/session/1f204809-c2f5-4101-a635-4faf0d6c14d0/element/20b7919b-f972-4820-ad80-b50a86e0ebd5/click&amp;#27;[39m
&amp;#27;[35m[HTTP]&amp;#27;[39m &amp;#27;[90m{&quot;id&quot;:&quot;20b7919b-f972-4820-ad80-b50a86e0ebd5&quot;}&amp;#27;[39m
[debug] &amp;#27;[35m[W3C (1f204809)]&amp;#27;[39m Calling AppiumDriver.click() with args: [&quot;20b7919b-f972-4820-ad80-b50a86e0ebd5&quot;,&quot;1f204809-c2f5-4101-a635-4faf0d6c14d0&quot;]
[debug] &amp;#27;[35m[WD Proxy]&amp;#27;[39m Matched &apos;/element/20b7919b-f972-4820-ad80-b50a86e0ebd5/click&apos; to command name &apos;click&apos;
[debug] &amp;#27;[35m[WD Proxy]&amp;#27;[39m Proxying [POST /element/20b7919b-f972-4820-ad80-b50a86e0ebd5/click] to [POST http://127.0.0.1:8225/wd/hub/session/1e49554d-8610-4493-b521-6b5932fb2ffc/element/20b7919b-f972-4820-ad80-b50a86e0ebd5/click] with body: {&quot;element&quot;:&quot;20b7919b-f972-4820-ad80-b50a86e0ebd5&quot;}
[debug] &amp;#27;[35m[WD Proxy]&amp;#27;[39m Got response with status 200: {&quot;sessionId&quot;:&quot;1e49554d-8610-4493-b521-6b5932fb2ffc&quot;,&quot;value&quot;:null}
[debug] &amp;#27;[35m[W3C (1f204809)]&amp;#27;[39m Responding to client with driver.click() result: null
&amp;#27;[35m[HTTP]&amp;#27;[39m &amp;#27;[37m&lt;-- POST /wd/hub/session/1f204809-c2f5-4101-a635-4faf0d6c14d0/element/20b7919b-f972-4820-ad80-b50a86e0ebd5/click &amp;#27;[39m&amp;#27;[32m200&amp;#27;[39m &amp;#27;[90m88 ms - 14&amp;#27;[39m
&amp;#27;[35m[HTTP]&amp;#27;[39m &amp;#27;[90m&amp;#27;[39m
&amp;#27;[35m[HTTP]&amp;#27;[39m &amp;#27;[37m--&gt;&amp;#27;[39m &amp;#27;[37mGET&amp;#27;[39m &amp;#27;[37m/wd/hub/session/1f204809-c2f5-4101-a635-4faf0d6c14d0/context&amp;#27;[39m
&amp;#27;[35m[HTTP]&amp;#27;[39m &amp;#27;[90m{}&amp;#27;[39m
[debug] &amp;#27;[35m[W3C (1f204809)]&amp;#27;[39m Calling AppiumDriver.getCurrentContext() with args: [&quot;1f204809-c2f5-4101-a635-4faf0d6c14d0&quot;]
[debug] &amp;#27;[35m[W3C (1f204809)]&amp;#27;[39m Responding to client with driver.getCurrentContext() result: &quot;NATIVE_APP&quot;
&amp;#27;[35m[HTTP]&amp;#27;[39m &amp;#27;[37m&lt;-- GET /wd/hub/session/1f204809-c2f5-4101-a635-4faf0d6c14d0/context &amp;#27;[39m&amp;#27;[32m200&amp;#27;[39m &amp;#27;[90m2 ms - 22&amp;#27;[39m
&amp;#27;[35m[HTTP]&amp;#27;[39m &amp;#27;[90m&amp;#27;[39m
&amp;#27;[35m[HTTP]&amp;#27;[39m &amp;#27;[37m--&gt;&amp;#27;[39m &amp;#27;[37mPOST&amp;#27;[39m &amp;#27;[37m/wd/hub/session/1f204809-c2f5-4101-a635-4faf0d6c14d0/element&amp;#27;[39m
&amp;#27;[35m[HTTP]&amp;#27;[39m &amp;#27;[90m{&quot;using&quot;:&quot;id&quot;,&quot;value&quot;:&quot;com.samsung.android.calendar:id/repeat_duration_end_count_text&quot;}&amp;#27;[39m
[debug] &amp;#27;[35m[W3C (1f204809)]&amp;#27;[39m Calling AppiumDriver.findElement() with args: [&quot;id&quot;,&quot;com.samsung.android.calendar:id/repeat_duration_end_count_text&quot;,&quot;1f204809-c2f5-4101-a635-4faf0d6c14d0&quot;]
[debug] &amp;#27;[35m[BaseDriver]&amp;#27;[39m Valid locator strategies for this request: xpath, id, class name, accessibility id, -android uiautomator
[debug] &amp;#27;[35m[BaseDriver]&amp;#27;[39m Waiting up to 10000 ms for condition
[debug] &amp;#27;[35m[WD Proxy]&amp;#27;[39m Matched &apos;/element&apos; to command name &apos;findElement&apos;
[debug] &amp;#27;[35m[WD Proxy]&amp;#27;[39m Proxying [POST /element] to [POST http://127.0.0.1:8225/wd/hub/session/1e49554d-8610-4493-b521-6b5932fb2ffc/element] with body: {&quot;strategy&quot;:&quot;id&quot;,&quot;selector&quot;:&quot;com.samsung.android.calendar:id/repeat_duration_end_count_text&quot;,&quot;context&quot;:&quot;&quot;,&quot;multiple&quot;:false}
[debug] &amp;#27;[35m[WD Proxy]&amp;#27;[39m Got response with status 200: {&quot;sessionId&quot;:&quot;1e49554d-8610-4493-b521-6b5932fb2ffc&quot;,&quot;value&quot;:{&quot;ELEMENT&quot;:&quot;172e1e1b-2a96-4510-9c28-7bb8969734ac&quot;,&quot;element-6066-11e4-a52e-4f735466cecf&quot;:&quot;172e1e1b-2a96-4510-9c28-7bb8969734ac&quot;}}
[debug] &amp;#27;[35m[W3C (1f204809)]&amp;#27;[39m Responding to client with driver.findElement() result: {&quot;element-6066-11e4-a52e-4f735466cecf&quot;:&quot;172e1e1b-2a96-4510-9c28-7bb8969734ac&quot;,&quot;ELEMENT&quot;:&quot;172e1e1b-2a96-4510-9c28-7bb8969734ac&quot;}
&amp;#27;[35m[HTTP]&amp;#27;[39m &amp;#27;[37m&lt;-- POST /wd/hub/session/1f204809-c2f5-4101-a635-4faf0d6c14d0/element &amp;#27;[39m&amp;#27;[32m200&amp;#27;[39m &amp;#27;[90m838 ms - 137&amp;#27;[39m
&amp;#27;[35m[HTTP]&amp;#27;[39m &amp;#27;[90m&amp;#27;[39m
&amp;#27;[35m[HTTP]&amp;#27;[39m &amp;#27;[37m--&gt;&amp;#27;[39m &amp;#27;[37mPOST&amp;#27;[39m &amp;#27;[37m/wd/hub/session/1f204809-c2f5-4101-a635-4faf0d6c14d0/element/172e1e1b-2a96-4510-9c28-7bb8969734ac/clear&amp;#27;[39m
&amp;#27;[35m[HTTP]&amp;#27;[39m &amp;#27;[90m{&quot;id&quot;:&quot;172e1e1b-2a96-4510-9c28-7bb8969734ac&quot;}&amp;#27;[39m
[debug] &amp;#27;[35m[W3C (1f204809)]&amp;#27;[39m Calling AppiumDriver.clear() with args: [&quot;172e1e1b-2a96-4510-9c28-7bb8969734ac&quot;,&quot;1f204809-c2f5-4101-a635-4faf0d6c14d0&quot;]
[debug] &amp;#27;[35m[WD Proxy]&amp;#27;[39m Matched &apos;/element/172e1e1b-2a96-4510-9c28-7bb8969734ac/clear&apos; to command name &apos;clear&apos;
[debug] &amp;#27;[35m[WD Proxy]&amp;#27;[39m Proxying [POST /element/172e1e1b-2a96-4510-9c28-7bb8969734ac/clear] to [POST http://127.0.0.1:8225/wd/hub/session/1e49554d-8610-4493-b521-6b5932fb2ffc/element/172e1e1b-2a96-4510-9c28-7bb8969734ac/clear] with body: {&quot;elementId&quot;:&quot;172e1e1b-2a96-4510-9c28-7bb8969734ac&quot;}
[debug] &amp;#27;[35m[WD Proxy]&amp;#27;[39m Got response with status 200: {&quot;sessionId&quot;:&quot;1e49554d-8610-4493-b521-6b5932fb2ffc&quot;,&quot;value&quot;:null}
[debug] &amp;#27;[35m[W3C (1f204809)]&amp;#27;[39m Responding to client with driver.clear() result: null
&amp;#27;[35m[HTTP]&amp;#27;[39m &amp;#27;[37m&lt;-- POST /wd/hub/session/1f204809-c2f5-4101-a635-4faf0d6c14d0/element/172e1e1b-2a96-4510-9c28-7bb8969734ac/clear &amp;#27;[39m&amp;#27;[32m200&amp;#27;[39m &amp;#27;[90m191 ms - 14&amp;#27;[39m
&amp;#27;[35m[HTTP]&amp;#27;[39m &amp;#27;[90m&amp;#27;[39m
&amp;#27;[35m[HTTP]&amp;#27;[39m &amp;#27;[37m--&gt;&amp;#27;[39m &amp;#27;[37mGET&amp;#27;[39m &amp;#27;[37m/wd/hub/session/1f204809-c2f5-4101-a635-4faf0d6c14d0/context&amp;#27;[39m
&amp;#27;[35m[HTTP]&amp;#27;[39m &amp;#27;[90m{}&amp;#27;[39m
[debug] &amp;#27;[35m[W3C (1f204809)]&amp;#27;[39m Calling AppiumDriver.getCurrentContext() with args: [&quot;1f204809-c2f5-4101-a635-4faf0d6c14d0&quot;]
[debug] &amp;#27;[35m[W3C (1f204809)]&amp;#27;[39m Responding to client with driver.getCurrentContext() result: &quot;NATIVE_APP&quot;
&amp;#27;[35m[HTTP]&amp;#27;[39m &amp;#27;[37m&lt;-- GET /wd/hub/session/1f204809-c2f5-4101-a635-4faf0d6c14d0/context &amp;#27;[39m&amp;#27;[32m200&amp;#27;[39m &amp;#27;[90m2 ms - 22&amp;#27;[39m
&amp;#27;[35m[HTTP]&amp;#27;[39m &amp;#27;[90m&amp;#27;[39m
&amp;#27;[35m[HTTP]&amp;#27;[39m &amp;#27;[37m--&gt;&amp;#27;[39m &amp;#27;[37mPOST&amp;#27;[39m &amp;#27;[37m/wd/hub/session/1f204809-c2f5-4101-a635-4faf0d6c14d0/element&amp;#27;[39m
&amp;#27;[35m[HTTP]&amp;#27;[39m &amp;#27;[90m{&quot;using&quot;:&quot;id&quot;,&quot;value&quot;:&quot;com.samsung.android.calendar:id/repeat_duration_end_count_text&quot;}&amp;#27;[39m
[debug] &amp;#27;[35m[W3C (1f204809)]&amp;#27;[39m Calling AppiumDriver.findElement() with args: [&quot;id&quot;,&quot;com.samsung.android.calendar:id/repeat_duration_end_count_text&quot;,&quot;1f204809-c2f5-4101-a635-4faf0d6c14d0&quot;]
[debug] &amp;#27;[35m[BaseDriver]&amp;#27;[39m Valid locator strategies for this request: xpath, id, class name, accessibility id, -android uiautomator
[debug] &amp;#27;[35m[BaseDriver]&amp;#27;[39m Waiting up to 10000 ms for condition
[debug] &amp;#27;[35m[WD Proxy]&amp;#27;[39m Matched &apos;/element&apos; to command name &apos;findElement&apos;
[debug] &amp;#27;[35m[WD Proxy]&amp;#27;[39m Proxying [POST /element] to [POST http://127.0.0.1:8225/wd/hub/session/1e49554d-8610-4493-b521-6b5932fb2ffc/element] with body: {&quot;strategy&quot;:&quot;id&quot;,&quot;selector&quot;:&quot;com.samsung.android.calendar:id/repeat_duration_end_count_text&quot;,&quot;context&quot;:&quot;&quot;,&quot;multiple&quot;:false}
[debug] &amp;#27;[35m[WD Proxy]&amp;#27;[39m Got response with status 200: {&quot;sessionId&quot;:&quot;1e49554d-8610-4493-b521-6b5932fb2ffc&quot;,&quot;value&quot;:{&quot;ELEMENT&quot;:&quot;a5c350a1-af34-42c9-8316-c344645181f9&quot;,&quot;element-6066-11e4-a52e-4f735466cecf&quot;:&quot;a5c350a1-af34-42c9-8316-c344645181f9&quot;}}
[debug] &amp;#27;[35m[W3C (1f204809)]&amp;#27;[39m Responding to client with driver.findElement() result: {&quot;element-6066-11e4-a52e-4f735466cecf&quot;:&quot;a5c350a1-af34-42c9-8316-c344645181f9&quot;,&quot;ELEMENT&quot;:&quot;a5c350a1-af34-42c9-8316-c344645181f9&quot;}
&amp;#27;[35m[HTTP]&amp;#27;[39m &amp;#27;[37m&lt;-- POST /wd/hub/session/1f204809-c2f5-4101-a635-4faf0d6c14d0/element &amp;#27;[39m&amp;#27;[32m200&amp;#27;[39m &amp;#27;[90m524 ms - 137&amp;#27;[39m
&amp;#27;[35m[HTTP]&amp;#27;[39m &amp;#27;[90m&amp;#27;[39m
&amp;#27;[35m[HTTP]&amp;#27;[39m &amp;#27;[37m--&gt;&amp;#27;[39m &amp;#27;[37mPOST&amp;#27;[39m &amp;#27;[37m/wd/hub/session/1f204809-c2f5-4101-a635-4faf0d6c14d0/element/a5c350a1-af34-42c9-8316-c344645181f9/value&amp;#27;[39m
&amp;#27;[35m[HTTP]&amp;#27;[39m &amp;#27;[90m{&quot;id&quot;:&quot;a5c350a1-af34-42c9-8316-c344645181f9&quot;,&quot;text&quot;:&quot;10&quot;,&quot;value&quot;:[&quot;1&quot;,&quot;0&quot;]}&amp;#27;[39m
[debug] &amp;#27;[35m[W3C (1f204809)]&amp;#27;[39m Calling AppiumDriver.setValue() with args: [[&quot;1&quot;,&quot;0&quot;],&quot;a5c350a1-af34-42c9-8316-c344645181f9&quot;,&quot;1f204809-c2f5-4101-a635-4faf0d6c14d0&quot;]
[debug] &amp;#27;[35m[WD Proxy]&amp;#27;[39m Matched &apos;/element/a5c350a1-af34-42c9-8316-c344645181f9/value&apos; to command name &apos;setValue&apos;
[debug] &amp;#27;[35m[Protocol Converter]&amp;#27;[39m Added &apos;value&apos; property [&quot;1&quot;,&quot;0&quot;] to &apos;setValue&apos; request body
[debug] &amp;#27;[35m[WD Proxy]&amp;#27;[39m Proxying [POST /element/a5c350a1-af34-42c9-8316-c344645181f9/value] to [POST http://127.0.0.1:8225/wd/hub/session/1e49554d-8610-4493-b521-6b5932fb2ffc/element/a5c350a1-af34-42c9-8316-c344645181f9/value] with body: {&quot;elementId&quot;:&quot;a5c350a1-af34-42c9-8316-c344645181f9&quot;,&quot;text&quot;:&quot;10&quot;,&quot;replace&quot;:false,&quot;value&quot;:[&quot;1&quot;,&quot;0&quot;]}
[debug] &amp;#27;[35m[WD Proxy]&amp;#27;[39m Got response with status 200: {&quot;sessionId&quot;:&quot;1e49554d-8610-4493-b521-6b5932fb2ffc&quot;,&quot;value&quot;:null}
[debug] &amp;#27;[35m[W3C (1f204809)]&amp;#27;[39m Responding to client with driver.setValue() result: null
&amp;#27;[35m[HTTP]&amp;#27;[39m &amp;#27;[37m&lt;-- POST /wd/hub/session/1f204809-c2f5-4101-a635-4faf0d6c14d0/element/a5c350a1-af34-42c9-8316-c344645181f9/value &amp;#27;[39m&amp;#27;[32m200&amp;#27;[39m &amp;#27;[90m67 ms - 14&amp;#27;[39m
&amp;#27;[35m[HTTP]&amp;#27;[39m &amp;#27;[90m&amp;#27;[39m
&amp;#27;[35m[HTTP]&amp;#27;[39m &amp;#27;[37m--&gt;&amp;#27;[39m &amp;#27;[37mPOST&amp;#27;[39m &amp;#27;[37m/wd/hub/session/1f204809-c2f5-4101-a635-4faf0d6c14d0/appium/device/press_keycode&amp;#27;[39m
&amp;#27;[35m[HTTP]&amp;#27;[39m &amp;#27;[90m{&quot;keycode&quot;:66}&amp;#27;[39m
[debug] &amp;#27;[35m[W3C (1f204809)]&amp;#27;[39m Calling AppiumDriver.pressKeyCode() with args: [66,null,null,null,null,&quot;1f204809-c2f5-4101-a635-4faf0d6c14d0&quot;]
[debug] &amp;#27;[35m[WD Proxy]&amp;#27;[39m Matched &apos;/appium/device/press_keycode&apos; to command name &apos;pressKeyCode&apos;
[debug] &amp;#27;[35m[WD Proxy]&amp;#27;[39m Proxying [POST /appium/device/press_keycode] to [POST http://127.0.0.1:8225/wd/hub/session/1e49554d-8610-4493-b521-6b5932fb2ffc/appium/device/press_keycode] with body: {&quot;keycode&quot;:66,&quot;metastate&quot;:null,&quot;flags&quot;:null}
[debug] &amp;#27;[35m[WD Proxy]&amp;#27;[39m Got response with status 200: {&quot;sessionId&quot;:&quot;1e49554d-8610-4493-b521-6b5932fb2ffc&quot;,&quot;value&quot;:null}
[debug] &amp;#27;[35m[W3C (1f204809)]&amp;#27;[39m Responding to client with driver.pressKeyCode() result: null
&amp;#27;[35m[HTTP]&amp;#27;[39m &amp;#27;[37m&lt;-- POST /wd/hub/session/1f204809-c2f5-4101-a635-4faf0d6c14d0/appium/device/press_keycode &amp;#27;[39m&amp;#27;[32m200&amp;#27;[39m &amp;#27;[90m702 ms - 14&amp;#27;[39m
&amp;#27;[35m[HTTP]&amp;#27;[39m &amp;#27;[90m&amp;#27;[39m
&amp;#27;[35m[HTTP]&amp;#27;[39m &amp;#27;[37m--&gt;&amp;#27;[39m &amp;#27;[37mPOST&amp;#27;[39m &amp;#27;[37m/wd/hub/session/1f204809-c2f5-4101-a635-4faf0d6c14d0/appium/device/press_keycode&amp;#27;[39m
&amp;#27;[35m[HTTP]&amp;#27;[39m &amp;#27;[90m{&quot;keycode&quot;:4}&amp;#27;[39m
[debug] &amp;#27;[35m[W3C (1f204809)]&amp;#27;[39m Calling AppiumDriver.pressKeyCode() with args: [4,null,null,null,null,&quot;1f204809-c2f5-4101-a635-4faf0d6c14d0&quot;]
[debug] &amp;#27;[35m[WD Proxy]&amp;#27;[39m Matched &apos;/appium/device/press_keycode&apos; to command name &apos;pressKeyCode&apos;
[debug] &amp;#27;[35m[WD Proxy]&amp;#27;[39m Proxying [POST /appium/device/press_keycode] to [POST http://127.0.0.1:8225/wd/hub/session/1e49554d-8610-4493-b521-6b5932fb2ffc/appium/device/press_keycode] with body: {&quot;keycode&quot;:4,&quot;metastate&quot;:null,&quot;flags&quot;:null}
[debug] &amp;#27;[35m[WD Proxy]&amp;#27;[39m Got response with status 200: {&quot;sessionId&quot;:&quot;1e49554d-8610-4493-b521-6b5932fb2ffc&quot;,&quot;value&quot;:null}
[debug] &amp;#27;[35m[W3C (1f204809)]&amp;#27;[39m Responding to client with driver.pressKeyCode() result: null
&amp;#27;[35m[HTTP]&amp;#27;[39m &amp;#27;[37m&lt;-- POST /wd/hub/session/1f204809-c2f5-4101-a635-4faf0d6c14d0/appium/device/press_keycode &amp;#27;[39m&amp;#27;[32m200&amp;#27;[39m &amp;#27;[90m257 ms - 14&amp;#27;[39m
&amp;#27;[35m[HTTP]&amp;#27;[39m &amp;#27;[90m&amp;#27;[39m
&amp;#27;[35m[HTTP]&amp;#27;[39m &amp;#27;[37m--&gt;&amp;#27;[39m &amp;#27;[37mPOST&amp;#27;[39m &amp;#27;[37m/wd/hub/session/1f204809-c2f5-4101-a635-4faf0d6c14d0/appium/device/press_keycode&amp;#27;[39m
&amp;#27;[35m[HTTP]&amp;#27;[39m &amp;#27;[90m{&quot;keycode&quot;:4}&amp;#27;[39m
[debug] &amp;#27;[35m[W3C (1f204809)]&amp;#27;[39m Calling AppiumDriver.pressKeyCode() with args: [4,null,null,null,null,&quot;1f204809-c2f5-4101-a635-4faf0d6c14d0&quot;]
[debug] &amp;#27;[35m[WD Proxy]&amp;#27;[39m Matched &apos;/appium/device/press_keycode&apos; to command name &apos;pressKeyCode&apos;
[debug] &amp;#27;[35m[WD Proxy]&amp;#27;[39m Proxying [POST /appium/device/press_keycode] to [POST http://127.0.0.1:8225/wd/hub/session/1e49554d-8610-4493-b521-6b5932fb2ffc/appium/device/press_keycode] with body: {&quot;keycode&quot;:4,&quot;metastate&quot;:null,&quot;flags&quot;:null}
[debug] &amp;#27;[35m[WD Proxy]&amp;#27;[39m Got response with status 200: {&quot;sessionId&quot;:&quot;1e49554d-8610-4493-b521-6b5932fb2ffc&quot;,&quot;value&quot;:null}
[debug] &amp;#27;[35m[W3C (1f204809)]&amp;#27;[39m Responding to client with driver.pressKeyCode() result: null
&amp;#27;[35m[HTTP]&amp;#27;[39m &amp;#27;[37m&lt;-- POST /wd/hub/session/1f204809-c2f5-4101-a635-4faf0d6c14d0/appium/device/press_keycode &amp;#27;[39m&amp;#27;[32m200&amp;#27;[39m &amp;#27;[90m613 ms - 14&amp;#27;[39m
&amp;#27;[35m[HTTP]&amp;#27;[39m &amp;#27;[90m&amp;#27;[39m
&amp;#27;[35m[HTTP]&amp;#27;[39m &amp;#27;[37m--&gt;&amp;#27;[39m &amp;#27;[37mGET&amp;#27;[39m &amp;#27;[37m/wd/hub/session/1f204809-c2f5-4101-a635-4faf0d6c14d0/screenshot&amp;#27;[39m
&amp;#27;[35m[HTTP]&amp;#27;[39m &amp;#27;[90m{}&amp;#27;[39m
[debug] &amp;#27;[35m[W3C (1f204809)]&amp;#27;[39m Calling AppiumDriver.getScreenshot() with args: [&quot;1f204809-c2f5-4101-a635-4faf0d6c14d0&quot;]
[debug] &amp;#27;[35m[WD Proxy]&amp;#27;[39m Matched &apos;/screenshot&apos; to command name &apos;getScreenshot&apos;
[debug] &amp;#27;[35m[WD Proxy]&amp;#27;[39m Proxying [GET /screenshot] to [GET http://127.0.0.1:8225/wd/hub/session/1e49554d-8610-4493-b521-6b5932fb2ffc/screenshot] with no body
[debug] &amp;#27;[35m[WD Proxy]&amp;#27;[39m Got response with status 200: {&quot;sessionId&quot;:&quot;1e49554d-8610-4493-b521-6b5932fb2ffc&quot;,&quot;value&quot;:&quot;iVBORw0KGgoAAAANSUhEUgAABDgAAAjoCAYAAAA5jhrUAAAAAXNSR0IArs4c6QAAAARzQklUCAgI\nCHwIZIgAACAASURBVHic7N15WFPX3jb+GxAkAVQI4gA4gyNCra2gdQJtq2LVKk6nhbfVHtueU1us\nfY5tbftrtfZ00h6fDtrTSbRWxU6KtU5orRqcAScEqwg4E1SEgAzJ7w/e7Dc7AyQhIdlyf67L6zI7\nO2uvHQjJvrPWd7nV1NRoQUREREREREQkYe7O7gARERERERERUWMx4CAiIiIiIiIiyWPAQURERERE\nRESSx4CDiIiIiIiIiCSPAQcRERERERERSR4DDiIiIiIiIiKSPAYcRERERERERCR5DDiIiIiIiIiI\nSPIYcBARERERERGR5DHgICIiIiIiIiLJY8BBRERERERERJLHgIOIiIiIiIiIJI8BBxERERERERFJ\nHgMOIiIiIiIiIpI8BhxEREREREREJHkMOIiIiIiIiIhI8hhwEBEREREREZHkMeAgIiIiIiIiIslj\nwEFEREREREREkseAg4iIiIiIiIgkjwEHEREREREREUkeAw4iIiIiIiIikjwGHEREREREREQkeQw4\niIiIiIiIiEjyGHAQERERERERkeQx4CAiIiIiIiIiyWPAQURERERERESSx4CDiIiIiIiIiCSPAQcR\nERERERERSR4DDiIiIiIiIiKSPAYcRERERERERCR5DDiIiIiIiIiISPIYcBARERERERGR5DHgICIi\nIiIiIiLJY8BBRERERERERJLHgIOIiIiIiIiIJI8BBxERERERERFJHgMOIiIiIiIiIpI8BhxERERE\nREREJHkMOIiIiIiIiIhI8hhwEBEREREREZHkMeAgIiIiIiIiIsljwEFEREREREREkseAg4iIiIiI\niIgkjwEHEREREREREUkeAw4i...
[debug] &amp;#27;[35m[W3C (1f204809)]&amp;#27;[39m Responding to client with driver.getScreenshot() result: &quot;iVBORw0KGgoAAAANSUhEUgAABDgAAAjoCAYAAAA5jhrUAAAAAXNSR0IArs4c6QAAAARzQklUCAgI\nCHwIZIgAACAASURBVHic7N15WFPX3jb+GxAkAVQI4gA4gyNCra2gdQJtq2LVKk6nhbfVHtueU1us\nfY5tbftrtfZ00h6fDtrTSbRWxU6KtU5orRqcAScEqwg4E1SEgAzJ7w/e7Dc7AyQhIdlyf67L6zI7\nO2uvHQjJvrPWd7nV1NRoQUREREREREQkYe7O7gARERERERERUWMx4CAiIiIiIiIiyWPAQURERERE\nRESSx4CDiIiIiIiIiCSPAQcRERERERERSR4DDiIiIiIiIiKSPAYcRERERERERCR5DDiIiIiIiIiI\nSPIYcBARERERERGR5DHgICIiIiIiIiLJY8BBRERERERERJLHgIOIiIiIiIiIJI8BBxERERERERFJ\nHgMOIiIiIiIiIpI8BhxEREREREREJHkMOIiIiIiIiIhI8hhwEBEREREREZHkMeAgIiIiIiIiIslj\nwEFEREREREREkseAg4iIiIiIiIgkjwEHEREREREREUkeAw4iIiIiIiIikjwGHEREREREREQkeQw4\niIiIiIiIiEjyGHAQERERERERkeQx4CAiIiIiIiIiyWPAQURERERERESSx4CDiIiIiIiIiCSPAQcR\nERERERERSR4DDiIiIiIiIiKSPAYcRERERERERCR5DDiIiIiIiIiISPIYcBARERERERGR5DHgICIi\nIiIiIiLJY8BBRERERERERJLHgIOIiIiIiIiIJI8BBxERERERERFJHgMOIiIiIiIiIpI8BhxERERE\nREREJHkMOIiIiIiIiIhI8hhwEBEREREREZHkMeAgIiIiIiIiIsljwEFEREREREREkseAg4iIiIiI\niIgkjwEHEREREREREUkeAw4iIiIiIiIikjwGHEREREREREQkeQw4iIiIiIiIiEjyGHAQERERERER\nkeS1cH...
&amp;#27;[35m[HTTP]&amp;#27;[39m &amp;#27;[37m&lt;-- GET /wd/hub/session/1f204809-c2f5-4101-a635-4faf0d6c14d0/screenshot &amp;#27;[39m&amp;#27;[32m200&amp;#27;[39m &amp;#27;[90m1390 ms - 174654&amp;#27;[39m
&amp;#27;[35m[HTTP]&amp;#27;[39m &amp;#27;[90m&amp;#27;[39m
&amp;#27;[35m[HTTP]&amp;#27;[39m &amp;#27;[37m--&gt;&amp;#27;[39m &amp;#27;[37mPOST&amp;#27;[39m &amp;#27;[37m/wd/hub/session/1f204809-c2f5-4101-a635-4faf0d6c14d0/appium/app/close&amp;#27;[39m
&amp;#27;[35m[HTTP]&amp;#27;[39m &amp;#27;[90m{}&amp;#27;[39m
[debug] &amp;#27;[35m[W3C (1f204809)]&amp;#27;[39m Calling AppiumDriver.closeApp() with args: [&quot;1f204809-c2f5-4101-a635-4faf0d6c14d0&quot;]
[debug] &amp;#27;[35m[ADB]&amp;#27;[39m Running &apos;C:\Users\maliniv\AppData\Local\Android\Sdk\platform-tools\adb.exe -P 5037 -s 192.168.1.101\:5555 shell am force-stop com.samsung.android.calendar&apos;
[debug] &amp;#27;[35m[W3C (1f204809)]&amp;#27;[39m Responding to client with driver.closeApp() result: null
&amp;#27;[35m[HTTP]&amp;#27;[39m &amp;#27;[37m&lt;-- POST /wd/hub/session/1f204809-c2f5-4101-a635-4faf0d6c14d0/appium/app/close &amp;#27;[39m&amp;#27;[32m200&amp;#27;[39m &amp;#27;[90m225 ms - 14&amp;#27;[39m
</system-out>
    <system-err>Feb 02, 2021 8:59:12 AM io.appium.java_client.remote.AppiumCommandExecutor$1 lambda$0
INFO: Detected dialect: W3C
</system-err>
  </testcase>
  <testcase classname="Create a recurring meeting using Native Android/IOS Calender App" name="Create a new recurring (3 days a week) meeting, and make sure it doesn&apos;t repeat on successive days #5" time="29.2">
    <failure type="java.lang.AssertionError">java.lang.AssertionError
	at org.junit.Assert.fail(Assert.java:86)
	at org.junit.Assert.fail(Assert.java:95)
	at Utilities.Tools.checkSuccessiveNonWorkingDay(Tools.java:361)
	at StepDefinitions.TestStepDefinitions.the_days_a_week_meeting_is_not_repeated_on_successive_days_for_the_days(TestStepDefinitions.java:69)
	at âœ½.the &quot;2&quot; days a week meeting is not repeated on successive days for the days &quot;tuesday thursday saturday&quot;(file:///C:/Users/maliniv/Desktop/Sample/AndroidMobileAppAutomation/CalenderOne/src/test/java/Feature/CalenderEvents.feature:7)
</failure>
    <system-out>&amp;#27;[35m[Appium]&amp;#27;[39m Welcome to Appium v1.18.3
&amp;#27;[35m[Appium]&amp;#27;[39m Non-default server args:
&amp;#27;[35m[Appium]&amp;#27;[39m   port: 44537
&amp;#27;[35m[Appium]&amp;#27;[39m Appium REST http interface listener started on 0.0.0.0:44537
&amp;#27;[35m[HTTP]&amp;#27;[39m &amp;#27;[37m--&gt;&amp;#27;[39m &amp;#27;[37mGET&amp;#27;[39m &amp;#27;[37m/wd/hub/status&amp;#27;[39m
&amp;#27;[35m[HTTP]&amp;#27;[39m &amp;#27;[90m{}&amp;#27;[39m
[debug] &amp;#27;[35m[GENERIC]&amp;#27;[39m Calling AppiumDriver.getStatus() with args: []
[debug] &amp;#27;[35m[GENERIC]&amp;#27;[39m Responding to client with driver.getStatus() result: {&quot;build&quot;:{&quot;version&quot;:&quot;1.18.3&quot;}}
GalaxyS10e
&amp;#27;[35m[HTTP]&amp;#27;[39m &amp;#27;[37m&lt;-- GET /wd/hub/status &amp;#27;[39m&amp;#27;[32m200&amp;#27;[39m &amp;#27;[90m19 ms - 68&amp;#27;[39m
&amp;#27;[35m[HTTP]&amp;#27;[39m &amp;#27;[90m&amp;#27;[39m
&amp;#27;[35m[HTTP]&amp;#27;[39m &amp;#27;[37m--&gt;&amp;#27;[39m &amp;#27;[37mGET&amp;#27;[39m &amp;#27;[37m/wd/hub/status&amp;#27;[39m
&amp;#27;[35m[HTTP]&amp;#27;[39m &amp;#27;[90m{}&amp;#27;[39m
[debug] &amp;#27;[35m[GENERIC]&amp;#27;[39m Calling AppiumDriver.getStatus() with args: []
[debug] &amp;#27;[35m[GENERIC]&amp;#27;[39m Responding to client with driver.getStatus() result: {&quot;build&quot;:{&quot;version&quot;:&quot;1.18.3&quot;}}
&amp;#27;[35m[HTTP]&amp;#27;[39m &amp;#27;[37m&lt;-- GET /wd/hub/status &amp;#27;[39m&amp;#27;[32m200&amp;#27;[39m &amp;#27;[90m2 ms - 68&amp;#27;[39m
&amp;#27;[35m[HTTP]&amp;#27;[39m &amp;#27;[90m&amp;#27;[39m
&amp;#27;[35m[HTTP]&amp;#27;[39m &amp;#27;[37m--&gt;&amp;#27;[39m &amp;#27;[37mPOST&amp;#27;[39m &amp;#27;[37m/wd/hub/session&amp;#27;[39m
&amp;#27;[35m[HTTP]&amp;#27;[39m &amp;#27;[90m{&quot;desiredCapabilities&quot;:{&quot;appActivity&quot;:&quot;com.samsung.android.app.calendar.activity.MainActivity&quot;,&quot;appPackage&quot;:&quot;com.samsung.android.calendar&quot;,&quot;noReset&quot;:true,&quot;newCommandTimeout&quot;:&quot;10000&quot;,&quot;platformVersion&quot;:&quot;10&quot;,&quot;automationName&quot;:&quot;UiAutomator2&quot;,&quot;platformName&quot;:&quot;Android&quot;,&quot;deviceName&quot;:&quot;GalaxyS10e&quot;},&quot;capabilities&quot;:{&quot;firstMatch&quot;:[{&quot;appium:appActivity&quot;:&quot;com.samsung.android.app.calendar.activity.MainActivity&quot;,&quot;appium:appPackage&quot;:&quot;com.samsung.android.calendar&quot;,&quot;appium:automationName&quot;:&quot;UiAutomator2&quot;,&quot;appium:deviceName&quot;:&quot;GalaxyS10e&quot;,&quot;appium:newCommandTimeout&quot;:&quot;10000&quot;,&quot;appium:noReset&quot;:true,&quot;platformName&quot;:&quot;android&quot;,&quot;appium:platformVersion&quot;:&quot;10&quot;}]}}&amp;#27;[39m
[debug] &amp;#27;[35m[W3C]&amp;#27;[39m Calling AppiumDriver.createSession() with args: [{&quot;appActivity&quot;:&quot;com.samsung.android.app.calendar.activity.MainActivity&quot;,&quot;appPackage&quot;:&quot;com.samsung.android.calendar&quot;,&quot;noReset&quot;:true,&quot;newCommandTimeout&quot;:&quot;10000&quot;,&quot;platformVersion&quot;:&quot;10&quot;,&quot;automationName&quot;:&quot;UiAutomator2&quot;,&quot;platformName&quot;:&quot;Android&quot;,&quot;deviceName&quot;:&quot;GalaxyS10e&quot;},null,{&quot;firstMatch&quot;:[{&quot;appium:appActivity&quot;:&quot;com.samsung.android.app.calendar.activity.MainActivity&quot;,&quot;appium:appPackage&quot;:&quot;com.samsung.android.calendar&quot;,&quot;appium:automationName&quot;:&quot;UiAutomator2&quot;,&quot;appium:deviceName&quot;:&quot;GalaxyS10e&quot;,&quot;appium:newCommandTimeout&quot;:&quot;10000&quot;,&quot;appium:noReset&quot;:true,&quot;platformName&quot;:&quot;android&quot;,&quot;appium:platformVersion&quot;:&quot;10&quot;}]}]
[debug] &amp;#27;[35m[BaseDriver]&amp;#27;[39m Event &apos;newSessionRequested&apos; logged at 1612220387064 (08:59:47 GMT+1000 (Australian Eastern Standard Time))
&amp;#27;[35m[BaseDriver]&amp;#27;[39m Number capability passed in as string. Functionality may be compromised.
&amp;#27;[35m[Appium]&amp;#27;[39m Appium v1.18.3 creating new AndroidUiautomator2Driver (v1.56.1) session
[debug] &amp;#27;[35m[BaseDriver]&amp;#27;[39m W3C capabilities and MJSONWP desired capabilities were provided
[debug] &amp;#27;[35m[BaseDriver]&amp;#27;[39m Creating session with W3C capabilities: {
[debug] &amp;#27;[35m[BaseDriver]&amp;#27;[39m   &quot;alwaysMatch&quot;: {
[debug] &amp;#27;[35m[BaseDriver]&amp;#27;[39m     &quot;platformName&quot;: &quot;android&quot;,
[debug] &amp;#27;[35m[BaseDriver]&amp;#27;[39m     &quot;appium:appActivity&quot;: &quot;com.samsung.android.app.calendar.activity.MainActivity&quot;,
[debug] &amp;#27;[35m[BaseDriver]&amp;#27;[39m     &quot;appium:appPackage&quot;: &quot;com.samsung.android.calendar&quot;,
[debug] &amp;#27;[35m[BaseDriver]&amp;#27;[39m     &quot;appium:automationName&quot;: &quot;UiAutomator2&quot;,
[debug] &amp;#27;[35m[BaseDriver]&amp;#27;[39m     &quot;appium:deviceName&quot;: &quot;GalaxyS10e&quot;,
[debug] &amp;#27;[35m[BaseDriver]&amp;#27;[39m     &quot;appium:newCommandTimeout&quot;: &quot;10000&quot;,
[debug] &amp;#27;[35m[BaseDriver]&amp;#27;[39m     &quot;appium:noReset&quot;: true,
[debug] &amp;#27;[35m[BaseDriver]&amp;#27;[39m     &quot;appium:platformVersion&quot;: &quot;10&quot;
[debug] &amp;#27;[35m[BaseDriver]&amp;#27;[39m   },
[debug] &amp;#27;[35m[BaseDriver]&amp;#27;[39m   &quot;firstMatch&quot;: [
[debug] &amp;#27;[35m[BaseDriver]&amp;#27;[39m     {}
[debug] &amp;#27;[35m[BaseDriver]&amp;#27;[39m   ]
[debug] &amp;#27;[35m[BaseDriver]&amp;#27;[39m }
&amp;#27;[35m[BaseDriver]&amp;#27;[39m Number capability passed in as string. Functionality may be compromised.
&amp;#27;[35m[BaseDriver]&amp;#27;[39m Capability &apos;newCommandTimeout&apos; changed from string (&apos;10000&apos;) to integer (10000). This may cause unexpected behavior
&amp;#27;[35m[BaseDriver]&amp;#27;[39m Session created with session id: abfc45b9-ac1d-4660-9c19-fdeb97c0fc0f
&amp;#27;[35m[UiAutomator2]&amp;#27;[39m Starting &apos;com.samsung.android.calendar&apos; directly on the device
&amp;#27;[35m[ADB]&amp;#27;[39m Found 2 &apos;build-tools&apos; folders under &apos;C:\Users\maliniv\AppData\Local\Android\Sdk&apos; (newest first):
&amp;#27;[35m[ADB]&amp;#27;[39m     C:/Users/maliniv/AppData/Local/Android/Sdk/build-tools/30.0.2
&amp;#27;[35m[ADB]&amp;#27;[39m     C:/Users/maliniv/AppData/Local/Android/Sdk/build-tools/29.0.2
&amp;#27;[35m[ADB]&amp;#27;[39m Using &apos;adb.exe&apos; from &apos;C:\Users\maliniv\AppData\Local\Android\Sdk\platform-tools\adb.exe&apos;
[debug] &amp;#27;[35m[ADB]&amp;#27;[39m Running &apos;C:\Users\maliniv\AppData\Local\Android\Sdk\platform-tools\adb.exe -P 5037 start-server&apos;
&amp;#27;[35m[AndroidDriver]&amp;#27;[39m Retrieving device list
[debug] &amp;#27;[35m[ADB]&amp;#27;[39m Trying to find a connected android device
[debug] &amp;#27;[35m[ADB]&amp;#27;[39m Getting connected devices
[debug] &amp;#27;[35m[ADB]&amp;#27;[39m Connected devices: [{&quot;udid&quot;:&quot;192.168.1.101:5555&quot;,&quot;state&quot;:&quot;device&quot;}]
&amp;#27;[35m[AndroidDriver]&amp;#27;[39m Looking for a device with Android &apos;10.0.0&apos;
[debug] &amp;#27;[35m[ADB]&amp;#27;[39m Setting device id to 192.168.1.101:5555
&amp;#27;[35m[ADB]&amp;#27;[39m Getting device platform version
[debug] &amp;#27;[35m[ADB]&amp;#27;[39m Running &apos;C:\Users\maliniv\AppData\Local\Android\Sdk\platform-tools\adb.exe -P 5037 -s 192.168.1.101\:5555 shell getprop ro.build.version.release&apos;
[debug] &amp;#27;[35m[ADB]&amp;#27;[39m Current device property &apos;ro.build.version.release&apos;: 10
&amp;#27;[35m[AndroidDriver]&amp;#27;[39m Using device: 192.168.1.101:5555
&amp;#27;[35m[ADB]&amp;#27;[39m Using &apos;adb.exe&apos; from &apos;C:\Users\maliniv\AppData\Local\Android\Sdk\platform-tools\adb.exe&apos;
[debug] &amp;#27;[35m[ADB]&amp;#27;[39m Running &apos;C:\Users\maliniv\AppData\Local\Android\Sdk\platform-tools\adb.exe -P 5037 start-server&apos;
[debug] &amp;#27;[35m[ADB]&amp;#27;[39m Setting device id to 192.168.1.101:5555
[debug] &amp;#27;[35m[ADB]&amp;#27;[39m Running &apos;C:\Users\maliniv\AppData\Local\Android\Sdk\platform-tools\adb.exe -P 5037 -s 192.168.1.101\:5555 shell getprop ro.build.version.sdk&apos;
[debug] &amp;#27;[35m[ADB]&amp;#27;[39m Current device property &apos;ro.build.version.sdk&apos;: 29
&amp;#27;[35m[ADB]&amp;#27;[39m Getting device platform version
[debug] &amp;#27;[35m[ADB]&amp;#27;[39m Running &apos;C:\Users\maliniv\AppData\Local\Android\Sdk\platform-tools\adb.exe -P 5037 -s 192.168.1.101\:5555 shell getprop ro.build.version.release&apos;
[debug] &amp;#27;[35m[ADB]&amp;#27;[39m Current device property &apos;ro.build.version.release&apos;: 10
[debug] &amp;#27;[35m[ADB]&amp;#27;[39m Device API level: 29
&amp;#27;[35m[UiAutomator2]&amp;#27;[39m Relaxing hidden api policy
[debug] &amp;#27;[35m[ADB]&amp;#27;[39m Running &apos;C:\Users\maliniv\AppData\Local\Android\Sdk\platform-tools\adb.exe -P 5037 -s 192.168.1.101\:5555 shell &apos;settings put global hidden_api_policy_pre_p_apps 1;settings put global hidden_api_policy_p_apps 1;settings put global hidden_api_policy 1&apos;&apos;
&amp;#27;[35m[AndroidDriver]&amp;#27;[39m No app sent in, not parsing package/activity
[debug] &amp;#27;[35m[ADB]&amp;#27;[39m Running &apos;C:\Users\maliniv\AppData\Local\Android\Sdk\platform-tools\adb.exe -P 5037 -s 192.168.1.101\:5555 wait-for-device&apos;
[debug] &amp;#27;[35m[ADB]&amp;#27;[39m Running &apos;C:\Users\maliniv\AppData\Local\Android\Sdk\platform-tools\adb.exe -P 5037 -s 192.168.1.101\:5555 shell echo ping&apos;
[debug] &amp;#27;[35m[AndroidDriver]&amp;#27;[39m Pushing settings apk to device...
[debug] &amp;#27;[35m[ADB]&amp;#27;[39m Getting install status for io.appium.settings
[debug] &amp;#27;[35m[ADB]&amp;#27;[39m Running &apos;C:\Users\maliniv\AppData\Local\Android\Sdk\platform-tools\adb.exe -P 5037 -s 192.168.1.101\:5555 shell dumpsys package io.appium.settings&apos;
[debug] &amp;#27;[35m[ADB]&amp;#27;[39m &apos;io.appium.settings&apos; is installed
[debug] &amp;#27;[35m[ADB]&amp;#27;[39m Getting package info for &apos;io.appium.settings&apos;
[debug] &amp;#27;[35m[ADB]&amp;#27;[39m Running &apos;C:\Users\maliniv\AppData\Local\Android\Sdk\platform-tools\adb.exe -P 5037 -s 192.168.1.101\:5555 shell dumpsys package io.appium.settings&apos;
[debug] &amp;#27;[35m[ADB]&amp;#27;[39m The version name of the installed &apos;io.appium.settings&apos; is greater or equal to the application version name (&apos;3.2.0&apos; &gt;= &apos;3.2.0&apos;)
[debug] &amp;#27;[35m[ADB]&amp;#27;[39m There is no need to install/upgrade &apos;C:\Users\maliniv\AppData\Roaming\npm\node_modules\appium\node_modules\io.appium.settings\apks\settings_apk-debug.apk&apos;
[debug] &amp;#27;[35m[ADB]&amp;#27;[39m Getting IDs of all &apos;io.appium.settings&apos; processes
[debug] &amp;#27;[35m[ADB]&amp;#27;[39m Running &apos;C:\Users\maliniv\AppData\Local\Android\Sdk\platform-tools\adb.exe -P 5037 -s 192.168.1.101\:5555 shell &apos;pgrep --help; echo $?&apos;&apos;
[debug] &amp;#27;[35m[ADB]&amp;#27;[39m Running &apos;C:\Users\maliniv\AppData\Local\Android\Sdk\platform-tools\adb.exe -P 5037 -s 192.168.1.101\:5555 shell pgrep -f io\\.appium\\.settings&apos;
[debug] &amp;#27;[35m[AndroidDriver]&amp;#27;[39m io.appium.settings is already running. There is no need to reset its permissions.
[debug] &amp;#27;[35m[ADB]&amp;#27;[39m Running &apos;C:\Users\maliniv\AppData\Local\Android\Sdk\platform-tools\adb.exe -P 5037 -s 192.168.1.101\:5555 shell appops set io.appium.settings android\:mock_location allow&apos;
[debug] &amp;#27;[35m[Logcat]&amp;#27;[39m Starting logs capture with command: C:\\Users\\maliniv\\AppData\\Local\\Android\\Sdk\\platform-tools\\adb.exe -P 5037 -s 192.168.1.101\:5555 logcat -v threadtime
[debug] &amp;#27;[35m[UiAutomator2]&amp;#27;[39m Forwarding UiAutomator2 Server port 6790 to 8226
[debug] &amp;#27;[35m[ADB]&amp;#27;[39m Forwarding system: 8226 to device: 6790
[debug] &amp;#27;[35m[ADB]&amp;#27;[39m Running &apos;C:\Users\maliniv\AppData\Local\Android\Sdk\platform-tools\adb.exe -P 5037 -s 192.168.1.101\:5555 forward tcp\:8226 tcp\:6790&apos;
[debug] &amp;#27;[35m[ADB]&amp;#27;[39m Getting install status for io.appium.uiautomator2.server
[debug] &amp;#27;[35m[ADB]&amp;#27;[39m Running &apos;C:\Users\maliniv\AppData\Local\Android\Sdk\platform-tools\adb.exe -P 5037 -s 192.168.1.101\:5555 shell dumpsys package io.appium.uiautomator2.server&apos;
[debug] &amp;#27;[35m[ADB]&amp;#27;[39m &apos;io.appium.uiautomator2.server&apos; is installed
[debug] &amp;#27;[35m[ADB]&amp;#27;[39m Getting package info for &apos;io.appium.uiautomator2.server&apos;
[debug] &amp;#27;[35m[ADB]&amp;#27;[39m Running &apos;C:\Users\maliniv\AppData\Local\Android\Sdk\platform-tools\adb.exe -P 5037 -s 192.168.1.101\:5555 shell dumpsys package io.appium.uiautomator2.server&apos;
[debug] &amp;#27;[35m[ADB]&amp;#27;[39m The version name of the installed &apos;io.appium.uiautomator2.server&apos; is greater or equal to the application version name (&apos;4.12.2&apos; &gt;= &apos;4.12.2&apos;)
[debug] &amp;#27;[35m[UiAutomator2]&amp;#27;[39m io.appium.uiautomator2.server installation state: sameVersionInstalled
[debug] &amp;#27;[35m[ADB]&amp;#27;[39m Checking app cert for C:\Users\maliniv\AppData\Roaming\npm\node_modules\appium\node_modules\appium-uiautomator2-server\apks\appium-uiautomator2-server-v4.12.2.apk
&amp;#27;[35m[ADB]&amp;#27;[39m Using &apos;apksigner.jar&apos; from &apos;C:\Users\maliniv\AppData\Local\Android\Sdk\build-tools\30.0.2\lib\apksigner.jar&apos;
[debug] &amp;#27;[35m[ADB]&amp;#27;[39m Starting apksigner: &apos;C:\\Program Files\\Java\\jdk1.8.0_121\\bin\\java.exe&apos; -Xmx1024M -Xss1m -jar C:\\Users\\maliniv\\AppData\\Local\\Android\\Sdk\\build-tools\\30.0.2\\lib\\apksigner.jar verify --print-certs C:\\Users\\maliniv\\AppData\\Roaming\\npm\\node_modules\\appium\\node_modules\\appium-uiautomator2-server\\apks\\appium-uiautomator2-server-v4.12.2.apk
[debug] &amp;#27;[35m[ADB]&amp;#27;[39m apksigner stdout: Signer #1 certificate DN: EMAILADDRESS=android@android.com, CN=Android, OU=Android, O=Android, L=Mountain View, ST=California, C=US
[debug] &amp;#27;[35m[ADB]&amp;#27;[39m Signer #1 certificate SHA-256 digest: a40da80a59d170caa950cf15c18c454d47a39b26989d8b640ecd745ba71bf5dc
[debug] &amp;#27;[35m[ADB]&amp;#27;[39m Signer #1 certificate SHA-1 digest: 61ed377e85d386a8dfee6b864bd85b0bfaa5af81
[debug] &amp;#27;[35m[ADB]&amp;#27;[39m Signer #1 certificate MD5 digest: e89b158e4bcf988ebd09eb83f5378e87
[debug] &amp;#27;[35m[ADB]&amp;#27;[39m 
[debug] &amp;#27;[35m[ADB]&amp;#27;[39m &apos;C:\Users\maliniv\AppData\Roaming\npm\node_modules\appium\node_modules\appium-uiautomator2-server\apks\appium-uiautomator2-server-v4.12.2.apk&apos; is signed with the default certificate
[debug] &amp;#27;[35m[ADB]&amp;#27;[39m Getting install status for io.appium.uiautomator2.server.test
[debug] &amp;#27;[35m[ADB]&amp;#27;[39m Running &apos;C:\Users\maliniv\AppData\Local\Android\Sdk\platform-tools\adb.exe -P 5037 -s 192.168.1.101\:5555 shell dumpsys package io.appium.uiautomator2.server.test&apos;
[debug] &amp;#27;[35m[ADB]&amp;#27;[39m &apos;io.appium.uiautomator2.server.test&apos; is installed
[debug] &amp;#27;[35m[ADB]&amp;#27;[39m Checking app cert for C:\Users\maliniv\AppData\Roaming\npm\node_modules\appium\node_modules\appium-uiautomator2-server\apks\appium-uiautomator2-server-debug-androidTest.apk
[debug] &amp;#27;[35m[ADB]&amp;#27;[39m Starting apksigner: &apos;C:\\Program Files\\Java\\jdk1.8.0_121\\bin\\java.exe&apos; -Xmx1024M -Xss1m -jar C:\\Users\\maliniv\\AppData\\Local\\Android\\Sdk\\build-tools\\30.0.2\\lib\\apksigner.jar verify --print-certs C:\\Users\\maliniv\\AppData\\Roaming\\npm\\node_modules\\appium\\node_modules\\appium-uiautomator2-server\\apks\\appium-uiautomator2-server-debug-androidTest.apk
[debug] &amp;#27;[35m[ADB]&amp;#27;[39m apksigner stdout: Signer #1 certificate DN: EMAILADDRESS=android@android.com, CN=Android, OU=Android, O=Android, L=Mountain View, ST=California, C=US
[debug] &amp;#27;[35m[ADB]&amp;#27;[39m Signer #1 certificate SHA-256 digest: a40da80a59d170caa950cf15c18c454d47a39b26989d8b640ecd745ba71bf5dc
[debug] &amp;#27;[35m[ADB]&amp;#27;[39m Signer #1 certificate SHA-1 digest: 61ed377e85d386a8dfee6b864bd85b0bfaa5af81
[debug] &amp;#27;[35m[ADB]&amp;#27;[39m Signer #1 certificate MD5 digest: e89b158e4bcf988ebd09eb83f5378e87
[debug] &amp;#27;[35m[ADB]&amp;#27;[39m 
[debug] &amp;#27;[35m[ADB]&amp;#27;[39m &apos;C:\Users\maliniv\AppData\Roaming\npm\node_modules\appium\node_modules\appium-uiautomator2-server\apks\appium-uiautomator2-server-debug-androidTest.apk&apos; is signed with the default certificate
&amp;#27;[35m[UiAutomator2]&amp;#27;[39m Server packages are not going to be (re)installed
[debug] &amp;#27;[35m[UiAutomator2]&amp;#27;[39m Waiting up to 30000ms for services to be available
[debug] &amp;#27;[35m[ADB]&amp;#27;[39m Running &apos;C:\Users\maliniv\AppData\Local\Android\Sdk\platform-tools\adb.exe -P 5037 -s 192.168.1.101\:5555 shell pm list instrumentation&apos;
[debug] &amp;#27;[35m[UiAutomator2]&amp;#27;[39m Instrumentation target &apos;io.appium.uiautomator2.server.test/androidx.test.runner.AndroidJUnitRunner&apos; is available
[debug] &amp;#27;[35m[UiAutomator2]&amp;#27;[39m No app capability. Assuming it is already on the device
[debug] &amp;#27;[35m[UiAutomator2]&amp;#27;[39m Performing shallow cleanup of automation leftovers
[debug] &amp;#27;[35m[UiAutomator2]&amp;#27;[39m The following obsolete sessions are still running: [null]
[debug] &amp;#27;[35m[UiAutomator2]&amp;#27;[39m Cleaning up the obsolete sessions
[debug] &amp;#27;[35m[ADB]&amp;#27;[39m Running &apos;C:\Users\maliniv\AppData\Local\Android\Sdk\platform-tools\adb.exe -P 5037 -s 192.168.1.101\:5555 shell am force-stop io.appium.uiautomator2.server.test&apos;
&amp;#27;[35m[UiAutomator2]&amp;#27;[39m Starting UIAutomator2 server 4.12.2
&amp;#27;[35m[UiAutomator2]&amp;#27;[39m Using UIAutomator2 server from &apos;C:\Users\maliniv\AppData\Roaming\npm\node_modules\appium\node_modules\appium-uiautomator2-server\apks\appium-uiautomator2-server-v4.12.2.apk&apos; and test from &apos;C:\Users\maliniv\AppData\Roaming\npm\node_modules\appium\node_modules\appium-uiautomator2-server\apks\appium-uiautomator2-server-debug-androidTest.apk&apos;
&amp;#27;[35m[UiAutomator2]&amp;#27;[39m Waiting up to 30000ms for UiAutomator2 to be online...
[debug] &amp;#27;[35m[ADB]&amp;#27;[39m Creating ADB subprocess with args: [&quot;-P&quot;,5037,&quot;-s&quot;,&quot;192.168.1.101:5555&quot;,&quot;shell&quot;,&quot;am&quot;,&quot;instrument&quot;,&quot;-w&quot;,&quot;io.appium.uiautomator2.server.test/androidx.test.runner.AndroidJUnitRunner&quot;]
[debug] &amp;#27;[35m[Instrumentation]&amp;#27;[39m io.appium.uiautomator2.server.test.AppiumUiAutomator2Server:
[debug] &amp;#27;[35m[WD Proxy]&amp;#27;[39m Matched &apos;/status&apos; to command name &apos;getStatus&apos;
[debug] &amp;#27;[35m[WD Proxy]&amp;#27;[39m Proxying [GET /status] to [GET http://127.0.0.1:8226/wd/hub/status] with no body
&amp;#27;[35m[WD Proxy]&amp;#27;[39m socket hang up
[debug] &amp;#27;[35m[WD Proxy]&amp;#27;[39m Matched &apos;/status&apos; to command name &apos;getStatus&apos;
[debug] &amp;#27;[35m[WD Proxy]&amp;#27;[39m Proxying [GET /status] to [GET http://127.0.0.1:8226/wd/hub/status] with no body
[debug] &amp;#27;[35m[WD Proxy]&amp;#27;[39m Got response with status 200: {&quot;sessionId&quot;:&quot;None&quot;,&quot;value&quot;:{&quot;message&quot;:&quot;UiAutomator2 Server is ready to accept commands&quot;,&quot;ready&quot;:true}}
[debug] &amp;#27;[35m[UiAutomator2]&amp;#27;[39m The initialization of the instrumentation process took 2400ms
[debug] &amp;#27;[35m[WD Proxy]&amp;#27;[39m Matched &apos;/session&apos; to command name &apos;createSession&apos;
[debug] &amp;#27;[35m[WD Proxy]&amp;#27;[39m Proxying [POST /session] to [POST http://127.0.0.1:8226/wd/hub/session] with body: {&quot;capabilities&quot;:{&quot;firstMatch&quot;:[{&quot;platform&quot;:&quot;LINUX&quot;,&quot;webStorageEnabled&quot;:false,&quot;takesScreenshot&quot;:true,&quot;javascriptEnabled&quot;:true,&quot;databaseEnabled&quot;:false,&quot;networkConnectionEnabled&quot;:true,&quot;locationContextEnabled&quot;:false,&quot;warnings&quot;:{},&quot;desired&quot;:{&quot;platformName&quot;:&quot;android&quot;,&quot;appActivity&quot;:&quot;com.samsung.android.app.calendar.activity.MainActivity&quot;,&quot;appPackage&quot;:&quot;com.samsung.android.calendar&quot;,&quot;automationName&quot;:&quot;UiAutomator2&quot;,&quot;deviceName&quot;:&quot;GalaxyS10e&quot;,&quot;newCommandTimeout&quot;:10000,&quot;noReset&quot;:true,&quot;platformVersion&quot;:&quot;10&quot;},&quot;platformName&quot;:&quot;android&quot;,&quot;appActivity&quot;:&quot;com.samsung.android.app.calendar.activity.MainActivity&quot;,&quot;appPackage&quot;:&quot;com.samsung.android.calendar&quot;,&quot;automationName&quot;:&quot;UiAutomator2&quot;,&quot;deviceName&quot;:&quot;192.168.1.101:5555&quot;,&quot;newCommandTimeout&quot;:10000,&quot;noReset&quot;:true,&quot;platformVersion&quot;:&quot;10&quot;,&quot;deviceUDID&quot;:&quot;192.168.1.101:5555&quot;}],&quot;alwaysMatch&quot;:{}}}
[debug] &amp;#27;[35m[WD Proxy]&amp;#27;[39m Got response with status 200: {&quot;sessionId&quot;:&quot;286b0dcd-5290-4919-bdff-a09cb0ab7eee&quot;,&quot;value&quot;:{&quot;capabilities&quot;:{&quot;firstMatch&quot;:[{&quot;platform&quot;:&quot;LINUX&quot;,&quot;webStorageEnabled&quot;:false,&quot;takesScreenshot&quot;:true,&quot;javascriptEnabled&quot;:true,&quot;databaseEnabled&quot;:false,&quot;networkConnectionEnabled&quot;:true,&quot;locationContextEnabled&quot;:false,&quot;warnings&quot;:{},&quot;desired&quot;:{&quot;platformName&quot;:&quot;android&quot;,&quot;appActivity&quot;:&quot;com.samsung.android.app.calendar.activity.MainActivity&quot;,&quot;appPackage&quot;:&quot;com.samsung.android.calendar&quot;,&quot;automationName&quot;:&quot;UiAutomator2&quot;,&quot;deviceName&quot;:&quot;GalaxyS10e&quot;,&quot;newCommandTimeout&quot;:10000,&quot;noReset&quot;:true,&quot;platformVersion&quot;:&quot;10&quot;},&quot;platformName&quot;:&quot;android&quot;,&quot;appActivity&quot;:&quot;com.samsung.android.app.calendar.activity.MainActivity&quot;,&quot;appPackage&quot;:&quot;com.samsung.android.calendar&quot;,&quot;automationName&quot;:&quot;UiAutomator2&quot;,&quot;deviceName&quot;:&quot;192.168.1.101:5555&quot;,&quot;newCommandTimeout&quot;:10000,&quot;noReset&quot;:true,&quot;platformVersion&quot;:&quot;10&quot;,&quot;deviceUDID&quot;:&quot;192.168.1.101:5555&quot;}],&quot;alwaysMatch&quot;:{}},&quot;sessionId&quot;:&quot;286b0dcd-5290-4919-bdff-a09cb0ab7eee&quot;}}
&amp;#27;[35m[WD Proxy]&amp;#27;[39m Determined the downstream protocol as &apos;W3C&apos;
[debug] &amp;#27;[35m[WD Proxy]&amp;#27;[39m Proxying [GET /appium/device/info] to [GET http://127.0.0.1:8226/wd/hub/session/286b0dcd-5290-4919-bdff-a09cb0ab7eee/appium/device/info] with no body
[debug] &amp;#27;[35m[WD Proxy]&amp;#27;[39m Got response with status 200: {&quot;sessionId&quot;:&quot;286b0dcd-5290-4919-bdff-a09cb0ab7eee&quot;,&quot;value&quot;:{&quot;androidId&quot;:&quot;62f0e43bb0e2450e&quot;,&quot;apiVersion&quot;:&quot;29&quot;,&quot;bluetooth&quot;:{&quot;state&quot;:&quot;OFF&quot;},&quot;brand&quot;:&quot;samsung&quot;,&quot;carrierName&quot;:&quot;Vodafone AU&quot;,&quot;displayDensity&quot;:480,&quot;locale&quot;:&quot;en_AU&quot;,&quot;manufacturer&quot;:&quot;samsung&quot;,&quot;model&quot;:&quot;SM-G970F&quot;,&quot;networks&quot;:[{&quot;capabilities&quot;:{&quot;SSID&quot;:null,&quot;linkDownBandwidthKbps&quot;:102400,&quot;linkUpstreamBandwidthKbps&quot;:51200,&quot;networkCapabilities&quot;:&quot;NET_CAPABILITY_IMS,NET_CAPABILITY_NOT_METERED,NET_CAPABILITY_TRUSTED,NET_CAPABILITY_NOT_VPN,NET_CAPABILITY_VALIDATED,NET_CAPABILITY_NOT_ROAMING,NET_CAPABILITY_FOREGROUND,NET_CAPABILITY_NOT_CONGESTED,NET_CAPABILITY_NOT_SUSPENDED&quot;,&quot;signalStrength&quot;:-2147483648,&quot;transportTypes&quot;:&quot;TRANSPORT_CELLULAR&quot;},&quot;detailedState&quot;:&quot;CONNECTED&quot;,&quot;extraInfo&quot;:&quot;IMS&quot;,&quot;isAvailable&quot;:true,&quot;isConnected&quot;:true,&quot;isFailover&quot;:false,&quot;isRoaming&quot;:false,&quot;state&quot;:&quot;CONNECTED&quot;,&quot;subtype&quot;:13,&quot;subtypeName&quot;:&quot;LTE&quot;,&quot;type&quot;:0,&quot;typeName&quot;:&quot;MOBILE&quot;},{&quot;capabilities&quot;:{&quot;SSID&quot;:null,&quot;linkDownBandwidthKbps&quot;:1048576,&quot;linkUpstreamBandwidthKbps&quot;:1048576,&quot;networkCapabilities&quot;:&quot;NET_C...
[debug] &amp;#27;[35m[ADB]&amp;#27;[39m Running &apos;C:\Users\maliniv\AppData\Local\Android\Sdk\platform-tools\adb.exe -P 5037 -s 192.168.1.101\:5555 shell dumpsys window&apos;
&amp;#27;[35m[AndroidDriver]&amp;#27;[39m Screen already unlocked, doing nothing
&amp;#27;[35m[UiAutomator2]&amp;#27;[39m Starting &apos;com.samsung.android.calendar/com.samsung.android.app.calendar.activity.MainActivity and waiting for &apos;com.samsung.android.calendar/com.samsung.android.app.calendar.activity.MainActivity&apos;
[debug] &amp;#27;[35m[ADB]&amp;#27;[39m Running &apos;C:\Users\maliniv\AppData\Local\Android\Sdk\platform-tools\adb.exe -P 5037 -s 192.168.1.101\:5555 shell am start -W -n com.samsung.android.calendar/com.samsung.android.app.calendar.activity.MainActivity -S -a android.intent.action.MAIN -c android.intent.category.LAUNCHER -f 0x10200000&apos;
[debug] &amp;#27;[35m[WD Proxy]&amp;#27;[39m Proxying [GET /appium/device/pixel_ratio] to [GET http://127.0.0.1:8226/wd/hub/session/286b0dcd-5290-4919-bdff-a09cb0ab7eee/appium/device/pixel_ratio] with no body
[debug] &amp;#27;[35m[WD Proxy]&amp;#27;[39m Got response with status 200: {&quot;sessionId&quot;:&quot;286b0dcd-5290-4919-bdff-a09cb0ab7eee&quot;,&quot;value&quot;:3}
[debug] &amp;#27;[35m[WD Proxy]&amp;#27;[39m Matched &apos;/appium/device/system_bars&apos; to command name &apos;getSystemBars&apos;
[debug] &amp;#27;[35m[WD Proxy]&amp;#27;[39m Proxying [GET /appium/device/system_bars] to [GET http://127.0.0.1:8226/wd/hub/session/286b0dcd-5290-4919-bdff-a09cb0ab7eee/appium/device/system_bars] with no body
[debug] &amp;#27;[35m[WD Proxy]&amp;#27;[39m Got response with status 200: {&quot;sessionId&quot;:&quot;286b0dcd-5290-4919-bdff-a09cb0ab7eee&quot;,&quot;value&quot;:{&quot;statusBar&quot;:117}}
[debug] &amp;#27;[35m[WD Proxy]&amp;#27;[39m Matched &apos;/window/current/size&apos; to command name &apos;getWindowSize&apos;
[debug] &amp;#27;[35m[WD Proxy]&amp;#27;[39m Proxying [GET /window/current/size] to [GET http://127.0.0.1:8226/wd/hub/session/286b0dcd-5290-4919-bdff-a09cb0ab7eee/window/current/size] with no body
[debug] &amp;#27;[35m[WD Proxy]&amp;#27;[39m Got response with status 200: {&quot;sessionId&quot;:&quot;286b0dcd-5290-4919-bdff-a09cb0ab7eee&quot;,&quot;value&quot;:{&quot;height&quot;:2020,&quot;width&quot;:1080}}
&amp;#27;[35m[Appium]&amp;#27;[39m New AndroidUiautomator2Driver session created successfully, session abfc45b9-ac1d-4660-9c19-fdeb97c0fc0f added to master session list
[debug] &amp;#27;[35m[BaseDriver]&amp;#27;[39m Event &apos;newSessionStarted&apos; logged at 1612220397253 (08:59:57 GMT+1000 (Australian Eastern Standard Time))
[debug] &amp;#27;[35m[W3C (abfc45b9)]&amp;#27;[39m Cached the protocol value &apos;W3C&apos; for the new session abfc45b9-ac1d-4660-9c19-fdeb97c0fc0f
[debug] &amp;#27;[35m[W3C (abfc45b9)]&amp;#27;[39m Responding to client with driver.createSession() result: {&quot;capabilities&quot;:{&quot;platform&quot;:&quot;LINUX&quot;,&quot;webStorageEnabled&quot;:false,&quot;takesScreenshot&quot;:true,&quot;javascriptEnabled&quot;:true,&quot;databaseEnabled&quot;:false,&quot;networkConnectionEnabled&quot;:true,&quot;locationContextEnabled&quot;:false,&quot;warnings&quot;:{},&quot;desired&quot;:{&quot;platformName&quot;:&quot;android&quot;,&quot;appActivity&quot;:&quot;com.samsung.android.app.calendar.activity.MainActivity&quot;,&quot;appPackage&quot;:&quot;com.samsung.android.calendar&quot;,&quot;automationName&quot;:&quot;UiAutomator2&quot;,&quot;deviceName&quot;:&quot;GalaxyS10e&quot;,&quot;newCommandTimeout&quot;:10000,&quot;noReset&quot;:true,&quot;platformVersion&quot;:&quot;10&quot;},&quot;platformName&quot;:&quot;android&quot;,&quot;appActivity&quot;:&quot;com.samsung.android.app.calendar.activity.MainActivity&quot;,&quot;appPackage&quot;:&quot;com.samsung.android.calendar&quot;,&quot;automationName&quot;:&quot;UiAutomator2&quot;,&quot;deviceName&quot;:&quot;192.168.1.101:5555&quot;,&quot;newCommandTimeout&quot;:10000,&quot;noReset&quot;:true,&quot;platformVersion&quot;:&quot;10&quot;,&quot;deviceUDID&quot;:&quot;192.168.1.101:5555&quot;,&quot;deviceApiLevel&quot;:29,&quot;deviceScreenSize&quot;:&quot;1080x2280&quot;,&quot;deviceScreenDensity&quot;:480,&quot;deviceModel&quot;:&quot;SM-G970F&quot;,&quot;deviceManufacturer&quot;:&quot;samsung&quot;,&quot;pixelRatio&quot;:3,&quot;statBarHeight&quot;:117,&quot;viewportRect&quot;:{&quot;left&quot;:0,&quot;top&quot;:117,&quot;width&quot;:1080,&quot;height&quot;:1903}}}
&amp;#27;[35m[HTTP]&amp;#27;[39m &amp;#27;[37m&lt;-- POST /wd/hub/session &amp;#27;[39m&amp;#27;[32m200&amp;#27;[39m &amp;#27;[90m10195 ms - 1082&amp;#27;[39m
&amp;#27;[35m[HTTP]&amp;#27;[39m &amp;#27;[90m&amp;#27;[39m
&amp;#27;[35m[HTTP]&amp;#27;[39m &amp;#27;[37m--&gt;&amp;#27;[39m &amp;#27;[37mPOST&amp;#27;[39m &amp;#27;[37m/wd/hub/session/abfc45b9-ac1d-4660-9c19-fdeb97c0fc0f/timeouts&amp;#27;[39m
&amp;#27;[35m[HTTP]&amp;#27;[39m &amp;#27;[90m{&quot;implicit&quot;:10000}&amp;#27;[39m
[debug] &amp;#27;[35m[W3C (abfc45b9)]&amp;#27;[39m Calling AppiumDriver.timeouts() with args: [null,null,null,null,10000,&quot;abfc45b9-ac1d-4660-9c19-fdeb97c0fc0f&quot;]
[debug] &amp;#27;[35m[BaseDriver]&amp;#27;[39m W3C timeout argument: {&quot;implicit&quot;:10000}}
[debug] &amp;#27;[35m[BaseDriver]&amp;#27;[39m Set implicit wait to 10000ms
[debug] &amp;#27;[35m[W3C (abfc45b9)]&amp;#27;[39m Responding to client with driver.timeouts() result: null
&amp;#27;[35m[HTTP]&amp;#27;[39m &amp;#27;[37m&lt;-- POST /wd/hub/session/abfc45b9-ac1d-4660-9c19-fdeb97c0fc0f/timeouts &amp;#27;[39m&amp;#27;[32m200&amp;#27;[39m &amp;#27;[90m10 ms - 14&amp;#27;[39m
&amp;#27;[35m[HTTP]&amp;#27;[39m &amp;#27;[90m&amp;#27;[39m
&amp;#27;[35m[HTTP]&amp;#27;[39m &amp;#27;[37m--&gt;&amp;#27;[39m &amp;#27;[37mGET&amp;#27;[39m &amp;#27;[37m/wd/hub/session/abfc45b9-ac1d-4660-9c19-fdeb97c0fc0f/context&amp;#27;[39m
&amp;#27;[35m[HTTP]&amp;#27;[39m &amp;#27;[90m{}&amp;#27;[39m
[debug] &amp;#27;[35m[W3C (abfc45b9)]&amp;#27;[39m Calling AppiumDriver.getCurrentContext() with args: [&quot;abfc45b9-ac1d-4660-9c19-fdeb97c0fc0f&quot;]
[debug] &amp;#27;[35m[W3C (abfc45b9)]&amp;#27;[39m Responding to client with driver.getCurrentContext() result: &quot;NATIVE_APP&quot;
&amp;#27;[35m[HTTP]&amp;#27;[39m &amp;#27;[37m&lt;-- GET /wd/hub/session/abfc45b9-ac1d-4660-9c19-fdeb97c0fc0f/context &amp;#27;[39m&amp;#27;[32m200&amp;#27;[39m &amp;#27;[90m8 ms - 22&amp;#27;[39m
&amp;#27;[35m[HTTP]&amp;#27;[39m &amp;#27;[90m&amp;#27;[39m
&amp;#27;[35m[HTTP]&amp;#27;[39m &amp;#27;[37m--&gt;&amp;#27;[39m &amp;#27;[37mPOST&amp;#27;[39m &amp;#27;[37m/wd/hub/session/abfc45b9-ac1d-4660-9c19-fdeb97c0fc0f/element&amp;#27;[39m
&amp;#27;[35m[HTTP]&amp;#27;[39m &amp;#27;[90m{&quot;using&quot;:&quot;id&quot;,&quot;value&quot;:&quot;com.samsung.android.calendar:id/floating_action_button&quot;}&amp;#27;[39m
[debug] &amp;#27;[35m[W3C (abfc45b9)]&amp;#27;[39m Calling AppiumDriver.findElement() with args: [&quot;id&quot;,&quot;com.samsung.android.calendar:id/floating_action_button&quot;,&quot;abfc45b9-ac1d-4660-9c19-fdeb97c0fc0f&quot;]
[debug] &amp;#27;[35m[BaseDriver]&amp;#27;[39m Valid locator strategies for this request: xpath, id, class name, accessibility id, -android uiautomator
[debug] &amp;#27;[35m[BaseDriver]&amp;#27;[39m Waiting up to 10000 ms for condition
[debug] &amp;#27;[35m[WD Proxy]&amp;#27;[39m Matched &apos;/element&apos; to command name &apos;findElement&apos;
[debug] &amp;#27;[35m[WD Proxy]&amp;#27;[39m Proxying [POST /element] to [POST http://127.0.0.1:8226/wd/hub/session/286b0dcd-5290-4919-bdff-a09cb0ab7eee/element] with body: {&quot;strategy&quot;:&quot;id&quot;,&quot;selector&quot;:&quot;com.samsung.android.calendar:id/floating_action_button&quot;,&quot;context&quot;:&quot;&quot;,&quot;multiple&quot;:false}
[debug] &amp;#27;[35m[WD Proxy]&amp;#27;[39m Got response with status 200: {&quot;sessionId&quot;:&quot;286b0dcd-5290-4919-bdff-a09cb0ab7eee&quot;,&quot;value&quot;:{&quot;ELEMENT&quot;:&quot;cda17cad-09d5-45c2-bff2-c472c6247138&quot;,&quot;element-6066-11e4-a52e-4f735466cecf&quot;:&quot;cda17cad-09d5-45c2-bff2-c472c6247138&quot;}}
[debug] &amp;#27;[35m[W3C (abfc45b9)]&amp;#27;[39m Responding to client with driver.findElement() result: {&quot;element-6066-11e4-a52e-4f735466cecf&quot;:&quot;cda17cad-09d5-45c2-bff2-c472c6247138&quot;,&quot;ELEMENT&quot;:&quot;cda17cad-09d5-45c2-bff2-c472c6247138&quot;}
&amp;#27;[35m[HTTP]&amp;#27;[39m &amp;#27;[37m&lt;-- POST /wd/hub/session/abfc45b9-ac1d-4660-9c19-fdeb97c0fc0f/element &amp;#27;[39m&amp;#27;[32m200&amp;#27;[39m &amp;#27;[90m348 ms - 137&amp;#27;[39m
&amp;#27;[35m[HTTP]&amp;#27;[39m &amp;#27;[90m&amp;#27;[39m
&amp;#27;[35m[HTTP]&amp;#27;[39m &amp;#27;[37m--&gt;&amp;#27;[39m &amp;#27;[37mPOST&amp;#27;[39m &amp;#27;[37m/wd/hub/session/abfc45b9-ac1d-4660-9c19-fdeb97c0fc0f/element/cda17cad-09d5-45c2-bff2-c472c6247138/click&amp;#27;[39m
&amp;#27;[35m[HTTP]&amp;#27;[39m &amp;#27;[90m{&quot;id&quot;:&quot;cda17cad-09d5-45c2-bff2-c472c6247138&quot;}&amp;#27;[39m
[debug] &amp;#27;[35m[W3C (abfc45b9)]&amp;#27;[39m Calling AppiumDriver.click() with args: [&quot;cda17cad-09d5-45c2-bff2-c472c6247138&quot;,&quot;abfc45b9-ac1d-4660-9c19-fdeb97c0fc0f&quot;]
[debug] &amp;#27;[35m[WD Proxy]&amp;#27;[39m Matched &apos;/element/cda17cad-09d5-45c2-bff2-c472c6247138/click&apos; to command name &apos;click&apos;
[debug] &amp;#27;[35m[WD Proxy]&amp;#27;[39m Proxying [POST /element/cda17cad-09d5-45c2-bff2-c472c6247138/click] to [POST http://127.0.0.1:8226/wd/hub/session/286b0dcd-5290-4919-bdff-a09cb0ab7eee/element/cda17cad-09d5-45c2-bff2-c472c6247138/click] with body: {&quot;element&quot;:&quot;cda17cad-09d5-45c2-bff2-c472c6247138&quot;}
[debug] &amp;#27;[35m[WD Proxy]&amp;#27;[39m Got response with status 200: {&quot;sessionId&quot;:&quot;286b0dcd-5290-4919-bdff-a09cb0ab7eee&quot;,&quot;value&quot;:null}
[debug] &amp;#27;[35m[W3C (abfc45b9)]&amp;#27;[39m Responding to client with driver.click() result: null
&amp;#27;[35m[HTTP]&amp;#27;[39m &amp;#27;[37m&lt;-- POST /wd/hub/session/abfc45b9-ac1d-4660-9c19-fdeb97c0fc0f/element/cda17cad-09d5-45c2-bff2-c472c6247138/click &amp;#27;[39m&amp;#27;[32m200&amp;#27;[39m &amp;#27;[90m554 ms - 14&amp;#27;[39m
&amp;#27;[35m[HTTP]&amp;#27;[39m &amp;#27;[90m&amp;#27;[39m
&amp;#27;[35m[HTTP]&amp;#27;[39m &amp;#27;[37m--&gt;&amp;#27;[39m &amp;#27;[37mGET&amp;#27;[39m &amp;#27;[37m/wd/hub/session/abfc45b9-ac1d-4660-9c19-fdeb97c0fc0f/context&amp;#27;[39m
&amp;#27;[35m[HTTP]&amp;#27;[39m &amp;#27;[90m{}&amp;#27;[39m
[debug] &amp;#27;[35m[W3C (abfc45b9)]&amp;#27;[39m Calling AppiumDriver.getCurrentContext() with args: [&quot;abfc45b9-ac1d-4660-9c19-fdeb97c0fc0f&quot;]
[debug] &amp;#27;[35m[W3C (abfc45b9)]&amp;#27;[39m Responding to client with driver.getCurrentContext() result: &quot;NATIVE_APP&quot;
&amp;#27;[35m[HTTP]&amp;#27;[39m &amp;#27;[37m&lt;-- GET /wd/hub/session/abfc45b9-ac1d-4660-9c19-fdeb97c0fc0f/context &amp;#27;[39m&amp;#27;[32m200&amp;#27;[39m &amp;#27;[90m2 ms - 22&amp;#27;[39m
&amp;#27;[35m[HTTP]&amp;#27;[39m &amp;#27;[90m&amp;#27;[39m
&amp;#27;[35m[HTTP]&amp;#27;[39m &amp;#27;[37m--&gt;&amp;#27;[39m &amp;#27;[37mPOST&amp;#27;[39m &amp;#27;[37m/wd/hub/session/abfc45b9-ac1d-4660-9c19-fdeb97c0fc0f/element&amp;#27;[39m
&amp;#27;[35m[HTTP]&amp;#27;[39m &amp;#27;[90m{&quot;using&quot;:&quot;id&quot;,&quot;value&quot;:&quot;com.samsung.android.calendar:id/start_label&quot;}&amp;#27;[39m
[debug] &amp;#27;[35m[W3C (abfc45b9)]&amp;#27;[39m Calling AppiumDriver.findElement() with args: [&quot;id&quot;,&quot;com.samsung.android.calendar:id/start_label&quot;,&quot;abfc45b9-ac1d-4660-9c19-fdeb97c0fc0f&quot;]
[debug] &amp;#27;[35m[BaseDriver]&amp;#27;[39m Valid locator strategies for this request: xpath, id, class name, accessibility id, -android uiautomator
[debug] &amp;#27;[35m[BaseDriver]&amp;#27;[39m Waiting up to 10000 ms for condition
[debug] &amp;#27;[35m[WD Proxy]&amp;#27;[39m Matched &apos;/element&apos; to command name &apos;findElement&apos;
[debug] &amp;#27;[35m[WD Proxy]&amp;#27;[39m Proxying [POST /element] to [POST http://127.0.0.1:8226/wd/hub/session/286b0dcd-5290-4919-bdff-a09cb0ab7eee/element] with body: {&quot;strategy&quot;:&quot;id&quot;,&quot;selector&quot;:&quot;com.samsung.android.calendar:id/start_label&quot;,&quot;context&quot;:&quot;&quot;,&quot;multiple&quot;:false}
[debug] &amp;#27;[35m[WD Proxy]&amp;#27;[39m Got response with status 200: {&quot;sessionId&quot;:&quot;286b0dcd-5290-4919-bdff-a09cb0ab7eee&quot;,&quot;value&quot;:{&quot;ELEMENT&quot;:&quot;43fa96c2-2116-48a7-b51b-31f4dbe1bcd7&quot;,&quot;element-6066-11e4-a52e-4f735466cecf&quot;:&quot;43fa96c2-2116-48a7-b51b-31f4dbe1bcd7&quot;}}
[debug] &amp;#27;[35m[W3C (abfc45b9)]&amp;#27;[39m Responding to client with driver.findElement() result: {&quot;element-6066-11e4-a52e-4f735466cecf&quot;:&quot;43fa96c2-2116-48a7-b51b-31f4dbe1bcd7&quot;,&quot;ELEMENT&quot;:&quot;43fa96c2-2116-48a7-b51b-31f4dbe1bcd7&quot;}
&amp;#27;[35m[HTTP]&amp;#27;[39m &amp;#27;[37m&lt;-- POST /wd/hub/session/abfc45b9-ac1d-4660-9c19-fdeb97c0fc0f/element &amp;#27;[39m&amp;#27;[32m200&amp;#27;[39m &amp;#27;[90m1277 ms - 137&amp;#27;[39m
&amp;#27;[35m[HTTP]&amp;#27;[39m &amp;#27;[90m&amp;#27;[39m
&amp;#27;[35m[HTTP]&amp;#27;[39m &amp;#27;[37m--&gt;&amp;#27;[39m &amp;#27;[37mPOST&amp;#27;[39m &amp;#27;[37m/wd/hub/session/abfc45b9-ac1d-4660-9c19-fdeb97c0fc0f/element/43fa96c2-2116-48a7-b51b-31f4dbe1bcd7/click&amp;#27;[39m
&amp;#27;[35m[HTTP]&amp;#27;[39m &amp;#27;[90m{&quot;id&quot;:&quot;43fa96c2-2116-48a7-b51b-31f4dbe1bcd7&quot;}&amp;#27;[39m
[debug] &amp;#27;[35m[W3C (abfc45b9)]&amp;#27;[39m Calling AppiumDriver.click() with args: [&quot;43fa96c2-2116-48a7-b51b-31f4dbe1bcd7&quot;,&quot;abfc45b9-ac1d-4660-9c19-fdeb97c0fc0f&quot;]
[debug] &amp;#27;[35m[WD Proxy]&amp;#27;[39m Matched &apos;/element/43fa96c2-2116-48a7-b51b-31f4dbe1bcd7/click&apos; to command name &apos;click&apos;
[debug] &amp;#27;[35m[WD Proxy]&amp;#27;[39m Proxying [POST /element/43fa96c2-2116-48a7-b51b-31f4dbe1bcd7/click] to [POST http://127.0.0.1:8226/wd/hub/session/286b0dcd-5290-4919-bdff-a09cb0ab7eee/element/43fa96c2-2116-48a7-b51b-31f4dbe1bcd7/click] with body: {&quot;element&quot;:&quot;43fa96c2-2116-48a7-b51b-31f4dbe1bcd7&quot;}
[debug] &amp;#27;[35m[WD Proxy]&amp;#27;[39m Got response with status 200: {&quot;sessionId&quot;:&quot;286b0dcd-5290-4919-bdff-a09cb0ab7eee&quot;,&quot;value&quot;:null}
[debug] &amp;#27;[35m[W3C (abfc45b9)]&amp;#27;[39m Responding to client with driver.click() result: null
&amp;#27;[35m[HTTP]&amp;#27;[39m &amp;#27;[37m&lt;-- POST /wd/hub/session/abfc45b9-ac1d-4660-9c19-fdeb97c0fc0f/element/43fa96c2-2116-48a7-b51b-31f4dbe1bcd7/click &amp;#27;[39m&amp;#27;[32m200&amp;#27;[39m &amp;#27;[90m167 ms - 14&amp;#27;[39m
&amp;#27;[35m[HTTP]&amp;#27;[39m &amp;#27;[90m&amp;#27;[39m
&amp;#27;[35m[HTTP]&amp;#27;[39m &amp;#27;[37m--&gt;&amp;#27;[39m &amp;#27;[37mGET&amp;#27;[39m &amp;#27;[37m/wd/hub/session/abfc45b9-ac1d-4660-9c19-fdeb97c0fc0f/context&amp;#27;[39m
&amp;#27;[35m[HTTP]&amp;#27;[39m &amp;#27;[90m{}&amp;#27;[39m
[debug] &amp;#27;[35m[W3C (abfc45b9)]&amp;#27;[39m Calling AppiumDriver.getCurrentContext() with args: [&quot;abfc45b9-ac1d-4660-9c19-fdeb97c0fc0f&quot;]
[debug] &amp;#27;[35m[W3C (abfc45b9)]&amp;#27;[39m Responding to client with driver.getCurrentContext() result: &quot;NATIVE_APP&quot;
&amp;#27;[35m[HTTP]&amp;#27;[39m &amp;#27;[37m&lt;-- GET /wd/hub/session/abfc45b9-ac1d-4660-9c19-fdeb97c0fc0f/context &amp;#27;[39m&amp;#27;[32m200&amp;#27;[39m &amp;#27;[90m2 ms - 22&amp;#27;[39m
&amp;#27;[35m[HTTP]&amp;#27;[39m &amp;#27;[90m&amp;#27;[39m
&amp;#27;[35m[HTTP]&amp;#27;[39m &amp;#27;[37m--&gt;&amp;#27;[39m &amp;#27;[37mPOST&amp;#27;[39m &amp;#27;[37m/wd/hub/session/abfc45b9-ac1d-4660-9c19-fdeb97c0fc0f/element&amp;#27;[39m
&amp;#27;[35m[HTTP]&amp;#27;[39m &amp;#27;[90m{&quot;using&quot;:&quot;-android uiautomator&quot;,&quot;value&quot;:&quot;textContains(\&quot;Double tap to switch to calendar view.\&quot;)&quot;}&amp;#27;[39m
[debug] &amp;#27;[35m[W3C (abfc45b9)]&amp;#27;[39m Calling AppiumDriver.findElement() with args: [&quot;-android uiautomator&quot;,&quot;textContains(\&quot;Double tap to switch to calendar view.\&quot;)&quot;,&quot;abfc45b9-ac1d-4660-9c19-fdeb97c0fc0f&quot;]
[debug] &amp;#27;[35m[BaseDriver]&amp;#27;[39m Valid locator strategies for this request: xpath, id, class name, accessibility id, -android uiautomator
[debug] &amp;#27;[35m[BaseDriver]&amp;#27;[39m Waiting up to 10000 ms for condition
[debug] &amp;#27;[35m[WD Proxy]&amp;#27;[39m Matched &apos;/element&apos; to command name &apos;findElement&apos;
[debug] &amp;#27;[35m[WD Proxy]&amp;#27;[39m Proxying [POST /element] to [POST http://127.0.0.1:8226/wd/hub/session/286b0dcd-5290-4919-bdff-a09cb0ab7eee/element] with body: {&quot;strategy&quot;:&quot;-android uiautomator&quot;,&quot;selector&quot;:&quot;textContains(\&quot;Double tap to switch to calendar view.\&quot;)&quot;,&quot;context&quot;:&quot;&quot;,&quot;multiple&quot;:false}
[debug] &amp;#27;[35m[WD Proxy]&amp;#27;[39m Got response with status 200: {&quot;sessionId&quot;:&quot;286b0dcd-5290-4919-bdff-a09cb0ab7eee&quot;,&quot;value&quot;:{&quot;ELEMENT&quot;:&quot;3898855e-7355-468a-bf8f-46eabc6078bc&quot;,&quot;element-6066-11e4-a52e-4f735466cecf&quot;:&quot;3898855e-7355-468a-bf8f-46eabc6078bc&quot;}}
[debug] &amp;#27;[35m[W3C (abfc45b9)]&amp;#27;[39m Responding to client with driver.findElement() result: {&quot;element-6066-11e4-a52e-4f735466cecf&quot;:&quot;3898855e-7355-468a-bf8f-46eabc6078bc&quot;,&quot;ELEMENT&quot;:&quot;3898855e-7355-468a-bf8f-46eabc6078bc&quot;}
&amp;#27;[35m[HTTP]&amp;#27;[39m &amp;#27;[37m&lt;-- POST /wd/hub/session/abfc45b9-ac1d-4660-9c19-fdeb97c0fc0f/element &amp;#27;[39m&amp;#27;[32m200&amp;#27;[39m &amp;#27;[90m633 ms - 137&amp;#27;[39m
&amp;#27;[35m[HTTP]&amp;#27;[39m &amp;#27;[90m&amp;#27;[39m
&amp;#27;[35m[HTTP]&amp;#27;[39m &amp;#27;[37m--&gt;&amp;#27;[39m &amp;#27;[37mPOST&amp;#27;[39m &amp;#27;[37m/wd/hub/session/abfc45b9-ac1d-4660-9c19-fdeb97c0fc0f/element/3898855e-7355-468a-bf8f-46eabc6078bc/click&amp;#27;[39m
&amp;#27;[35m[HTTP]&amp;#27;[39m &amp;#27;[90m{&quot;id&quot;:&quot;3898855e-7355-468a-bf8f-46eabc6078bc&quot;}&amp;#27;[39m
[debug] &amp;#27;[35m[W3C (abfc45b9)]&amp;#27;[39m Calling AppiumDriver.click() with args: [&quot;3898855e-7355-468a-bf8f-46eabc6078bc&quot;,&quot;abfc45b9-ac1d-4660-9c19-fdeb97c0fc0f&quot;]
[debug] &amp;#27;[35m[WD Proxy]&amp;#27;[39m Matched &apos;/element/3898855e-7355-468a-bf8f-46eabc6078bc/click&apos; to command name &apos;click&apos;
[debug] &amp;#27;[35m[WD Proxy]&amp;#27;[39m Proxying [POST /element/3898855e-7355-468a-bf8f-46eabc6078bc/click] to [POST http://127.0.0.1:8226/wd/hub/session/286b0dcd-5290-4919-bdff-a09cb0ab7eee/element/3898855e-7355-468a-bf8f-46eabc6078bc/click] with body: {&quot;element&quot;:&quot;3898855e-7355-468a-bf8f-46eabc6078bc&quot;}
[debug] &amp;#27;[35m[WD Proxy]&amp;#27;[39m Got response with status 200: {&quot;sessionId&quot;:&quot;286b0dcd-5290-4919-bdff-a09cb0ab7eee&quot;,&quot;value&quot;:null}
[debug] &amp;#27;[35m[W3C (abfc45b9)]&amp;#27;[39m Responding to client with driver.click() result: null
&amp;#27;[35m[HTTP]&amp;#27;[39m &amp;#27;[37m&lt;-- POST /wd/hub/session/abfc45b9-ac1d-4660-9c19-fdeb97c0fc0f/element/3898855e-7355-468a-bf8f-46eabc6078bc/click &amp;#27;[39m&amp;#27;[32m200&amp;#27;[39m &amp;#27;[90m948 ms - 14&amp;#27;[39m
&amp;#27;[35m[HTTP]&amp;#27;[39m &amp;#27;[90m&amp;#27;[39m
&amp;#27;[35m[HTTP]&amp;#27;[39m &amp;#27;[37m--&gt;&amp;#27;[39m &amp;#27;[37mGET&amp;#27;[39m &amp;#27;[37m/wd/hub/session/abfc45b9-ac1d-4660-9c19-fdeb97c0fc0f/context&amp;#27;[39m
&amp;#27;[35m[HTTP]&amp;#27;[39m &amp;#27;[90m{}&amp;#27;[39m
[debug] &amp;#27;[35m[W3C (abfc45b9)]&amp;#27;[39m Calling AppiumDriver.getCurrentContext() with args: [&quot;abfc45b9-ac1d-4660-9c19-fdeb97c0fc0f&quot;]
[debug] &amp;#27;[35m[W3C (abfc45b9)]&amp;#27;[39m Responding to client with driver.getCurrentContext() result: &quot;NATIVE_APP&quot;
&amp;#27;[35m[HTTP]&amp;#27;[39m &amp;#27;[37m&lt;-- GET /wd/hub/session/abfc45b9-ac1d-4660-9c19-fdeb97c0fc0f/context &amp;#27;[39m&amp;#27;[32m200&amp;#27;[39m &amp;#27;[90m4 ms - 22&amp;#27;[39m
&amp;#27;[35m[HTTP]&amp;#27;[39m &amp;#27;[90m&amp;#27;[39m
&amp;#27;[35m[HTTP]&amp;#27;[39m &amp;#27;[37m--&gt;&amp;#27;[39m &amp;#27;[37mPOST&amp;#27;[39m &amp;#27;[37m/wd/hub/session/abfc45b9-ac1d-4660-9c19-fdeb97c0fc0f/element&amp;#27;[39m
&amp;#27;[35m[HTTP]&amp;#27;[39m &amp;#27;[90m{&quot;using&quot;:&quot;id&quot;,&quot;value&quot;:&quot;com.samsung.android.calendar:id/sesl_date_picker_calendar_header_text&quot;}&amp;#27;[39m
[debug] &amp;#27;[35m[W3C (abfc45b9)]&amp;#27;[39m Calling AppiumDriver.findElement() with args: [&quot;id&quot;,&quot;com.samsung.android.calendar:id/sesl_date_picker_calendar_header_text&quot;,&quot;abfc45b9-ac1d-4660-9c19-fdeb97c0fc0f&quot;]
[debug] &amp;#27;[35m[BaseDriver]&amp;#27;[39m Valid locator strategies for this request: xpath, id, class name, accessibility id, -android uiautomator
[debug] &amp;#27;[35m[BaseDriver]&amp;#27;[39m Waiting up to 10000 ms for condition
[debug] &amp;#27;[35m[WD Proxy]&amp;#27;[39m Matched &apos;/element&apos; to command name &apos;findElement&apos;
[debug] &amp;#27;[35m[WD Proxy]&amp;#27;[39m Proxying [POST /element] to [POST http://127.0.0.1:8226/wd/hub/session/286b0dcd-5290-4919-bdff-a09cb0ab7eee/element] with body: {&quot;strategy&quot;:&quot;id&quot;,&quot;selector&quot;:&quot;com.samsung.android.calendar:id/sesl_date_picker_calendar_header_text&quot;,&quot;context&quot;:&quot;&quot;,&quot;multiple&quot;:false}
[debug] &amp;#27;[35m[WD Proxy]&amp;#27;[39m Got response with status 200: {&quot;sessionId&quot;:&quot;286b0dcd-5290-4919-bdff-a09cb0ab7eee&quot;,&quot;value&quot;:{&quot;ELEMENT&quot;:&quot;dcc2486e-9c20-4a5a-994b-f49f7171de16&quot;,&quot;element-6066-11e4-a52e-4f735466cecf&quot;:&quot;dcc2486e-9c20-4a5a-994b-f49f7171de16&quot;}}
[debug] &amp;#27;[35m[W3C (abfc45b9)]&amp;#27;[39m Responding to client with driver.findElement() result: {&quot;element-6066-11e4-a52e-4f735466cecf&quot;:&quot;dcc2486e-9c20-4a5a-994b-f49f7171de16&quot;,&quot;ELEMENT&quot;:&quot;dcc2486e-9c20-4a5a-994b-f49f7171de16&quot;}
&amp;#27;[35m[HTTP]&amp;#27;[39m &amp;#27;[37m&lt;-- POST /wd/hub/session/abfc45b9-ac1d-4660-9c19-fdeb97c0fc0f/element &amp;#27;[39m&amp;#27;[32m200&amp;#27;[39m &amp;#27;[90m131 ms - 137&amp;#27;[39m
&amp;#27;[35m[HTTP]&amp;#27;[39m &amp;#27;[90m&amp;#27;[39m
&amp;#27;[35m[HTTP]&amp;#27;[39m &amp;#27;[37m--&gt;&amp;#27;[39m &amp;#27;[37mGET&amp;#27;[39m &amp;#27;[37m/wd/hub/session/abfc45b9-ac1d-4660-9c19-fdeb97c0fc0f/element/dcc2486e-9c20-4a5a-994b-f49f7171de16/text&amp;#27;[39m
&amp;#27;[35m[HTTP]&amp;#27;[39m &amp;#27;[90m{}&amp;#27;[39m
&amp;#27;[35m[W3C (abfc45b9)]&amp;#27;[39m Driver proxy active, passing request on via HTTP proxy
[debug] &amp;#27;[35m[WD Proxy]&amp;#27;[39m Matched &apos;/wd/hub/session/abfc45b9-ac1d-4660-9c19-fdeb97c0fc0f/element/dcc2486e-9c20-4a5a-994b-f49f7171de16/text&apos; to command name &apos;getText&apos;
[debug] &amp;#27;[35m[WD Proxy]&amp;#27;[39m Proxying [GET /wd/hub/session/abfc45b9-ac1d-4660-9c19-fdeb97c0fc0f/element/dcc2486e-9c20-4a5a-994b-f49f7171de16/text] to [GET http://127.0.0.1:8226/wd/hub/session/286b0dcd-5290-4919-bdff-a09cb0ab7eee/element/dcc2486e-9c20-4a5a-994b-f49f7171de16/text] with no body
[debug] &amp;#27;[35m[WD Proxy]&amp;#27;[39m Got response with status 200: {&quot;sessionId&quot;:&quot;286b0dcd-5290-4919-bdff-a09cb0ab7eee&quot;,&quot;value&quot;:&quot;February 2021&quot;}
&amp;#27;[35m[WD Proxy]&amp;#27;[39m Replacing sessionId 286b0dcd-5290-4919-bdff-a09cb0ab7eee with abfc45b9-ac1d-4660-9c19-fdeb97c0fc0f
&amp;#27;[35m[HTTP]&amp;#27;[39m &amp;#27;[37m&lt;-- GET /wd/hub/session/abfc45b9-ac1d-4660-9c19-fdeb97c0fc0f/element/dcc2486e-9c20-4a5a-994b-f49f7171de16/text &amp;#27;[39m&amp;#27;[32m200&amp;#27;[39m &amp;#27;[90m96 ms - 76&amp;#27;[39m
&amp;#27;[35m[HTTP]&amp;#27;[39m &amp;#27;[90m&amp;#27;[39m
&amp;#27;[35m[HTTP]&amp;#27;[39m &amp;#27;[37m--&gt;&amp;#27;[39m &amp;#27;[37mGET&amp;#27;[39m &amp;#27;[37m/wd/hub/session/abfc45b9-ac1d-4660-9c19-fdeb97c0fc0f/context&amp;#27;[39m
&amp;#27;[35m[HTTP]&amp;#27;[39m &amp;#27;[90m{}&amp;#27;[39m
[debug] &amp;#27;[35m[W3C (abfc45b9)]&amp;#27;[39m Calling AppiumDriver.getCurrentContext() with args: [&quot;abfc45b9-ac1d-4660-9c19-fdeb97c0fc0f&quot;]
[debug] &amp;#27;[35m[W3C (abfc45b9)]&amp;#27;[39m Responding to client with driver.getCurrentContext() result: &quot;NATIVE_APP&quot;
&amp;#27;[35m[HTTP]&amp;#27;[39m &amp;#27;[37m&lt;-- GET /wd/hub/session/abfc45b9-ac1d-4660-9c19-fdeb97c0fc0f/context &amp;#27;[39m&amp;#27;[32m200&amp;#27;[39m &amp;#27;[90m2 ms - 22&amp;#27;[39m
&amp;#27;[35m[HTTP]&amp;#27;[39m &amp;#27;[90m&amp;#27;[39m
&amp;#27;[35m[HTTP]&amp;#27;[39m &amp;#27;[37m--&gt;&amp;#27;[39m &amp;#27;[37mPOST&amp;#27;[39m &amp;#27;[37m/wd/hub/session/abfc45b9-ac1d-4660-9c19-fdeb97c0fc0f/element&amp;#27;[39m
&amp;#27;[35m[HTTP]&amp;#27;[39m &amp;#27;[90m{&quot;using&quot;:&quot;id&quot;,&quot;value&quot;:&quot;com.samsung.android.calendar:id/sesl_date_picker_calendar_header_next_button&quot;}&amp;#27;[39m
[debug] &amp;#27;[35m[W3C (abfc45b9)]&amp;#27;[39m Calling AppiumDriver.findElement() with args: [&quot;id&quot;,&quot;com.samsung.android.calendar:id/sesl_date_picker_calendar_header_next_button&quot;,&quot;abfc45b9-ac1d-4660-9c19-fdeb97c0fc0f&quot;]
[debug] &amp;#27;[35m[BaseDriver]&amp;#27;[39m Valid locator strategies for this request: xpath, id, class name, accessibility id, -android uiautomator
[debug] &amp;#27;[35m[BaseDriver]&amp;#27;[39m Waiting up to 10000 ms for condition
[debug] &amp;#27;[35m[WD Proxy]&amp;#27;[39m Matched &apos;/element&apos; to command name &apos;findElement&apos;
[debug] &amp;#27;[35m[WD Proxy]&amp;#27;[39m Proxying [POST /element] to [POST http://127.0.0.1:8226/wd/hub/session/286b0dcd-5290-4919-bdff-a09cb0ab7eee/element] with body: {&quot;strategy&quot;:&quot;id&quot;,&quot;selector&quot;:&quot;com.samsung.android.calendar:id/sesl_date_picker_calendar_header_next_button&quot;,&quot;context&quot;:&quot;&quot;,&quot;multiple&quot;:false}
[debug] &amp;#27;[35m[WD Proxy]&amp;#27;[39m Got response with status 200: {&quot;sessionId&quot;:&quot;286b0dcd-5290-4919-bdff-a09cb0ab7eee&quot;,&quot;value&quot;:{&quot;ELEMENT&quot;:&quot;7ea91778-c3fd-4cb5-b854-53c8a817d5d9&quot;,&quot;element-6066-11e4-a52e-4f735466cecf&quot;:&quot;7ea91778-c3fd-4cb5-b854-53c8a817d5d9&quot;}}
[debug] &amp;#27;[35m[W3C (abfc45b9)]&amp;#27;[39m Responding to client with driver.findElement() result: {&quot;element-6066-11e4-a52e-4f735466cecf&quot;:&quot;7ea91778-c3fd-4cb5-b854-53c8a817d5d9&quot;,&quot;ELEMENT&quot;:&quot;7ea91778-c3fd-4cb5-b854-53c8a817d5d9&quot;}
&amp;#27;[35m[HTTP]&amp;#27;[39m &amp;#27;[37m&lt;-- POST /wd/hub/session/abfc45b9-ac1d-4660-9c19-fdeb97c0fc0f/element &amp;#27;[39m&amp;#27;[32m200&amp;#27;[39m &amp;#27;[90m73 ms - 137&amp;#27;[39m
&amp;#27;[35m[HTTP]&amp;#27;[39m &amp;#27;[90m&amp;#27;[39m
&amp;#27;[35m[HTTP]&amp;#27;[39m &amp;#27;[37m--&gt;&amp;#27;[39m &amp;#27;[37mPOST&amp;#27;[39m &amp;#27;[37m/wd/hub/session/abfc45b9-ac1d-4660-9c19-fdeb97c0fc0f/element/7ea91778-c3fd-4cb5-b854-53c8a817d5d9/click&amp;#27;[39m
&amp;#27;[35m[HTTP]&amp;#27;[39m &amp;#27;[90m{&quot;id&quot;:&quot;7ea91778-c3fd-4cb5-b854-53c8a817d5d9&quot;}&amp;#27;[39m
[debug] &amp;#27;[35m[W3C (abfc45b9)]&amp;#27;[39m Calling AppiumDriver.click() with args: [&quot;7ea91778-c3fd-4cb5-b854-53c8a817d5d9&quot;,&quot;abfc45b9-ac1d-4660-9c19-fdeb97c0fc0f&quot;]
[debug] &amp;#27;[35m[WD Proxy]&amp;#27;[39m Matched &apos;/element/7ea91778-c3fd-4cb5-b854-53c8a817d5d9/click&apos; to command name &apos;click&apos;
[debug] &amp;#27;[35m[WD Proxy]&amp;#27;[39m Proxying [POST /element/7ea91778-c3fd-4cb5-b854-53c8a817d5d9/click] to [POST http://127.0.0.1:8226/wd/hub/session/286b0dcd-5290-4919-bdff-a09cb0ab7eee/element/7ea91778-c3fd-4cb5-b854-53c8a817d5d9/click] with body: {&quot;element&quot;:&quot;7ea91778-c3fd-4cb5-b854-53c8a817d5d9&quot;}
[debug] &amp;#27;[35m[WD Proxy]&amp;#27;[39m Got response with status 200: {&quot;sessionId&quot;:&quot;286b0dcd-5290-4919-bdff-a09cb0ab7eee&quot;,&quot;value&quot;:null}
[debug] &amp;#27;[35m[W3C (abfc45b9)]&amp;#27;[39m Responding to client with driver.click() result: null
&amp;#27;[35m[HTTP]&amp;#27;[39m &amp;#27;[37m&lt;-- POST /wd/hub/session/abfc45b9-ac1d-4660-9c19-fdeb97c0fc0f/element/7ea91778-c3fd-4cb5-b854-53c8a817d5d9/click &amp;#27;[39m&amp;#27;[32m200&amp;#27;[39m &amp;#27;[90m224 ms - 14&amp;#27;[39m
&amp;#27;[35m[HTTP]&amp;#27;[39m &amp;#27;[90m&amp;#27;[39m
&amp;#27;[35m[HTTP]&amp;#27;[39m &amp;#27;[37m--&gt;&amp;#27;[39m &amp;#27;[37mGET&amp;#27;[39m &amp;#27;[37m/wd/hub/session/abfc45b9-ac1d-4660-9c19-fdeb97c0fc0f/context&amp;#27;[39m
&amp;#27;[35m[HTTP]&amp;#27;[39m &amp;#27;[90m{}&amp;#27;[39m
[debug] &amp;#27;[35m[W3C (abfc45b9)]&amp;#27;[39m Calling AppiumDriver.getCurrentContext() with args: [&quot;abfc45b9-ac1d-4660-9c19-fdeb97c0fc0f&quot;]
[debug] &amp;#27;[35m[W3C (abfc45b9)]&amp;#27;[39m Responding to client with driver.getCurrentContext() result: &quot;NATIVE_APP&quot;
&amp;#27;[35m[HTTP]&amp;#27;[39m &amp;#27;[37m&lt;-- GET /wd/hub/session/abfc45b9-ac1d-4660-9c19-fdeb97c0fc0f/context &amp;#27;[39m&amp;#27;[32m200&amp;#27;[39m &amp;#27;[90m2 ms - 22&amp;#27;[39m
&amp;#27;[35m[HTTP]&amp;#27;[39m &amp;#27;[90m&amp;#27;[39m
&amp;#27;[35m[HTTP]&amp;#27;[39m &amp;#27;[37m--&gt;&amp;#27;[39m &amp;#27;[37mPOST&amp;#27;[39m &amp;#27;[37m/wd/hub/session/abfc45b9-ac1d-4660-9c19-fdeb97c0fc0f/element&amp;#27;[39m
&amp;#27;[35m[HTTP]&amp;#27;[39m &amp;#27;[90m{&quot;using&quot;:&quot;id&quot;,&quot;value&quot;:&quot;com.samsung.android.calendar:id/sesl_date_picker_calendar_header_text&quot;}&amp;#27;[39m
[debug] &amp;#27;[35m[W3C (abfc45b9)]&amp;#27;[39m Calling AppiumDriver.findElement() with args: [&quot;id&quot;,&quot;com.samsung.android.calendar:id/sesl_date_picker_calendar_header_text&quot;,&quot;abfc45b9-ac1d-4660-9c19-fdeb97c0fc0f&quot;]
[debug] &amp;#27;[35m[BaseDriver]&amp;#27;[39m Valid locator strategies for this request: xpath, id, class name, accessibility id, -android uiautomator
[debug] &amp;#27;[35m[BaseDriver]&amp;#27;[39m Waiting up to 10000 ms for condition
[debug] &amp;#27;[35m[WD Proxy]&amp;#27;[39m Matched &apos;/element&apos; to command name &apos;findElement&apos;
[debug] &amp;#27;[35m[WD Proxy]&amp;#27;[39m Proxying [POST /element] to [POST http://127.0.0.1:8226/wd/hub/session/286b0dcd-5290-4919-bdff-a09cb0ab7eee/element] with body: {&quot;strategy&quot;:&quot;id&quot;,&quot;selector&quot;:&quot;com.samsung.android.calendar:id/sesl_date_picker_calendar_header_text&quot;,&quot;context&quot;:&quot;&quot;,&quot;multiple&quot;:false}
[debug] &amp;#27;[35m[WD Proxy]&amp;#27;[39m Got response with status 200: {&quot;sessionId&quot;:&quot;286b0dcd-5290-4919-bdff-a09cb0ab7eee&quot;,&quot;value&quot;:{&quot;ELEMENT&quot;:&quot;02b3499b-7bc4-4212-83b4-d93034697400&quot;,&quot;element-6066-11e4-a52e-4f735466cecf&quot;:&quot;02b3499b-7bc4-4212-83b4-d93034697400&quot;}}
[debug] &amp;#27;[35m[W3C (abfc45b9)]&amp;#27;[39m Responding to client with driver.findElement() result: {&quot;element-6066-11e4-a52e-4f735466cecf&quot;:&quot;02b3499b-7bc4-4212-83b4-d93034697400&quot;,&quot;ELEMENT&quot;:&quot;02b3499b-7bc4-4212-83b4-d93034697400&quot;}
&amp;#27;[35m[HTTP]&amp;#27;[39m &amp;#27;[37m&lt;-- POST /wd/hub/session/abfc45b9-ac1d-4660-9c19-fdeb97c0fc0f/element &amp;#27;[39m&amp;#27;[32m200&amp;#27;[39m &amp;#27;[90m833 ms - 137&amp;#27;[39m
&amp;#27;[35m[HTTP]&amp;#27;[39m &amp;#27;[90m&amp;#27;[39m
&amp;#27;[35m[HTTP]&amp;#27;[39m &amp;#27;[37m--&gt;&amp;#27;[39m &amp;#27;[37mGET&amp;#27;[39m &amp;#27;[37m/wd/hub/session/abfc45b9-ac1d-4660-9c19-fdeb97c0fc0f/element/02b3499b-7bc4-4212-83b4-d93034697400/text&amp;#27;[39m
&amp;#27;[35m[HTTP]&amp;#27;[39m &amp;#27;[90m{}&amp;#27;[39m
&amp;#27;[35m[W3C (abfc45b9)]&amp;#27;[39m Driver proxy active, passing request on via HTTP proxy
[debug] &amp;#27;[35m[WD Proxy]&amp;#27;[39m Matched &apos;/wd/hub/session/abfc45b9-ac1d-4660-9c19-fdeb97c0fc0f/element/02b3499b-7bc4-4212-83b4-d93034697400/text&apos; to command name &apos;getText&apos;
[debug] &amp;#27;[35m[WD Proxy]&amp;#27;[39m Proxying [GET /wd/hub/session/abfc45b9-ac1d-4660-9c19-fdeb97c0fc0f/element/02b3499b-7bc4-4212-83b4-d93034697400/text] to [GET http://127.0.0.1:8226/wd/hub/session/286b0dcd-5290-4919-bdff-a09cb0ab7eee/element/02b3499b-7bc4-4212-83b4-d93034697400/text] with no body
[debug] &amp;#27;[35m[WD Proxy]&amp;#27;[39m Got response with status 200: {&quot;sessionId&quot;:&quot;286b0dcd-5290-4919-bdff-a09cb0ab7eee&quot;,&quot;value&quot;:&quot;March 2021&quot;}
&amp;#27;[35m[WD Proxy]&amp;#27;[39m Replacing sessionId 286b0dcd-5290-4919-bdff-a09cb0ab7eee with abfc45b9-ac1d-4660-9c19-fdeb97c0fc0f
&amp;#27;[35m[HTTP]&amp;#27;[39m &amp;#27;[37m&lt;-- GET /wd/hub/session/abfc45b9-ac1d-4660-9c19-fdeb97c0fc0f/element/02b3499b-7bc4-4212-83b4-d93034697400/text &amp;#27;[39m&amp;#27;[32m200&amp;#27;[39m &amp;#27;[90m146 ms - 73&amp;#27;[39m
&amp;#27;[35m[HTTP]&amp;#27;[39m &amp;#27;[90m&amp;#27;[39m
&amp;#27;[35m[HTTP]&amp;#27;[39m &amp;#27;[37m--&gt;&amp;#27;[39m &amp;#27;[37mGET&amp;#27;[39m &amp;#27;[37m/wd/hub/session/abfc45b9-ac1d-4660-9c19-fdeb97c0fc0f/context&amp;#27;[39m
&amp;#27;[35m[HTTP]&amp;#27;[39m &amp;#27;[90m{}&amp;#27;[39m
[debug] &amp;#27;[35m[W3C (abfc45b9)]&amp;#27;[39m Calling AppiumDriver.getCurrentContext() with args: [&quot;abfc45b9-ac1d-4660-9c19-fdeb97c0fc0f&quot;]
[debug] &amp;#27;[35m[W3C (abfc45b9)]&amp;#27;[39m Responding to client with driver.getCurrentContext() result: &quot;NATIVE_APP&quot;
&amp;#27;[35m[HTTP]&amp;#27;[39m &amp;#27;[37m&lt;-- GET /wd/hub/session/abfc45b9-ac1d-4660-9c19-fdeb97c0fc0f/context &amp;#27;[39m&amp;#27;[32m200&amp;#27;[39m &amp;#27;[90m2 ms - 22&amp;#27;[39m
&amp;#27;[35m[HTTP]&amp;#27;[39m &amp;#27;[90m&amp;#27;[39m
&amp;#27;[35m[HTTP]&amp;#27;[39m &amp;#27;[37m--&gt;&amp;#27;[39m &amp;#27;[37mPOST&amp;#27;[39m &amp;#27;[37m/wd/hub/session/abfc45b9-ac1d-4660-9c19-fdeb97c0fc0f/elements&amp;#27;[39m
&amp;#27;[35m[HTTP]&amp;#27;[39m &amp;#27;[90m{&quot;using&quot;:&quot;class name&quot;,&quot;value&quot;:&quot;android.view.View&quot;}&amp;#27;[39m
[debug] &amp;#27;[35m[W3C (abfc45b9)]&amp;#27;[39m Calling AppiumDriver.findElements() with args: [&quot;class name&quot;,&quot;android.view.View&quot;,&quot;abfc45b9-ac1d-4660-9c19-fdeb97c0fc0f&quot;]
[debug] &amp;#27;[35m[BaseDriver]&amp;#27;[39m Valid locator strategies for this request: xpath, id, class name, accessibility id, -android uiautomator
[debug] &amp;#27;[35m[BaseDriver]&amp;#27;[39m Waiting up to 10000 ms for condition
[debug] &amp;#27;[35m[WD Proxy]&amp;#27;[39m Matched &apos;/elements&apos; to command name &apos;findElements&apos;
[debug] &amp;#27;[35m[WD Proxy]&amp;#27;[39m Proxying [POST /elements] to [POST http://127.0.0.1:8226/wd/hub/session/286b0dcd-5290-4919-bdff-a09cb0ab7eee/elements] with body: {&quot;strategy&quot;:&quot;class name&quot;,&quot;selector&quot;:&quot;android.view.View&quot;,&quot;context&quot;:&quot;&quot;,&quot;multiple&quot;:true}
[debug] &amp;#27;[35m[WD Proxy]&amp;#27;[39m Got response with status 200: {&quot;sessionId&quot;:&quot;286b0dcd-5290-4919-bdff-a09cb0ab7eee&quot;,&quot;value&quot;:[{&quot;ELEMENT&quot;:&quot;cef6b4ac-f4f0-439b-894e-0b2a9bd23749&quot;,&quot;element-6066-11e4-a52e-4f735466cecf&quot;:&quot;cef6b4ac-f4f0-439b-894e-0b2a9bd23749&quot;},{&quot;ELEMENT&quot;:&quot;ceb701e5-2442-421f-af9e-8137e0a73391&quot;,&quot;element-6066-11e4-a52e-4f735466cecf&quot;:&quot;ceb701e5-2442-421f-af9e-8137e0a73391&quot;},{&quot;ELEMENT&quot;:&quot;61067a93-93ad-43dd-98d0-57a78584f56c&quot;,&quot;element-6066-11e4-a52e-4f735466cecf&quot;:&quot;61067a93-93ad-43dd-98d0-57a78584f56c&quot;},{&quot;ELEMENT&quot;:&quot;6d9bea06-254d-4add-b08a-0329ef5f6528&quot;,&quot;element-6066-11e4-a52e-4f735466cecf&quot;:&quot;6d9bea06-254d-4add-b08a-0329ef5f6528&quot;},{&quot;ELEMENT&quot;:&quot;0afb4fe8-ab21-4d84-af82-ac444441fbe9&quot;,&quot;element-6066-11e4-a52e-4f735466cecf&quot;:&quot;0afb4fe8-ab21-4d84-af82-ac444441fbe9&quot;},{&quot;ELEMENT&quot;:&quot;7b6f5ea5-1cd9-4e73-a32f-4f0e9db818e4&quot;,&quot;element-6066-11e4-a52e-4f735466cecf&quot;:&quot;7b6f5ea5-1cd9-4e73-a32f-4f0e9db818e4&quot;},{&quot;ELEMENT&quot;:&quot;1a814b1f-e74b-46bb-9036-a44d6df8ce42&quot;,&quot;element-6066-11e4-a52e-4f735466cecf&quot;:&quot;1a814b1f-e74b-46bb-9036-a44d6df8ce42&quot;},{&quot;ELEMENT&quot;:&quot;d9567210-14ad-4e04-a028-a98b1fdb4ccd&quot;,&quot;element-6066-...
[debug] &amp;#27;[35m[W3C (abfc45b9)]&amp;#27;[39m Responding to client with driver.findElements() result: [{&quot;element-6066-11e4-a52e-4f735466cecf&quot;:&quot;cef6b4ac-f4f0-439b-894e-0b2a9bd23749&quot;,&quot;ELEMENT&quot;:&quot;cef6b4ac-f4f0-439b-894e-0b2a9bd23749&quot;},{&quot;element-6066-11e4-a52e-4f735466cecf&quot;:&quot;ceb701e5-2442-421f-af9e-8137e0a73391&quot;,&quot;ELEMENT&quot;:&quot;ceb701e5-2442-421f-af9e-8137e0a73391&quot;},{&quot;element-6066-11e4-a52e-4f735466cecf&quot;:&quot;61067a93-93ad-43dd-98d0-57a78584f56c&quot;,&quot;ELEMENT&quot;:&quot;61067a93-93ad-43dd-98d0-57a78584f56c&quot;},{&quot;element-6066-11e4-a52e-4f735466cecf&quot;:&quot;6d9bea06-254d-4add-b08a-0329ef5f6528&quot;,&quot;ELEMENT&quot;:&quot;6d9bea06-254d-4add-b08a-0329ef5f6528&quot;},{&quot;element-6066-11e4-a52e-4f735466cecf&quot;:&quot;0afb4fe8-ab21-4d84-af82-ac444441fbe9&quot;,&quot;ELEMENT&quot;:&quot;0afb4fe8-ab21-4d84-af82-ac444441fbe9&quot;},{&quot;element-6066-11e4-a52e-4f735466cecf&quot;:&quot;7b6f5ea5-1cd9-4e73-a32f-4f0e9db818e4&quot;,&quot;ELEMENT&quot;:&quot;7b6f5ea5-1cd9-4e73-a32f-4f0e9db818e4&quot;},{&quot;element-6066-11e4-a52e-4f735466cecf&quot;:&quot;1a814b1f-e74b-46bb-9036-a44d6df8ce42&quot;,&quot;ELEMENT&quot;:&quot;1a814b1f-e74b-46bb-9036-a44d6df8ce42&quot;},{&quot;element-6066-11e4-a52e-4f735466cecf&quot;:&quot;d9567210-14ad-4e04-a028-a98b1fdb4ccd&quot;,&quot;ELEMENT&quot;:&quot;d9567210-14ad-4e04-a028-a98b1fdb4cc...
&amp;#27;[35m[HTTP]&amp;#27;[39m &amp;#27;[37m&lt;-- POST /wd/hub/session/abfc45b9-ac1d-4660-9c19-fdeb97c0fc0f/elements &amp;#27;[39m&amp;#27;[32m200&amp;#27;[39m &amp;#27;[90m275 ms - 6283&amp;#27;[39m
&amp;#27;[35m[HTTP]&amp;#27;[39m &amp;#27;[90m&amp;#27;[39m
&amp;#27;[35m[HTTP]&amp;#27;[39m &amp;#27;[37m--&gt;&amp;#27;[39m &amp;#27;[37mPOST&amp;#27;[39m &amp;#27;[37m/wd/hub/session/abfc45b9-ac1d-4660-9c19-fdeb97c0fc0f/element/aaf371c4-18e5-4a99-b586-939b56770b98/click&amp;#27;[39m
&amp;#27;[35m[HTTP]&amp;#27;[39m &amp;#27;[90m{&quot;id&quot;:&quot;aaf371c4-18e5-4a99-b586-939b56770b98&quot;}&amp;#27;[39m
[debug] &amp;#27;[35m[W3C (abfc45b9)]&amp;#27;[39m Calling AppiumDriver.click() with args: [&quot;aaf371c4-18e5-4a99-b586-939b56770b98&quot;,&quot;abfc45b9-ac1d-4660-9c19-fdeb97c0fc0f&quot;]
[debug] &amp;#27;[35m[WD Proxy]&amp;#27;[39m Matched &apos;/element/aaf371c4-18e5-4a99-b586-939b56770b98/click&apos; to command name &apos;click&apos;
[debug] &amp;#27;[35m[WD Proxy]&amp;#27;[39m Proxying [POST /element/aaf371c4-18e5-4a99-b586-939b56770b98/click] to [POST http://127.0.0.1:8226/wd/hub/session/286b0dcd-5290-4919-bdff-a09cb0ab7eee/element/aaf371c4-18e5-4a99-b586-939b56770b98/click] with body: {&quot;element&quot;:&quot;aaf371c4-18e5-4a99-b586-939b56770b98&quot;}
[debug] &amp;#27;[35m[WD Proxy]&amp;#27;[39m Got response with status 200: {&quot;sessionId&quot;:&quot;286b0dcd-5290-4919-bdff-a09cb0ab7eee&quot;,&quot;value&quot;:null}
[debug] &amp;#27;[35m[W3C (abfc45b9)]&amp;#27;[39m Responding to client with driver.click() result: null
&amp;#27;[35m[HTTP]&amp;#27;[39m &amp;#27;[37m&lt;-- POST /wd/hub/session/abfc45b9-ac1d-4660-9c19-fdeb97c0fc0f/element/aaf371c4-18e5-4a99-b586-939b56770b98/click &amp;#27;[39m&amp;#27;[32m200&amp;#27;[39m &amp;#27;[90m557 ms - 14&amp;#27;[39m
&amp;#27;[35m[HTTP]&amp;#27;[39m &amp;#27;[90m&amp;#27;[39m
&amp;#27;[35m[HTTP]&amp;#27;[39m &amp;#27;[37m--&gt;&amp;#27;[39m &amp;#27;[37mGET&amp;#27;[39m &amp;#27;[37m/wd/hub/session/abfc45b9-ac1d-4660-9c19-fdeb97c0fc0f/screenshot&amp;#27;[39m
&amp;#27;[35m[HTTP]&amp;#27;[39m &amp;#27;[90m{}&amp;#27;[39m
[debug] &amp;#27;[35m[W3C (abfc45b9)]&amp;#27;[39m Calling AppiumDriver.getScreenshot() with args: [&quot;abfc45b9-ac1d-4660-9c19-fdeb97c0fc0f&quot;]
[debug] &amp;#27;[35m[WD Proxy]&amp;#27;[39m Matched &apos;/screenshot&apos; to command name &apos;getScreenshot&apos;
[debug] &amp;#27;[35m[WD Proxy]&amp;#27;[39m Proxying [GET /screenshot] to [GET http://127.0.0.1:8226/wd/hub/session/286b0dcd-5290-4919-bdff-a09cb0ab7eee/screenshot] with no body
[debug] &amp;#27;[35m[WD Proxy]&amp;#27;[39m Got response with status 200: {&quot;sessionId&quot;:&quot;286b0dcd-5290-4919-bdff-a09cb0ab7eee&quot;,&quot;value&quot;:&quot;iVBORw0KGgoAAAANSUhEUgAABDgAAAjoCAYAAAA5jhrUAAAAAXNSR0IArs4c6QAAAARzQklUCAgI\nCHwIZIgAACAASURBVHic7N15XFT1/j/wF7szLCoDCgKaC+TGkmmClRpkZeg1M8zsBt979WZ1y5tm\n36xs1ey2afmt77XubRGXUizLJdfQzATXADcEU2DQRBlcgBlkmfn9wW/Od84sMDPMdvT1fDx8PJwz\nZ875nIHDzHmdz+f98WpubtaBiIiIiIiIiEjCvN3dACIiIiIiIiKijmLAQURERERERESSx4CDiIiI\niIiIiCSPAQcRERERERERSR4DDiIiIiIiIiKSPAYcRERERERERCR5DDiIiIiIiIiISPIYcBARERER\nERGR5DHgICIiIiIiIiLJY8BBRERERERERJLHgIOIiIiIiIiIJI8BBxERERERERFJHgMOIiIiIiIi\nIpI8BhxEREREREREJHkMOIiIiIiIiIhI8hhwEBEREREREZHkMeAgIiIiIiIiIsljwEFERERERERE\nkseAg4iIiIiIiIgkjwEHEREREREREUkeAw4iIiIiIiIikjwGHEREREREREQkeQw4iIiIiIiIiEjy\nGHAQERERERERkeQx4CAiIiIiIiIiyWPAQURERERERESSx4CDiIiIiIiIiCSPAQcRERERERERSR4D\nDiIiIiIiIiKSPAYcRERERERERCR5DDiIiIiIiIiISPIYcBARERERERGR5DHgICIiIiIiIiLJY8BB\nRERERERERJLHgIOIiIiIiIiIJI8BBxERERERERFJHgMOIiIiIiIiIpI8BhxEREREREREJHkMOIiI\niIiIiIhI8hhwEBEREREREZHkMeAgIiIiIiIiIsljwEFEREREREREkseAg4iIiIiIiIgkjwEHERER\nEREREUkeAw4iIiIiIiIikjwG...
[debug] &amp;#27;[35m[W3C (abfc45b9)]&amp;#27;[39m Responding to client with driver.getScreenshot() result: &quot;iVBORw0KGgoAAAANSUhEUgAABDgAAAjoCAYAAAA5jhrUAAAAAXNSR0IArs4c6QAAAARzQklUCAgI\nCHwIZIgAACAASURBVHic7N15XFT1/j/wF7szLCoDCgKaC+TGkmmClRpkZeg1M8zsBt979WZ1y5tm\n36xs1ey2afmt77XubRGXUizLJdfQzATXADcEU2DQRBlcgBlkmfn9wW/Od84sMDPMdvT1fDx8PJwz\nZ875nIHDzHmdz+f98WpubtaBiIiIiIiIiEjCvN3dACIiIiIiIiKijmLAQURERERERESSx4CDiIiI\niIiIiCSPAQcRERERERERSR4DDiIiIiIiIiKSPAYcRERERERERCR5DDiIiIiIiIiISPIYcBARERER\nERGR5DHgICIiIiIiIiLJY8BBRERERERERJLHgIOIiIiIiIiIJI8BBxERERERERFJHgMOIiIiIiIi\nIpI8BhxEREREREREJHkMOIiIiIiIiIhI8hhwEBEREREREZHkMeAgIiIiIiIiIsljwEFERERERERE\nkseAg4iIiIiIiIgkjwEHEREREREREUkeAw4iIiIiIiIikjwGHEREREREREQkeQw4iIiIiIiIiEjy\nGHAQERERERERkeQx4CAiIiIiIiIiyWPAQURERERERESSx4CDiIiIiIiIiCSPAQcRERERERERSR4D\nDiIiIiIiIiKSPAYcRERERERERCR5DDiIiIiIiIiISPIYcBARERERERGR5DHgICIiIiIiIiLJY8BB\nRERERERERJLHgIOIiIiIiIiIJI8BBxERERERERFJHgMOIiIiIiIiIpI8BhxEREREREREJHkMOIiI\niIiIiIhI8hhwEBEREREREZHkMeAgIiIiIiIiIsljwEFEREREREREkseAg4iIiIiIiIgkjwEHERER\nEREREUkeAw4iIiIiIiIikjwGHEREREREREQkeQw4iIiIiIiIiEjyGHAQERERERERkeQx4CAiIiIi\nIiIiyf...
&amp;#27;[35m[HTTP]&amp;#27;[39m &amp;#27;[37m&lt;-- GET /wd/hub/session/abfc45b9-ac1d-4660-9c19-fdeb97c0fc0f/screenshot &amp;#27;[39m&amp;#27;[32m200&amp;#27;[39m &amp;#27;[90m1219 ms - 159840&amp;#27;[39m
&amp;#27;[35m[HTTP]&amp;#27;[39m &amp;#27;[90m&amp;#27;[39m
&amp;#27;[35m[HTTP]&amp;#27;[39m &amp;#27;[37m--&gt;&amp;#27;[39m &amp;#27;[37mPOST&amp;#27;[39m &amp;#27;[37m/wd/hub/session/abfc45b9-ac1d-4660-9c19-fdeb97c0fc0f/appium/app/close&amp;#27;[39m
&amp;#27;[35m[HTTP]&amp;#27;[39m &amp;#27;[90m{}&amp;#27;[39m
[debug] &amp;#27;[35m[W3C (abfc45b9)]&amp;#27;[39m Calling AppiumDriver.closeApp() with args: [&quot;abfc45b9-ac1d-4660-9c19-fdeb97c0fc0f&quot;]
[debug] &amp;#27;[35m[ADB]&amp;#27;[39m Running &apos;C:\Users\maliniv\AppData\Local\Android\Sdk\platform-tools\adb.exe -P 5037 -s 192.168.1.101\:5555 shell am force-stop com.samsung.android.calendar&apos;
[debug] &amp;#27;[35m[W3C (abfc45b9)]&amp;#27;[39m Responding to client with driver.closeApp() result: null
</system-out>
    <system-err>Feb 02, 2021 8:59:57 AM io.appium.java_client.remote.AppiumCommandExecutor$1 lambda$0
INFO: Detected dialect: W3C
</system-err>
  </testcase>
  <testcase classname="Create a recurring meeting using Native Android/IOS Calender App" name="Create a new recurring (3 days a week) meeting, and make sure it doesn&apos;t repeat on successive days #6" time="31.35">
    <failure type="java.lang.AssertionError">java.lang.AssertionError
	at org.junit.Assert.fail(Assert.java:86)
	at org.junit.Assert.fail(Assert.java:95)
	at Utilities.Tools.checkSuccessiveNonWorkingDay(Tools.java:355)
	at StepDefinitions.TestStepDefinitions.the_days_a_week_meeting_is_not_repeated_on_successive_days_for_the_days(TestStepDefinitions.java:69)
	at âœ½.the &quot;3&quot; days a week meeting is not repeated on successive days for the days &quot;tuesday thursday&quot;(file:///C:/Users/maliniv/Desktop/Sample/AndroidMobileAppAutomation/CalenderOne/src/test/java/Feature/CalenderEvents.feature:7)
</failure>
    <system-out>&amp;#27;[35m[Appium]&amp;#27;[39m Welcome to Appium v1.18.3
&amp;#27;[35m[Appium]&amp;#27;[39m Non-default server args:
&amp;#27;[35m[Appium]&amp;#27;[39m   port: 22483
&amp;#27;[35m[Appium]&amp;#27;[39m Appium REST http interface listener started on 0.0.0.0:22483
&amp;#27;[35m[HTTP]&amp;#27;[39m &amp;#27;[37m--&gt;&amp;#27;[39m &amp;#27;[37mGET&amp;#27;[39m &amp;#27;[37m/wd/hub/status&amp;#27;[39m
&amp;#27;[35m[HTTP]&amp;#27;[39m &amp;#27;[90m{}&amp;#27;[39m
[debug] &amp;#27;[35m[GENERIC]&amp;#27;[39m Calling AppiumDriver.getStatus() with args: []
[debug] &amp;#27;[35m[GENERIC]&amp;#27;[39m Responding to client with driver.getStatus() result: {&quot;build&quot;:{&quot;version&quot;:&quot;1.18.3&quot;}}
GalaxyS10e
&amp;#27;[35m[HTTP]&amp;#27;[39m &amp;#27;[37m&lt;-- GET /wd/hub/status &amp;#27;[39m&amp;#27;[32m200&amp;#27;[39m &amp;#27;[90m21 ms - 68&amp;#27;[39m
&amp;#27;[35m[HTTP]&amp;#27;[39m &amp;#27;[90m&amp;#27;[39m
&amp;#27;[35m[HTTP]&amp;#27;[39m &amp;#27;[37m--&gt;&amp;#27;[39m &amp;#27;[37mGET&amp;#27;[39m &amp;#27;[37m/wd/hub/status&amp;#27;[39m
&amp;#27;[35m[HTTP]&amp;#27;[39m &amp;#27;[90m{}&amp;#27;[39m
[debug] &amp;#27;[35m[GENERIC]&amp;#27;[39m Calling AppiumDriver.getStatus() with args: []
[debug] &amp;#27;[35m[GENERIC]&amp;#27;[39m Responding to client with driver.getStatus() result: {&quot;build&quot;:{&quot;version&quot;:&quot;1.18.3&quot;}}
&amp;#27;[35m[HTTP]&amp;#27;[39m &amp;#27;[37m&lt;-- GET /wd/hub/status &amp;#27;[39m&amp;#27;[32m200&amp;#27;[39m &amp;#27;[90m3 ms - 68&amp;#27;[39m
&amp;#27;[35m[HTTP]&amp;#27;[39m &amp;#27;[90m&amp;#27;[39m
&amp;#27;[35m[HTTP]&amp;#27;[39m &amp;#27;[37m--&gt;&amp;#27;[39m &amp;#27;[37mPOST&amp;#27;[39m &amp;#27;[37m/wd/hub/session&amp;#27;[39m
&amp;#27;[35m[HTTP]&amp;#27;[39m &amp;#27;[90m{&quot;desiredCapabilities&quot;:{&quot;appActivity&quot;:&quot;com.samsung.android.app.calendar.activity.MainActivity&quot;,&quot;appPackage&quot;:&quot;com.samsung.android.calendar&quot;,&quot;noReset&quot;:true,&quot;newCommandTimeout&quot;:&quot;10000&quot;,&quot;platformVersion&quot;:&quot;10&quot;,&quot;automationName&quot;:&quot;UiAutomator2&quot;,&quot;platformName&quot;:&quot;Android&quot;,&quot;deviceName&quot;:&quot;GalaxyS10e&quot;},&quot;capabilities&quot;:{&quot;firstMatch&quot;:[{&quot;appium:appActivity&quot;:&quot;com.samsung.android.app.calendar.activity.MainActivity&quot;,&quot;appium:appPackage&quot;:&quot;com.samsung.android.calendar&quot;,&quot;appium:automationName&quot;:&quot;UiAutomator2&quot;,&quot;appium:deviceName&quot;:&quot;GalaxyS10e&quot;,&quot;appium:newCommandTimeout&quot;:&quot;10000&quot;,&quot;appium:noReset&quot;:true,&quot;platformName&quot;:&quot;android&quot;,&quot;appium:platformVersion&quot;:&quot;10&quot;}]}}&amp;#27;[39m
[debug] &amp;#27;[35m[W3C]&amp;#27;[39m Calling AppiumDriver.createSession() with args: [{&quot;appActivity&quot;:&quot;com.samsung.android.app.calendar.activity.MainActivity&quot;,&quot;appPackage&quot;:&quot;com.samsung.android.calendar&quot;,&quot;noReset&quot;:true,&quot;newCommandTimeout&quot;:&quot;10000&quot;,&quot;platformVersion&quot;:&quot;10&quot;,&quot;automationName&quot;:&quot;UiAutomator2&quot;,&quot;platformName&quot;:&quot;Android&quot;,&quot;deviceName&quot;:&quot;GalaxyS10e&quot;},null,{&quot;firstMatch&quot;:[{&quot;appium:appActivity&quot;:&quot;com.samsung.android.app.calendar.activity.MainActivity&quot;,&quot;appium:appPackage&quot;:&quot;com.samsung.android.calendar&quot;,&quot;appium:automationName&quot;:&quot;UiAutomator2&quot;,&quot;appium:deviceName&quot;:&quot;GalaxyS10e&quot;,&quot;appium:newCommandTimeout&quot;:&quot;10000&quot;,&quot;appium:noReset&quot;:true,&quot;platformName&quot;:&quot;android&quot;,&quot;appium:platformVersion&quot;:&quot;10&quot;}]}]
[debug] &amp;#27;[35m[BaseDriver]&amp;#27;[39m Event &apos;newSessionRequested&apos; logged at 1612220417197 (09:00:17 GMT+1000 (Australian Eastern Standard Time))
&amp;#27;[35m[BaseDriver]&amp;#27;[39m Number capability passed in as string. Functionality may be compromised.
&amp;#27;[35m[Appium]&amp;#27;[39m Appium v1.18.3 creating new AndroidUiautomator2Driver (v1.56.1) session
[debug] &amp;#27;[35m[BaseDriver]&amp;#27;[39m W3C capabilities and MJSONWP desired capabilities were provided
[debug] &amp;#27;[35m[BaseDriver]&amp;#27;[39m Creating session with W3C capabilities: {
[debug] &amp;#27;[35m[BaseDriver]&amp;#27;[39m   &quot;alwaysMatch&quot;: {
[debug] &amp;#27;[35m[BaseDriver]&amp;#27;[39m     &quot;platformName&quot;: &quot;android&quot;,
[debug] &amp;#27;[35m[BaseDriver]&amp;#27;[39m     &quot;appium:appActivity&quot;: &quot;com.samsung.android.app.calendar.activity.MainActivity&quot;,
[debug] &amp;#27;[35m[BaseDriver]&amp;#27;[39m     &quot;appium:appPackage&quot;: &quot;com.samsung.android.calendar&quot;,
[debug] &amp;#27;[35m[BaseDriver]&amp;#27;[39m     &quot;appium:automationName&quot;: &quot;UiAutomator2&quot;,
[debug] &amp;#27;[35m[BaseDriver]&amp;#27;[39m     &quot;appium:deviceName&quot;: &quot;GalaxyS10e&quot;,
[debug] &amp;#27;[35m[BaseDriver]&amp;#27;[39m     &quot;appium:newCommandTimeout&quot;: &quot;10000&quot;,
[debug] &amp;#27;[35m[BaseDriver]&amp;#27;[39m     &quot;appium:noReset&quot;: true,
[debug] &amp;#27;[35m[BaseDriver]&amp;#27;[39m     &quot;appium:platformVersion&quot;: &quot;10&quot;
[debug] &amp;#27;[35m[BaseDriver]&amp;#27;[39m   },
[debug] &amp;#27;[35m[BaseDriver]&amp;#27;[39m   &quot;firstMatch&quot;: [
[debug] &amp;#27;[35m[BaseDriver]&amp;#27;[39m     {}
[debug] &amp;#27;[35m[BaseDriver]&amp;#27;[39m   ]
[debug] &amp;#27;[35m[BaseDriver]&amp;#27;[39m }
&amp;#27;[35m[BaseDriver]&amp;#27;[39m Number capability passed in as string. Functionality may be compromised.
&amp;#27;[35m[BaseDriver]&amp;#27;[39m Capability &apos;newCommandTimeout&apos; changed from string (&apos;10000&apos;) to integer (10000). This may cause unexpected behavior
&amp;#27;[35m[BaseDriver]&amp;#27;[39m Session created with session id: 1d59cc94-1e66-40f9-b4ec-ed1eb355d076
&amp;#27;[35m[UiAutomator2]&amp;#27;[39m Starting &apos;com.samsung.android.calendar&apos; directly on the device
&amp;#27;[35m[ADB]&amp;#27;[39m Found 2 &apos;build-tools&apos; folders under &apos;C:\Users\maliniv\AppData\Local\Android\Sdk&apos; (newest first):
&amp;#27;[35m[ADB]&amp;#27;[39m     C:/Users/maliniv/AppData/Local/Android/Sdk/build-tools/30.0.2
&amp;#27;[35m[ADB]&amp;#27;[39m     C:/Users/maliniv/AppData/Local/Android/Sdk/build-tools/29.0.2
&amp;#27;[35m[ADB]&amp;#27;[39m Using &apos;adb.exe&apos; from &apos;C:\Users\maliniv\AppData\Local\Android\Sdk\platform-tools\adb.exe&apos;
[debug] &amp;#27;[35m[ADB]&amp;#27;[39m Running &apos;C:\Users\maliniv\AppData\Local\Android\Sdk\platform-tools\adb.exe -P 5037 start-server&apos;
&amp;#27;[35m[AndroidDriver]&amp;#27;[39m Retrieving device list
[debug] &amp;#27;[35m[ADB]&amp;#27;[39m Trying to find a connected android device
[debug] &amp;#27;[35m[ADB]&amp;#27;[39m Getting connected devices
[debug] &amp;#27;[35m[ADB]&amp;#27;[39m Connected devices: [{&quot;udid&quot;:&quot;192.168.1.101:5555&quot;,&quot;state&quot;:&quot;device&quot;}]
&amp;#27;[35m[AndroidDriver]&amp;#27;[39m Looking for a device with Android &apos;10.0.0&apos;
[debug] &amp;#27;[35m[ADB]&amp;#27;[39m Setting device id to 192.168.1.101:5555
&amp;#27;[35m[ADB]&amp;#27;[39m Getting device platform version
[debug] &amp;#27;[35m[ADB]&amp;#27;[39m Running &apos;C:\Users\maliniv\AppData\Local\Android\Sdk\platform-tools\adb.exe -P 5037 -s 192.168.1.101\:5555 shell getprop ro.build.version.release&apos;
[debug] &amp;#27;[35m[ADB]&amp;#27;[39m Current device property &apos;ro.build.version.release&apos;: 10
&amp;#27;[35m[AndroidDriver]&amp;#27;[39m Using device: 192.168.1.101:5555
&amp;#27;[35m[ADB]&amp;#27;[39m Using &apos;adb.exe&apos; from &apos;C:\Users\maliniv\AppData\Local\Android\Sdk\platform-tools\adb.exe&apos;
[debug] &amp;#27;[35m[ADB]&amp;#27;[39m Running &apos;C:\Users\maliniv\AppData\Local\Android\Sdk\platform-tools\adb.exe -P 5037 start-server&apos;
[debug] &amp;#27;[35m[ADB]&amp;#27;[39m Setting device id to 192.168.1.101:5555
[debug] &amp;#27;[35m[ADB]&amp;#27;[39m Running &apos;C:\Users\maliniv\AppData\Local\Android\Sdk\platform-tools\adb.exe -P 5037 -s 192.168.1.101\:5555 shell getprop ro.build.version.sdk&apos;
[debug] &amp;#27;[35m[ADB]&amp;#27;[39m Current device property &apos;ro.build.version.sdk&apos;: 29
&amp;#27;[35m[ADB]&amp;#27;[39m Getting device platform version
[debug] &amp;#27;[35m[ADB]&amp;#27;[39m Running &apos;C:\Users\maliniv\AppData\Local\Android\Sdk\platform-tools\adb.exe -P 5037 -s 192.168.1.101\:5555 shell getprop ro.build.version.release&apos;
[debug] &amp;#27;[35m[ADB]&amp;#27;[39m Current device property &apos;ro.build.version.release&apos;: 10
[debug] &amp;#27;[35m[ADB]&amp;#27;[39m Device API level: 29
&amp;#27;[35m[UiAutomator2]&amp;#27;[39m Relaxing hidden api policy
[debug] &amp;#27;[35m[ADB]&amp;#27;[39m Running &apos;C:\Users\maliniv\AppData\Local\Android\Sdk\platform-tools\adb.exe -P 5037 -s 192.168.1.101\:5555 shell &apos;settings put global hidden_api_policy_pre_p_apps 1;settings put global hidden_api_policy_p_apps 1;settings put global hidden_api_policy 1&apos;&apos;
&amp;#27;[35m[AndroidDriver]&amp;#27;[39m No app sent in, not parsing package/activity
[debug] &amp;#27;[35m[ADB]&amp;#27;[39m Running &apos;C:\Users\maliniv\AppData\Local\Android\Sdk\platform-tools\adb.exe -P 5037 -s 192.168.1.101\:5555 wait-for-device&apos;
[debug] &amp;#27;[35m[ADB]&amp;#27;[39m Running &apos;C:\Users\maliniv\AppData\Local\Android\Sdk\platform-tools\adb.exe -P 5037 -s 192.168.1.101\:5555 shell echo ping&apos;
[debug] &amp;#27;[35m[AndroidDriver]&amp;#27;[39m Pushing settings apk to device...
[debug] &amp;#27;[35m[ADB]&amp;#27;[39m Getting install status for io.appium.settings
[debug] &amp;#27;[35m[ADB]&amp;#27;[39m Running &apos;C:\Users\maliniv\AppData\Local\Android\Sdk\platform-tools\adb.exe -P 5037 -s 192.168.1.101\:5555 shell dumpsys package io.appium.settings&apos;
[debug] &amp;#27;[35m[ADB]&amp;#27;[39m &apos;io.appium.settings&apos; is installed
[debug] &amp;#27;[35m[ADB]&amp;#27;[39m Getting package info for &apos;io.appium.settings&apos;
[debug] &amp;#27;[35m[ADB]&amp;#27;[39m Running &apos;C:\Users\maliniv\AppData\Local\Android\Sdk\platform-tools\adb.exe -P 5037 -s 192.168.1.101\:5555 shell dumpsys package io.appium.settings&apos;
[debug] &amp;#27;[35m[ADB]&amp;#27;[39m The version name of the installed &apos;io.appium.settings&apos; is greater or equal to the application version name (&apos;3.2.0&apos; &gt;= &apos;3.2.0&apos;)
[debug] &amp;#27;[35m[ADB]&amp;#27;[39m There is no need to install/upgrade &apos;C:\Users\maliniv\AppData\Roaming\npm\node_modules\appium\node_modules\io.appium.settings\apks\settings_apk-debug.apk&apos;
[debug] &amp;#27;[35m[ADB]&amp;#27;[39m Getting IDs of all &apos;io.appium.settings&apos; processes
[debug] &amp;#27;[35m[ADB]&amp;#27;[39m Running &apos;C:\Users\maliniv\AppData\Local\Android\Sdk\platform-tools\adb.exe -P 5037 -s 192.168.1.101\:5555 shell &apos;pgrep --help; echo $?&apos;&apos;
[debug] &amp;#27;[35m[ADB]&amp;#27;[39m Running &apos;C:\Users\maliniv\AppData\Local\Android\Sdk\platform-tools\adb.exe -P 5037 -s 192.168.1.101\:5555 shell pgrep -f io\\.appium\\.settings&apos;
[debug] &amp;#27;[35m[AndroidDriver]&amp;#27;[39m io.appium.settings is already running. There is no need to reset its permissions.
[debug] &amp;#27;[35m[ADB]&amp;#27;[39m Running &apos;C:\Users\maliniv\AppData\Local\Android\Sdk\platform-tools\adb.exe -P 5037 -s 192.168.1.101\:5555 shell appops set io.appium.settings android\:mock_location allow&apos;
[debug] &amp;#27;[35m[Logcat]&amp;#27;[39m Starting logs capture with command: C:\\Users\\maliniv\\AppData\\Local\\Android\\Sdk\\platform-tools\\adb.exe -P 5037 -s 192.168.1.101\:5555 logcat -v threadtime
[debug] &amp;#27;[35m[UiAutomator2]&amp;#27;[39m Forwarding UiAutomator2 Server port 6790 to 8227
[debug] &amp;#27;[35m[ADB]&amp;#27;[39m Forwarding system: 8227 to device: 6790
[debug] &amp;#27;[35m[ADB]&amp;#27;[39m Running &apos;C:\Users\maliniv\AppData\Local\Android\Sdk\platform-tools\adb.exe -P 5037 -s 192.168.1.101\:5555 forward tcp\:8227 tcp\:6790&apos;
[debug] &amp;#27;[35m[ADB]&amp;#27;[39m Getting install status for io.appium.uiautomator2.server
[debug] &amp;#27;[35m[ADB]&amp;#27;[39m Running &apos;C:\Users\maliniv\AppData\Local\Android\Sdk\platform-tools\adb.exe -P 5037 -s 192.168.1.101\:5555 shell dumpsys package io.appium.uiautomator2.server&apos;
[debug] &amp;#27;[35m[ADB]&amp;#27;[39m &apos;io.appium.uiautomator2.server&apos; is installed
[debug] &amp;#27;[35m[ADB]&amp;#27;[39m Getting package info for &apos;io.appium.uiautomator2.server&apos;
[debug] &amp;#27;[35m[ADB]&amp;#27;[39m Running &apos;C:\Users\maliniv\AppData\Local\Android\Sdk\platform-tools\adb.exe -P 5037 -s 192.168.1.101\:5555 shell dumpsys package io.appium.uiautomator2.server&apos;
[debug] &amp;#27;[35m[ADB]&amp;#27;[39m The version name of the installed &apos;io.appium.uiautomator2.server&apos; is greater or equal to the application version name (&apos;4.12.2&apos; &gt;= &apos;4.12.2&apos;)
[debug] &amp;#27;[35m[UiAutomator2]&amp;#27;[39m io.appium.uiautomator2.server installation state: sameVersionInstalled
[debug] &amp;#27;[35m[ADB]&amp;#27;[39m Checking app cert for C:\Users\maliniv\AppData\Roaming\npm\node_modules\appium\node_modules\appium-uiautomator2-server\apks\appium-uiautomator2-server-v4.12.2.apk
&amp;#27;[35m[ADB]&amp;#27;[39m Using &apos;apksigner.jar&apos; from &apos;C:\Users\maliniv\AppData\Local\Android\Sdk\build-tools\30.0.2\lib\apksigner.jar&apos;
[debug] &amp;#27;[35m[ADB]&amp;#27;[39m Starting apksigner: &apos;C:\\Program Files\\Java\\jdk1.8.0_121\\bin\\java.exe&apos; -Xmx1024M -Xss1m -jar C:\\Users\\maliniv\\AppData\\Local\\Android\\Sdk\\build-tools\\30.0.2\\lib\\apksigner.jar verify --print-certs C:\\Users\\maliniv\\AppData\\Roaming\\npm\\node_modules\\appium\\node_modules\\appium-uiautomator2-server\\apks\\appium-uiautomator2-server-v4.12.2.apk
[debug] &amp;#27;[35m[ADB]&amp;#27;[39m apksigner stdout: Signer #1 certificate DN: EMAILADDRESS=android@android.com, CN=Android, OU=Android, O=Android, L=Mountain View, ST=California, C=US
[debug] &amp;#27;[35m[ADB]&amp;#27;[39m Signer #1 certificate SHA-256 digest: a40da80a59d170caa950cf15c18c454d47a39b26989d8b640ecd745ba71bf5dc
[debug] &amp;#27;[35m[ADB]&amp;#27;[39m Signer #1 certificate SHA-1 digest: 61ed377e85d386a8dfee6b864bd85b0bfaa5af81
[debug] &amp;#27;[35m[ADB]&amp;#27;[39m Signer #1 certificate MD5 digest: e89b158e4bcf988ebd09eb83f5378e87
[debug] &amp;#27;[35m[ADB]&amp;#27;[39m 
[debug] &amp;#27;[35m[ADB]&amp;#27;[39m &apos;C:\Users\maliniv\AppData\Roaming\npm\node_modules\appium\node_modules\appium-uiautomator2-server\apks\appium-uiautomator2-server-v4.12.2.apk&apos; is signed with the default certificate
[debug] &amp;#27;[35m[ADB]&amp;#27;[39m Getting install status for io.appium.uiautomator2.server.test
[debug] &amp;#27;[35m[ADB]&amp;#27;[39m Running &apos;C:\Users\maliniv\AppData\Local\Android\Sdk\platform-tools\adb.exe -P 5037 -s 192.168.1.101\:5555 shell dumpsys package io.appium.uiautomator2.server.test&apos;
[debug] &amp;#27;[35m[ADB]&amp;#27;[39m &apos;io.appium.uiautomator2.server.test&apos; is installed
[debug] &amp;#27;[35m[ADB]&amp;#27;[39m Checking app cert for C:\Users\maliniv\AppData\Roaming\npm\node_modules\appium\node_modules\appium-uiautomator2-server\apks\appium-uiautomator2-server-debug-androidTest.apk
[debug] &amp;#27;[35m[ADB]&amp;#27;[39m Starting apksigner: &apos;C:\\Program Files\\Java\\jdk1.8.0_121\\bin\\java.exe&apos; -Xmx1024M -Xss1m -jar C:\\Users\\maliniv\\AppData\\Local\\Android\\Sdk\\build-tools\\30.0.2\\lib\\apksigner.jar verify --print-certs C:\\Users\\maliniv\\AppData\\Roaming\\npm\\node_modules\\appium\\node_modules\\appium-uiautomator2-server\\apks\\appium-uiautomator2-server-debug-androidTest.apk
[debug] &amp;#27;[35m[ADB]&amp;#27;[39m apksigner stdout: Signer #1 certificate DN: EMAILADDRESS=android@android.com, CN=Android, OU=Android, O=Android, L=Mountain View, ST=California, C=US
[debug] &amp;#27;[35m[ADB]&amp;#27;[39m Signer #1 certificate SHA-256 digest: a40da80a59d170caa950cf15c18c454d47a39b26989d8b640ecd745ba71bf5dc
[debug] &amp;#27;[35m[ADB]&amp;#27;[39m Signer #1 certificate SHA-1 digest: 61ed377e85d386a8dfee6b864bd85b0bfaa5af81
[debug] &amp;#27;[35m[ADB]&amp;#27;[39m Signer #1 certificate MD5 digest: e89b158e4bcf988ebd09eb83f5378e87
[debug] &amp;#27;[35m[ADB]&amp;#27;[39m 
[debug] &amp;#27;[35m[ADB]&amp;#27;[39m &apos;C:\Users\maliniv\AppData\Roaming\npm\node_modules\appium\node_modules\appium-uiautomator2-server\apks\appium-uiautomator2-server-debug-androidTest.apk&apos; is signed with the default certificate
&amp;#27;[35m[UiAutomator2]&amp;#27;[39m Server packages are not going to be (re)installed
[debug] &amp;#27;[35m[UiAutomator2]&amp;#27;[39m Waiting up to 30000ms for services to be available
[debug] &amp;#27;[35m[ADB]&amp;#27;[39m Running &apos;C:\Users\maliniv\AppData\Local\Android\Sdk\platform-tools\adb.exe -P 5037 -s 192.168.1.101\:5555 shell pm list instrumentation&apos;
[debug] &amp;#27;[35m[UiAutomator2]&amp;#27;[39m Instrumentation target &apos;io.appium.uiautomator2.server.test/androidx.test.runner.AndroidJUnitRunner&apos; is available
[debug] &amp;#27;[35m[UiAutomator2]&amp;#27;[39m No app capability. Assuming it is already on the device
[debug] &amp;#27;[35m[UiAutomator2]&amp;#27;[39m Performing shallow cleanup of automation leftovers
[debug] &amp;#27;[35m[UiAutomator2]&amp;#27;[39m The following obsolete sessions are still running: [null]
[debug] &amp;#27;[35m[UiAutomator2]&amp;#27;[39m Cleaning up the obsolete sessions
[debug] &amp;#27;[35m[ADB]&amp;#27;[39m Running &apos;C:\Users\maliniv\AppData\Local\Android\Sdk\platform-tools\adb.exe -P 5037 -s 192.168.1.101\:5555 shell am force-stop io.appium.uiautomator2.server.test&apos;
&amp;#27;[35m[UiAutomator2]&amp;#27;[39m Starting UIAutomator2 server 4.12.2
&amp;#27;[35m[UiAutomator2]&amp;#27;[39m Using UIAutomator2 server from &apos;C:\Users\maliniv\AppData\Roaming\npm\node_modules\appium\node_modules\appium-uiautomator2-server\apks\appium-uiautomator2-server-v4.12.2.apk&apos; and test from &apos;C:\Users\maliniv\AppData\Roaming\npm\node_modules\appium\node_modules\appium-uiautomator2-server\apks\appium-uiautomator2-server-debug-androidTest.apk&apos;
&amp;#27;[35m[UiAutomator2]&amp;#27;[39m Waiting up to 30000ms for UiAutomator2 to be online...
[debug] &amp;#27;[35m[ADB]&amp;#27;[39m Creating ADB subprocess with args: [&quot;-P&quot;,5037,&quot;-s&quot;,&quot;192.168.1.101:5555&quot;,&quot;shell&quot;,&quot;am&quot;,&quot;instrument&quot;,&quot;-w&quot;,&quot;io.appium.uiautomator2.server.test/androidx.test.runner.AndroidJUnitRunner&quot;]
[debug] &amp;#27;[35m[Instrumentation]&amp;#27;[39m io.appium.uiautomator2.server.test.AppiumUiAutomator2Server:
[debug] &amp;#27;[35m[WD Proxy]&amp;#27;[39m Matched &apos;/status&apos; to command name &apos;getStatus&apos;
[debug] &amp;#27;[35m[WD Proxy]&amp;#27;[39m Proxying [GET /status] to [GET http://127.0.0.1:8227/wd/hub/status] with no body
&amp;#27;[35m[WD Proxy]&amp;#27;[39m socket hang up
[debug] &amp;#27;[35m[WD Proxy]&amp;#27;[39m Matched &apos;/status&apos; to command name &apos;getStatus&apos;
[debug] &amp;#27;[35m[WD Proxy]&amp;#27;[39m Proxying [GET /status] to [GET http://127.0.0.1:8227/wd/hub/status] with no body
[debug] &amp;#27;[35m[WD Proxy]&amp;#27;[39m Got response with status 200: {&quot;sessionId&quot;:&quot;None&quot;,&quot;value&quot;:{&quot;message&quot;:&quot;UiAutomator2 Server is ready to accept commands&quot;,&quot;ready&quot;:true}}
[debug] &amp;#27;[35m[UiAutomator2]&amp;#27;[39m The initialization of the instrumentation process took 2457ms
[debug] &amp;#27;[35m[WD Proxy]&amp;#27;[39m Matched &apos;/session&apos; to command name &apos;createSession&apos;
[debug] &amp;#27;[35m[WD Proxy]&amp;#27;[39m Proxying [POST /session] to [POST http://127.0.0.1:8227/wd/hub/session] with body: {&quot;capabilities&quot;:{&quot;firstMatch&quot;:[{&quot;platform&quot;:&quot;LINUX&quot;,&quot;webStorageEnabled&quot;:false,&quot;takesScreenshot&quot;:true,&quot;javascriptEnabled&quot;:true,&quot;databaseEnabled&quot;:false,&quot;networkConnectionEnabled&quot;:true,&quot;locationContextEnabled&quot;:false,&quot;warnings&quot;:{},&quot;desired&quot;:{&quot;platformName&quot;:&quot;android&quot;,&quot;appActivity&quot;:&quot;com.samsung.android.app.calendar.activity.MainActivity&quot;,&quot;appPackage&quot;:&quot;com.samsung.android.calendar&quot;,&quot;automationName&quot;:&quot;UiAutomator2&quot;,&quot;deviceName&quot;:&quot;GalaxyS10e&quot;,&quot;newCommandTimeout&quot;:10000,&quot;noReset&quot;:true,&quot;platformVersion&quot;:&quot;10&quot;},&quot;platformName&quot;:&quot;android&quot;,&quot;appActivity&quot;:&quot;com.samsung.android.app.calendar.activity.MainActivity&quot;,&quot;appPackage&quot;:&quot;com.samsung.android.calendar&quot;,&quot;automationName&quot;:&quot;UiAutomator2&quot;,&quot;deviceName&quot;:&quot;192.168.1.101:5555&quot;,&quot;newCommandTimeout&quot;:10000,&quot;noReset&quot;:true,&quot;platformVersion&quot;:&quot;10&quot;,&quot;deviceUDID&quot;:&quot;192.168.1.101:5555&quot;}],&quot;alwaysMatch&quot;:{}}}
[debug] &amp;#27;[35m[WD Proxy]&amp;#27;[39m Got response with status 200: {&quot;sessionId&quot;:&quot;1a591fcf-7a14-4cdb-ba5e-da3a407f582c&quot;,&quot;value&quot;:{&quot;capabilities&quot;:{&quot;firstMatch&quot;:[{&quot;platform&quot;:&quot;LINUX&quot;,&quot;webStorageEnabled&quot;:false,&quot;takesScreenshot&quot;:true,&quot;javascriptEnabled&quot;:true,&quot;databaseEnabled&quot;:false,&quot;networkConnectionEnabled&quot;:true,&quot;locationContextEnabled&quot;:false,&quot;warnings&quot;:{},&quot;desired&quot;:{&quot;platformName&quot;:&quot;android&quot;,&quot;appActivity&quot;:&quot;com.samsung.android.app.calendar.activity.MainActivity&quot;,&quot;appPackage&quot;:&quot;com.samsung.android.calendar&quot;,&quot;automationName&quot;:&quot;UiAutomator2&quot;,&quot;deviceName&quot;:&quot;GalaxyS10e&quot;,&quot;newCommandTimeout&quot;:10000,&quot;noReset&quot;:true,&quot;platformVersion&quot;:&quot;10&quot;},&quot;platformName&quot;:&quot;android&quot;,&quot;appActivity&quot;:&quot;com.samsung.android.app.calendar.activity.MainActivity&quot;,&quot;appPackage&quot;:&quot;com.samsung.android.calendar&quot;,&quot;automationName&quot;:&quot;UiAutomator2&quot;,&quot;deviceName&quot;:&quot;192.168.1.101:5555&quot;,&quot;newCommandTimeout&quot;:10000,&quot;noReset&quot;:true,&quot;platformVersion&quot;:&quot;10&quot;,&quot;deviceUDID&quot;:&quot;192.168.1.101:5555&quot;}],&quot;alwaysMatch&quot;:{}},&quot;sessionId&quot;:&quot;1a591fcf-7a14-4cdb-ba5e-da3a407f582c&quot;}}
&amp;#27;[35m[WD Proxy]&amp;#27;[39m Determined the downstream protocol as &apos;W3C&apos;
[debug] &amp;#27;[35m[WD Proxy]&amp;#27;[39m Proxying [GET /appium/device/info] to [GET http://127.0.0.1:8227/wd/hub/session/1a591fcf-7a14-4cdb-ba5e-da3a407f582c/appium/device/info] with no body
[debug] &amp;#27;[35m[WD Proxy]&amp;#27;[39m Got response with status 200: {&quot;sessionId&quot;:&quot;1a591fcf-7a14-4cdb-ba5e-da3a407f582c&quot;,&quot;value&quot;:{&quot;androidId&quot;:&quot;62f0e43bb0e2450e&quot;,&quot;apiVersion&quot;:&quot;29&quot;,&quot;bluetooth&quot;:{&quot;state&quot;:&quot;OFF&quot;},&quot;brand&quot;:&quot;samsung&quot;,&quot;carrierName&quot;:&quot;Vodafone AU&quot;,&quot;displayDensity&quot;:480,&quot;locale&quot;:&quot;en_AU&quot;,&quot;manufacturer&quot;:&quot;samsung&quot;,&quot;model&quot;:&quot;SM-G970F&quot;,&quot;networks&quot;:[{&quot;capabilities&quot;:{&quot;SSID&quot;:null,&quot;linkDownBandwidthKbps&quot;:102400,&quot;linkUpstreamBandwidthKbps&quot;:51200,&quot;networkCapabilities&quot;:&quot;NET_CAPABILITY_IMS,NET_CAPABILITY_NOT_METERED,NET_CAPABILITY_TRUSTED,NET_CAPABILITY_NOT_VPN,NET_CAPABILITY_VALIDATED,NET_CAPABILITY_NOT_ROAMING,NET_CAPABILITY_FOREGROUND,NET_CAPABILITY_NOT_CONGESTED,NET_CAPABILITY_NOT_SUSPENDED&quot;,&quot;signalStrength&quot;:-2147483648,&quot;transportTypes&quot;:&quot;TRANSPORT_CELLULAR&quot;},&quot;detailedState&quot;:&quot;CONNECTED&quot;,&quot;extraInfo&quot;:&quot;IMS&quot;,&quot;isAvailable&quot;:true,&quot;isConnected&quot;:true,&quot;isFailover&quot;:false,&quot;isRoaming&quot;:false,&quot;state&quot;:&quot;CONNECTED&quot;,&quot;subtype&quot;:13,&quot;subtypeName&quot;:&quot;LTE&quot;,&quot;type&quot;:0,&quot;typeName&quot;:&quot;MOBILE&quot;},{&quot;capabilities&quot;:{&quot;SSID&quot;:null,&quot;linkDownBandwidthKbps&quot;:1048576,&quot;linkUpstreamBandwidthKbps&quot;:1048576,&quot;networkCapabilities&quot;:&quot;NET_C...
[debug] &amp;#27;[35m[ADB]&amp;#27;[39m Running &apos;C:\Users\maliniv\AppData\Local\Android\Sdk\platform-tools\adb.exe -P 5037 -s 192.168.1.101\:5555 shell dumpsys window&apos;
&amp;#27;[35m[AndroidDriver]&amp;#27;[39m Screen already unlocked, doing nothing
&amp;#27;[35m[UiAutomator2]&amp;#27;[39m Starting &apos;com.samsung.android.calendar/com.samsung.android.app.calendar.activity.MainActivity and waiting for &apos;com.samsung.android.calendar/com.samsung.android.app.calendar.activity.MainActivity&apos;
[debug] &amp;#27;[35m[ADB]&amp;#27;[39m Running &apos;C:\Users\maliniv\AppData\Local\Android\Sdk\platform-tools\adb.exe -P 5037 -s 192.168.1.101\:5555 shell am start -W -n com.samsung.android.calendar/com.samsung.android.app.calendar.activity.MainActivity -S -a android.intent.action.MAIN -c android.intent.category.LAUNCHER -f 0x10200000&apos;
[debug] &amp;#27;[35m[WD Proxy]&amp;#27;[39m Proxying [GET /appium/device/pixel_ratio] to [GET http://127.0.0.1:8227/wd/hub/session/1a591fcf-7a14-4cdb-ba5e-da3a407f582c/appium/device/pixel_ratio] with no body
[debug] &amp;#27;[35m[WD Proxy]&amp;#27;[39m Got response with status 200: {&quot;sessionId&quot;:&quot;1a591fcf-7a14-4cdb-ba5e-da3a407f582c&quot;,&quot;value&quot;:3}
[debug] &amp;#27;[35m[WD Proxy]&amp;#27;[39m Matched &apos;/appium/device/system_bars&apos; to command name &apos;getSystemBars&apos;
[debug] &amp;#27;[35m[WD Proxy]&amp;#27;[39m Proxying [GET /appium/device/system_bars] to [GET http://127.0.0.1:8227/wd/hub/session/1a591fcf-7a14-4cdb-ba5e-da3a407f582c/appium/device/system_bars] with no body
[debug] &amp;#27;[35m[WD Proxy]&amp;#27;[39m Got response with status 200: {&quot;sessionId&quot;:&quot;1a591fcf-7a14-4cdb-ba5e-da3a407f582c&quot;,&quot;value&quot;:{&quot;statusBar&quot;:117}}
[debug] &amp;#27;[35m[WD Proxy]&amp;#27;[39m Matched &apos;/window/current/size&apos; to command name &apos;getWindowSize&apos;
[debug] &amp;#27;[35m[WD Proxy]&amp;#27;[39m Proxying [GET /window/current/size] to [GET http://127.0.0.1:8227/wd/hub/session/1a591fcf-7a14-4cdb-ba5e-da3a407f582c/window/current/size] with no body
[debug] &amp;#27;[35m[WD Proxy]&amp;#27;[39m Got response with status 200: {&quot;sessionId&quot;:&quot;1a591fcf-7a14-4cdb-ba5e-da3a407f582c&quot;,&quot;value&quot;:{&quot;height&quot;:2020,&quot;width&quot;:1080}}
&amp;#27;[35m[Appium]&amp;#27;[39m New AndroidUiautomator2Driver session created successfully, session 1d59cc94-1e66-40f9-b4ec-ed1eb355d076 added to master session list
[debug] &amp;#27;[35m[BaseDriver]&amp;#27;[39m Event &apos;newSessionStarted&apos; logged at 1612220427885 (09:00:27 GMT+1000 (Australian Eastern Standard Time))
[debug] &amp;#27;[35m[W3C (1d59cc94)]&amp;#27;[39m Cached the protocol value &apos;W3C&apos; for the new session 1d59cc94-1e66-40f9-b4ec-ed1eb355d076
[debug] &amp;#27;[35m[W3C (1d59cc94)]&amp;#27;[39m Responding to client with driver.createSession() result: {&quot;capabilities&quot;:{&quot;platform&quot;:&quot;LINUX&quot;,&quot;webStorageEnabled&quot;:false,&quot;takesScreenshot&quot;:true,&quot;javascriptEnabled&quot;:true,&quot;databaseEnabled&quot;:false,&quot;networkConnectionEnabled&quot;:true,&quot;locationContextEnabled&quot;:false,&quot;warnings&quot;:{},&quot;desired&quot;:{&quot;platformName&quot;:&quot;android&quot;,&quot;appActivity&quot;:&quot;com.samsung.android.app.calendar.activity.MainActivity&quot;,&quot;appPackage&quot;:&quot;com.samsung.android.calendar&quot;,&quot;automationName&quot;:&quot;UiAutomator2&quot;,&quot;deviceName&quot;:&quot;GalaxyS10e&quot;,&quot;newCommandTimeout&quot;:10000,&quot;noReset&quot;:true,&quot;platformVersion&quot;:&quot;10&quot;},&quot;platformName&quot;:&quot;android&quot;,&quot;appActivity&quot;:&quot;com.samsung.android.app.calendar.activity.MainActivity&quot;,&quot;appPackage&quot;:&quot;com.samsung.android.calendar&quot;,&quot;automationName&quot;:&quot;UiAutomator2&quot;,&quot;deviceName&quot;:&quot;192.168.1.101:5555&quot;,&quot;newCommandTimeout&quot;:10000,&quot;noReset&quot;:true,&quot;platformVersion&quot;:&quot;10&quot;,&quot;deviceUDID&quot;:&quot;192.168.1.101:5555&quot;,&quot;deviceApiLevel&quot;:29,&quot;deviceScreenSize&quot;:&quot;1080x2280&quot;,&quot;deviceScreenDensity&quot;:480,&quot;deviceModel&quot;:&quot;SM-G970F&quot;,&quot;deviceManufacturer&quot;:&quot;samsung&quot;,&quot;pixelRatio&quot;:3,&quot;statBarHeight&quot;:117,&quot;viewportRect&quot;:{&quot;left&quot;:0,&quot;top&quot;:117,&quot;width&quot;:1080,&quot;height&quot;:1903}}}
&amp;#27;[35m[HTTP]&amp;#27;[39m &amp;#27;[37m&lt;-- POST /wd/hub/session &amp;#27;[39m&amp;#27;[32m200&amp;#27;[39m &amp;#27;[90m10694 ms - 1082&amp;#27;[39m
&amp;#27;[35m[HTTP]&amp;#27;[39m &amp;#27;[90m&amp;#27;[39m
&amp;#27;[35m[HTTP]&amp;#27;[39m &amp;#27;[37m--&gt;&amp;#27;[39m &amp;#27;[37mPOST&amp;#27;[39m &amp;#27;[37m/wd/hub/session/1d59cc94-1e66-40f9-b4ec-ed1eb355d076/timeouts&amp;#27;[39m
&amp;#27;[35m[HTTP]&amp;#27;[39m &amp;#27;[90m{&quot;implicit&quot;:10000}&amp;#27;[39m
[debug] &amp;#27;[35m[W3C (1d59cc94)]&amp;#27;[39m Calling AppiumDriver.timeouts() with args: [null,null,null,null,10000,&quot;1d59cc94-1e66-40f9-b4ec-ed1eb355d076&quot;]
[debug] &amp;#27;[35m[BaseDriver]&amp;#27;[39m W3C timeout argument: {&quot;implicit&quot;:10000}}
[debug] &amp;#27;[35m[BaseDriver]&amp;#27;[39m Set implicit wait to 10000ms
[debug] &amp;#27;[35m[W3C (1d59cc94)]&amp;#27;[39m Responding to client with driver.timeouts() result: null
&amp;#27;[35m[HTTP]&amp;#27;[39m &amp;#27;[37m&lt;-- POST /wd/hub/session/1d59cc94-1e66-40f9-b4ec-ed1eb355d076/timeouts &amp;#27;[39m&amp;#27;[32m200&amp;#27;[39m &amp;#27;[90m8 ms - 14&amp;#27;[39m
&amp;#27;[35m[HTTP]&amp;#27;[39m &amp;#27;[90m&amp;#27;[39m
&amp;#27;[35m[HTTP]&amp;#27;[39m &amp;#27;[37m--&gt;&amp;#27;[39m &amp;#27;[37mGET&amp;#27;[39m &amp;#27;[37m/wd/hub/session/1d59cc94-1e66-40f9-b4ec-ed1eb355d076/context&amp;#27;[39m
&amp;#27;[35m[HTTP]&amp;#27;[39m &amp;#27;[90m{}&amp;#27;[39m
[debug] &amp;#27;[35m[W3C (1d59cc94)]&amp;#27;[39m Calling AppiumDriver.getCurrentContext() with args: [&quot;1d59cc94-1e66-40f9-b4ec-ed1eb355d076&quot;]
[debug] &amp;#27;[35m[W3C (1d59cc94)]&amp;#27;[39m Responding to client with driver.getCurrentContext() result: &quot;NATIVE_APP&quot;
&amp;#27;[35m[HTTP]&amp;#27;[39m &amp;#27;[37m&lt;-- GET /wd/hub/session/1d59cc94-1e66-40f9-b4ec-ed1eb355d076/context &amp;#27;[39m&amp;#27;[32m200&amp;#27;[39m &amp;#27;[90m12 ms - 22&amp;#27;[39m
&amp;#27;[35m[HTTP]&amp;#27;[39m &amp;#27;[90m&amp;#27;[39m
&amp;#27;[35m[HTTP]&amp;#27;[39m &amp;#27;[37m--&gt;&amp;#27;[39m &amp;#27;[37mPOST&amp;#27;[39m &amp;#27;[37m/wd/hub/session/1d59cc94-1e66-40f9-b4ec-ed1eb355d076/element&amp;#27;[39m
&amp;#27;[35m[HTTP]&amp;#27;[39m &amp;#27;[90m{&quot;using&quot;:&quot;id&quot;,&quot;value&quot;:&quot;com.samsung.android.calendar:id/floating_action_button&quot;}&amp;#27;[39m
[debug] &amp;#27;[35m[W3C (1d59cc94)]&amp;#27;[39m Calling AppiumDriver.findElement() with args: [&quot;id&quot;,&quot;com.samsung.android.calendar:id/floating_action_button&quot;,&quot;1d59cc94-1e66-40f9-b4ec-ed1eb355d076&quot;]
[debug] &amp;#27;[35m[BaseDriver]&amp;#27;[39m Valid locator strategies for this request: xpath, id, class name, accessibility id, -android uiautomator
[debug] &amp;#27;[35m[BaseDriver]&amp;#27;[39m Waiting up to 10000 ms for condition
[debug] &amp;#27;[35m[WD Proxy]&amp;#27;[39m Matched &apos;/element&apos; to command name &apos;findElement&apos;
[debug] &amp;#27;[35m[WD Proxy]&amp;#27;[39m Proxying [POST /element] to [POST http://127.0.0.1:8227/wd/hub/session/1a591fcf-7a14-4cdb-ba5e-da3a407f582c/element] with body: {&quot;strategy&quot;:&quot;id&quot;,&quot;selector&quot;:&quot;com.samsung.android.calendar:id/floating_action_button&quot;,&quot;context&quot;:&quot;&quot;,&quot;multiple&quot;:false}
[debug] &amp;#27;[35m[WD Proxy]&amp;#27;[39m Got response with status 200: {&quot;sessionId&quot;:&quot;1a591fcf-7a14-4cdb-ba5e-da3a407f582c&quot;,&quot;value&quot;:{&quot;ELEMENT&quot;:&quot;44a50a9d-fd71-4923-9179-619ef9ed6f50&quot;,&quot;element-6066-11e4-a52e-4f735466cecf&quot;:&quot;44a50a9d-fd71-4923-9179-619ef9ed6f50&quot;}}
[debug] &amp;#27;[35m[W3C (1d59cc94)]&amp;#27;[39m Responding to client with driver.findElement() result: {&quot;element-6066-11e4-a52e-4f735466cecf&quot;:&quot;44a50a9d-fd71-4923-9179-619ef9ed6f50&quot;,&quot;ELEMENT&quot;:&quot;44a50a9d-fd71-4923-9179-619ef9ed6f50&quot;}
&amp;#27;[35m[HTTP]&amp;#27;[39m &amp;#27;[37m&lt;-- POST /wd/hub/session/1d59cc94-1e66-40f9-b4ec-ed1eb355d076/element &amp;#27;[39m&amp;#27;[32m200&amp;#27;[39m &amp;#27;[90m374 ms - 137&amp;#27;[39m
&amp;#27;[35m[HTTP]&amp;#27;[39m &amp;#27;[90m&amp;#27;[39m
&amp;#27;[35m[HTTP]&amp;#27;[39m &amp;#27;[37m--&gt;&amp;#27;[39m &amp;#27;[37mPOST&amp;#27;[39m &amp;#27;[37m/wd/hub/session/1d59cc94-1e66-40f9-b4ec-ed1eb355d076/element/44a50a9d-fd71-4923-9179-619ef9ed6f50/click&amp;#27;[39m
&amp;#27;[35m[HTTP]&amp;#27;[39m &amp;#27;[90m{&quot;id&quot;:&quot;44a50a9d-fd71-4923-9179-619ef9ed6f50&quot;}&amp;#27;[39m
[debug] &amp;#27;[35m[W3C (1d59cc94)]&amp;#27;[39m Calling AppiumDriver.click() with args: [&quot;44a50a9d-fd71-4923-9179-619ef9ed6f50&quot;,&quot;1d59cc94-1e66-40f9-b4ec-ed1eb355d076&quot;]
[debug] &amp;#27;[35m[WD Proxy]&amp;#27;[39m Matched &apos;/element/44a50a9d-fd71-4923-9179-619ef9ed6f50/click&apos; to command name &apos;click&apos;
[debug] &amp;#27;[35m[WD Proxy]&amp;#27;[39m Proxying [POST /element/44a50a9d-fd71-4923-9179-619ef9ed6f50/click] to [POST http://127.0.0.1:8227/wd/hub/session/1a591fcf-7a14-4cdb-ba5e-da3a407f582c/element/44a50a9d-fd71-4923-9179-619ef9ed6f50/click] with body: {&quot;element&quot;:&quot;44a50a9d-fd71-4923-9179-619ef9ed6f50&quot;}
[debug] &amp;#27;[35m[WD Proxy]&amp;#27;[39m Got response with status 200: {&quot;sessionId&quot;:&quot;1a591fcf-7a14-4cdb-ba5e-da3a407f582c&quot;,&quot;value&quot;:null}
[debug] &amp;#27;[35m[W3C (1d59cc94)]&amp;#27;[39m Responding to client with driver.click() result: null
&amp;#27;[35m[HTTP]&amp;#27;[39m &amp;#27;[37m&lt;-- POST /wd/hub/session/1d59cc94-1e66-40f9-b4ec-ed1eb355d076/element/44a50a9d-fd71-4923-9179-619ef9ed6f50/click &amp;#27;[39m&amp;#27;[32m200&amp;#27;[39m &amp;#27;[90m526 ms - 14&amp;#27;[39m
&amp;#27;[35m[HTTP]&amp;#27;[39m &amp;#27;[90m&amp;#27;[39m
&amp;#27;[35m[HTTP]&amp;#27;[39m &amp;#27;[37m--&gt;&amp;#27;[39m &amp;#27;[37mGET&amp;#27;[39m &amp;#27;[37m/wd/hub/session/1d59cc94-1e66-40f9-b4ec-ed1eb355d076/context&amp;#27;[39m
&amp;#27;[35m[HTTP]&amp;#27;[39m &amp;#27;[90m{}&amp;#27;[39m
[debug] &amp;#27;[35m[W3C (1d59cc94)]&amp;#27;[39m Calling AppiumDriver.getCurrentContext() with args: [&quot;1d59cc94-1e66-40f9-b4ec-ed1eb355d076&quot;]
[debug] &amp;#27;[35m[W3C (1d59cc94)]&amp;#27;[39m Responding to client with driver.getCurrentContext() result: &quot;NATIVE_APP&quot;
&amp;#27;[35m[HTTP]&amp;#27;[39m &amp;#27;[37m&lt;-- GET /wd/hub/session/1d59cc94-1e66-40f9-b4ec-ed1eb355d076/context &amp;#27;[39m&amp;#27;[32m200&amp;#27;[39m &amp;#27;[90m3 ms - 22&amp;#27;[39m
&amp;#27;[35m[HTTP]&amp;#27;[39m &amp;#27;[90m&amp;#27;[39m
&amp;#27;[35m[HTTP]&amp;#27;[39m &amp;#27;[37m--&gt;&amp;#27;[39m &amp;#27;[37mPOST&amp;#27;[39m &amp;#27;[37m/wd/hub/session/1d59cc94-1e66-40f9-b4ec-ed1eb355d076/element&amp;#27;[39m
&amp;#27;[35m[HTTP]&amp;#27;[39m &amp;#27;[90m{&quot;using&quot;:&quot;id&quot;,&quot;value&quot;:&quot;com.samsung.android.calendar:id/start_label&quot;}&amp;#27;[39m
[debug] &amp;#27;[35m[W3C (1d59cc94)]&amp;#27;[39m Calling AppiumDriver.findElement() with args: [&quot;id&quot;,&quot;com.samsung.android.calendar:id/start_label&quot;,&quot;1d59cc94-1e66-40f9-b4ec-ed1eb355d076&quot;]
[debug] &amp;#27;[35m[BaseDriver]&amp;#27;[39m Valid locator strategies for this request: xpath, id, class name, accessibility id, -android uiautomator
[debug] &amp;#27;[35m[BaseDriver]&amp;#27;[39m Waiting up to 10000 ms for condition
[debug] &amp;#27;[35m[WD Proxy]&amp;#27;[39m Matched &apos;/element&apos; to command name &apos;findElement&apos;
[debug] &amp;#27;[35m[WD Proxy]&amp;#27;[39m Proxying [POST /element] to [POST http://127.0.0.1:8227/wd/hub/session/1a591fcf-7a14-4cdb-ba5e-da3a407f582c/element] with body: {&quot;strategy&quot;:&quot;id&quot;,&quot;selector&quot;:&quot;com.samsung.android.calendar:id/start_label&quot;,&quot;context&quot;:&quot;&quot;,&quot;multiple&quot;:false}
[debug] &amp;#27;[35m[WD Proxy]&amp;#27;[39m Got response with status 200: {&quot;sessionId&quot;:&quot;1a591fcf-7a14-4cdb-ba5e-da3a407f582c&quot;,&quot;value&quot;:{&quot;ELEMENT&quot;:&quot;02740afc-b9ae-4083-b35e-3cb535924ba3&quot;,&quot;element-6066-11e4-a52e-4f735466cecf&quot;:&quot;02740afc-b9ae-4083-b35e-3cb535924ba3&quot;}}
[debug] &amp;#27;[35m[W3C (1d59cc94)]&amp;#27;[39m Responding to client with driver.findElement() result: {&quot;element-6066-11e4-a52e-4f735466cecf&quot;:&quot;02740afc-b9ae-4083-b35e-3cb535924ba3&quot;,&quot;ELEMENT&quot;:&quot;02740afc-b9ae-4083-b35e-3cb535924ba3&quot;}
&amp;#27;[35m[HTTP]&amp;#27;[39m &amp;#27;[37m&lt;-- POST /wd/hub/session/1d59cc94-1e66-40f9-b4ec-ed1eb355d076/element &amp;#27;[39m&amp;#27;[32m200&amp;#27;[39m &amp;#27;[90m1092 ms - 137&amp;#27;[39m
&amp;#27;[35m[HTTP]&amp;#27;[39m &amp;#27;[90m&amp;#27;[39m
&amp;#27;[35m[HTTP]&amp;#27;[39m &amp;#27;[37m--&gt;&amp;#27;[39m &amp;#27;[37mPOST&amp;#27;[39m &amp;#27;[37m/wd/hub/session/1d59cc94-1e66-40f9-b4ec-ed1eb355d076/element/02740afc-b9ae-4083-b35e-3cb535924ba3/click&amp;#27;[39m
&amp;#27;[35m[HTTP]&amp;#27;[39m &amp;#27;[90m{&quot;id&quot;:&quot;02740afc-b9ae-4083-b35e-3cb535924ba3&quot;}&amp;#27;[39m
[debug] &amp;#27;[35m[W3C (1d59cc94)]&amp;#27;[39m Calling AppiumDriver.click() with args: [&quot;02740afc-b9ae-4083-b35e-3cb535924ba3&quot;,&quot;1d59cc94-1e66-40f9-b4ec-ed1eb355d076&quot;]
[debug] &amp;#27;[35m[WD Proxy]&amp;#27;[39m Matched &apos;/element/02740afc-b9ae-4083-b35e-3cb535924ba3/click&apos; to command name &apos;click&apos;
[debug] &amp;#27;[35m[WD Proxy]&amp;#27;[39m Proxying [POST /element/02740afc-b9ae-4083-b35e-3cb535924ba3/click] to [POST http://127.0.0.1:8227/wd/hub/session/1a591fcf-7a14-4cdb-ba5e-da3a407f582c/element/02740afc-b9ae-4083-b35e-3cb535924ba3/click] with body: {&quot;element&quot;:&quot;02740afc-b9ae-4083-b35e-3cb535924ba3&quot;}
[debug] &amp;#27;[35m[WD Proxy]&amp;#27;[39m Got response with status 200: {&quot;sessionId&quot;:&quot;1a591fcf-7a14-4cdb-ba5e-da3a407f582c&quot;,&quot;value&quot;:null}
[debug] &amp;#27;[35m[W3C (1d59cc94)]&amp;#27;[39m Responding to client with driver.click() result: null
&amp;#27;[35m[HTTP]&amp;#27;[39m &amp;#27;[37m&lt;-- POST /wd/hub/session/1d59cc94-1e66-40f9-b4ec-ed1eb355d076/element/02740afc-b9ae-4083-b35e-3cb535924ba3/click &amp;#27;[39m&amp;#27;[32m200&amp;#27;[39m &amp;#27;[90m328 ms - 14&amp;#27;[39m
&amp;#27;[35m[HTTP]&amp;#27;[39m &amp;#27;[90m&amp;#27;[39m
&amp;#27;[35m[HTTP]&amp;#27;[39m &amp;#27;[37m--&gt;&amp;#27;[39m &amp;#27;[37mGET&amp;#27;[39m &amp;#27;[37m/wd/hub/session/1d59cc94-1e66-40f9-b4ec-ed1eb355d076/context&amp;#27;[39m
&amp;#27;[35m[HTTP]&amp;#27;[39m &amp;#27;[90m{}&amp;#27;[39m
[debug] &amp;#27;[35m[W3C (1d59cc94)]&amp;#27;[39m Calling AppiumDriver.getCurrentContext() with args: [&quot;1d59cc94-1e66-40f9-b4ec-ed1eb355d076&quot;]
[debug] &amp;#27;[35m[W3C (1d59cc94)]&amp;#27;[39m Responding to client with driver.getCurrentContext() result: &quot;NATIVE_APP&quot;
&amp;#27;[35m[HTTP]&amp;#27;[39m &amp;#27;[37m&lt;-- GET /wd/hub/session/1d59cc94-1e66-40f9-b4ec-ed1eb355d076/context &amp;#27;[39m&amp;#27;[32m200&amp;#27;[39m &amp;#27;[90m5 ms - 22&amp;#27;[39m
&amp;#27;[35m[HTTP]&amp;#27;[39m &amp;#27;[90m&amp;#27;[39m
&amp;#27;[35m[HTTP]&amp;#27;[39m &amp;#27;[37m--&gt;&amp;#27;[39m &amp;#27;[37mPOST&amp;#27;[39m &amp;#27;[37m/wd/hub/session/1d59cc94-1e66-40f9-b4ec-ed1eb355d076/element&amp;#27;[39m
&amp;#27;[35m[HTTP]&amp;#27;[39m &amp;#27;[90m{&quot;using&quot;:&quot;-android uiautomator&quot;,&quot;value&quot;:&quot;textContains(\&quot;Double tap to switch to calendar view.\&quot;)&quot;}&amp;#27;[39m
[debug] &amp;#27;[35m[W3C (1d59cc94)]&amp;#27;[39m Calling AppiumDriver.findElement() with args: [&quot;-android uiautomator&quot;,&quot;textContains(\&quot;Double tap to switch to calendar view.\&quot;)&quot;,&quot;1d59cc94-1e66-40f9-b4ec-ed1eb355d076&quot;]
[debug] &amp;#27;[35m[BaseDriver]&amp;#27;[39m Valid locator strategies for this request: xpath, id, class name, accessibility id, -android uiautomator
[debug] &amp;#27;[35m[BaseDriver]&amp;#27;[39m Waiting up to 10000 ms for condition
[debug] &amp;#27;[35m[WD Proxy]&amp;#27;[39m Matched &apos;/element&apos; to command name &apos;findElement&apos;
[debug] &amp;#27;[35m[WD Proxy]&amp;#27;[39m Proxying [POST /element] to [POST http://127.0.0.1:8227/wd/hub/session/1a591fcf-7a14-4cdb-ba5e-da3a407f582c/element] with body: {&quot;strategy&quot;:&quot;-android uiautomator&quot;,&quot;selector&quot;:&quot;textContains(\&quot;Double tap to switch to calendar view.\&quot;)&quot;,&quot;context&quot;:&quot;&quot;,&quot;multiple&quot;:false}
[debug] &amp;#27;[35m[WD Proxy]&amp;#27;[39m Got response with status 200: {&quot;sessionId&quot;:&quot;1a591fcf-7a14-4cdb-ba5e-da3a407f582c&quot;,&quot;value&quot;:{&quot;ELEMENT&quot;:&quot;2ea0e697-c647-466e-aee9-455bdf198d7b&quot;,&quot;element-6066-11e4-a52e-4f735466cecf&quot;:&quot;2ea0e697-c647-466e-aee9-455bdf198d7b&quot;}}
[debug] &amp;#27;[35m[W3C (1d59cc94)]&amp;#27;[39m Responding to client with driver.findElement() result: {&quot;element-6066-11e4-a52e-4f735466cecf&quot;:&quot;2ea0e697-c647-466e-aee9-455bdf198d7b&quot;,&quot;ELEMENT&quot;:&quot;2ea0e697-c647-466e-aee9-455bdf198d7b&quot;}
&amp;#27;[35m[HTTP]&amp;#27;[39m &amp;#27;[37m&lt;-- POST /wd/hub/session/1d59cc94-1e66-40f9-b4ec-ed1eb355d076/element &amp;#27;[39m&amp;#27;[32m200&amp;#27;[39m &amp;#27;[90m643 ms - 137&amp;#27;[39m
&amp;#27;[35m[HTTP]&amp;#27;[39m &amp;#27;[90m&amp;#27;[39m
&amp;#27;[35m[HTTP]&amp;#27;[39m &amp;#27;[37m--&gt;&amp;#27;[39m &amp;#27;[37mPOST&amp;#27;[39m &amp;#27;[37m/wd/hub/session/1d59cc94-1e66-40f9-b4ec-ed1eb355d076/element/2ea0e697-c647-466e-aee9-455bdf198d7b/click&amp;#27;[39m
&amp;#27;[35m[HTTP]&amp;#27;[39m &amp;#27;[90m{&quot;id&quot;:&quot;2ea0e697-c647-466e-aee9-455bdf198d7b&quot;}&amp;#27;[39m
[debug] &amp;#27;[35m[W3C (1d59cc94)]&amp;#27;[39m Calling AppiumDriver.click() with args: [&quot;2ea0e697-c647-466e-aee9-455bdf198d7b&quot;,&quot;1d59cc94-1e66-40f9-b4ec-ed1eb355d076&quot;]
[debug] &amp;#27;[35m[WD Proxy]&amp;#27;[39m Matched &apos;/element/2ea0e697-c647-466e-aee9-455bdf198d7b/click&apos; to command name &apos;click&apos;
[debug] &amp;#27;[35m[WD Proxy]&amp;#27;[39m Proxying [POST /element/2ea0e697-c647-466e-aee9-455bdf198d7b/click] to [POST http://127.0.0.1:8227/wd/hub/session/1a591fcf-7a14-4cdb-ba5e-da3a407f582c/element/2ea0e697-c647-466e-aee9-455bdf198d7b/click] with body: {&quot;element&quot;:&quot;2ea0e697-c647-466e-aee9-455bdf198d7b&quot;}
[debug] &amp;#27;[35m[WD Proxy]&amp;#27;[39m Got response with status 200: {&quot;sessionId&quot;:&quot;1a591fcf-7a14-4cdb-ba5e-da3a407f582c&quot;,&quot;value&quot;:null}
[debug] &amp;#27;[35m[W3C (1d59cc94)]&amp;#27;[39m Responding to client with driver.click() result: null
&amp;#27;[35m[HTTP]&amp;#27;[39m &amp;#27;[37m&lt;-- POST /wd/hub/session/1d59cc94-1e66-40f9-b4ec-ed1eb355d076/element/2ea0e697-c647-466e-aee9-455bdf198d7b/click &amp;#27;[39m&amp;#27;[32m200&amp;#27;[39m &amp;#27;[90m978 ms - 14&amp;#27;[39m
&amp;#27;[35m[HTTP]&amp;#27;[39m &amp;#27;[90m&amp;#27;[39m
&amp;#27;[35m[HTTP]&amp;#27;[39m &amp;#27;[37m--&gt;&amp;#27;[39m &amp;#27;[37mGET&amp;#27;[39m &amp;#27;[37m/wd/hub/session/1d59cc94-1e66-40f9-b4ec-ed1eb355d076/context&amp;#27;[39m
&amp;#27;[35m[HTTP]&amp;#27;[39m &amp;#27;[90m{}&amp;#27;[39m
[debug] &amp;#27;[35m[W3C (1d59cc94)]&amp;#27;[39m Calling AppiumDriver.getCurrentContext() with args: [&quot;1d59cc94-1e66-40f9-b4ec-ed1eb355d076&quot;]
[debug] &amp;#27;[35m[W3C (1d59cc94)]&amp;#27;[39m Responding to client with driver.getCurrentContext() result: &quot;NATIVE_APP&quot;
&amp;#27;[35m[HTTP]&amp;#27;[39m &amp;#27;[37m&lt;-- GET /wd/hub/session/1d59cc94-1e66-40f9-b4ec-ed1eb355d076/context &amp;#27;[39m&amp;#27;[32m200&amp;#27;[39m &amp;#27;[90m2 ms - 22&amp;#27;[39m
&amp;#27;[35m[HTTP]&amp;#27;[39m &amp;#27;[90m&amp;#27;[39m
&amp;#27;[35m[HTTP]&amp;#27;[39m &amp;#27;[37m--&gt;&amp;#27;[39m &amp;#27;[37mPOST&amp;#27;[39m &amp;#27;[37m/wd/hub/session/1d59cc94-1e66-40f9-b4ec-ed1eb355d076/element&amp;#27;[39m
&amp;#27;[35m[HTTP]&amp;#27;[39m &amp;#27;[90m{&quot;using&quot;:&quot;id&quot;,&quot;value&quot;:&quot;com.samsung.android.calendar:id/sesl_date_picker_calendar_header_text&quot;}&amp;#27;[39m
[debug] &amp;#27;[35m[W3C (1d59cc94)]&amp;#27;[39m Calling AppiumDriver.findElement() with args: [&quot;id&quot;,&quot;com.samsung.android.calendar:id/sesl_date_picker_calendar_header_text&quot;,&quot;1d59cc94-1e66-40f9-b4ec-ed1eb355d076&quot;]
[debug] &amp;#27;[35m[BaseDriver]&amp;#27;[39m Valid locator strategies for this request: xpath, id, class name, accessibility id, -android uiautomator
[debug] &amp;#27;[35m[BaseDriver]&amp;#27;[39m Waiting up to 10000 ms for condition
[debug] &amp;#27;[35m[WD Proxy]&amp;#27;[39m Matched &apos;/element&apos; to command name &apos;findElement&apos;
[debug] &amp;#27;[35m[WD Proxy]&amp;#27;[39m Proxying [POST /element] to [POST http://127.0.0.1:8227/wd/hub/session/1a591fcf-7a14-4cdb-ba5e-da3a407f582c/element] with body: {&quot;strategy&quot;:&quot;id&quot;,&quot;selector&quot;:&quot;com.samsung.android.calendar:id/sesl_date_picker_calendar_header_text&quot;,&quot;context&quot;:&quot;&quot;,&quot;multiple&quot;:false}
[debug] &amp;#27;[35m[WD Proxy]&amp;#27;[39m Got response with status 200: {&quot;sessionId&quot;:&quot;1a591fcf-7a14-4cdb-ba5e-da3a407f582c&quot;,&quot;value&quot;:{&quot;ELEMENT&quot;:&quot;c9eabfc0-8cbe-4d0f-8f11-8f69e31cf02d&quot;,&quot;element-6066-11e4-a52e-4f735466cecf&quot;:&quot;c9eabfc0-8cbe-4d0f-8f11-8f69e31cf02d&quot;}}
[debug] &amp;#27;[35m[W3C (1d59cc94)]&amp;#27;[39m Responding to client with driver.findElement() result: {&quot;element-6066-11e4-a52e-4f735466cecf&quot;:&quot;c9eabfc0-8cbe-4d0f-8f11-8f69e31cf02d&quot;,&quot;ELEMENT&quot;:&quot;c9eabfc0-8cbe-4d0f-8f11-8f69e31cf02d&quot;}
&amp;#27;[35m[HTTP]&amp;#27;[39m &amp;#27;[37m&lt;-- POST /wd/hub/session/1d59cc94-1e66-40f9-b4ec-ed1eb355d076/element &amp;#27;[39m&amp;#27;[32m200&amp;#27;[39m &amp;#27;[90m438 ms - 137&amp;#27;[39m
&amp;#27;[35m[HTTP]&amp;#27;[39m &amp;#27;[90m&amp;#27;[39m
&amp;#27;[35m[HTTP]&amp;#27;[39m &amp;#27;[37m--&gt;&amp;#27;[39m &amp;#27;[37mGET&amp;#27;[39m &amp;#27;[37m/wd/hub/session/1d59cc94-1e66-40f9-b4ec-ed1eb355d076/element/c9eabfc0-8cbe-4d0f-8f11-8f69e31cf02d/text&amp;#27;[39m
&amp;#27;[35m[HTTP]&amp;#27;[39m &amp;#27;[90m{}&amp;#27;[39m
&amp;#27;[35m[W3C (1d59cc94)]&amp;#27;[39m Driver proxy active, passing request on via HTTP proxy
[debug] &amp;#27;[35m[WD Proxy]&amp;#27;[39m Matched &apos;/wd/hub/session/1d59cc94-1e66-40f9-b4ec-ed1eb355d076/element/c9eabfc0-8cbe-4d0f-8f11-8f69e31cf02d/text&apos; to command name &apos;getText&apos;
[debug] &amp;#27;[35m[WD Proxy]&amp;#27;[39m Proxying [GET /wd/hub/session/1d59cc94-1e66-40f9-b4ec-ed1eb355d076/element/c9eabfc0-8cbe-4d0f-8f11-8f69e31cf02d/text] to [GET http://127.0.0.1:8227/wd/hub/session/1a591fcf-7a14-4cdb-ba5e-da3a407f582c/element/c9eabfc0-8cbe-4d0f-8f11-8f69e31cf02d/text] with no body
[debug] &amp;#27;[35m[WD Proxy]&amp;#27;[39m Got response with status 200: {&quot;sessionId&quot;:&quot;1a591fcf-7a14-4cdb-ba5e-da3a407f582c&quot;,&quot;value&quot;:&quot;February 2021&quot;}
&amp;#27;[35m[WD Proxy]&amp;#27;[39m Replacing sessionId 1a591fcf-7a14-4cdb-ba5e-da3a407f582c with 1d59cc94-1e66-40f9-b4ec-ed1eb355d076
&amp;#27;[35m[HTTP]&amp;#27;[39m &amp;#27;[37m&lt;-- GET /wd/hub/session/1d59cc94-1e66-40f9-b4ec-ed1eb355d076/element/c9eabfc0-8cbe-4d0f-8f11-8f69e31cf02d/text &amp;#27;[39m&amp;#27;[32m200&amp;#27;[39m &amp;#27;[90m83 ms - 76&amp;#27;[39m
&amp;#27;[35m[HTTP]&amp;#27;[39m &amp;#27;[90m&amp;#27;[39m
&amp;#27;[35m[HTTP]&amp;#27;[39m &amp;#27;[37m--&gt;&amp;#27;[39m &amp;#27;[37mGET&amp;#27;[39m &amp;#27;[37m/wd/hub/session/1d59cc94-1e66-40f9-b4ec-ed1eb355d076/context&amp;#27;[39m
&amp;#27;[35m[HTTP]&amp;#27;[39m &amp;#27;[90m{}&amp;#27;[39m
[debug] &amp;#27;[35m[W3C (1d59cc94)]&amp;#27;[39m Calling AppiumDriver.getCurrentContext() with args: [&quot;1d59cc94-1e66-40f9-b4ec-ed1eb355d076&quot;]
[debug] &amp;#27;[35m[W3C (1d59cc94)]&amp;#27;[39m Responding to client with driver.getCurrentContext() result: &quot;NATIVE_APP&quot;
&amp;#27;[35m[HTTP]&amp;#27;[39m &amp;#27;[37m&lt;-- GET /wd/hub/session/1d59cc94-1e66-40f9-b4ec-ed1eb355d076/context &amp;#27;[39m&amp;#27;[32m200&amp;#27;[39m &amp;#27;[90m2 ms - 22&amp;#27;[39m
&amp;#27;[35m[HTTP]&amp;#27;[39m &amp;#27;[90m&amp;#27;[39m
&amp;#27;[35m[HTTP]&amp;#27;[39m &amp;#27;[37m--&gt;&amp;#27;[39m &amp;#27;[37mPOST&amp;#27;[39m &amp;#27;[37m/wd/hub/session/1d59cc94-1e66-40f9-b4ec-ed1eb355d076/element&amp;#27;[39m
&amp;#27;[35m[HTTP]&amp;#27;[39m &amp;#27;[90m{&quot;using&quot;:&quot;id&quot;,&quot;value&quot;:&quot;com.samsung.android.calendar:id/sesl_date_picker_calendar_header_next_button&quot;}&amp;#27;[39m
[debug] &amp;#27;[35m[W3C (1d59cc94)]&amp;#27;[39m Calling AppiumDriver.findElement() with args: [&quot;id&quot;,&quot;com.samsung.android.calendar:id/sesl_date_picker_calendar_header_next_button&quot;,&quot;1d59cc94-1e66-40f9-b4ec-ed1eb355d076&quot;]
[debug] &amp;#27;[35m[BaseDriver]&amp;#27;[39m Valid locator strategies for this request: xpath, id, class name, accessibility id, -android uiautomator
[debug] &amp;#27;[35m[BaseDriver]&amp;#27;[39m Waiting up to 10000 ms for condition
[debug] &amp;#27;[35m[WD Proxy]&amp;#27;[39m Matched &apos;/element&apos; to command name &apos;findElement&apos;
[debug] &amp;#27;[35m[WD Proxy]&amp;#27;[39m Proxying [POST /element] to [POST http://127.0.0.1:8227/wd/hub/session/1a591fcf-7a14-4cdb-ba5e-da3a407f582c/element] with body: {&quot;strategy&quot;:&quot;id&quot;,&quot;selector&quot;:&quot;com.samsung.android.calendar:id/sesl_date_picker_calendar_header_next_button&quot;,&quot;context&quot;:&quot;&quot;,&quot;multiple&quot;:false}
[debug] &amp;#27;[35m[WD Proxy]&amp;#27;[39m Got response with status 200: {&quot;sessionId&quot;:&quot;1a591fcf-7a14-4cdb-ba5e-da3a407f582c&quot;,&quot;value&quot;:{&quot;ELEMENT&quot;:&quot;f746f7cb-1b99-4726-8a1d-6b5a08e32f59&quot;,&quot;element-6066-11e4-a52e-4f735466cecf&quot;:&quot;f746f7cb-1b99-4726-8a1d-6b5a08e32f59&quot;}}
[debug] &amp;#27;[35m[W3C (1d59cc94)]&amp;#27;[39m Responding to client with driver.findElement() result: {&quot;element-6066-11e4-a52e-4f735466cecf&quot;:&quot;f746f7cb-1b99-4726-8a1d-6b5a08e32f59&quot;,&quot;ELEMENT&quot;:&quot;f746f7cb-1b99-4726-8a1d-6b5a08e32f59&quot;}
&amp;#27;[35m[HTTP]&amp;#27;[39m &amp;#27;[37m&lt;-- POST /wd/hub/session/1d59cc94-1e66-40f9-b4ec-ed1eb355d076/element &amp;#27;[39m&amp;#27;[32m200&amp;#27;[39m &amp;#27;[90m206 ms - 137&amp;#27;[39m
&amp;#27;[35m[HTTP]&amp;#27;[39m &amp;#27;[90m&amp;#27;[39m
&amp;#27;[35m[HTTP]&amp;#27;[39m &amp;#27;[37m--&gt;&amp;#27;[39m &amp;#27;[37mPOST&amp;#27;[39m &amp;#27;[37m/wd/hub/session/1d59cc94-1e66-40f9-b4ec-ed1eb355d076/element/f746f7cb-1b99-4726-8a1d-6b5a08e32f59/click&amp;#27;[39m
&amp;#27;[35m[HTTP]&amp;#27;[39m &amp;#27;[90m{&quot;id&quot;:&quot;f746f7cb-1b99-4726-8a1d-6b5a08e32f59&quot;}&amp;#27;[39m
[debug] &amp;#27;[35m[W3C (1d59cc94)]&amp;#27;[39m Calling AppiumDriver.click() with args: [&quot;f746f7cb-1b99-4726-8a1d-6b5a08e32f59&quot;,&quot;1d59cc94-1e66-40f9-b4ec-ed1eb355d076&quot;]
[debug] &amp;#27;[35m[WD Proxy]&amp;#27;[39m Matched &apos;/element/f746f7cb-1b99-4726-8a1d-6b5a08e32f59/click&apos; to command name &apos;click&apos;
[debug] &amp;#27;[35m[WD Proxy]&amp;#27;[39m Proxying [POST /element/f746f7cb-1b99-4726-8a1d-6b5a08e32f59/click] to [POST http://127.0.0.1:8227/wd/hub/session/1a591fcf-7a14-4cdb-ba5e-da3a407f582c/element/f746f7cb-1b99-4726-8a1d-6b5a08e32f59/click] with body: {&quot;element&quot;:&quot;f746f7cb-1b99-4726-8a1d-6b5a08e32f59&quot;}
[debug] &amp;#27;[35m[WD Proxy]&amp;#27;[39m Got response with status 200: {&quot;sessionId&quot;:&quot;1a591fcf-7a14-4cdb-ba5e-da3a407f582c&quot;,&quot;value&quot;:null}
[debug] &amp;#27;[35m[W3C (1d59cc94)]&amp;#27;[39m Responding to client with driver.click() result: null
&amp;#27;[35m[HTTP]&amp;#27;[39m &amp;#27;[37m&lt;-- POST /wd/hub/session/1d59cc94-1e66-40f9-b4ec-ed1eb355d076/element/f746f7cb-1b99-4726-8a1d-6b5a08e32f59/click &amp;#27;[39m&amp;#27;[32m200&amp;#27;[39m &amp;#27;[90m382 ms - 14&amp;#27;[39m
&amp;#27;[35m[HTTP]&amp;#27;[39m &amp;#27;[90m&amp;#27;[39m
&amp;#27;[35m[HTTP]&amp;#27;[39m &amp;#27;[37m--&gt;&amp;#27;[39m &amp;#27;[37mGET&amp;#27;[39m &amp;#27;[37m/wd/hub/session/1d59cc94-1e66-40f9-b4ec-ed1eb355d076/context&amp;#27;[39m
&amp;#27;[35m[HTTP]&amp;#27;[39m &amp;#27;[90m{}&amp;#27;[39m
[debug] &amp;#27;[35m[W3C (1d59cc94)]&amp;#27;[39m Calling AppiumDriver.getCurrentContext() with args: [&quot;1d59cc94-1e66-40f9-b4ec-ed1eb355d076&quot;]
[debug] &amp;#27;[35m[W3C (1d59cc94)]&amp;#27;[39m Responding to client with driver.getCurrentContext() result: &quot;NATIVE_APP&quot;
&amp;#27;[35m[HTTP]&amp;#27;[39m &amp;#27;[37m&lt;-- GET /wd/hub/session/1d59cc94-1e66-40f9-b4ec-ed1eb355d076/context &amp;#27;[39m&amp;#27;[32m200&amp;#27;[39m &amp;#27;[90m2 ms - 22&amp;#27;[39m
&amp;#27;[35m[HTTP]&amp;#27;[39m &amp;#27;[90m&amp;#27;[39m
&amp;#27;[35m[HTTP]&amp;#27;[39m &amp;#27;[37m--&gt;&amp;#27;[39m &amp;#27;[37mPOST&amp;#27;[39m &amp;#27;[37m/wd/hub/session/1d59cc94-1e66-40f9-b4ec-ed1eb355d076/element&amp;#27;[39m
&amp;#27;[35m[HTTP]&amp;#27;[39m &amp;#27;[90m{&quot;using&quot;:&quot;id&quot;,&quot;value&quot;:&quot;com.samsung.android.calendar:id/sesl_date_picker_calendar_header_text&quot;}&amp;#27;[39m
[debug] &amp;#27;[35m[W3C (1d59cc94)]&amp;#27;[39m Calling AppiumDriver.findElement() with args: [&quot;id&quot;,&quot;com.samsung.android.calendar:id/sesl_date_picker_calendar_header_text&quot;,&quot;1d59cc94-1e66-40f9-b4ec-ed1eb355d076&quot;]
[debug] &amp;#27;[35m[BaseDriver]&amp;#27;[39m Valid locator strategies for this request: xpath, id, class name, accessibility id, -android uiautomator
[debug] &amp;#27;[35m[BaseDriver]&amp;#27;[39m Waiting up to 10000 ms for condition
[debug] &amp;#27;[35m[WD Proxy]&amp;#27;[39m Matched &apos;/element&apos; to command name &apos;findElement&apos;
[debug] &amp;#27;[35m[WD Proxy]&amp;#27;[39m Proxying [POST /element] to [POST http://127.0.0.1:8227/wd/hub/session/1a591fcf-7a14-4cdb-ba5e-da3a407f582c/element] with body: {&quot;strategy&quot;:&quot;id&quot;,&quot;selector&quot;:&quot;com.samsung.android.calendar:id/sesl_date_picker_calendar_header_text&quot;,&quot;context&quot;:&quot;&quot;,&quot;multiple&quot;:false}
[debug] &amp;#27;[35m[WD Proxy]&amp;#27;[39m Got response with status 200: {&quot;sessionId&quot;:&quot;1a591fcf-7a14-4cdb-ba5e-da3a407f582c&quot;,&quot;value&quot;:{&quot;ELEMENT&quot;:&quot;c140541e-84fe-4534-9dfe-f80007192357&quot;,&quot;element-6066-11e4-a52e-4f735466cecf&quot;:&quot;c140541e-84fe-4534-9dfe-f80007192357&quot;}}
[debug] &amp;#27;[35m[W3C (1d59cc94)]&amp;#27;[39m Responding to client with driver.findElement() result: {&quot;element-6066-11e4-a52e-4f735466cecf&quot;:&quot;c140541e-84fe-4534-9dfe-f80007192357&quot;,&quot;ELEMENT&quot;:&quot;c140541e-84fe-4534-9dfe-f80007192357&quot;}
&amp;#27;[35m[HTTP]&amp;#27;[39m &amp;#27;[37m&lt;-- POST /wd/hub/session/1d59cc94-1e66-40f9-b4ec-ed1eb355d076/element &amp;#27;[39m&amp;#27;[32m200&amp;#27;[39m &amp;#27;[90m759 ms - 137&amp;#27;[39m
&amp;#27;[35m[HTTP]&amp;#27;[39m &amp;#27;[90m&amp;#27;[39m
&amp;#27;[35m[HTTP]&amp;#27;[39m &amp;#27;[37m--&gt;&amp;#27;[39m &amp;#27;[37mGET&amp;#27;[39m &amp;#27;[37m/wd/hub/session/1d59cc94-1e66-40f9-b4ec-ed1eb355d076/element/c140541e-84fe-4534-9dfe-f80007192357/text&amp;#27;[39m
&amp;#27;[35m[HTTP]&amp;#27;[39m &amp;#27;[90m{}&amp;#27;[39m
&amp;#27;[35m[W3C (1d59cc94)]&amp;#27;[39m Driver proxy active, passing request on via HTTP proxy
[debug] &amp;#27;[35m[WD Proxy]&amp;#27;[39m Matched &apos;/wd/hub/session/1d59cc94-1e66-40f9-b4ec-ed1eb355d076/element/c140541e-84fe-4534-9dfe-f80007192357/text&apos; to command name &apos;getText&apos;
[debug] &amp;#27;[35m[WD Proxy]&amp;#27;[39m Proxying [GET /wd/hub/session/1d59cc94-1e66-40f9-b4ec-ed1eb355d076/element/c140541e-84fe-4534-9dfe-f80007192357/text] to [GET http://127.0.0.1:8227/wd/hub/session/1a591fcf-7a14-4cdb-ba5e-da3a407f582c/element/c140541e-84fe-4534-9dfe-f80007192357/text] with no body
[debug] &amp;#27;[35m[WD Proxy]&amp;#27;[39m Got response with status 200: {&quot;sessionId&quot;:&quot;1a591fcf-7a14-4cdb-ba5e-da3a407f582c&quot;,&quot;value&quot;:&quot;March 2021&quot;}
&amp;#27;[35m[WD Proxy]&amp;#27;[39m Replacing sessionId 1a591fcf-7a14-4cdb-ba5e-da3a407f582c with 1d59cc94-1e66-40f9-b4ec-ed1eb355d076
&amp;#27;[35m[HTTP]&amp;#27;[39m &amp;#27;[37m&lt;-- GET /wd/hub/session/1d59cc94-1e66-40f9-b4ec-ed1eb355d076/element/c140541e-84fe-4534-9dfe-f80007192357/text &amp;#27;[39m&amp;#27;[32m200&amp;#27;[39m &amp;#27;[90m90 ms - 73&amp;#27;[39m
&amp;#27;[35m[HTTP]&amp;#27;[39m &amp;#27;[90m&amp;#27;[39m
&amp;#27;[35m[HTTP]&amp;#27;[39m &amp;#27;[37m--&gt;&amp;#27;[39m &amp;#27;[37mGET&amp;#27;[39m &amp;#27;[37m/wd/hub/session/1d59cc94-1e66-40f9-b4ec-ed1eb355d076/context&amp;#27;[39m
&amp;#27;[35m[HTTP]&amp;#27;[39m &amp;#27;[90m{}&amp;#27;[39m
[debug] &amp;#27;[35m[W3C (1d59cc94)]&amp;#27;[39m Calling AppiumDriver.getCurrentContext() with args: [&quot;1d59cc94-1e66-40f9-b4ec-ed1eb355d076&quot;]
[debug] &amp;#27;[35m[W3C (1d59cc94)]&amp;#27;[39m Responding to client with driver.getCurrentContext() result: &quot;NATIVE_APP&quot;
&amp;#27;[35m[HTTP]&amp;#27;[39m &amp;#27;[37m&lt;-- GET /wd/hub/session/1d59cc94-1e66-40f9-b4ec-ed1eb355d076/context &amp;#27;[39m&amp;#27;[32m200&amp;#27;[39m &amp;#27;[90m2 ms - 22&amp;#27;[39m
&amp;#27;[35m[HTTP]&amp;#27;[39m &amp;#27;[90m&amp;#27;[39m
&amp;#27;[35m[HTTP]&amp;#27;[39m &amp;#27;[37m--&gt;&amp;#27;[39m &amp;#27;[37mPOST&amp;#27;[39m &amp;#27;[37m/wd/hub/session/1d59cc94-1e66-40f9-b4ec-ed1eb355d076/elements&amp;#27;[39m
&amp;#27;[35m[HTTP]&amp;#27;[39m &amp;#27;[90m{&quot;using&quot;:&quot;class name&quot;,&quot;value&quot;:&quot;android.view.View&quot;}&amp;#27;[39m
[debug] &amp;#27;[35m[W3C (1d59cc94)]&amp;#27;[39m Calling AppiumDriver.findElements() with args: [&quot;class name&quot;,&quot;android.view.View&quot;,&quot;1d59cc94-1e66-40f9-b4ec-ed1eb355d076&quot;]
[debug] &amp;#27;[35m[BaseDriver]&amp;#27;[39m Valid locator strategies for this request: xpath, id, class name, accessibility id, -android uiautomator
[debug] &amp;#27;[35m[BaseDriver]&amp;#27;[39m Waiting up to 10000 ms for condition
[debug] &amp;#27;[35m[WD Proxy]&amp;#27;[39m Matched &apos;/elements&apos; to command name &apos;findElements&apos;
[debug] &amp;#27;[35m[WD Proxy]&amp;#27;[39m Proxying [POST /elements] to [POST http://127.0.0.1:8227/wd/hub/session/1a591fcf-7a14-4cdb-ba5e-da3a407f582c/elements] with body: {&quot;strategy&quot;:&quot;class name&quot;,&quot;selector&quot;:&quot;android.view.View&quot;,&quot;context&quot;:&quot;&quot;,&quot;multiple&quot;:true}
[debug] &amp;#27;[35m[WD Proxy]&amp;#27;[39m Got response with status 200: {&quot;sessionId&quot;:&quot;1a591fcf-7a14-4cdb-ba5e-da3a407f582c&quot;,&quot;value&quot;:[{&quot;ELEMENT&quot;:&quot;b24077f8-232e-48df-8afb-828ccd7b0ff2&quot;,&quot;element-6066-11e4-a52e-4f735466cecf&quot;:&quot;b24077f8-232e-48df-8afb-828ccd7b0ff2&quot;},{&quot;ELEMENT&quot;:&quot;7f188a60-f1ff-4705-99aa-6065946dd23d&quot;,&quot;element-6066-11e4-a52e-4f735466cecf&quot;:&quot;7f188a60-f1ff-4705-99aa-6065946dd23d&quot;},{&quot;ELEMENT&quot;:&quot;f9800b45-4d9e-46f8-b932-dad6c53a745a&quot;,&quot;element-6066-11e4-a52e-4f735466cecf&quot;:&quot;f9800b45-4d9e-46f8-b932-dad6c53a745a&quot;},{&quot;ELEMENT&quot;:&quot;e96f182b-1c98-42f0-a0db-6a9fbf7c11e4&quot;,&quot;element-6066-11e4-a52e-4f735466cecf&quot;:&quot;e96f182b-1c98-42f0-a0db-6a9fbf7c11e4&quot;},{&quot;ELEMENT&quot;:&quot;13a5f472-cc64-4542-8217-2cb2a9083807&quot;,&quot;element-6066-11e4-a52e-4f735466cecf&quot;:&quot;13a5f472-cc64-4542-8217-2cb2a9083807&quot;},{&quot;ELEMENT&quot;:&quot;cfe41d6a-b933-4155-bcdf-5a9ae3fc628a&quot;,&quot;element-6066-11e4-a52e-4f735466cecf&quot;:&quot;cfe41d6a-b933-4155-bcdf-5a9ae3fc628a&quot;},{&quot;ELEMENT&quot;:&quot;301a1a75-2cd8-4bef-8563-242c10a7d2c5&quot;,&quot;element-6066-11e4-a52e-4f735466cecf&quot;:&quot;301a1a75-2cd8-4bef-8563-242c10a7d2c5&quot;},{&quot;ELEMENT&quot;:&quot;77b628eb-6e0c-4cd6-820f-ca94823b62fa&quot;,&quot;element-6066-...
[debug] &amp;#27;[35m[W3C (1d59cc94)]&amp;#27;[39m Responding to client with driver.findElements() result: [{&quot;element-6066-11e4-a52e-4f735466cecf&quot;:&quot;b24077f8-232e-48df-8afb-828ccd7b0ff2&quot;,&quot;ELEMENT&quot;:&quot;b24077f8-232e-48df-8afb-828ccd7b0ff2&quot;},{&quot;element-6066-11e4-a52e-4f735466cecf&quot;:&quot;7f188a60-f1ff-4705-99aa-6065946dd23d&quot;,&quot;ELEMENT&quot;:&quot;7f188a60-f1ff-4705-99aa-6065946dd23d&quot;},{&quot;element-6066-11e4-a52e-4f735466cecf&quot;:&quot;f9800b45-4d9e-46f8-b932-dad6c53a745a&quot;,&quot;ELEMENT&quot;:&quot;f9800b45-4d9e-46f8-b932-dad6c53a745a&quot;},{&quot;element-6066-11e4-a52e-4f735466cecf&quot;:&quot;e96f182b-1c98-42f0-a0db-6a9fbf7c11e4&quot;,&quot;ELEMENT&quot;:&quot;e96f182b-1c98-42f0-a0db-6a9fbf7c11e4&quot;},{&quot;element-6066-11e4-a52e-4f735466cecf&quot;:&quot;13a5f472-cc64-4542-8217-2cb2a9083807&quot;,&quot;ELEMENT&quot;:&quot;13a5f472-cc64-4542-8217-2cb2a9083807&quot;},{&quot;element-6066-11e4-a52e-4f735466cecf&quot;:&quot;cfe41d6a-b933-4155-bcdf-5a9ae3fc628a&quot;,&quot;ELEMENT&quot;:&quot;cfe41d6a-b933-4155-bcdf-5a9ae3fc628a&quot;},{&quot;element-6066-11e4-a52e-4f735466cecf&quot;:&quot;301a1a75-2cd8-4bef-8563-242c10a7d2c5&quot;,&quot;ELEMENT&quot;:&quot;301a1a75-2cd8-4bef-8563-242c10a7d2c5&quot;},{&quot;element-6066-11e4-a52e-4f735466cecf&quot;:&quot;77b628eb-6e0c-4cd6-820f-ca94823b62fa&quot;,&quot;ELEMENT&quot;:&quot;77b628eb-6e0c-4cd6-820f-ca94823b62f...
&amp;#27;[35m[HTTP]&amp;#27;[39m &amp;#27;[37m&lt;-- POST /wd/hub/session/1d59cc94-1e66-40f9-b4ec-ed1eb355d076/elements &amp;#27;[39m&amp;#27;[32m200&amp;#27;[39m &amp;#27;[90m295 ms - 6283&amp;#27;[39m
&amp;#27;[35m[HTTP]&amp;#27;[39m &amp;#27;[90m&amp;#27;[39m
&amp;#27;[35m[HTTP]&amp;#27;[39m &amp;#27;[37m--&gt;&amp;#27;[39m &amp;#27;[37mPOST&amp;#27;[39m &amp;#27;[37m/wd/hub/session/1d59cc94-1e66-40f9-b4ec-ed1eb355d076/element/86711e55-a0b0-4ead-89ef-3019d82e098c/click&amp;#27;[39m
&amp;#27;[35m[HTTP]&amp;#27;[39m &amp;#27;[90m{&quot;id&quot;:&quot;86711e55-a0b0-4ead-89ef-3019d82e098c&quot;}&amp;#27;[39m
[debug] &amp;#27;[35m[W3C (1d59cc94)]&amp;#27;[39m Calling AppiumDriver.click() with args: [&quot;86711e55-a0b0-4ead-89ef-3019d82e098c&quot;,&quot;1d59cc94-1e66-40f9-b4ec-ed1eb355d076&quot;]
[debug] &amp;#27;[35m[WD Proxy]&amp;#27;[39m Matched &apos;/element/86711e55-a0b0-4ead-89ef-3019d82e098c/click&apos; to command name &apos;click&apos;
[debug] &amp;#27;[35m[WD Proxy]&amp;#27;[39m Proxying [POST /element/86711e55-a0b0-4ead-89ef-3019d82e098c/click] to [POST http://127.0.0.1:8227/wd/hub/session/1a591fcf-7a14-4cdb-ba5e-da3a407f582c/element/86711e55-a0b0-4ead-89ef-3019d82e098c/click] with body: {&quot;element&quot;:&quot;86711e55-a0b0-4ead-89ef-3019d82e098c&quot;}
[debug] &amp;#27;[35m[WD Proxy]&amp;#27;[39m Got response with status 200: {&quot;sessionId&quot;:&quot;1a591fcf-7a14-4cdb-ba5e-da3a407f582c&quot;,&quot;value&quot;:null}
[debug] &amp;#27;[35m[W3C (1d59cc94)]&amp;#27;[39m Responding to client with driver.click() result: null
&amp;#27;[35m[HTTP]&amp;#27;[39m &amp;#27;[37m&lt;-- POST /wd/hub/session/1d59cc94-1e66-40f9-b4ec-ed1eb355d076/element/86711e55-a0b0-4ead-89ef-3019d82e098c/click &amp;#27;[39m&amp;#27;[32m200&amp;#27;[39m &amp;#27;[90m729 ms - 14&amp;#27;[39m
&amp;#27;[35m[HTTP]&amp;#27;[39m &amp;#27;[90m&amp;#27;[39m
&amp;#27;[35m[HTTP]&amp;#27;[39m &amp;#27;[37m--&gt;&amp;#27;[39m &amp;#27;[37mGET&amp;#27;[39m &amp;#27;[37m/wd/hub/session/1d59cc94-1e66-40f9-b4ec-ed1eb355d076/screenshot&amp;#27;[39m
&amp;#27;[35m[HTTP]&amp;#27;[39m &amp;#27;[90m{}&amp;#27;[39m
[debug] &amp;#27;[35m[W3C (1d59cc94)]&amp;#27;[39m Calling AppiumDriver.getScreenshot() with args: [&quot;1d59cc94-1e66-40f9-b4ec-ed1eb355d076&quot;]
[debug] &amp;#27;[35m[WD Proxy]&amp;#27;[39m Matched &apos;/screenshot&apos; to command name &apos;getScreenshot&apos;
[debug] &amp;#27;[35m[WD Proxy]&amp;#27;[39m Proxying [GET /screenshot] to [GET http://127.0.0.1:8227/wd/hub/session/1a591fcf-7a14-4cdb-ba5e-da3a407f582c/screenshot] with no body
[debug] &amp;#27;[35m[WD Proxy]&amp;#27;[39m Got response with status 200: {&quot;sessionId&quot;:&quot;1a591fcf-7a14-4cdb-ba5e-da3a407f582c&quot;,&quot;value&quot;:&quot;iVBORw0KGgoAAAANSUhEUgAABDgAAAjoCAYAAAA5jhrUAAAAAXNSR0IArs4c6QAAAARzQklUCAgI\nCHwIZIgAACAASURBVHic7N15XJTl/j/+F8M6w6YsAgLu4MqiaYKVmmRl6jE1zOyE5xw9WZ3ypNk3\nK1s1O51KT37qc6xzWsSlFMtyyTU0MwfXBDcEUwRcUEARGLZh5vcHv7k/c88CM8Nst76ej0ePnHvu\nua9rgBvmft3X9b481Gq1FkREREREREREEiZzdQeIiIiIiIiIiNqLAQcRERERERERSR4DDiIiIiIi\nIiKSPAYcRERERERERCR5DDiIiIiIiIiISPIYcBARERERERGR5DHgICIiIiIiIiLJY8BBRERERERE\nRJLHgIOIiIiIiIiIJI8BBxERERERERFJHgMOIiIiIiIiIpI8BhxEREREREREJHkMOIiIiIiIiIhI\n8hhwEBEREREREZHkMeAgIiIiIiIiIsljwEFEREREREREkseAg4iIiIiIiIgkjwEHEREREREREUke\nAw4iIiIiIiIikjwGHEREREREREQkeQw4iIiIiIiIiEjyGHAQERERERERkeQx4CAiIiIiIiIiyWPA\nQURERERERESSx4CDiIiIiIiIiCSPAQcRERERERERSR4DDiIiIiIiIiKSPAYcRERERERERCR5DDiI\niIiIiIiISPIYcBARERERERGR5DHgICIiIiIiIiLJY8BBRERERERERJLHgIOIiIiIiIiIJI8BBxER\nERERERFJHgMOIiIiIiIiIpI8BhxEREREREREJHkMOIiIiIiIiIhI8hhwEBEREREREZHkMeAgIiIi\nIiIiIsljwEFEREREREREkseAg4iIiIiIiIgkjwEHEREREREREUkeAw4iIiIiIiIikjwGHERERERE\nREQkeQw4iIiIiIiIiEjyGHAQ...
[debug] &amp;#27;[35m[W3C (1d59cc94)]&amp;#27;[39m Responding to client with driver.getScreenshot() result: &quot;iVBORw0KGgoAAAANSUhEUgAABDgAAAjoCAYAAAA5jhrUAAAAAXNSR0IArs4c6QAAAARzQklUCAgI\nCHwIZIgAACAASURBVHic7N15XJTl/j/+F8M6w6YsAgLu4MqiaYKVmmRl6jE1zOyE5xw9WZ3ypNk3\nK1s1O51KT37qc6xzWsSlFMtyyTU0MwfXBDcEUwRcUEARGLZh5vcHv7k/c88CM8Nst76ej0ePnHvu\nua9rgBvmft3X9b481Gq1FkREREREREREEiZzdQeIiIiIiIiIiNqLAQcRERERERERSR4DDiIiIiIi\nIiKSPAYcRERERERERCR5DDiIiIiIiIiISPIYcBARERERERGR5DHgICIiIiIiIiLJY8BBRERERERE\nRJLHgIOIiIiIiIiIJI8BBxERERERERFJHgMOIiIiIiIiIpI8BhxEREREREREJHkMOIiIiIiIiIhI\n8hhwEBEREREREZHkMeAgIiIiIiIiIsljwEFEREREREREkseAg4iIiIiIiIgkjwEHEREREREREUke\nAw4iIiIiIiIikjwGHEREREREREQkeQw4iIiIiIiIiEjyGHAQERERERERkeQx4CAiIiIiIiIiyWPA\nQURERERERESSx4CDiIiIiIiIiCSPAQcRERERERERSR4DDiIiIiIiIiKSPAYcRERERERERCR5DDiI\niIiIiIiISPIYcBARERERERGR5DHgICIiIiIiIiLJY8BBRERERERERJLHgIOIiIiIiIiIJI8BBxER\nERERERFJHgMOIiIiIiIiIpI8BhxEREREREREJHkMOIiIiIiIiIhI8hhwEBEREREREZHkMeAgIiIi\nIiIiIsljwEFEREREREREkseAg4iIiIiIiIgkjwEHEREREREREUkeAw4iIiIiIiIikjwGHERERERE\nREQkeQw4iIiIiIiIiEjyGHAQERERERERkeQx4CAiIiIiIiIiyWPAQURERERERESSx4CDiIiIiIiI\niCTPy9...
&amp;#27;[35m[HTTP]&amp;#27;[39m &amp;#27;[37m&lt;-- GET /wd/hub/session/1d59cc94-1e66-40f9-b4ec-ed1eb355d076/screenshot &amp;#27;[39m&amp;#27;[32m200&amp;#27;[39m &amp;#27;[90m1246 ms - 161408&amp;#27;[39m
&amp;#27;[35m[HTTP]&amp;#27;[39m &amp;#27;[90m&amp;#27;[39m
&amp;#27;[35m[HTTP]&amp;#27;[39m &amp;#27;[37m--&gt;&amp;#27;[39m &amp;#27;[37mPOST&amp;#27;[39m &amp;#27;[37m/wd/hub/session/1d59cc94-1e66-40f9-b4ec-ed1eb355d076/appium/app/close&amp;#27;[39m
&amp;#27;[35m[HTTP]&amp;#27;[39m &amp;#27;[90m{}&amp;#27;[39m
[debug] &amp;#27;[35m[W3C (1d59cc94)]&amp;#27;[39m Calling AppiumDriver.closeApp() with args: [&quot;1d59cc94-1e66-40f9-b4ec-ed1eb355d076&quot;]
[debug] &amp;#27;[35m[ADB]&amp;#27;[39m Running &apos;C:\Users\maliniv\AppData\Local\Android\Sdk\platform-tools\adb.exe -P 5037 -s 192.168.1.101\:5555 shell am force-stop com.samsung.android.calendar&apos;
[debug] &amp;#27;[35m[W3C (1d59cc94)]&amp;#27;[39m Responding to client with driver.closeApp() result: null
</system-out>
    <system-err>Feb 02, 2021 9:00:27 AM io.appium.java_client.remote.AppiumCommandExecutor$1 lambda$0
INFO: Detected dialect: W3C
</system-err>
  </testcase>
  <testcase classname="Create a recurring meeting using Native Android/IOS Calender App" name="Create a new recurring (3 days a week) meeting, and make sure it doesn&apos;t repeat on successive days #7" time="63.185">
    <failure type="java.lang.AssertionError">java.lang.AssertionError
	at org.junit.Assert.fail(Assert.java:86)
	at org.junit.Assert.fail(Assert.java:95)
	at Utilities.Tools.setInvitees(Tools.java:461)
	at StepDefinitions.TestStepDefinitions.i_invite_and_they_are(TestStepDefinitions.java:96)
	at âœ½.I invite &quot;2&quot; and they are &quot;deepak4all@gmail.com&quot;(file:///C:/Users/maliniv/Desktop/Sample/AndroidMobileAppAutomation/CalenderOne/src/test/java/Feature/CalenderEvents.feature:11)
</failure>
    <system-out>&amp;#27;[35m[Appium]&amp;#27;[39m Welcome to Appium v1.18.3
&amp;#27;[35m[Appium]&amp;#27;[39m Non-default server args:
&amp;#27;[35m[Appium]&amp;#27;[39m   port: 41877
&amp;#27;[35m[Appium]&amp;#27;[39m Appium REST http interface listener started on 0.0.0.0:41877
&amp;#27;[35m[HTTP]&amp;#27;[39m &amp;#27;[37m--&gt;&amp;#27;[39m &amp;#27;[37mGET&amp;#27;[39m &amp;#27;[37m/wd/hub/status&amp;#27;[39m
&amp;#27;[35m[HTTP]&amp;#27;[39m &amp;#27;[90m{}&amp;#27;[39m
[debug] &amp;#27;[35m[GENERIC]&amp;#27;[39m Calling AppiumDriver.getStatus() with args: []
[debug] &amp;#27;[35m[GENERIC]&amp;#27;[39m Responding to client with driver.getStatus() result: {&quot;build&quot;:{&quot;version&quot;:&quot;1.18.3&quot;}}
GalaxyS10e
&amp;#27;[35m[HTTP]&amp;#27;[39m &amp;#27;[37m&lt;-- GET /wd/hub/status &amp;#27;[39m&amp;#27;[32m200&amp;#27;[39m &amp;#27;[90m8 ms - 68&amp;#27;[39m
&amp;#27;[35m[HTTP]&amp;#27;[39m &amp;#27;[90m&amp;#27;[39m
&amp;#27;[35m[HTTP]&amp;#27;[39m &amp;#27;[37m--&gt;&amp;#27;[39m &amp;#27;[37mGET&amp;#27;[39m &amp;#27;[37m/wd/hub/status&amp;#27;[39m
&amp;#27;[35m[HTTP]&amp;#27;[39m &amp;#27;[90m{}&amp;#27;[39m
[debug] &amp;#27;[35m[GENERIC]&amp;#27;[39m Calling AppiumDriver.getStatus() with args: []
[debug] &amp;#27;[35m[GENERIC]&amp;#27;[39m Responding to client with driver.getStatus() result: {&quot;build&quot;:{&quot;version&quot;:&quot;1.18.3&quot;}}
&amp;#27;[35m[HTTP]&amp;#27;[39m &amp;#27;[37m&lt;-- GET /wd/hub/status &amp;#27;[39m&amp;#27;[32m200&amp;#27;[39m &amp;#27;[90m2 ms - 68&amp;#27;[39m
&amp;#27;[35m[HTTP]&amp;#27;[39m &amp;#27;[90m&amp;#27;[39m
&amp;#27;[35m[HTTP]&amp;#27;[39m &amp;#27;[37m--&gt;&amp;#27;[39m &amp;#27;[37mPOST&amp;#27;[39m &amp;#27;[37m/wd/hub/session&amp;#27;[39m
&amp;#27;[35m[HTTP]&amp;#27;[39m &amp;#27;[90m{&quot;desiredCapabilities&quot;:{&quot;appActivity&quot;:&quot;com.samsung.android.app.calendar.activity.MainActivity&quot;,&quot;appPackage&quot;:&quot;com.samsung.android.calendar&quot;,&quot;noReset&quot;:true,&quot;newCommandTimeout&quot;:&quot;10000&quot;,&quot;platformVersion&quot;:&quot;10&quot;,&quot;automationName&quot;:&quot;UiAutomator2&quot;,&quot;platformName&quot;:&quot;Android&quot;,&quot;deviceName&quot;:&quot;GalaxyS10e&quot;},&quot;capabilities&quot;:{&quot;firstMatch&quot;:[{&quot;appium:appActivity&quot;:&quot;com.samsung.android.app.calendar.activity.MainActivity&quot;,&quot;appium:appPackage&quot;:&quot;com.samsung.android.calendar&quot;,&quot;appium:automationName&quot;:&quot;UiAutomator2&quot;,&quot;appium:deviceName&quot;:&quot;GalaxyS10e&quot;,&quot;appium:newCommandTimeout&quot;:&quot;10000&quot;,&quot;appium:noReset&quot;:true,&quot;platformName&quot;:&quot;android&quot;,&quot;appium:platformVersion&quot;:&quot;10&quot;}]}}&amp;#27;[39m
[debug] &amp;#27;[35m[W3C]&amp;#27;[39m Calling AppiumDriver.createSession() with args: [{&quot;appActivity&quot;:&quot;com.samsung.android.app.calendar.activity.MainActivity&quot;,&quot;appPackage&quot;:&quot;com.samsung.android.calendar&quot;,&quot;noReset&quot;:true,&quot;newCommandTimeout&quot;:&quot;10000&quot;,&quot;platformVersion&quot;:&quot;10&quot;,&quot;automationName&quot;:&quot;UiAutomator2&quot;,&quot;platformName&quot;:&quot;Android&quot;,&quot;deviceName&quot;:&quot;GalaxyS10e&quot;},null,{&quot;firstMatch&quot;:[{&quot;appium:appActivity&quot;:&quot;com.samsung.android.app.calendar.activity.MainActivity&quot;,&quot;appium:appPackage&quot;:&quot;com.samsung.android.calendar&quot;,&quot;appium:automationName&quot;:&quot;UiAutomator2&quot;,&quot;appium:deviceName&quot;:&quot;GalaxyS10e&quot;,&quot;appium:newCommandTimeout&quot;:&quot;10000&quot;,&quot;appium:noReset&quot;:true,&quot;platformName&quot;:&quot;android&quot;,&quot;appium:platformVersion&quot;:&quot;10&quot;}]}]
[debug] &amp;#27;[35m[BaseDriver]&amp;#27;[39m Event &apos;newSessionRequested&apos; logged at 1612220447426 (09:00:47 GMT+1000 (Australian Eastern Standard Time))
&amp;#27;[35m[BaseDriver]&amp;#27;[39m Number capability passed in as string. Functionality may be compromised.
&amp;#27;[35m[Appium]&amp;#27;[39m Appium v1.18.3 creating new AndroidUiautomator2Driver (v1.56.1) session
[debug] &amp;#27;[35m[BaseDriver]&amp;#27;[39m W3C capabilities and MJSONWP desired capabilities were provided
[debug] &amp;#27;[35m[BaseDriver]&amp;#27;[39m Creating session with W3C capabilities: {
[debug] &amp;#27;[35m[BaseDriver]&amp;#27;[39m   &quot;alwaysMatch&quot;: {
[debug] &amp;#27;[35m[BaseDriver]&amp;#27;[39m     &quot;platformName&quot;: &quot;android&quot;,
[debug] &amp;#27;[35m[BaseDriver]&amp;#27;[39m     &quot;appium:appActivity&quot;: &quot;com.samsung.android.app.calendar.activity.MainActivity&quot;,
[debug] &amp;#27;[35m[BaseDriver]&amp;#27;[39m     &quot;appium:appPackage&quot;: &quot;com.samsung.android.calendar&quot;,
[debug] &amp;#27;[35m[BaseDriver]&amp;#27;[39m     &quot;appium:automationName&quot;: &quot;UiAutomator2&quot;,
[debug] &amp;#27;[35m[BaseDriver]&amp;#27;[39m     &quot;appium:deviceName&quot;: &quot;GalaxyS10e&quot;,
[debug] &amp;#27;[35m[BaseDriver]&amp;#27;[39m     &quot;appium:newCommandTimeout&quot;: &quot;10000&quot;,
[debug] &amp;#27;[35m[BaseDriver]&amp;#27;[39m     &quot;appium:noReset&quot;: true,
[debug] &amp;#27;[35m[BaseDriver]&amp;#27;[39m     &quot;appium:platformVersion&quot;: &quot;10&quot;
[debug] &amp;#27;[35m[BaseDriver]&amp;#27;[39m   },
[debug] &amp;#27;[35m[BaseDriver]&amp;#27;[39m   &quot;firstMatch&quot;: [
[debug] &amp;#27;[35m[BaseDriver]&amp;#27;[39m     {}
[debug] &amp;#27;[35m[BaseDriver]&amp;#27;[39m   ]
[debug] &amp;#27;[35m[BaseDriver]&amp;#27;[39m }
&amp;#27;[35m[BaseDriver]&amp;#27;[39m Number capability passed in as string. Functionality may be compromised.
&amp;#27;[35m[BaseDriver]&amp;#27;[39m Capability &apos;newCommandTimeout&apos; changed from string (&apos;10000&apos;) to integer (10000). This may cause unexpected behavior
&amp;#27;[35m[BaseDriver]&amp;#27;[39m Session created with session id: fd1d169e-7db2-4dfd-ba2a-e05fd060e6e4
&amp;#27;[35m[UiAutomator2]&amp;#27;[39m Starting &apos;com.samsung.android.calendar&apos; directly on the device
&amp;#27;[35m[ADB]&amp;#27;[39m Found 2 &apos;build-tools&apos; folders under &apos;C:\Users\maliniv\AppData\Local\Android\Sdk&apos; (newest first):
&amp;#27;[35m[ADB]&amp;#27;[39m     C:/Users/maliniv/AppData/Local/Android/Sdk/build-tools/30.0.2
&amp;#27;[35m[ADB]&amp;#27;[39m     C:/Users/maliniv/AppData/Local/Android/Sdk/build-tools/29.0.2
&amp;#27;[35m[ADB]&amp;#27;[39m Using &apos;adb.exe&apos; from &apos;C:\Users\maliniv\AppData\Local\Android\Sdk\platform-tools\adb.exe&apos;
[debug] &amp;#27;[35m[ADB]&amp;#27;[39m Running &apos;C:\Users\maliniv\AppData\Local\Android\Sdk\platform-tools\adb.exe -P 5037 start-server&apos;
&amp;#27;[35m[AndroidDriver]&amp;#27;[39m Retrieving device list
[debug] &amp;#27;[35m[ADB]&amp;#27;[39m Trying to find a connected android device
[debug] &amp;#27;[35m[ADB]&amp;#27;[39m Getting connected devices
[debug] &amp;#27;[35m[ADB]&amp;#27;[39m Connected devices: [{&quot;udid&quot;:&quot;192.168.1.101:5555&quot;,&quot;state&quot;:&quot;device&quot;}]
&amp;#27;[35m[AndroidDriver]&amp;#27;[39m Looking for a device with Android &apos;10.0.0&apos;
[debug] &amp;#27;[35m[ADB]&amp;#27;[39m Setting device id to 192.168.1.101:5555
&amp;#27;[35m[ADB]&amp;#27;[39m Getting device platform version
[debug] &amp;#27;[35m[ADB]&amp;#27;[39m Running &apos;C:\Users\maliniv\AppData\Local\Android\Sdk\platform-tools\adb.exe -P 5037 -s 192.168.1.101\:5555 shell getprop ro.build.version.release&apos;
[debug] &amp;#27;[35m[ADB]&amp;#27;[39m Current device property &apos;ro.build.version.release&apos;: 10
&amp;#27;[35m[AndroidDriver]&amp;#27;[39m Using device: 192.168.1.101:5555
&amp;#27;[35m[ADB]&amp;#27;[39m Using &apos;adb.exe&apos; from &apos;C:\Users\maliniv\AppData\Local\Android\Sdk\platform-tools\adb.exe&apos;
[debug] &amp;#27;[35m[ADB]&amp;#27;[39m Running &apos;C:\Users\maliniv\AppData\Local\Android\Sdk\platform-tools\adb.exe -P 5037 start-server&apos;
[debug] &amp;#27;[35m[ADB]&amp;#27;[39m Setting device id to 192.168.1.101:5555
[debug] &amp;#27;[35m[ADB]&amp;#27;[39m Running &apos;C:\Users\maliniv\AppData\Local\Android\Sdk\platform-tools\adb.exe -P 5037 -s 192.168.1.101\:5555 shell getprop ro.build.version.sdk&apos;
[debug] &amp;#27;[35m[ADB]&amp;#27;[39m Current device property &apos;ro.build.version.sdk&apos;: 29
&amp;#27;[35m[ADB]&amp;#27;[39m Getting device platform version
[debug] &amp;#27;[35m[ADB]&amp;#27;[39m Running &apos;C:\Users\maliniv\AppData\Local\Android\Sdk\platform-tools\adb.exe -P 5037 -s 192.168.1.101\:5555 shell getprop ro.build.version.release&apos;
[debug] &amp;#27;[35m[ADB]&amp;#27;[39m Current device property &apos;ro.build.version.release&apos;: 10
[debug] &amp;#27;[35m[ADB]&amp;#27;[39m Device API level: 29
&amp;#27;[35m[UiAutomator2]&amp;#27;[39m Relaxing hidden api policy
[debug] &amp;#27;[35m[ADB]&amp;#27;[39m Running &apos;C:\Users\maliniv\AppData\Local\Android\Sdk\platform-tools\adb.exe -P 5037 -s 192.168.1.101\:5555 shell &apos;settings put global hidden_api_policy_pre_p_apps 1;settings put global hidden_api_policy_p_apps 1;settings put global hidden_api_policy 1&apos;&apos;
&amp;#27;[35m[AndroidDriver]&amp;#27;[39m No app sent in, not parsing package/activity
[debug] &amp;#27;[35m[ADB]&amp;#27;[39m Running &apos;C:\Users\maliniv\AppData\Local\Android\Sdk\platform-tools\adb.exe -P 5037 -s 192.168.1.101\:5555 wait-for-device&apos;
[debug] &amp;#27;[35m[ADB]&amp;#27;[39m Running &apos;C:\Users\maliniv\AppData\Local\Android\Sdk\platform-tools\adb.exe -P 5037 -s 192.168.1.101\:5555 shell echo ping&apos;
[debug] &amp;#27;[35m[AndroidDriver]&amp;#27;[39m Pushing settings apk to device...
[debug] &amp;#27;[35m[ADB]&amp;#27;[39m Getting install status for io.appium.settings
[debug] &amp;#27;[35m[ADB]&amp;#27;[39m Running &apos;C:\Users\maliniv\AppData\Local\Android\Sdk\platform-tools\adb.exe -P 5037 -s 192.168.1.101\:5555 shell dumpsys package io.appium.settings&apos;
[debug] &amp;#27;[35m[ADB]&amp;#27;[39m &apos;io.appium.settings&apos; is installed
[debug] &amp;#27;[35m[ADB]&amp;#27;[39m Getting package info for &apos;io.appium.settings&apos;
[debug] &amp;#27;[35m[ADB]&amp;#27;[39m Running &apos;C:\Users\maliniv\AppData\Local\Android\Sdk\platform-tools\adb.exe -P 5037 -s 192.168.1.101\:5555 shell dumpsys package io.appium.settings&apos;
[debug] &amp;#27;[35m[ADB]&amp;#27;[39m The version name of the installed &apos;io.appium.settings&apos; is greater or equal to the application version name (&apos;3.2.0&apos; &gt;= &apos;3.2.0&apos;)
[debug] &amp;#27;[35m[ADB]&amp;#27;[39m There is no need to install/upgrade &apos;C:\Users\maliniv\AppData\Roaming\npm\node_modules\appium\node_modules\io.appium.settings\apks\settings_apk-debug.apk&apos;
[debug] &amp;#27;[35m[ADB]&amp;#27;[39m Getting IDs of all &apos;io.appium.settings&apos; processes
[debug] &amp;#27;[35m[ADB]&amp;#27;[39m Running &apos;C:\Users\maliniv\AppData\Local\Android\Sdk\platform-tools\adb.exe -P 5037 -s 192.168.1.101\:5555 shell &apos;pgrep --help; echo $?&apos;&apos;
[debug] &amp;#27;[35m[ADB]&amp;#27;[39m Running &apos;C:\Users\maliniv\AppData\Local\Android\Sdk\platform-tools\adb.exe -P 5037 -s 192.168.1.101\:5555 shell pgrep -f io\\.appium\\.settings&apos;
[debug] &amp;#27;[35m[AndroidDriver]&amp;#27;[39m io.appium.settings is already running. There is no need to reset its permissions.
[debug] &amp;#27;[35m[ADB]&amp;#27;[39m Running &apos;C:\Users\maliniv\AppData\Local\Android\Sdk\platform-tools\adb.exe -P 5037 -s 192.168.1.101\:5555 shell appops set io.appium.settings android\:mock_location allow&apos;
[debug] &amp;#27;[35m[Logcat]&amp;#27;[39m Starting logs capture with command: C:\\Users\\maliniv\\AppData\\Local\\Android\\Sdk\\platform-tools\\adb.exe -P 5037 -s 192.168.1.101\:5555 logcat -v threadtime
[debug] &amp;#27;[35m[UiAutomator2]&amp;#27;[39m Forwarding UiAutomator2 Server port 6790 to 8228
[debug] &amp;#27;[35m[ADB]&amp;#27;[39m Forwarding system: 8228 to device: 6790
[debug] &amp;#27;[35m[ADB]&amp;#27;[39m Running &apos;C:\Users\maliniv\AppData\Local\Android\Sdk\platform-tools\adb.exe -P 5037 -s 192.168.1.101\:5555 forward tcp\:8228 tcp\:6790&apos;
[debug] &amp;#27;[35m[ADB]&amp;#27;[39m Getting install status for io.appium.uiautomator2.server
[debug] &amp;#27;[35m[ADB]&amp;#27;[39m Running &apos;C:\Users\maliniv\AppData\Local\Android\Sdk\platform-tools\adb.exe -P 5037 -s 192.168.1.101\:5555 shell dumpsys package io.appium.uiautomator2.server&apos;
[debug] &amp;#27;[35m[ADB]&amp;#27;[39m &apos;io.appium.uiautomator2.server&apos; is installed
[debug] &amp;#27;[35m[ADB]&amp;#27;[39m Getting package info for &apos;io.appium.uiautomator2.server&apos;
[debug] &amp;#27;[35m[ADB]&amp;#27;[39m Running &apos;C:\Users\maliniv\AppData\Local\Android\Sdk\platform-tools\adb.exe -P 5037 -s 192.168.1.101\:5555 shell dumpsys package io.appium.uiautomator2.server&apos;
[debug] &amp;#27;[35m[ADB]&amp;#27;[39m The version name of the installed &apos;io.appium.uiautomator2.server&apos; is greater or equal to the application version name (&apos;4.12.2&apos; &gt;= &apos;4.12.2&apos;)
[debug] &amp;#27;[35m[UiAutomator2]&amp;#27;[39m io.appium.uiautomator2.server installation state: sameVersionInstalled
[debug] &amp;#27;[35m[ADB]&amp;#27;[39m Checking app cert for C:\Users\maliniv\AppData\Roaming\npm\node_modules\appium\node_modules\appium-uiautomator2-server\apks\appium-uiautomator2-server-v4.12.2.apk
&amp;#27;[35m[ADB]&amp;#27;[39m Using &apos;apksigner.jar&apos; from &apos;C:\Users\maliniv\AppData\Local\Android\Sdk\build-tools\30.0.2\lib\apksigner.jar&apos;
[debug] &amp;#27;[35m[ADB]&amp;#27;[39m Starting apksigner: &apos;C:\\Program Files\\Java\\jdk1.8.0_121\\bin\\java.exe&apos; -Xmx1024M -Xss1m -jar C:\\Users\\maliniv\\AppData\\Local\\Android\\Sdk\\build-tools\\30.0.2\\lib\\apksigner.jar verify --print-certs C:\\Users\\maliniv\\AppData\\Roaming\\npm\\node_modules\\appium\\node_modules\\appium-uiautomator2-server\\apks\\appium-uiautomator2-server-v4.12.2.apk
[debug] &amp;#27;[35m[ADB]&amp;#27;[39m apksigner stdout: Signer #1 certificate DN: EMAILADDRESS=android@android.com, CN=Android, OU=Android, O=Android, L=Mountain View, ST=California, C=US
[debug] &amp;#27;[35m[ADB]&amp;#27;[39m Signer #1 certificate SHA-256 digest: a40da80a59d170caa950cf15c18c454d47a39b26989d8b640ecd745ba71bf5dc
[debug] &amp;#27;[35m[ADB]&amp;#27;[39m Signer #1 certificate SHA-1 digest: 61ed377e85d386a8dfee6b864bd85b0bfaa5af81
[debug] &amp;#27;[35m[ADB]&amp;#27;[39m Signer #1 certificate MD5 digest: e89b158e4bcf988ebd09eb83f5378e87
[debug] &amp;#27;[35m[ADB]&amp;#27;[39m 
[debug] &amp;#27;[35m[ADB]&amp;#27;[39m &apos;C:\Users\maliniv\AppData\Roaming\npm\node_modules\appium\node_modules\appium-uiautomator2-server\apks\appium-uiautomator2-server-v4.12.2.apk&apos; is signed with the default certificate
[debug] &amp;#27;[35m[ADB]&amp;#27;[39m Getting install status for io.appium.uiautomator2.server.test
[debug] &amp;#27;[35m[ADB]&amp;#27;[39m Running &apos;C:\Users\maliniv\AppData\Local\Android\Sdk\platform-tools\adb.exe -P 5037 -s 192.168.1.101\:5555 shell dumpsys package io.appium.uiautomator2.server.test&apos;
[debug] &amp;#27;[35m[ADB]&amp;#27;[39m &apos;io.appium.uiautomator2.server.test&apos; is installed
[debug] &amp;#27;[35m[ADB]&amp;#27;[39m Checking app cert for C:\Users\maliniv\AppData\Roaming\npm\node_modules\appium\node_modules\appium-uiautomator2-server\apks\appium-uiautomator2-server-debug-androidTest.apk
[debug] &amp;#27;[35m[ADB]&amp;#27;[39m Starting apksigner: &apos;C:\\Program Files\\Java\\jdk1.8.0_121\\bin\\java.exe&apos; -Xmx1024M -Xss1m -jar C:\\Users\\maliniv\\AppData\\Local\\Android\\Sdk\\build-tools\\30.0.2\\lib\\apksigner.jar verify --print-certs C:\\Users\\maliniv\\AppData\\Roaming\\npm\\node_modules\\appium\\node_modules\\appium-uiautomator2-server\\apks\\appium-uiautomator2-server-debug-androidTest.apk
[debug] &amp;#27;[35m[ADB]&amp;#27;[39m apksigner stdout: Signer #1 certificate DN: EMAILADDRESS=android@android.com, CN=Android, OU=Android, O=Android, L=Mountain View, ST=California, C=US
[debug] &amp;#27;[35m[ADB]&amp;#27;[39m Signer #1 certificate SHA-256 digest: a40da80a59d170caa950cf15c18c454d47a39b26989d8b640ecd745ba71bf5dc
[debug] &amp;#27;[35m[ADB]&amp;#27;[39m Signer #1 certificate SHA-1 digest: 61ed377e85d386a8dfee6b864bd85b0bfaa5af81
[debug] &amp;#27;[35m[ADB]&amp;#27;[39m Signer #1 certificate MD5 digest: e89b158e4bcf988ebd09eb83f5378e87
[debug] &amp;#27;[35m[ADB]&amp;#27;[39m 
[debug] &amp;#27;[35m[ADB]&amp;#27;[39m &apos;C:\Users\maliniv\AppData\Roaming\npm\node_modules\appium\node_modules\appium-uiautomator2-server\apks\appium-uiautomator2-server-debug-androidTest.apk&apos; is signed with the default certificate
&amp;#27;[35m[UiAutomator2]&amp;#27;[39m Server packages are not going to be (re)installed
[debug] &amp;#27;[35m[UiAutomator2]&amp;#27;[39m Waiting up to 30000ms for services to be available
[debug] &amp;#27;[35m[ADB]&amp;#27;[39m Running &apos;C:\Users\maliniv\AppData\Local\Android\Sdk\platform-tools\adb.exe -P 5037 -s 192.168.1.101\:5555 shell pm list instrumentation&apos;
[debug] &amp;#27;[35m[UiAutomator2]&amp;#27;[39m Instrumentation target &apos;io.appium.uiautomator2.server.test/androidx.test.runner.AndroidJUnitRunner&apos; is available
[debug] &amp;#27;[35m[UiAutomator2]&amp;#27;[39m No app capability. Assuming it is already on the device
[debug] &amp;#27;[35m[UiAutomator2]&amp;#27;[39m Performing shallow cleanup of automation leftovers
[debug] &amp;#27;[35m[UiAutomator2]&amp;#27;[39m The following obsolete sessions are still running: [null]
[debug] &amp;#27;[35m[UiAutomator2]&amp;#27;[39m Cleaning up the obsolete sessions
[debug] &amp;#27;[35m[ADB]&amp;#27;[39m Running &apos;C:\Users\maliniv\AppData\Local\Android\Sdk\platform-tools\adb.exe -P 5037 -s 192.168.1.101\:5555 shell am force-stop io.appium.uiautomator2.server.test&apos;
&amp;#27;[35m[UiAutomator2]&amp;#27;[39m Starting UIAutomator2 server 4.12.2
&amp;#27;[35m[UiAutomator2]&amp;#27;[39m Using UIAutomator2 server from &apos;C:\Users\maliniv\AppData\Roaming\npm\node_modules\appium\node_modules\appium-uiautomator2-server\apks\appium-uiautomator2-server-v4.12.2.apk&apos; and test from &apos;C:\Users\maliniv\AppData\Roaming\npm\node_modules\appium\node_modules\appium-uiautomator2-server\apks\appium-uiautomator2-server-debug-androidTest.apk&apos;
&amp;#27;[35m[UiAutomator2]&amp;#27;[39m Waiting up to 30000ms for UiAutomator2 to be online...
[debug] &amp;#27;[35m[ADB]&amp;#27;[39m Creating ADB subprocess with args: [&quot;-P&quot;,5037,&quot;-s&quot;,&quot;192.168.1.101:5555&quot;,&quot;shell&quot;,&quot;am&quot;,&quot;instrument&quot;,&quot;-w&quot;,&quot;io.appium.uiautomator2.server.test/androidx.test.runner.AndroidJUnitRunner&quot;]
[debug] &amp;#27;[35m[Instrumentation]&amp;#27;[39m io.appium.uiautomator2.server.test.AppiumUiAutomator2Server:
[debug] &amp;#27;[35m[WD Proxy]&amp;#27;[39m Matched &apos;/status&apos; to command name &apos;getStatus&apos;
[debug] &amp;#27;[35m[WD Proxy]&amp;#27;[39m Proxying [GET /status] to [GET http://127.0.0.1:8228/wd/hub/status] with no body
&amp;#27;[35m[WD Proxy]&amp;#27;[39m socket hang up
[debug] &amp;#27;[35m[WD Proxy]&amp;#27;[39m Matched &apos;/status&apos; to command name &apos;getStatus&apos;
[debug] &amp;#27;[35m[WD Proxy]&amp;#27;[39m Proxying [GET /status] to [GET http://127.0.0.1:8228/wd/hub/status] with no body
[debug] &amp;#27;[35m[WD Proxy]&amp;#27;[39m Got response with status 200: {&quot;sessionId&quot;:&quot;None&quot;,&quot;value&quot;:{&quot;message&quot;:&quot;UiAutomator2 Server is ready to accept commands&quot;,&quot;ready&quot;:true}}
[debug] &amp;#27;[35m[UiAutomator2]&amp;#27;[39m The initialization of the instrumentation process took 2461ms
[debug] &amp;#27;[35m[WD Proxy]&amp;#27;[39m Matched &apos;/session&apos; to command name &apos;createSession&apos;
[debug] &amp;#27;[35m[WD Proxy]&amp;#27;[39m Proxying [POST /session] to [POST http://127.0.0.1:8228/wd/hub/session] with body: {&quot;capabilities&quot;:{&quot;firstMatch&quot;:[{&quot;platform&quot;:&quot;LINUX&quot;,&quot;webStorageEnabled&quot;:false,&quot;takesScreenshot&quot;:true,&quot;javascriptEnabled&quot;:true,&quot;databaseEnabled&quot;:false,&quot;networkConnectionEnabled&quot;:true,&quot;locationContextEnabled&quot;:false,&quot;warnings&quot;:{},&quot;desired&quot;:{&quot;platformName&quot;:&quot;android&quot;,&quot;appActivity&quot;:&quot;com.samsung.android.app.calendar.activity.MainActivity&quot;,&quot;appPackage&quot;:&quot;com.samsung.android.calendar&quot;,&quot;automationName&quot;:&quot;UiAutomator2&quot;,&quot;deviceName&quot;:&quot;GalaxyS10e&quot;,&quot;newCommandTimeout&quot;:10000,&quot;noReset&quot;:true,&quot;platformVersion&quot;:&quot;10&quot;},&quot;platformName&quot;:&quot;android&quot;,&quot;appActivity&quot;:&quot;com.samsung.android.app.calendar.activity.MainActivity&quot;,&quot;appPackage&quot;:&quot;com.samsung.android.calendar&quot;,&quot;automationName&quot;:&quot;UiAutomator2&quot;,&quot;deviceName&quot;:&quot;192.168.1.101:5555&quot;,&quot;newCommandTimeout&quot;:10000,&quot;noReset&quot;:true,&quot;platformVersion&quot;:&quot;10&quot;,&quot;deviceUDID&quot;:&quot;192.168.1.101:5555&quot;}],&quot;alwaysMatch&quot;:{}}}
[debug] &amp;#27;[35m[WD Proxy]&amp;#27;[39m Got response with status 200: {&quot;sessionId&quot;:&quot;95165d5b-2b46-4537-942f-2e9e341d5032&quot;,&quot;value&quot;:{&quot;capabilities&quot;:{&quot;firstMatch&quot;:[{&quot;platform&quot;:&quot;LINUX&quot;,&quot;webStorageEnabled&quot;:false,&quot;takesScreenshot&quot;:true,&quot;javascriptEnabled&quot;:true,&quot;databaseEnabled&quot;:false,&quot;networkConnectionEnabled&quot;:true,&quot;locationContextEnabled&quot;:false,&quot;warnings&quot;:{},&quot;desired&quot;:{&quot;platformName&quot;:&quot;android&quot;,&quot;appActivity&quot;:&quot;com.samsung.android.app.calendar.activity.MainActivity&quot;,&quot;appPackage&quot;:&quot;com.samsung.android.calendar&quot;,&quot;automationName&quot;:&quot;UiAutomator2&quot;,&quot;deviceName&quot;:&quot;GalaxyS10e&quot;,&quot;newCommandTimeout&quot;:10000,&quot;noReset&quot;:true,&quot;platformVersion&quot;:&quot;10&quot;},&quot;platformName&quot;:&quot;android&quot;,&quot;appActivity&quot;:&quot;com.samsung.android.app.calendar.activity.MainActivity&quot;,&quot;appPackage&quot;:&quot;com.samsung.android.calendar&quot;,&quot;automationName&quot;:&quot;UiAutomator2&quot;,&quot;deviceName&quot;:&quot;192.168.1.101:5555&quot;,&quot;newCommandTimeout&quot;:10000,&quot;noReset&quot;:true,&quot;platformVersion&quot;:&quot;10&quot;,&quot;deviceUDID&quot;:&quot;192.168.1.101:5555&quot;}],&quot;alwaysMatch&quot;:{}},&quot;sessionId&quot;:&quot;95165d5b-2b46-4537-942f-2e9e341d5032&quot;}}
&amp;#27;[35m[WD Proxy]&amp;#27;[39m Determined the downstream protocol as &apos;W3C&apos;
[debug] &amp;#27;[35m[WD Proxy]&amp;#27;[39m Proxying [GET /appium/device/info] to [GET http://127.0.0.1:8228/wd/hub/session/95165d5b-2b46-4537-942f-2e9e341d5032/appium/device/info] with no body
[debug] &amp;#27;[35m[WD Proxy]&amp;#27;[39m Got response with status 200: {&quot;sessionId&quot;:&quot;95165d5b-2b46-4537-942f-2e9e341d5032&quot;,&quot;value&quot;:{&quot;androidId&quot;:&quot;62f0e43bb0e2450e&quot;,&quot;apiVersion&quot;:&quot;29&quot;,&quot;bluetooth&quot;:{&quot;state&quot;:&quot;OFF&quot;},&quot;brand&quot;:&quot;samsung&quot;,&quot;carrierName&quot;:&quot;Vodafone AU&quot;,&quot;displayDensity&quot;:480,&quot;locale&quot;:&quot;en_AU&quot;,&quot;manufacturer&quot;:&quot;samsung&quot;,&quot;model&quot;:&quot;SM-G970F&quot;,&quot;networks&quot;:[{&quot;capabilities&quot;:{&quot;SSID&quot;:null,&quot;linkDownBandwidthKbps&quot;:102400,&quot;linkUpstreamBandwidthKbps&quot;:51200,&quot;networkCapabilities&quot;:&quot;NET_CAPABILITY_IMS,NET_CAPABILITY_NOT_METERED,NET_CAPABILITY_TRUSTED,NET_CAPABILITY_NOT_VPN,NET_CAPABILITY_VALIDATED,NET_CAPABILITY_NOT_ROAMING,NET_CAPABILITY_FOREGROUND,NET_CAPABILITY_NOT_CONGESTED,NET_CAPABILITY_NOT_SUSPENDED&quot;,&quot;signalStrength&quot;:-2147483648,&quot;transportTypes&quot;:&quot;TRANSPORT_CELLULAR&quot;},&quot;detailedState&quot;:&quot;CONNECTED&quot;,&quot;extraInfo&quot;:&quot;IMS&quot;,&quot;isAvailable&quot;:true,&quot;isConnected&quot;:true,&quot;isFailover&quot;:false,&quot;isRoaming&quot;:false,&quot;state&quot;:&quot;CONNECTED&quot;,&quot;subtype&quot;:13,&quot;subtypeName&quot;:&quot;LTE&quot;,&quot;type&quot;:0,&quot;typeName&quot;:&quot;MOBILE&quot;},{&quot;capabilities&quot;:{&quot;SSID&quot;:null,&quot;linkDownBandwidthKbps&quot;:1048576,&quot;linkUpstreamBandwidthKbps&quot;:1048576,&quot;networkCapabilities&quot;:&quot;NET_C...
[debug] &amp;#27;[35m[ADB]&amp;#27;[39m Running &apos;C:\Users\maliniv\AppData\Local\Android\Sdk\platform-tools\adb.exe -P 5037 -s 192.168.1.101\:5555 shell dumpsys window&apos;
&amp;#27;[35m[AndroidDriver]&amp;#27;[39m Screen already unlocked, doing nothing
&amp;#27;[35m[UiAutomator2]&amp;#27;[39m Starting &apos;com.samsung.android.calendar/com.samsung.android.app.calendar.activity.MainActivity and waiting for &apos;com.samsung.android.calendar/com.samsung.android.app.calendar.activity.MainActivity&apos;
[debug] &amp;#27;[35m[ADB]&amp;#27;[39m Running &apos;C:\Users\maliniv\AppData\Local\Android\Sdk\platform-tools\adb.exe -P 5037 -s 192.168.1.101\:5555 shell am start -W -n com.samsung.android.calendar/com.samsung.android.app.calendar.activity.MainActivity -S -a android.intent.action.MAIN -c android.intent.category.LAUNCHER -f 0x10200000&apos;
[debug] &amp;#27;[35m[WD Proxy]&amp;#27;[39m Proxying [GET /appium/device/pixel_ratio] to [GET http://127.0.0.1:8228/wd/hub/session/95165d5b-2b46-4537-942f-2e9e341d5032/appium/device/pixel_ratio] with no body
[debug] &amp;#27;[35m[WD Proxy]&amp;#27;[39m Got response with status 200: {&quot;sessionId&quot;:&quot;95165d5b-2b46-4537-942f-2e9e341d5032&quot;,&quot;value&quot;:3}
[debug] &amp;#27;[35m[WD Proxy]&amp;#27;[39m Matched &apos;/appium/device/system_bars&apos; to command name &apos;getSystemBars&apos;
[debug] &amp;#27;[35m[WD Proxy]&amp;#27;[39m Proxying [GET /appium/device/system_bars] to [GET http://127.0.0.1:8228/wd/hub/session/95165d5b-2b46-4537-942f-2e9e341d5032/appium/device/system_bars] with no body
[debug] &amp;#27;[35m[WD Proxy]&amp;#27;[39m Got response with status 200: {&quot;sessionId&quot;:&quot;95165d5b-2b46-4537-942f-2e9e341d5032&quot;,&quot;value&quot;:{&quot;statusBar&quot;:117}}
[debug] &amp;#27;[35m[WD Proxy]&amp;#27;[39m Matched &apos;/window/current/size&apos; to command name &apos;getWindowSize&apos;
[debug] &amp;#27;[35m[WD Proxy]&amp;#27;[39m Proxying [GET /window/current/size] to [GET http://127.0.0.1:8228/wd/hub/session/95165d5b-2b46-4537-942f-2e9e341d5032/window/current/size] with no body
[debug] &amp;#27;[35m[WD Proxy]&amp;#27;[39m Got response with status 200: {&quot;sessionId&quot;:&quot;95165d5b-2b46-4537-942f-2e9e341d5032&quot;,&quot;value&quot;:{&quot;height&quot;:2020,&quot;width&quot;:1080}}
&amp;#27;[35m[Appium]&amp;#27;[39m New AndroidUiautomator2Driver session created successfully, session fd1d169e-7db2-4dfd-ba2a-e05fd060e6e4 added to master session list
[debug] &amp;#27;[35m[BaseDriver]&amp;#27;[39m Event &apos;newSessionStarted&apos; logged at 1612220458872 (09:00:58 GMT+1000 (Australian Eastern Standard Time))
[debug] &amp;#27;[35m[W3C (fd1d169e)]&amp;#27;[39m Cached the protocol value &apos;W3C&apos; for the new session fd1d169e-7db2-4dfd-ba2a-e05fd060e6e4
[debug] &amp;#27;[35m[W3C (fd1d169e)]&amp;#27;[39m Responding to client with driver.createSession() result: {&quot;capabilities&quot;:{&quot;platform&quot;:&quot;LINUX&quot;,&quot;webStorageEnabled&quot;:false,&quot;takesScreenshot&quot;:true,&quot;javascriptEnabled&quot;:true,&quot;databaseEnabled&quot;:false,&quot;networkConnectionEnabled&quot;:true,&quot;locationContextEnabled&quot;:false,&quot;warnings&quot;:{},&quot;desired&quot;:{&quot;platformName&quot;:&quot;android&quot;,&quot;appActivity&quot;:&quot;com.samsung.android.app.calendar.activity.MainActivity&quot;,&quot;appPackage&quot;:&quot;com.samsung.android.calendar&quot;,&quot;automationName&quot;:&quot;UiAutomator2&quot;,&quot;deviceName&quot;:&quot;GalaxyS10e&quot;,&quot;newCommandTimeout&quot;:10000,&quot;noReset&quot;:true,&quot;platformVersion&quot;:&quot;10&quot;},&quot;platformName&quot;:&quot;android&quot;,&quot;appActivity&quot;:&quot;com.samsung.android.app.calendar.activity.MainActivity&quot;,&quot;appPackage&quot;:&quot;com.samsung.android.calendar&quot;,&quot;automationName&quot;:&quot;UiAutomator2&quot;,&quot;deviceName&quot;:&quot;192.168.1.101:5555&quot;,&quot;newCommandTimeout&quot;:10000,&quot;noReset&quot;:true,&quot;platformVersion&quot;:&quot;10&quot;,&quot;deviceUDID&quot;:&quot;192.168.1.101:5555&quot;,&quot;deviceApiLevel&quot;:29,&quot;deviceScreenSize&quot;:&quot;1080x2280&quot;,&quot;deviceScreenDensity&quot;:480,&quot;deviceModel&quot;:&quot;SM-G970F&quot;,&quot;deviceManufacturer&quot;:&quot;samsung&quot;,&quot;pixelRatio&quot;:3,&quot;statBarHeight&quot;:117,&quot;viewportRect&quot;:{&quot;left&quot;:0,&quot;top&quot;:117,&quot;width&quot;:1080,&quot;height&quot;:1903}}}
&amp;#27;[35m[HTTP]&amp;#27;[39m &amp;#27;[37m&lt;-- POST /wd/hub/session &amp;#27;[39m&amp;#27;[32m200&amp;#27;[39m &amp;#27;[90m11455 ms - 1082&amp;#27;[39m
&amp;#27;[35m[HTTP]&amp;#27;[39m &amp;#27;[90m&amp;#27;[39m
&amp;#27;[35m[HTTP]&amp;#27;[39m &amp;#27;[37m--&gt;&amp;#27;[39m &amp;#27;[37mPOST&amp;#27;[39m &amp;#27;[37m/wd/hub/session/fd1d169e-7db2-4dfd-ba2a-e05fd060e6e4/timeouts&amp;#27;[39m
&amp;#27;[35m[HTTP]&amp;#27;[39m &amp;#27;[90m{&quot;implicit&quot;:10000}&amp;#27;[39m
[debug] &amp;#27;[35m[W3C (fd1d169e)]&amp;#27;[39m Calling AppiumDriver.timeouts() with args: [null,null,null,null,10000,&quot;fd1d169e-7db2-4dfd-ba2a-e05fd060e6e4&quot;]
[debug] &amp;#27;[35m[BaseDriver]&amp;#27;[39m W3C timeout argument: {&quot;implicit&quot;:10000}}
[debug] &amp;#27;[35m[BaseDriver]&amp;#27;[39m Set implicit wait to 10000ms
[debug] &amp;#27;[35m[W3C (fd1d169e)]&amp;#27;[39m Responding to client with driver.timeouts() result: null
&amp;#27;[35m[HTTP]&amp;#27;[39m &amp;#27;[37m&lt;-- POST /wd/hub/session/fd1d169e-7db2-4dfd-ba2a-e05fd060e6e4/timeouts &amp;#27;[39m&amp;#27;[32m200&amp;#27;[39m &amp;#27;[90m11 ms - 14&amp;#27;[39m
&amp;#27;[35m[HTTP]&amp;#27;[39m &amp;#27;[90m&amp;#27;[39m
&amp;#27;[35m[HTTP]&amp;#27;[39m &amp;#27;[37m--&gt;&amp;#27;[39m &amp;#27;[37mGET&amp;#27;[39m &amp;#27;[37m/wd/hub/session/fd1d169e-7db2-4dfd-ba2a-e05fd060e6e4/context&amp;#27;[39m
&amp;#27;[35m[HTTP]&amp;#27;[39m &amp;#27;[90m{}&amp;#27;[39m
[debug] &amp;#27;[35m[W3C (fd1d169e)]&amp;#27;[39m Calling AppiumDriver.getCurrentContext() with args: [&quot;fd1d169e-7db2-4dfd-ba2a-e05fd060e6e4&quot;]
[debug] &amp;#27;[35m[W3C (fd1d169e)]&amp;#27;[39m Responding to client with driver.getCurrentContext() result: &quot;NATIVE_APP&quot;
&amp;#27;[35m[HTTP]&amp;#27;[39m &amp;#27;[37m&lt;-- GET /wd/hub/session/fd1d169e-7db2-4dfd-ba2a-e05fd060e6e4/context &amp;#27;[39m&amp;#27;[32m200&amp;#27;[39m &amp;#27;[90m10 ms - 22&amp;#27;[39m
&amp;#27;[35m[HTTP]&amp;#27;[39m &amp;#27;[90m&amp;#27;[39m
&amp;#27;[35m[HTTP]&amp;#27;[39m &amp;#27;[37m--&gt;&amp;#27;[39m &amp;#27;[37mPOST&amp;#27;[39m &amp;#27;[37m/wd/hub/session/fd1d169e-7db2-4dfd-ba2a-e05fd060e6e4/element&amp;#27;[39m
&amp;#27;[35m[HTTP]&amp;#27;[39m &amp;#27;[90m{&quot;using&quot;:&quot;id&quot;,&quot;value&quot;:&quot;com.samsung.android.calendar:id/floating_action_button&quot;}&amp;#27;[39m
[debug] &amp;#27;[35m[W3C (fd1d169e)]&amp;#27;[39m Calling AppiumDriver.findElement() with args: [&quot;id&quot;,&quot;com.samsung.android.calendar:id/floating_action_button&quot;,&quot;fd1d169e-7db2-4dfd-ba2a-e05fd060e6e4&quot;]
[debug] &amp;#27;[35m[BaseDriver]&amp;#27;[39m Valid locator strategies for this request: xpath, id, class name, accessibility id, -android uiautomator
[debug] &amp;#27;[35m[BaseDriver]&amp;#27;[39m Waiting up to 10000 ms for condition
[debug] &amp;#27;[35m[WD Proxy]&amp;#27;[39m Matched &apos;/element&apos; to command name &apos;findElement&apos;
[debug] &amp;#27;[35m[WD Proxy]&amp;#27;[39m Proxying [POST /element] to [POST http://127.0.0.1:8228/wd/hub/session/95165d5b-2b46-4537-942f-2e9e341d5032/element] with body: {&quot;strategy&quot;:&quot;id&quot;,&quot;selector&quot;:&quot;com.samsung.android.calendar:id/floating_action_button&quot;,&quot;context&quot;:&quot;&quot;,&quot;multiple&quot;:false}
[debug] &amp;#27;[35m[WD Proxy]&amp;#27;[39m Got response with status 200: {&quot;sessionId&quot;:&quot;95165d5b-2b46-4537-942f-2e9e341d5032&quot;,&quot;value&quot;:{&quot;ELEMENT&quot;:&quot;48d6835e-9fe8-40cf-9344-12db4929339d&quot;,&quot;element-6066-11e4-a52e-4f735466cecf&quot;:&quot;48d6835e-9fe8-40cf-9344-12db4929339d&quot;}}
[debug] &amp;#27;[35m[W3C (fd1d169e)]&amp;#27;[39m Responding to client with driver.findElement() result: {&quot;element-6066-11e4-a52e-4f735466cecf&quot;:&quot;48d6835e-9fe8-40cf-9344-12db4929339d&quot;,&quot;ELEMENT&quot;:&quot;48d6835e-9fe8-40cf-9344-12db4929339d&quot;}
&amp;#27;[35m[HTTP]&amp;#27;[39m &amp;#27;[37m&lt;-- POST /wd/hub/session/fd1d169e-7db2-4dfd-ba2a-e05fd060e6e4/element &amp;#27;[39m&amp;#27;[32m200&amp;#27;[39m &amp;#27;[90m670 ms - 137&amp;#27;[39m
&amp;#27;[35m[HTTP]&amp;#27;[39m &amp;#27;[90m&amp;#27;[39m
&amp;#27;[35m[HTTP]&amp;#27;[39m &amp;#27;[37m--&gt;&amp;#27;[39m &amp;#27;[37mPOST&amp;#27;[39m &amp;#27;[37m/wd/hub/session/fd1d169e-7db2-4dfd-ba2a-e05fd060e6e4/element/48d6835e-9fe8-40cf-9344-12db4929339d/click&amp;#27;[39m
&amp;#27;[35m[HTTP]&amp;#27;[39m &amp;#27;[90m{&quot;id&quot;:&quot;48d6835e-9fe8-40cf-9344-12db4929339d&quot;}&amp;#27;[39m
[debug] &amp;#27;[35m[W3C (fd1d169e)]&amp;#27;[39m Calling AppiumDriver.click() with args: [&quot;48d6835e-9fe8-40cf-9344-12db4929339d&quot;,&quot;fd1d169e-7db2-4dfd-ba2a-e05fd060e6e4&quot;]
[debug] &amp;#27;[35m[WD Proxy]&amp;#27;[39m Matched &apos;/element/48d6835e-9fe8-40cf-9344-12db4929339d/click&apos; to command name &apos;click&apos;
[debug] &amp;#27;[35m[WD Proxy]&amp;#27;[39m Proxying [POST /element/48d6835e-9fe8-40cf-9344-12db4929339d/click] to [POST http://127.0.0.1:8228/wd/hub/session/95165d5b-2b46-4537-942f-2e9e341d5032/element/48d6835e-9fe8-40cf-9344-12db4929339d/click] with body: {&quot;element&quot;:&quot;48d6835e-9fe8-40cf-9344-12db4929339d&quot;}
[debug] &amp;#27;[35m[WD Proxy]&amp;#27;[39m Got response with status 200: {&quot;sessionId&quot;:&quot;95165d5b-2b46-4537-942f-2e9e341d5032&quot;,&quot;value&quot;:null}
[debug] &amp;#27;[35m[W3C (fd1d169e)]&amp;#27;[39m Responding to client with driver.click() result: null
&amp;#27;[35m[HTTP]&amp;#27;[39m &amp;#27;[37m&lt;-- POST /wd/hub/session/fd1d169e-7db2-4dfd-ba2a-e05fd060e6e4/element/48d6835e-9fe8-40cf-9344-12db4929339d/click &amp;#27;[39m&amp;#27;[32m200&amp;#27;[39m &amp;#27;[90m330 ms - 14&amp;#27;[39m
&amp;#27;[35m[HTTP]&amp;#27;[39m &amp;#27;[90m&amp;#27;[39m
&amp;#27;[35m[HTTP]&amp;#27;[39m &amp;#27;[37m--&gt;&amp;#27;[39m &amp;#27;[37mGET&amp;#27;[39m &amp;#27;[37m/wd/hub/session/fd1d169e-7db2-4dfd-ba2a-e05fd060e6e4/context&amp;#27;[39m
&amp;#27;[35m[HTTP]&amp;#27;[39m &amp;#27;[90m{}&amp;#27;[39m
[debug] &amp;#27;[35m[W3C (fd1d169e)]&amp;#27;[39m Calling AppiumDriver.getCurrentContext() with args: [&quot;fd1d169e-7db2-4dfd-ba2a-e05fd060e6e4&quot;]
[debug] &amp;#27;[35m[W3C (fd1d169e)]&amp;#27;[39m Responding to client with driver.getCurrentContext() result: &quot;NATIVE_APP&quot;
&amp;#27;[35m[HTTP]&amp;#27;[39m &amp;#27;[37m&lt;-- GET /wd/hub/session/fd1d169e-7db2-4dfd-ba2a-e05fd060e6e4/context &amp;#27;[39m&amp;#27;[32m200&amp;#27;[39m &amp;#27;[90m2 ms - 22&amp;#27;[39m
&amp;#27;[35m[HTTP]&amp;#27;[39m &amp;#27;[90m&amp;#27;[39m
&amp;#27;[35m[HTTP]&amp;#27;[39m &amp;#27;[37m--&gt;&amp;#27;[39m &amp;#27;[37mPOST&amp;#27;[39m &amp;#27;[37m/wd/hub/session/fd1d169e-7db2-4dfd-ba2a-e05fd060e6e4/element&amp;#27;[39m
&amp;#27;[35m[HTTP]&amp;#27;[39m &amp;#27;[90m{&quot;using&quot;:&quot;id&quot;,&quot;value&quot;:&quot;com.samsung.android.calendar:id/start_label&quot;}&amp;#27;[39m
[debug] &amp;#27;[35m[W3C (fd1d169e)]&amp;#27;[39m Calling AppiumDriver.findElement() with args: [&quot;id&quot;,&quot;com.samsung.android.calendar:id/start_label&quot;,&quot;fd1d169e-7db2-4dfd-ba2a-e05fd060e6e4&quot;]
[debug] &amp;#27;[35m[BaseDriver]&amp;#27;[39m Valid locator strategies for this request: xpath, id, class name, accessibility id, -android uiautomator
[debug] &amp;#27;[35m[BaseDriver]&amp;#27;[39m Waiting up to 10000 ms for condition
[debug] &amp;#27;[35m[WD Proxy]&amp;#27;[39m Matched &apos;/element&apos; to command name &apos;findElement&apos;
[debug] &amp;#27;[35m[WD Proxy]&amp;#27;[39m Proxying [POST /element] to [POST http://127.0.0.1:8228/wd/hub/session/95165d5b-2b46-4537-942f-2e9e341d5032/element] with body: {&quot;strategy&quot;:&quot;id&quot;,&quot;selector&quot;:&quot;com.samsung.android.calendar:id/start_label&quot;,&quot;context&quot;:&quot;&quot;,&quot;multiple&quot;:false}
[debug] &amp;#27;[35m[WD Proxy]&amp;#27;[39m Got response with status 200: {&quot;sessionId&quot;:&quot;95165d5b-2b46-4537-942f-2e9e341d5032&quot;,&quot;value&quot;:{&quot;ELEMENT&quot;:&quot;05916ba0-959f-4105-bfc9-f3786ea73a90&quot;,&quot;element-6066-11e4-a52e-4f735466cecf&quot;:&quot;05916ba0-959f-4105-bfc9-f3786ea73a90&quot;}}
[debug] &amp;#27;[35m[W3C (fd1d169e)]&amp;#27;[39m Responding to client with driver.findElement() result: {&quot;element-6066-11e4-a52e-4f735466cecf&quot;:&quot;05916ba0-959f-4105-bfc9-f3786ea73a90&quot;,&quot;ELEMENT&quot;:&quot;05916ba0-959f-4105-bfc9-f3786ea73a90&quot;}
&amp;#27;[35m[HTTP]&amp;#27;[39m &amp;#27;[37m&lt;-- POST /wd/hub/session/fd1d169e-7db2-4dfd-ba2a-e05fd060e6e4/element &amp;#27;[39m&amp;#27;[32m200&amp;#27;[39m &amp;#27;[90m1102 ms - 137&amp;#27;[39m
&amp;#27;[35m[HTTP]&amp;#27;[39m &amp;#27;[90m&amp;#27;[39m
&amp;#27;[35m[HTTP]&amp;#27;[39m &amp;#27;[37m--&gt;&amp;#27;[39m &amp;#27;[37mPOST&amp;#27;[39m &amp;#27;[37m/wd/hub/session/fd1d169e-7db2-4dfd-ba2a-e05fd060e6e4/element/05916ba0-959f-4105-bfc9-f3786ea73a90/click&amp;#27;[39m
&amp;#27;[35m[HTTP]&amp;#27;[39m &amp;#27;[90m{&quot;id&quot;:&quot;05916ba0-959f-4105-bfc9-f3786ea73a90&quot;}&amp;#27;[39m
[debug] &amp;#27;[35m[W3C (fd1d169e)]&amp;#27;[39m Calling AppiumDriver.click() with args: [&quot;05916ba0-959f-4105-bfc9-f3786ea73a90&quot;,&quot;fd1d169e-7db2-4dfd-ba2a-e05fd060e6e4&quot;]
[debug] &amp;#27;[35m[WD Proxy]&amp;#27;[39m Matched &apos;/element/05916ba0-959f-4105-bfc9-f3786ea73a90/click&apos; to command name &apos;click&apos;
[debug] &amp;#27;[35m[WD Proxy]&amp;#27;[39m Proxying [POST /element/05916ba0-959f-4105-bfc9-f3786ea73a90/click] to [POST http://127.0.0.1:8228/wd/hub/session/95165d5b-2b46-4537-942f-2e9e341d5032/element/05916ba0-959f-4105-bfc9-f3786ea73a90/click] with body: {&quot;element&quot;:&quot;05916ba0-959f-4105-bfc9-f3786ea73a90&quot;}
[debug] &amp;#27;[35m[WD Proxy]&amp;#27;[39m Got response with status 200: {&quot;sessionId&quot;:&quot;95165d5b-2b46-4537-942f-2e9e341d5032&quot;,&quot;value&quot;:null}
[debug] &amp;#27;[35m[W3C (fd1d169e)]&amp;#27;[39m Responding to client with driver.click() result: null
&amp;#27;[35m[HTTP]&amp;#27;[39m &amp;#27;[37m&lt;-- POST /wd/hub/session/fd1d169e-7db2-4dfd-ba2a-e05fd060e6e4/element/05916ba0-959f-4105-bfc9-f3786ea73a90/click &amp;#27;[39m&amp;#27;[32m200&amp;#27;[39m &amp;#27;[90m181 ms - 14&amp;#27;[39m
&amp;#27;[35m[HTTP]&amp;#27;[39m &amp;#27;[90m&amp;#27;[39m
&amp;#27;[35m[HTTP]&amp;#27;[39m &amp;#27;[37m--&gt;&amp;#27;[39m &amp;#27;[37mGET&amp;#27;[39m &amp;#27;[37m/wd/hub/session/fd1d169e-7db2-4dfd-ba2a-e05fd060e6e4/context&amp;#27;[39m
&amp;#27;[35m[HTTP]&amp;#27;[39m &amp;#27;[90m{}&amp;#27;[39m
[debug] &amp;#27;[35m[W3C (fd1d169e)]&amp;#27;[39m Calling AppiumDriver.getCurrentContext() with args: [&quot;fd1d169e-7db2-4dfd-ba2a-e05fd060e6e4&quot;]
[debug] &amp;#27;[35m[W3C (fd1d169e)]&amp;#27;[39m Responding to client with driver.getCurrentContext() result: &quot;NATIVE_APP&quot;
&amp;#27;[35m[HTTP]&amp;#27;[39m &amp;#27;[37m&lt;-- GET /wd/hub/session/fd1d169e-7db2-4dfd-ba2a-e05fd060e6e4/context &amp;#27;[39m&amp;#27;[32m200&amp;#27;[39m &amp;#27;[90m2 ms - 22&amp;#27;[39m
&amp;#27;[35m[HTTP]&amp;#27;[39m &amp;#27;[90m&amp;#27;[39m
&amp;#27;[35m[HTTP]&amp;#27;[39m &amp;#27;[37m--&gt;&amp;#27;[39m &amp;#27;[37mPOST&amp;#27;[39m &amp;#27;[37m/wd/hub/session/fd1d169e-7db2-4dfd-ba2a-e05fd060e6e4/element&amp;#27;[39m
&amp;#27;[35m[HTTP]&amp;#27;[39m &amp;#27;[90m{&quot;using&quot;:&quot;-android uiautomator&quot;,&quot;value&quot;:&quot;textContains(\&quot;Double tap to switch to calendar view.\&quot;)&quot;}&amp;#27;[39m
[debug] &amp;#27;[35m[W3C (fd1d169e)]&amp;#27;[39m Calling AppiumDriver.findElement() with args: [&quot;-android uiautomator&quot;,&quot;textContains(\&quot;Double tap to switch to calendar view.\&quot;)&quot;,&quot;fd1d169e-7db2-4dfd-ba2a-e05fd060e6e4&quot;]
[debug] &amp;#27;[35m[BaseDriver]&amp;#27;[39m Valid locator strategies for this request: xpath, id, class name, accessibility id, -android uiautomator
[debug] &amp;#27;[35m[BaseDriver]&amp;#27;[39m Waiting up to 10000 ms for condition
[debug] &amp;#27;[35m[WD Proxy]&amp;#27;[39m Matched &apos;/element&apos; to command name &apos;findElement&apos;
[debug] &amp;#27;[35m[WD Proxy]&amp;#27;[39m Proxying [POST /element] to [POST http://127.0.0.1:8228/wd/hub/session/95165d5b-2b46-4537-942f-2e9e341d5032/element] with body: {&quot;strategy&quot;:&quot;-android uiautomator&quot;,&quot;selector&quot;:&quot;textContains(\&quot;Double tap to switch to calendar view.\&quot;)&quot;,&quot;context&quot;:&quot;&quot;,&quot;multiple&quot;:false}
[debug] &amp;#27;[35m[WD Proxy]&amp;#27;[39m Got response with status 200: {&quot;sessionId&quot;:&quot;95165d5b-2b46-4537-942f-2e9e341d5032&quot;,&quot;value&quot;:{&quot;ELEMENT&quot;:&quot;96574886-adc0-47d6-9c04-2fc048f7c9f8&quot;,&quot;element-6066-11e4-a52e-4f735466cecf&quot;:&quot;96574886-adc0-47d6-9c04-2fc048f7c9f8&quot;}}
[debug] &amp;#27;[35m[W3C (fd1d169e)]&amp;#27;[39m Responding to client with driver.findElement() result: {&quot;element-6066-11e4-a52e-4f735466cecf&quot;:&quot;96574886-adc0-47d6-9c04-2fc048f7c9f8&quot;,&quot;ELEMENT&quot;:&quot;96574886-adc0-47d6-9c04-2fc048f7c9f8&quot;}
&amp;#27;[35m[HTTP]&amp;#27;[39m &amp;#27;[37m&lt;-- POST /wd/hub/session/fd1d169e-7db2-4dfd-ba2a-e05fd060e6e4/element &amp;#27;[39m&amp;#27;[32m200&amp;#27;[39m &amp;#27;[90m681 ms - 137&amp;#27;[39m
&amp;#27;[35m[HTTP]&amp;#27;[39m &amp;#27;[90m&amp;#27;[39m
&amp;#27;[35m[HTTP]&amp;#27;[39m &amp;#27;[37m--&gt;&amp;#27;[39m &amp;#27;[37mPOST&amp;#27;[39m &amp;#27;[37m/wd/hub/session/fd1d169e-7db2-4dfd-ba2a-e05fd060e6e4/element/96574886-adc0-47d6-9c04-2fc048f7c9f8/click&amp;#27;[39m
&amp;#27;[35m[HTTP]&amp;#27;[39m &amp;#27;[90m{&quot;id&quot;:&quot;96574886-adc0-47d6-9c04-2fc048f7c9f8&quot;}&amp;#27;[39m
[debug] &amp;#27;[35m[W3C (fd1d169e)]&amp;#27;[39m Calling AppiumDriver.click() with args: [&quot;96574886-adc0-47d6-9c04-2fc048f7c9f8&quot;,&quot;fd1d169e-7db2-4dfd-ba2a-e05fd060e6e4&quot;]
[debug] &amp;#27;[35m[WD Proxy]&amp;#27;[39m Matched &apos;/element/96574886-adc0-47d6-9c04-2fc048f7c9f8/click&apos; to command name &apos;click&apos;
[debug] &amp;#27;[35m[WD Proxy]&amp;#27;[39m Proxying [POST /element/96574886-adc0-47d6-9c04-2fc048f7c9f8/click] to [POST http://127.0.0.1:8228/wd/hub/session/95165d5b-2b46-4537-942f-2e9e341d5032/element/96574886-adc0-47d6-9c04-2fc048f7c9f8/click] with body: {&quot;element&quot;:&quot;96574886-adc0-47d6-9c04-2fc048f7c9f8&quot;}
[debug] &amp;#27;[35m[WD Proxy]&amp;#27;[39m Got response with status 200: {&quot;sessionId&quot;:&quot;95165d5b-2b46-4537-942f-2e9e341d5032&quot;,&quot;value&quot;:null}
[debug] &amp;#27;[35m[W3C (fd1d169e)]&amp;#27;[39m Responding to client with driver.click() result: null
&amp;#27;[35m[HTTP]&amp;#27;[39m &amp;#27;[37m&lt;-- POST /wd/hub/session/fd1d169e-7db2-4dfd-ba2a-e05fd060e6e4/element/96574886-adc0-47d6-9c04-2fc048f7c9f8/click &amp;#27;[39m&amp;#27;[32m200&amp;#27;[39m &amp;#27;[90m1034 ms - 14&amp;#27;[39m
&amp;#27;[35m[HTTP]&amp;#27;[39m &amp;#27;[90m&amp;#27;[39m
&amp;#27;[35m[HTTP]&amp;#27;[39m &amp;#27;[37m--&gt;&amp;#27;[39m &amp;#27;[37mGET&amp;#27;[39m &amp;#27;[37m/wd/hub/session/fd1d169e-7db2-4dfd-ba2a-e05fd060e6e4/context&amp;#27;[39m
&amp;#27;[35m[HTTP]&amp;#27;[39m &amp;#27;[90m{}&amp;#27;[39m
[debug] &amp;#27;[35m[W3C (fd1d169e)]&amp;#27;[39m Calling AppiumDriver.getCurrentContext() with args: [&quot;fd1d169e-7db2-4dfd-ba2a-e05fd060e6e4&quot;]
[debug] &amp;#27;[35m[W3C (fd1d169e)]&amp;#27;[39m Responding to client with driver.getCurrentContext() result: &quot;NATIVE_APP&quot;
&amp;#27;[35m[HTTP]&amp;#27;[39m &amp;#27;[37m&lt;-- GET /wd/hub/session/fd1d169e-7db2-4dfd-ba2a-e05fd060e6e4/context &amp;#27;[39m&amp;#27;[32m200&amp;#27;[39m &amp;#27;[90m2 ms - 22&amp;#27;[39m
&amp;#27;[35m[HTTP]&amp;#27;[39m &amp;#27;[90m&amp;#27;[39m
&amp;#27;[35m[HTTP]&amp;#27;[39m &amp;#27;[37m--&gt;&amp;#27;[39m &amp;#27;[37mPOST&amp;#27;[39m &amp;#27;[37m/wd/hub/session/fd1d169e-7db2-4dfd-ba2a-e05fd060e6e4/element&amp;#27;[39m
&amp;#27;[35m[HTTP]&amp;#27;[39m &amp;#27;[90m{&quot;using&quot;:&quot;id&quot;,&quot;value&quot;:&quot;com.samsung.android.calendar:id/sesl_date_picker_calendar_header_text&quot;}&amp;#27;[39m
[debug] &amp;#27;[35m[W3C (fd1d169e)]&amp;#27;[39m Calling AppiumDriver.findElement() with args: [&quot;id&quot;,&quot;com.samsung.android.calendar:id/sesl_date_picker_calendar_header_text&quot;,&quot;fd1d169e-7db2-4dfd-ba2a-e05fd060e6e4&quot;]
[debug] &amp;#27;[35m[BaseDriver]&amp;#27;[39m Valid locator strategies for this request: xpath, id, class name, accessibility id, -android uiautomator
[debug] &amp;#27;[35m[BaseDriver]&amp;#27;[39m Waiting up to 10000 ms for condition
[debug] &amp;#27;[35m[WD Proxy]&amp;#27;[39m Matched &apos;/element&apos; to command name &apos;findElement&apos;
[debug] &amp;#27;[35m[WD Proxy]&amp;#27;[39m Proxying [POST /element] to [POST http://127.0.0.1:8228/wd/hub/session/95165d5b-2b46-4537-942f-2e9e341d5032/element] with body: {&quot;strategy&quot;:&quot;id&quot;,&quot;selector&quot;:&quot;com.samsung.android.calendar:id/sesl_date_picker_calendar_header_text&quot;,&quot;context&quot;:&quot;&quot;,&quot;multiple&quot;:false}
[debug] &amp;#27;[35m[WD Proxy]&amp;#27;[39m Got response with status 200: {&quot;sessionId&quot;:&quot;95165d5b-2b46-4537-942f-2e9e341d5032&quot;,&quot;value&quot;:{&quot;ELEMENT&quot;:&quot;a2935b54-2630-4495-acc7-0e1a81a89a79&quot;,&quot;element-6066-11e4-a52e-4f735466cecf&quot;:&quot;a2935b54-2630-4495-acc7-0e1a81a89a79&quot;}}
[debug] &amp;#27;[35m[W3C (fd1d169e)]&amp;#27;[39m Responding to client with driver.findElement() result: {&quot;element-6066-11e4-a52e-4f735466cecf&quot;:&quot;a2935b54-2630-4495-acc7-0e1a81a89a79&quot;,&quot;ELEMENT&quot;:&quot;a2935b54-2630-4495-acc7-0e1a81a89a79&quot;}
&amp;#27;[35m[HTTP]&amp;#27;[39m &amp;#27;[37m&lt;-- POST /wd/hub/session/fd1d169e-7db2-4dfd-ba2a-e05fd060e6e4/element &amp;#27;[39m&amp;#27;[32m200&amp;#27;[39m &amp;#27;[90m164 ms - 137&amp;#27;[39m
&amp;#27;[35m[HTTP]&amp;#27;[39m &amp;#27;[90m&amp;#27;[39m
&amp;#27;[35m[HTTP]&amp;#27;[39m &amp;#27;[37m--&gt;&amp;#27;[39m &amp;#27;[37mGET&amp;#27;[39m &amp;#27;[37m/wd/hub/session/fd1d169e-7db2-4dfd-ba2a-e05fd060e6e4/element/a2935b54-2630-4495-acc7-0e1a81a89a79/text&amp;#27;[39m
&amp;#27;[35m[HTTP]&amp;#27;[39m &amp;#27;[90m{}&amp;#27;[39m
&amp;#27;[35m[W3C (fd1d169e)]&amp;#27;[39m Driver proxy active, passing request on via HTTP proxy
[debug] &amp;#27;[35m[WD Proxy]&amp;#27;[39m Matched &apos;/wd/hub/session/fd1d169e-7db2-4dfd-ba2a-e05fd060e6e4/element/a2935b54-2630-4495-acc7-0e1a81a89a79/text&apos; to command name &apos;getText&apos;
[debug] &amp;#27;[35m[WD Proxy]&amp;#27;[39m Proxying [GET /wd/hub/session/fd1d169e-7db2-4dfd-ba2a-e05fd060e6e4/element/a2935b54-2630-4495-acc7-0e1a81a89a79/text] to [GET http://127.0.0.1:8228/wd/hub/session/95165d5b-2b46-4537-942f-2e9e341d5032/element/a2935b54-2630-4495-acc7-0e1a81a89a79/text] with no body
[debug] &amp;#27;[35m[WD Proxy]&amp;#27;[39m Got response with status 200: {&quot;sessionId&quot;:&quot;95165d5b-2b46-4537-942f-2e9e341d5032&quot;,&quot;value&quot;:&quot;February 2021&quot;}
&amp;#27;[35m[WD Proxy]&amp;#27;[39m Replacing sessionId 95165d5b-2b46-4537-942f-2e9e341d5032 with fd1d169e-7db2-4dfd-ba2a-e05fd060e6e4
&amp;#27;[35m[HTTP]&amp;#27;[39m &amp;#27;[37m&lt;-- GET /wd/hub/session/fd1d169e-7db2-4dfd-ba2a-e05fd060e6e4/element/a2935b54-2630-4495-acc7-0e1a81a89a79/text &amp;#27;[39m&amp;#27;[32m200&amp;#27;[39m &amp;#27;[90m586 ms - 76&amp;#27;[39m
&amp;#27;[35m[HTTP]&amp;#27;[39m &amp;#27;[90m&amp;#27;[39m
&amp;#27;[35m[HTTP]&amp;#27;[39m &amp;#27;[37m--&gt;&amp;#27;[39m &amp;#27;[37mGET&amp;#27;[39m &amp;#27;[37m/wd/hub/session/fd1d169e-7db2-4dfd-ba2a-e05fd060e6e4/context&amp;#27;[39m
&amp;#27;[35m[HTTP]&amp;#27;[39m &amp;#27;[90m{}&amp;#27;[39m
[debug] &amp;#27;[35m[W3C (fd1d169e)]&amp;#27;[39m Calling AppiumDriver.getCurrentContext() with args: [&quot;fd1d169e-7db2-4dfd-ba2a-e05fd060e6e4&quot;]
[debug] &amp;#27;[35m[W3C (fd1d169e)]&amp;#27;[39m Responding to client with driver.getCurrentContext() result: &quot;NATIVE_APP&quot;
&amp;#27;[35m[HTTP]&amp;#27;[39m &amp;#27;[37m&lt;-- GET /wd/hub/session/fd1d169e-7db2-4dfd-ba2a-e05fd060e6e4/context &amp;#27;[39m&amp;#27;[32m200&amp;#27;[39m &amp;#27;[90m3 ms - 22&amp;#27;[39m
&amp;#27;[35m[HTTP]&amp;#27;[39m &amp;#27;[90m&amp;#27;[39m
&amp;#27;[35m[HTTP]&amp;#27;[39m &amp;#27;[37m--&gt;&amp;#27;[39m &amp;#27;[37mPOST&amp;#27;[39m &amp;#27;[37m/wd/hub/session/fd1d169e-7db2-4dfd-ba2a-e05fd060e6e4/element&amp;#27;[39m
&amp;#27;[35m[HTTP]&amp;#27;[39m &amp;#27;[90m{&quot;using&quot;:&quot;id&quot;,&quot;value&quot;:&quot;com.samsung.android.calendar:id/sesl_date_picker_calendar_header_next_button&quot;}&amp;#27;[39m
[debug] &amp;#27;[35m[W3C (fd1d169e)]&amp;#27;[39m Calling AppiumDriver.findElement() with args: [&quot;id&quot;,&quot;com.samsung.android.calendar:id/sesl_date_picker_calendar_header_next_button&quot;,&quot;fd1d169e-7db2-4dfd-ba2a-e05fd060e6e4&quot;]
[debug] &amp;#27;[35m[BaseDriver]&amp;#27;[39m Valid locator strategies for this request: xpath, id, class name, accessibility id, -android uiautomator
[debug] &amp;#27;[35m[BaseDriver]&amp;#27;[39m Waiting up to 10000 ms for condition
[debug] &amp;#27;[35m[WD Proxy]&amp;#27;[39m Matched &apos;/element&apos; to command name &apos;findElement&apos;
[debug] &amp;#27;[35m[WD Proxy]&amp;#27;[39m Proxying [POST /element] to [POST http://127.0.0.1:8228/wd/hub/session/95165d5b-2b46-4537-942f-2e9e341d5032/element] with body: {&quot;strategy&quot;:&quot;id&quot;,&quot;selector&quot;:&quot;com.samsung.android.calendar:id/sesl_date_picker_calendar_header_next_button&quot;,&quot;context&quot;:&quot;&quot;,&quot;multiple&quot;:false}
[debug] &amp;#27;[35m[WD Proxy]&amp;#27;[39m Got response with status 200: {&quot;sessionId&quot;:&quot;95165d5b-2b46-4537-942f-2e9e341d5032&quot;,&quot;value&quot;:{&quot;ELEMENT&quot;:&quot;bdf0b6b2-a8e7-4431-a3fa-704049e832a6&quot;,&quot;element-6066-11e4-a52e-4f735466cecf&quot;:&quot;bdf0b6b2-a8e7-4431-a3fa-704049e832a6&quot;}}
[debug] &amp;#27;[35m[W3C (fd1d169e)]&amp;#27;[39m Responding to client with driver.findElement() result: {&quot;element-6066-11e4-a52e-4f735466cecf&quot;:&quot;bdf0b6b2-a8e7-4431-a3fa-704049e832a6&quot;,&quot;ELEMENT&quot;:&quot;bdf0b6b2-a8e7-4431-a3fa-704049e832a6&quot;}
&amp;#27;[35m[HTTP]&amp;#27;[39m &amp;#27;[37m&lt;-- POST /wd/hub/session/fd1d169e-7db2-4dfd-ba2a-e05fd060e6e4/element &amp;#27;[39m&amp;#27;[32m200&amp;#27;[39m &amp;#27;[90m108 ms - 137&amp;#27;[39m
&amp;#27;[35m[HTTP]&amp;#27;[39m &amp;#27;[90m&amp;#27;[39m
&amp;#27;[35m[HTTP]&amp;#27;[39m &amp;#27;[37m--&gt;&amp;#27;[39m &amp;#27;[37mPOST&amp;#27;[39m &amp;#27;[37m/wd/hub/session/fd1d169e-7db2-4dfd-ba2a-e05fd060e6e4/element/bdf0b6b2-a8e7-4431-a3fa-704049e832a6/click&amp;#27;[39m
&amp;#27;[35m[HTTP]&amp;#27;[39m &amp;#27;[90m{&quot;id&quot;:&quot;bdf0b6b2-a8e7-4431-a3fa-704049e832a6&quot;}&amp;#27;[39m
[debug] &amp;#27;[35m[W3C (fd1d169e)]&amp;#27;[39m Calling AppiumDriver.click() with args: [&quot;bdf0b6b2-a8e7-4431-a3fa-704049e832a6&quot;,&quot;fd1d169e-7db2-4dfd-ba2a-e05fd060e6e4&quot;]
[debug] &amp;#27;[35m[WD Proxy]&amp;#27;[39m Matched &apos;/element/bdf0b6b2-a8e7-4431-a3fa-704049e832a6/click&apos; to command name &apos;click&apos;
[debug] &amp;#27;[35m[WD Proxy]&amp;#27;[39m Proxying [POST /element/bdf0b6b2-a8e7-4431-a3fa-704049e832a6/click] to [POST http://127.0.0.1:8228/wd/hub/session/95165d5b-2b46-4537-942f-2e9e341d5032/element/bdf0b6b2-a8e7-4431-a3fa-704049e832a6/click] with body: {&quot;element&quot;:&quot;bdf0b6b2-a8e7-4431-a3fa-704049e832a6&quot;}
[debug] &amp;#27;[35m[WD Proxy]&amp;#27;[39m Got response with status 200: {&quot;sessionId&quot;:&quot;95165d5b-2b46-4537-942f-2e9e341d5032&quot;,&quot;value&quot;:null}
[debug] &amp;#27;[35m[W3C (fd1d169e)]&amp;#27;[39m Responding to client with driver.click() result: null
&amp;#27;[35m[HTTP]&amp;#27;[39m &amp;#27;[37m&lt;-- POST /wd/hub/session/fd1d169e-7db2-4dfd-ba2a-e05fd060e6e4/element/bdf0b6b2-a8e7-4431-a3fa-704049e832a6/click &amp;#27;[39m&amp;#27;[32m200&amp;#27;[39m &amp;#27;[90m126 ms - 14&amp;#27;[39m
&amp;#27;[35m[HTTP]&amp;#27;[39m &amp;#27;[90m&amp;#27;[39m
&amp;#27;[35m[HTTP]&amp;#27;[39m &amp;#27;[37m--&gt;&amp;#27;[39m &amp;#27;[37mGET&amp;#27;[39m &amp;#27;[37m/wd/hub/session/fd1d169e-7db2-4dfd-ba2a-e05fd060e6e4/context&amp;#27;[39m
&amp;#27;[35m[HTTP]&amp;#27;[39m &amp;#27;[90m{}&amp;#27;[39m
[debug] &amp;#27;[35m[W3C (fd1d169e)]&amp;#27;[39m Calling AppiumDriver.getCurrentContext() with args: [&quot;fd1d169e-7db2-4dfd-ba2a-e05fd060e6e4&quot;]
[debug] &amp;#27;[35m[W3C (fd1d169e)]&amp;#27;[39m Responding to client with driver.getCurrentContext() result: &quot;NATIVE_APP&quot;
&amp;#27;[35m[HTTP]&amp;#27;[39m &amp;#27;[37m&lt;-- GET /wd/hub/session/fd1d169e-7db2-4dfd-ba2a-e05fd060e6e4/context &amp;#27;[39m&amp;#27;[32m200&amp;#27;[39m &amp;#27;[90m2 ms - 22&amp;#27;[39m
&amp;#27;[35m[HTTP]&amp;#27;[39m &amp;#27;[90m&amp;#27;[39m
&amp;#27;[35m[HTTP]&amp;#27;[39m &amp;#27;[37m--&gt;&amp;#27;[39m &amp;#27;[37mPOST&amp;#27;[39m &amp;#27;[37m/wd/hub/session/fd1d169e-7db2-4dfd-ba2a-e05fd060e6e4/element&amp;#27;[39m
&amp;#27;[35m[HTTP]&amp;#27;[39m &amp;#27;[90m{&quot;using&quot;:&quot;id&quot;,&quot;value&quot;:&quot;com.samsung.android.calendar:id/sesl_date_picker_calendar_header_text&quot;}&amp;#27;[39m
[debug] &amp;#27;[35m[W3C (fd1d169e)]&amp;#27;[39m Calling AppiumDriver.findElement() with args: [&quot;id&quot;,&quot;com.samsung.android.calendar:id/sesl_date_picker_calendar_header_text&quot;,&quot;fd1d169e-7db2-4dfd-ba2a-e05fd060e6e4&quot;]
[debug] &amp;#27;[35m[BaseDriver]&amp;#27;[39m Valid locator strategies for this request: xpath, id, class name, accessibility id, -android uiautomator
[debug] &amp;#27;[35m[BaseDriver]&amp;#27;[39m Waiting up to 10000 ms for condition
[debug] &amp;#27;[35m[WD Proxy]&amp;#27;[39m Matched &apos;/element&apos; to command name &apos;findElement&apos;
[debug] &amp;#27;[35m[WD Proxy]&amp;#27;[39m Proxying [POST /element] to [POST http://127.0.0.1:8228/wd/hub/session/95165d5b-2b46-4537-942f-2e9e341d5032/element] with body: {&quot;strategy&quot;:&quot;id&quot;,&quot;selector&quot;:&quot;com.samsung.android.calendar:id/sesl_date_picker_calendar_header_text&quot;,&quot;context&quot;:&quot;&quot;,&quot;multiple&quot;:false}
[debug] &amp;#27;[35m[WD Proxy]&amp;#27;[39m Got response with status 200: {&quot;sessionId&quot;:&quot;95165d5b-2b46-4537-942f-2e9e341d5032&quot;,&quot;value&quot;:{&quot;ELEMENT&quot;:&quot;4f1469f7-1ef1-422a-a5bb-a6f2d5eca724&quot;,&quot;element-6066-11e4-a52e-4f735466cecf&quot;:&quot;4f1469f7-1ef1-422a-a5bb-a6f2d5eca724&quot;}}
[debug] &amp;#27;[35m[W3C (fd1d169e)]&amp;#27;[39m Responding to client with driver.findElement() result: {&quot;element-6066-11e4-a52e-4f735466cecf&quot;:&quot;4f1469f7-1ef1-422a-a5bb-a6f2d5eca724&quot;,&quot;ELEMENT&quot;:&quot;4f1469f7-1ef1-422a-a5bb-a6f2d5eca724&quot;}
&amp;#27;[35m[HTTP]&amp;#27;[39m &amp;#27;[37m&lt;-- POST /wd/hub/session/fd1d169e-7db2-4dfd-ba2a-e05fd060e6e4/element &amp;#27;[39m&amp;#27;[32m200&amp;#27;[39m &amp;#27;[90m743 ms - 137&amp;#27;[39m
&amp;#27;[35m[HTTP]&amp;#27;[39m &amp;#27;[90m&amp;#27;[39m
&amp;#27;[35m[HTTP]&amp;#27;[39m &amp;#27;[37m--&gt;&amp;#27;[39m &amp;#27;[37mGET&amp;#27;[39m &amp;#27;[37m/wd/hub/session/fd1d169e-7db2-4dfd-ba2a-e05fd060e6e4/element/4f1469f7-1ef1-422a-a5bb-a6f2d5eca724/text&amp;#27;[39m
&amp;#27;[35m[HTTP]&amp;#27;[39m &amp;#27;[90m{}&amp;#27;[39m
&amp;#27;[35m[W3C (fd1d169e)]&amp;#27;[39m Driver proxy active, passing request on via HTTP proxy
[debug] &amp;#27;[35m[WD Proxy]&amp;#27;[39m Matched &apos;/wd/hub/session/fd1d169e-7db2-4dfd-ba2a-e05fd060e6e4/element/4f1469f7-1ef1-422a-a5bb-a6f2d5eca724/text&apos; to command name &apos;getText&apos;
[debug] &amp;#27;[35m[WD Proxy]&amp;#27;[39m Proxying [GET /wd/hub/session/fd1d169e-7db2-4dfd-ba2a-e05fd060e6e4/element/4f1469f7-1ef1-422a-a5bb-a6f2d5eca724/text] to [GET http://127.0.0.1:8228/wd/hub/session/95165d5b-2b46-4537-942f-2e9e341d5032/element/4f1469f7-1ef1-422a-a5bb-a6f2d5eca724/text] with no body
[debug] &amp;#27;[35m[WD Proxy]&amp;#27;[39m Got response with status 200: {&quot;sessionId&quot;:&quot;95165d5b-2b46-4537-942f-2e9e341d5032&quot;,&quot;value&quot;:&quot;March 2021&quot;}
&amp;#27;[35m[WD Proxy]&amp;#27;[39m Replacing sessionId 95165d5b-2b46-4537-942f-2e9e341d5032 with fd1d169e-7db2-4dfd-ba2a-e05fd060e6e4
&amp;#27;[35m[HTTP]&amp;#27;[39m &amp;#27;[37m&lt;-- GET /wd/hub/session/fd1d169e-7db2-4dfd-ba2a-e05fd060e6e4/element/4f1469f7-1ef1-422a-a5bb-a6f2d5eca724/text &amp;#27;[39m&amp;#27;[32m200&amp;#27;[39m &amp;#27;[90m83 ms - 73&amp;#27;[39m
&amp;#27;[35m[HTTP]&amp;#27;[39m &amp;#27;[90m&amp;#27;[39m
&amp;#27;[35m[HTTP]&amp;#27;[39m &amp;#27;[37m--&gt;&amp;#27;[39m &amp;#27;[37mGET&amp;#27;[39m &amp;#27;[37m/wd/hub/session/fd1d169e-7db2-4dfd-ba2a-e05fd060e6e4/context&amp;#27;[39m
&amp;#27;[35m[HTTP]&amp;#27;[39m &amp;#27;[90m{}&amp;#27;[39m
[debug] &amp;#27;[35m[W3C (fd1d169e)]&amp;#27;[39m Calling AppiumDriver.getCurrentContext() with args: [&quot;fd1d169e-7db2-4dfd-ba2a-e05fd060e6e4&quot;]
[debug] &amp;#27;[35m[W3C (fd1d169e)]&amp;#27;[39m Responding to client with driver.getCurrentContext() result: &quot;NATIVE_APP&quot;
&amp;#27;[35m[HTTP]&amp;#27;[39m &amp;#27;[37m&lt;-- GET /wd/hub/session/fd1d169e-7db2-4dfd-ba2a-e05fd060e6e4/context &amp;#27;[39m&amp;#27;[32m200&amp;#27;[39m &amp;#27;[90m2 ms - 22&amp;#27;[39m
&amp;#27;[35m[HTTP]&amp;#27;[39m &amp;#27;[90m&amp;#27;[39m
&amp;#27;[35m[HTTP]&amp;#27;[39m &amp;#27;[37m--&gt;&amp;#27;[39m &amp;#27;[37mPOST&amp;#27;[39m &amp;#27;[37m/wd/hub/session/fd1d169e-7db2-4dfd-ba2a-e05fd060e6e4/elements&amp;#27;[39m
&amp;#27;[35m[HTTP]&amp;#27;[39m &amp;#27;[90m{&quot;using&quot;:&quot;class name&quot;,&quot;value&quot;:&quot;android.view.View&quot;}&amp;#27;[39m
[debug] &amp;#27;[35m[W3C (fd1d169e)]&amp;#27;[39m Calling AppiumDriver.findElements() with args: [&quot;class name&quot;,&quot;android.view.View&quot;,&quot;fd1d169e-7db2-4dfd-ba2a-e05fd060e6e4&quot;]
[debug] &amp;#27;[35m[BaseDriver]&amp;#27;[39m Valid locator strategies for this request: xpath, id, class name, accessibility id, -android uiautomator
[debug] &amp;#27;[35m[BaseDriver]&amp;#27;[39m Waiting up to 10000 ms for condition
[debug] &amp;#27;[35m[WD Proxy]&amp;#27;[39m Matched &apos;/elements&apos; to command name &apos;findElements&apos;
[debug] &amp;#27;[35m[WD Proxy]&amp;#27;[39m Proxying [POST /elements] to [POST http://127.0.0.1:8228/wd/hub/session/95165d5b-2b46-4537-942f-2e9e341d5032/elements] with body: {&quot;strategy&quot;:&quot;class name&quot;,&quot;selector&quot;:&quot;android.view.View&quot;,&quot;context&quot;:&quot;&quot;,&quot;multiple&quot;:true}
[debug] &amp;#27;[35m[WD Proxy]&amp;#27;[39m Got response with status 200: {&quot;sessionId&quot;:&quot;95165d5b-2b46-4537-942f-2e9e341d5032&quot;,&quot;value&quot;:[{&quot;ELEMENT&quot;:&quot;56c35d2b-998f-41d4-9887-05e25ca8418b&quot;,&quot;element-6066-11e4-a52e-4f735466cecf&quot;:&quot;56c35d2b-998f-41d4-9887-05e25ca8418b&quot;},{&quot;ELEMENT&quot;:&quot;cb8dcc10-9862-44e1-b19a-82aa3ddbec37&quot;,&quot;element-6066-11e4-a52e-4f735466cecf&quot;:&quot;cb8dcc10-9862-44e1-b19a-82aa3ddbec37&quot;},{&quot;ELEMENT&quot;:&quot;04f9d670-d764-470a-b021-553159a0eafd&quot;,&quot;element-6066-11e4-a52e-4f735466cecf&quot;:&quot;04f9d670-d764-470a-b021-553159a0eafd&quot;},{&quot;ELEMENT&quot;:&quot;855b4ac9-fc06-4107-80c4-315d53d73c16&quot;,&quot;element-6066-11e4-a52e-4f735466cecf&quot;:&quot;855b4ac9-fc06-4107-80c4-315d53d73c16&quot;},{&quot;ELEMENT&quot;:&quot;80ac734b-5db8-4ce7-8607-e992390854fa&quot;,&quot;element-6066-11e4-a52e-4f735466cecf&quot;:&quot;80ac734b-5db8-4ce7-8607-e992390854fa&quot;},{&quot;ELEMENT&quot;:&quot;290e445d-d91c-491e-9959-7b53744d7e28&quot;,&quot;element-6066-11e4-a52e-4f735466cecf&quot;:&quot;290e445d-d91c-491e-9959-7b53744d7e28&quot;},{&quot;ELEMENT&quot;:&quot;40b200ca-997c-4e19-8f03-c6bb8dd5813e&quot;,&quot;element-6066-11e4-a52e-4f735466cecf&quot;:&quot;40b200ca-997c-4e19-8f03-c6bb8dd5813e&quot;},{&quot;ELEMENT&quot;:&quot;814f407f-169d-4124-b37e-dcb4faece064&quot;,&quot;element-6066-...
[debug] &amp;#27;[35m[W3C (fd1d169e)]&amp;#27;[39m Responding to client with driver.findElements() result: [{&quot;element-6066-11e4-a52e-4f735466cecf&quot;:&quot;56c35d2b-998f-41d4-9887-05e25ca8418b&quot;,&quot;ELEMENT&quot;:&quot;56c35d2b-998f-41d4-9887-05e25ca8418b&quot;},{&quot;element-6066-11e4-a52e-4f735466cecf&quot;:&quot;cb8dcc10-9862-44e1-b19a-82aa3ddbec37&quot;,&quot;ELEMENT&quot;:&quot;cb8dcc10-9862-44e1-b19a-82aa3ddbec37&quot;},{&quot;element-6066-11e4-a52e-4f735466cecf&quot;:&quot;04f9d670-d764-470a-b021-553159a0eafd&quot;,&quot;ELEMENT&quot;:&quot;04f9d670-d764-470a-b021-553159a0eafd&quot;},{&quot;element-6066-11e4-a52e-4f735466cecf&quot;:&quot;855b4ac9-fc06-4107-80c4-315d53d73c16&quot;,&quot;ELEMENT&quot;:&quot;855b4ac9-fc06-4107-80c4-315d53d73c16&quot;},{&quot;element-6066-11e4-a52e-4f735466cecf&quot;:&quot;80ac734b-5db8-4ce7-8607-e992390854fa&quot;,&quot;ELEMENT&quot;:&quot;80ac734b-5db8-4ce7-8607-e992390854fa&quot;},{&quot;element-6066-11e4-a52e-4f735466cecf&quot;:&quot;290e445d-d91c-491e-9959-7b53744d7e28&quot;,&quot;ELEMENT&quot;:&quot;290e445d-d91c-491e-9959-7b53744d7e28&quot;},{&quot;element-6066-11e4-a52e-4f735466cecf&quot;:&quot;40b200ca-997c-4e19-8f03-c6bb8dd5813e&quot;,&quot;ELEMENT&quot;:&quot;40b200ca-997c-4e19-8f03-c6bb8dd5813e&quot;},{&quot;element-6066-11e4-a52e-4f735466cecf&quot;:&quot;814f407f-169d-4124-b37e-dcb4faece064&quot;,&quot;ELEMENT&quot;:&quot;814f407f-169d-4124-b37e-dcb4faece06...
&amp;#27;[35m[HTTP]&amp;#27;[39m &amp;#27;[37m&lt;-- POST /wd/hub/session/fd1d169e-7db2-4dfd-ba2a-e05fd060e6e4/elements &amp;#27;[39m&amp;#27;[32m200&amp;#27;[39m &amp;#27;[90m385 ms - 6283&amp;#27;[39m
&amp;#27;[35m[HTTP]&amp;#27;[39m &amp;#27;[90m&amp;#27;[39m
&amp;#27;[35m[HTTP]&amp;#27;[39m &amp;#27;[37m--&gt;&amp;#27;[39m &amp;#27;[37mPOST&amp;#27;[39m &amp;#27;[37m/wd/hub/session/fd1d169e-7db2-4dfd-ba2a-e05fd060e6e4/element/3f046245-8fb7-4653-92c7-7f0e06111323/click&amp;#27;[39m
&amp;#27;[35m[HTTP]&amp;#27;[39m &amp;#27;[90m{&quot;id&quot;:&quot;3f046245-8fb7-4653-92c7-7f0e06111323&quot;}&amp;#27;[39m
[debug] &amp;#27;[35m[W3C (fd1d169e)]&amp;#27;[39m Calling AppiumDriver.click() with args: [&quot;3f046245-8fb7-4653-92c7-7f0e06111323&quot;,&quot;fd1d169e-7db2-4dfd-ba2a-e05fd060e6e4&quot;]
[debug] &amp;#27;[35m[WD Proxy]&amp;#27;[39m Matched &apos;/element/3f046245-8fb7-4653-92c7-7f0e06111323/click&apos; to command name &apos;click&apos;
[debug] &amp;#27;[35m[WD Proxy]&amp;#27;[39m Proxying [POST /element/3f046245-8fb7-4653-92c7-7f0e06111323/click] to [POST http://127.0.0.1:8228/wd/hub/session/95165d5b-2b46-4537-942f-2e9e341d5032/element/3f046245-8fb7-4653-92c7-7f0e06111323/click] with body: {&quot;element&quot;:&quot;3f046245-8fb7-4653-92c7-7f0e06111323&quot;}
[debug] &amp;#27;[35m[WD Proxy]&amp;#27;[39m Got response with status 200: {&quot;sessionId&quot;:&quot;95165d5b-2b46-4537-942f-2e9e341d5032&quot;,&quot;value&quot;:null}
[debug] &amp;#27;[35m[W3C (fd1d169e)]&amp;#27;[39m Responding to client with driver.click() result: null
&amp;#27;[35m[HTTP]&amp;#27;[39m &amp;#27;[37m&lt;-- POST /wd/hub/session/fd1d169e-7db2-4dfd-ba2a-e05fd060e6e4/element/3f046245-8fb7-4653-92c7-7f0e06111323/click &amp;#27;[39m&amp;#27;[32m200&amp;#27;[39m &amp;#27;[90m164 ms - 14&amp;#27;[39m
&amp;#27;[35m[HTTP]&amp;#27;[39m &amp;#27;[90m&amp;#27;[39m
&amp;#27;[35m[HTTP]&amp;#27;[39m &amp;#27;[37m--&gt;&amp;#27;[39m &amp;#27;[37mPOST&amp;#27;[39m &amp;#27;[37m/wd/hub/session/fd1d169e-7db2-4dfd-ba2a-e05fd060e6e4/element&amp;#27;[39m
&amp;#27;[35m[HTTP]&amp;#27;[39m &amp;#27;[90m{&quot;using&quot;:&quot;-android uiautomator&quot;,&quot;value&quot;:&quot;new UiScrollable(new UiSelector()).scrollIntoView(new UiSelector().text(\&quot;Don&apos;t repeat\&quot;));&quot;}&amp;#27;[39m
[debug] &amp;#27;[35m[W3C (fd1d169e)]&amp;#27;[39m Calling AppiumDriver.findElement() with args: [&quot;-android uiautomator&quot;,&quot;new UiScrollable(new UiSelector()).scrollIntoView(new UiSelector().text(\&quot;Don&apos;t repeat\&quot;));&quot;,&quot;fd1d169e-7db2-4dfd-ba2a-e05fd060e6e4&quot;]
[debug] &amp;#27;[35m[BaseDriver]&amp;#27;[39m Valid locator strategies for this request: xpath, id, class name, accessibility id, -android uiautomator
[debug] &amp;#27;[35m[BaseDriver]&amp;#27;[39m Waiting up to 10000 ms for condition
[debug] &amp;#27;[35m[WD Proxy]&amp;#27;[39m Matched &apos;/element&apos; to command name &apos;findElement&apos;
[debug] &amp;#27;[35m[WD Proxy]&amp;#27;[39m Proxying [POST /element] to [POST http://127.0.0.1:8228/wd/hub/session/95165d5b-2b46-4537-942f-2e9e341d5032/element] with body: {&quot;strategy&quot;:&quot;-android uiautomator&quot;,&quot;selector&quot;:&quot;new UiScrollable(new UiSelector()).scrollIntoView(new UiSelector().text(\&quot;Don&apos;t repeat\&quot;));&quot;,&quot;context&quot;:&quot;&quot;,&quot;multiple&quot;:false}
[debug] &amp;#27;[35m[WD Proxy]&amp;#27;[39m Got response with status 200: {&quot;sessionId&quot;:&quot;95165d5b-2b46-4537-942f-2e9e341d5032&quot;,&quot;value&quot;:{&quot;ELEMENT&quot;:&quot;3228df82-d0c4-4572-a4f1-3b08facc95d6&quot;,&quot;element-6066-11e4-a52e-4f735466cecf&quot;:&quot;3228df82-d0c4-4572-a4f1-3b08facc95d6&quot;}}
[debug] &amp;#27;[35m[W3C (fd1d169e)]&amp;#27;[39m Responding to client with driver.findElement() result: {&quot;element-6066-11e4-a52e-4f735466cecf&quot;:&quot;3228df82-d0c4-4572-a4f1-3b08facc95d6&quot;,&quot;ELEMENT&quot;:&quot;3228df82-d0c4-4572-a4f1-3b08facc95d6&quot;}
&amp;#27;[35m[HTTP]&amp;#27;[39m &amp;#27;[37m&lt;-- POST /wd/hub/session/fd1d169e-7db2-4dfd-ba2a-e05fd060e6e4/element &amp;#27;[39m&amp;#27;[32m200&amp;#27;[39m &amp;#27;[90m248 ms - 137&amp;#27;[39m
&amp;#27;[35m[HTTP]&amp;#27;[39m &amp;#27;[90m&amp;#27;[39m
&amp;#27;[35m[HTTP]&amp;#27;[39m &amp;#27;[37m--&gt;&amp;#27;[39m &amp;#27;[37mGET&amp;#27;[39m &amp;#27;[37m/wd/hub/session/fd1d169e-7db2-4dfd-ba2a-e05fd060e6e4/context&amp;#27;[39m
&amp;#27;[35m[HTTP]&amp;#27;[39m &amp;#27;[90m{}&amp;#27;[39m
[debug] &amp;#27;[35m[W3C (fd1d169e)]&amp;#27;[39m Calling AppiumDriver.getCurrentContext() with args: [&quot;fd1d169e-7db2-4dfd-ba2a-e05fd060e6e4&quot;]
[debug] &amp;#27;[35m[W3C (fd1d169e)]&amp;#27;[39m Responding to client with driver.getCurrentContext() result: &quot;NATIVE_APP&quot;
&amp;#27;[35m[HTTP]&amp;#27;[39m &amp;#27;[37m&lt;-- GET /wd/hub/session/fd1d169e-7db2-4dfd-ba2a-e05fd060e6e4/context &amp;#27;[39m&amp;#27;[32m200&amp;#27;[39m &amp;#27;[90m4 ms - 22&amp;#27;[39m
&amp;#27;[35m[HTTP]&amp;#27;[39m &amp;#27;[90m&amp;#27;[39m
&amp;#27;[35m[HTTP]&amp;#27;[39m &amp;#27;[37m--&gt;&amp;#27;[39m &amp;#27;[37mPOST&amp;#27;[39m &amp;#27;[37m/wd/hub/session/fd1d169e-7db2-4dfd-ba2a-e05fd060e6e4/element&amp;#27;[39m
&amp;#27;[35m[HTTP]&amp;#27;[39m &amp;#27;[90m{&quot;using&quot;:&quot;id&quot;,&quot;value&quot;:&quot;com.samsung.android.calendar:id/repeat_text&quot;}&amp;#27;[39m
[debug] &amp;#27;[35m[W3C (fd1d169e)]&amp;#27;[39m Calling AppiumDriver.findElement() with args: [&quot;id&quot;,&quot;com.samsung.android.calendar:id/repeat_text&quot;,&quot;fd1d169e-7db2-4dfd-ba2a-e05fd060e6e4&quot;]
[debug] &amp;#27;[35m[BaseDriver]&amp;#27;[39m Valid locator strategies for this request: xpath, id, class name, accessibility id, -android uiautomator
[debug] &amp;#27;[35m[BaseDriver]&amp;#27;[39m Waiting up to 10000 ms for condition
[debug] &amp;#27;[35m[WD Proxy]&amp;#27;[39m Matched &apos;/element&apos; to command name &apos;findElement&apos;
[debug] &amp;#27;[35m[WD Proxy]&amp;#27;[39m Proxying [POST /element] to [POST http://127.0.0.1:8228/wd/hub/session/95165d5b-2b46-4537-942f-2e9e341d5032/element] with body: {&quot;strategy&quot;:&quot;id&quot;,&quot;selector&quot;:&quot;com.samsung.android.calendar:id/repeat_text&quot;,&quot;context&quot;:&quot;&quot;,&quot;multiple&quot;:false}
[debug] &amp;#27;[35m[WD Proxy]&amp;#27;[39m Got response with status 200: {&quot;sessionId&quot;:&quot;95165d5b-2b46-4537-942f-2e9e341d5032&quot;,&quot;value&quot;:{&quot;ELEMENT&quot;:&quot;adfd28c0-9803-4745-98ee-e2706fc68718&quot;,&quot;element-6066-11e4-a52e-4f735466cecf&quot;:&quot;adfd28c0-9803-4745-98ee-e2706fc68718&quot;}}
[debug] &amp;#27;[35m[W3C (fd1d169e)]&amp;#27;[39m Responding to client with driver.findElement() result: {&quot;element-6066-11e4-a52e-4f735466cecf&quot;:&quot;adfd28c0-9803-4745-98ee-e2706fc68718&quot;,&quot;ELEMENT&quot;:&quot;adfd28c0-9803-4745-98ee-e2706fc68718&quot;}
&amp;#27;[35m[HTTP]&amp;#27;[39m &amp;#27;[37m&lt;-- POST /wd/hub/session/fd1d169e-7db2-4dfd-ba2a-e05fd060e6e4/element &amp;#27;[39m&amp;#27;[32m200&amp;#27;[39m &amp;#27;[90m79 ms - 137&amp;#27;[39m
&amp;#27;[35m[HTTP]&amp;#27;[39m &amp;#27;[90m&amp;#27;[39m
&amp;#27;[35m[HTTP]&amp;#27;[39m &amp;#27;[37m--&gt;&amp;#27;[39m &amp;#27;[37mPOST&amp;#27;[39m &amp;#27;[37m/wd/hub/session/fd1d169e-7db2-4dfd-ba2a-e05fd060e6e4/element/adfd28c0-9803-4745-98ee-e2706fc68718/click&amp;#27;[39m
&amp;#27;[35m[HTTP]&amp;#27;[39m &amp;#27;[90m{&quot;id&quot;:&quot;adfd28c0-9803-4745-98ee-e2706fc68718&quot;}&amp;#27;[39m
[debug] &amp;#27;[35m[W3C (fd1d169e)]&amp;#27;[39m Calling AppiumDriver.click() with args: [&quot;adfd28c0-9803-4745-98ee-e2706fc68718&quot;,&quot;fd1d169e-7db2-4dfd-ba2a-e05fd060e6e4&quot;]
[debug] &amp;#27;[35m[WD Proxy]&amp;#27;[39m Matched &apos;/element/adfd28c0-9803-4745-98ee-e2706fc68718/click&apos; to command name &apos;click&apos;
[debug] &amp;#27;[35m[WD Proxy]&amp;#27;[39m Proxying [POST /element/adfd28c0-9803-4745-98ee-e2706fc68718/click] to [POST http://127.0.0.1:8228/wd/hub/session/95165d5b-2b46-4537-942f-2e9e341d5032/element/adfd28c0-9803-4745-98ee-e2706fc68718/click] with body: {&quot;element&quot;:&quot;adfd28c0-9803-4745-98ee-e2706fc68718&quot;}
[debug] &amp;#27;[35m[WD Proxy]&amp;#27;[39m Got response with status 200: {&quot;sessionId&quot;:&quot;95165d5b-2b46-4537-942f-2e9e341d5032&quot;,&quot;value&quot;:null}
[debug] &amp;#27;[35m[W3C (fd1d169e)]&amp;#27;[39m Responding to client with driver.click() result: null
&amp;#27;[35m[HTTP]&amp;#27;[39m &amp;#27;[37m&lt;-- POST /wd/hub/session/fd1d169e-7db2-4dfd-ba2a-e05fd060e6e4/element/adfd28c0-9803-4745-98ee-e2706fc68718/click &amp;#27;[39m&amp;#27;[32m200&amp;#27;[39m &amp;#27;[90m73 ms - 14&amp;#27;[39m
&amp;#27;[35m[HTTP]&amp;#27;[39m &amp;#27;[90m&amp;#27;[39m
&amp;#27;[35m[HTTP]&amp;#27;[39m &amp;#27;[37m--&gt;&amp;#27;[39m &amp;#27;[37mGET&amp;#27;[39m &amp;#27;[37m/wd/hub/session/fd1d169e-7db2-4dfd-ba2a-e05fd060e6e4/context&amp;#27;[39m
&amp;#27;[35m[HTTP]&amp;#27;[39m &amp;#27;[90m{}&amp;#27;[39m
[debug] &amp;#27;[35m[W3C (fd1d169e)]&amp;#27;[39m Calling AppiumDriver.getCurrentContext() with args: [&quot;fd1d169e-7db2-4dfd-ba2a-e05fd060e6e4&quot;]
[debug] &amp;#27;[35m[W3C (fd1d169e)]&amp;#27;[39m Responding to client with driver.getCurrentContext() result: &quot;NATIVE_APP&quot;
&amp;#27;[35m[HTTP]&amp;#27;[39m &amp;#27;[37m&lt;-- GET /wd/hub/session/fd1d169e-7db2-4dfd-ba2a-e05fd060e6e4/context &amp;#27;[39m&amp;#27;[32m200&amp;#27;[39m &amp;#27;[90m2 ms - 22&amp;#27;[39m
&amp;#27;[35m[HTTP]&amp;#27;[39m &amp;#27;[90m&amp;#27;[39m
&amp;#27;[35m[HTTP]&amp;#27;[39m &amp;#27;[37m--&gt;&amp;#27;[39m &amp;#27;[37mPOST&amp;#27;[39m &amp;#27;[37m/wd/hub/session/fd1d169e-7db2-4dfd-ba2a-e05fd060e6e4/elements&amp;#27;[39m
&amp;#27;[35m[HTTP]&amp;#27;[39m &amp;#27;[90m{&quot;using&quot;:&quot;class name&quot;,&quot;value&quot;:&quot;android.widget.RadioButton&quot;}&amp;#27;[39m
[debug] &amp;#27;[35m[W3C (fd1d169e)]&amp;#27;[39m Calling AppiumDriver.findElements() with args: [&quot;class name&quot;,&quot;android.widget.RadioButton&quot;,&quot;fd1d169e-7db2-4dfd-ba2a-e05fd060e6e4&quot;]
[debug] &amp;#27;[35m[BaseDriver]&amp;#27;[39m Valid locator strategies for this request: xpath, id, class name, accessibility id, -android uiautomator
[debug] &amp;#27;[35m[BaseDriver]&amp;#27;[39m Waiting up to 10000 ms for condition
[debug] &amp;#27;[35m[WD Proxy]&amp;#27;[39m Matched &apos;/elements&apos; to command name &apos;findElements&apos;
[debug] &amp;#27;[35m[WD Proxy]&amp;#27;[39m Proxying [POST /elements] to [POST http://127.0.0.1:8228/wd/hub/session/95165d5b-2b46-4537-942f-2e9e341d5032/elements] with body: {&quot;strategy&quot;:&quot;class name&quot;,&quot;selector&quot;:&quot;android.widget.RadioButton&quot;,&quot;context&quot;:&quot;&quot;,&quot;multiple&quot;:true}
[debug] &amp;#27;[35m[WD Proxy]&amp;#27;[39m Got response with status 200: {&quot;sessionId&quot;:&quot;95165d5b-2b46-4537-942f-2e9e341d5032&quot;,&quot;value&quot;:[]}
[debug] &amp;#27;[35m[BaseDriver]&amp;#27;[39m Waited for 153 ms so far
[debug] &amp;#27;[35m[WD Proxy]&amp;#27;[39m Matched &apos;/elements&apos; to command name &apos;findElements&apos;
[debug] &amp;#27;[35m[WD Proxy]&amp;#27;[39m Proxying [POST /elements] to [POST http://127.0.0.1:8228/wd/hub/session/95165d5b-2b46-4537-942f-2e9e341d5032/elements] with body: {&quot;strategy&quot;:&quot;class name&quot;,&quot;selector&quot;:&quot;android.widget.RadioButton&quot;,&quot;context&quot;:&quot;&quot;,&quot;multiple&quot;:true}
[debug] &amp;#27;[35m[WD Proxy]&amp;#27;[39m Got response with status 200: {&quot;sessionId&quot;:&quot;95165d5b-2b46-4537-942f-2e9e341d5032&quot;,&quot;value&quot;:[{&quot;ELEMENT&quot;:&quot;d5518459-503c-40d4-9923-a2f60405c96d&quot;,&quot;element-6066-11e4-a52e-4f735466cecf&quot;:&quot;d5518459-503c-40d4-9923-a2f60405c96d&quot;},{&quot;ELEMENT&quot;:&quot;88c385d1-a3f0-4895-8298-21983e426ac8&quot;,&quot;element-6066-11e4-a52e-4f735466cecf&quot;:&quot;88c385d1-a3f0-4895-8298-21983e426ac8&quot;},{&quot;ELEMENT&quot;:&quot;ea51727f-c8d4-4ba0-96ca-84bb168f5cc8&quot;,&quot;element-6066-11e4-a52e-4f735466cecf&quot;:&quot;ea51727f-c8d4-4ba0-96ca-84bb168f5cc8&quot;},{&quot;ELEMENT&quot;:&quot;8f445b61-f758-4615-91a7-017e7a555417&quot;,&quot;element-6066-11e4-a52e-4f735466cecf&quot;:&quot;8f445b61-f758-4615-91a7-017e7a555417&quot;},{&quot;ELEMENT&quot;:&quot;15752bc0-5712-43a9-8075-1d0f0045b9f8&quot;,&quot;element-6066-11e4-a52e-4f735466cecf&quot;:&quot;15752bc0-5712-43a9-8075-1d0f0045b9f8&quot;},{&quot;ELEMENT&quot;:&quot;8c46a20c-c4f0-4c44-9f91-5c410363571e&quot;,&quot;element-6066-11e4-a52e-4f735466cecf&quot;:&quot;8c46a20c-c4f0-4c44-9f91-5c410363571e&quot;}]}
[debug] &amp;#27;[35m[W3C (fd1d169e)]&amp;#27;[39m Responding to client with driver.findElements() result: [{&quot;element-6066-11e4-a52e-4f735466cecf&quot;:&quot;d5518459-503c-40d4-9923-a2f60405c96d&quot;,&quot;ELEMENT&quot;:&quot;d5518459-503c-40d4-9923-a2f60405c96d&quot;},{&quot;element-6066-11e4-a52e-4f735466cecf&quot;:&quot;88c385d1-a3f0-4895-8298-21983e426ac8&quot;,&quot;ELEMENT&quot;:&quot;88c385d1-a3f0-4895-8298-21983e426ac8&quot;},{&quot;element-6066-11e4-a52e-4f735466cecf&quot;:&quot;ea51727f-c8d4-4ba0-96ca-84bb168f5cc8&quot;,&quot;ELEMENT&quot;:&quot;ea51727f-c8d4-4ba0-96ca-84bb168f5cc8&quot;},{&quot;element-6066-11e4-a52e-4f735466cecf&quot;:&quot;8f445b61-f758-4615-91a7-017e7a555417&quot;,&quot;ELEMENT&quot;:&quot;8f445b61-f758-4615-91a7-017e7a555417&quot;},{&quot;element-6066-11e4-a52e-4f735466cecf&quot;:&quot;15752bc0-5712-43a9-8075-1d0f0045b9f8&quot;,&quot;ELEMENT&quot;:&quot;15752bc0-5712-43a9-8075-1d0f0045b9f8&quot;},{&quot;element-6066-11e4-a52e-4f735466cecf&quot;:&quot;8c46a20c-c4f0-4c44-9f91-5c410363571e&quot;,&quot;ELEMENT&quot;:&quot;8c46a20c-c4f0-4c44-9f91-5c410363571e&quot;}]
&amp;#27;[35m[HTTP]&amp;#27;[39m &amp;#27;[37m&lt;-- POST /wd/hub/session/fd1d169e-7db2-4dfd-ba2a-e05fd060e6e4/elements &amp;#27;[39m&amp;#27;[32m200&amp;#27;[39m &amp;#27;[90m753 ms - 779&amp;#27;[39m
&amp;#27;[35m[HTTP]&amp;#27;[39m &amp;#27;[90m&amp;#27;[39m
&amp;#27;[35m[HTTP]&amp;#27;[39m &amp;#27;[37m--&gt;&amp;#27;[39m &amp;#27;[37mPOST&amp;#27;[39m &amp;#27;[37m/wd/hub/session/fd1d169e-7db2-4dfd-ba2a-e05fd060e6e4/element/8c46a20c-c4f0-4c44-9f91-5c410363571e/click&amp;#27;[39m
&amp;#27;[35m[HTTP]&amp;#27;[39m &amp;#27;[90m{&quot;id&quot;:&quot;8c46a20c-c4f0-4c44-9f91-5c410363571e&quot;}&amp;#27;[39m
[debug] &amp;#27;[35m[W3C (fd1d169e)]&amp;#27;[39m Calling AppiumDriver.click() with args: [&quot;8c46a20c-c4f0-4c44-9f91-5c410363571e&quot;,&quot;fd1d169e-7db2-4dfd-ba2a-e05fd060e6e4&quot;]
[debug] &amp;#27;[35m[WD Proxy]&amp;#27;[39m Matched &apos;/element/8c46a20c-c4f0-4c44-9f91-5c410363571e/click&apos; to command name &apos;click&apos;
[debug] &amp;#27;[35m[WD Proxy]&amp;#27;[39m Proxying [POST /element/8c46a20c-c4f0-4c44-9f91-5c410363571e/click] to [POST http://127.0.0.1:8228/wd/hub/session/95165d5b-2b46-4537-942f-2e9e341d5032/element/8c46a20c-c4f0-4c44-9f91-5c410363571e/click] with body: {&quot;element&quot;:&quot;8c46a20c-c4f0-4c44-9f91-5c410363571e&quot;}
[debug] &amp;#27;[35m[WD Proxy]&amp;#27;[39m Got response with status 200: {&quot;sessionId&quot;:&quot;95165d5b-2b46-4537-942f-2e9e341d5032&quot;,&quot;value&quot;:null}
[debug] &amp;#27;[35m[W3C (fd1d169e)]&amp;#27;[39m Responding to client with driver.click() result: null
&amp;#27;[35m[HTTP]&amp;#27;[39m &amp;#27;[37m&lt;-- POST /wd/hub/session/fd1d169e-7db2-4dfd-ba2a-e05fd060e6e4/element/8c46a20c-c4f0-4c44-9f91-5c410363571e/click &amp;#27;[39m&amp;#27;[32m200&amp;#27;[39m &amp;#27;[90m757 ms - 14&amp;#27;[39m
&amp;#27;[35m[HTTP]&amp;#27;[39m &amp;#27;[90m&amp;#27;[39m
&amp;#27;[35m[HTTP]&amp;#27;[39m &amp;#27;[37m--&gt;&amp;#27;[39m &amp;#27;[37mGET&amp;#27;[39m &amp;#27;[37m/wd/hub/session/fd1d169e-7db2-4dfd-ba2a-e05fd060e6e4/context&amp;#27;[39m
&amp;#27;[35m[HTTP]&amp;#27;[39m &amp;#27;[90m{}&amp;#27;[39m
[debug] &amp;#27;[35m[W3C (fd1d169e)]&amp;#27;[39m Calling AppiumDriver.getCurrentContext() with args: [&quot;fd1d169e-7db2-4dfd-ba2a-e05fd060e6e4&quot;]
[debug] &amp;#27;[35m[W3C (fd1d169e)]&amp;#27;[39m Responding to client with driver.getCurrentContext() result: &quot;NATIVE_APP&quot;
&amp;#27;[35m[HTTP]&amp;#27;[39m &amp;#27;[37m&lt;-- GET /wd/hub/session/fd1d169e-7db2-4dfd-ba2a-e05fd060e6e4/context &amp;#27;[39m&amp;#27;[32m200&amp;#27;[39m &amp;#27;[90m5 ms - 22&amp;#27;[39m
&amp;#27;[35m[HTTP]&amp;#27;[39m &amp;#27;[90m&amp;#27;[39m
&amp;#27;[35m[HTTP]&amp;#27;[39m &amp;#27;[37m--&gt;&amp;#27;[39m &amp;#27;[37mPOST&amp;#27;[39m &amp;#27;[37m/wd/hub/session/fd1d169e-7db2-4dfd-ba2a-e05fd060e6e4/element&amp;#27;[39m
&amp;#27;[35m[HTTP]&amp;#27;[39m &amp;#27;[90m{&quot;using&quot;:&quot;xpath&quot;,&quot;value&quot;:&quot;//android.widget.Button[@text=&apos;week, , &apos;]&quot;}&amp;#27;[39m
[debug] &amp;#27;[35m[W3C (fd1d169e)]&amp;#27;[39m Calling AppiumDriver.findElement() with args: [&quot;xpath&quot;,&quot;//android.widget.Button[@text=&apos;week, , &apos;]&quot;,&quot;fd1d169e-7db2-4dfd-ba2a-e05fd060e6e4&quot;]
[debug] &amp;#27;[35m[BaseDriver]&amp;#27;[39m Valid locator strategies for this request: xpath, id, class name, accessibility id, -android uiautomator
[debug] &amp;#27;[35m[BaseDriver]&amp;#27;[39m Waiting up to 10000 ms for condition
[debug] &amp;#27;[35m[WD Proxy]&amp;#27;[39m Matched &apos;/element&apos; to command name &apos;findElement&apos;
[debug] &amp;#27;[35m[WD Proxy]&amp;#27;[39m Proxying [POST /element] to [POST http://127.0.0.1:8228/wd/hub/session/95165d5b-2b46-4537-942f-2e9e341d5032/element] with body: {&quot;strategy&quot;:&quot;xpath&quot;,&quot;selector&quot;:&quot;//android.widget.Button[@text=&apos;week, , &apos;]&quot;,&quot;context&quot;:&quot;&quot;,&quot;multiple&quot;:false}
[debug] &amp;#27;[35m[WD Proxy]&amp;#27;[39m Got response with status 200: {&quot;sessionId&quot;:&quot;95165d5b-2b46-4537-942f-2e9e341d5032&quot;,&quot;value&quot;:{&quot;ELEMENT&quot;:&quot;5ac3912b-439c-47bb-b65a-df49daf6b859&quot;,&quot;element-6066-11e4-a52e-4f735466cecf&quot;:&quot;5ac3912b-439c-47bb-b65a-df49daf6b859&quot;}}
[debug] &amp;#27;[35m[W3C (fd1d169e)]&amp;#27;[39m Responding to client with driver.findElement() result: {&quot;element-6066-11e4-a52e-4f735466cecf&quot;:&quot;5ac3912b-439c-47bb-b65a-df49daf6b859&quot;,&quot;ELEMENT&quot;:&quot;5ac3912b-439c-47bb-b65a-df49daf6b859&quot;}
&amp;#27;[35m[HTTP]&amp;#27;[39m &amp;#27;[37m&lt;-- POST /wd/hub/session/fd1d169e-7db2-4dfd-ba2a-e05fd060e6e4/element &amp;#27;[39m&amp;#27;[32m200&amp;#27;[39m &amp;#27;[90m262 ms - 137&amp;#27;[39m
&amp;#27;[35m[HTTP]&amp;#27;[39m &amp;#27;[90m&amp;#27;[39m
&amp;#27;[35m[HTTP]&amp;#27;[39m &amp;#27;[37m--&gt;&amp;#27;[39m &amp;#27;[37mPOST&amp;#27;[39m &amp;#27;[37m/wd/hub/session/fd1d169e-7db2-4dfd-ba2a-e05fd060e6e4/element/5ac3912b-439c-47bb-b65a-df49daf6b859/click&amp;#27;[39m
&amp;#27;[35m[HTTP]&amp;#27;[39m &amp;#27;[90m{&quot;id&quot;:&quot;5ac3912b-439c-47bb-b65a-df49daf6b859&quot;}&amp;#27;[39m
[debug] &amp;#27;[35m[W3C (fd1d169e)]&amp;#27;[39m Calling AppiumDriver.click() with args: [&quot;5ac3912b-439c-47bb-b65a-df49daf6b859&quot;,&quot;fd1d169e-7db2-4dfd-ba2a-e05fd060e6e4&quot;]
[debug] &amp;#27;[35m[WD Proxy]&amp;#27;[39m Matched &apos;/element/5ac3912b-439c-47bb-b65a-df49daf6b859/click&apos; to command name &apos;click&apos;
[debug] &amp;#27;[35m[WD Proxy]&amp;#27;[39m Proxying [POST /element/5ac3912b-439c-47bb-b65a-df49daf6b859/click] to [POST http://127.0.0.1:8228/wd/hub/session/95165d5b-2b46-4537-942f-2e9e341d5032/element/5ac3912b-439c-47bb-b65a-df49daf6b859/click] with body: {&quot;element&quot;:&quot;5ac3912b-439c-47bb-b65a-df49daf6b859&quot;}
[debug] &amp;#27;[35m[WD Proxy]&amp;#27;[39m Got response with status 200: {&quot;sessionId&quot;:&quot;95165d5b-2b46-4537-942f-2e9e341d5032&quot;,&quot;value&quot;:null}
[debug] &amp;#27;[35m[W3C (fd1d169e)]&amp;#27;[39m Responding to client with driver.click() result: null
&amp;#27;[35m[HTTP]&amp;#27;[39m &amp;#27;[37m&lt;-- POST /wd/hub/session/fd1d169e-7db2-4dfd-ba2a-e05fd060e6e4/element/5ac3912b-439c-47bb-b65a-df49daf6b859/click &amp;#27;[39m&amp;#27;[32m200&amp;#27;[39m &amp;#27;[90m92 ms - 14&amp;#27;[39m
&amp;#27;[35m[HTTP]&amp;#27;[39m &amp;#27;[90m&amp;#27;[39m
&amp;#27;[35m[HTTP]&amp;#27;[39m &amp;#27;[37m--&gt;&amp;#27;[39m &amp;#27;[37mPOST&amp;#27;[39m &amp;#27;[37m/wd/hub/session/fd1d169e-7db2-4dfd-ba2a-e05fd060e6e4/element&amp;#27;[39m
&amp;#27;[35m[HTTP]&amp;#27;[39m &amp;#27;[90m{&quot;using&quot;:&quot;-android uiautomator&quot;,&quot;value&quot;:&quot;new UiScrollable(new UiSelector()).scrollIntoView(new UiSelector().text(\&quot;Forever\&quot;));&quot;}&amp;#27;[39m
[debug] &amp;#27;[35m[W3C (fd1d169e)]&amp;#27;[39m Calling AppiumDriver.findElement() with args: [&quot;-android uiautomator&quot;,&quot;new UiScrollable(new UiSelector()).scrollIntoView(new UiSelector().text(\&quot;Forever\&quot;));&quot;,&quot;fd1d169e-7db2-4dfd-ba2a-e05fd060e6e4&quot;]
[debug] &amp;#27;[35m[BaseDriver]&amp;#27;[39m Valid locator strategies for this request: xpath, id, class name, accessibility id, -android uiautomator
[debug] &amp;#27;[35m[BaseDriver]&amp;#27;[39m Waiting up to 10000 ms for condition
[debug] &amp;#27;[35m[WD Proxy]&amp;#27;[39m Matched &apos;/element&apos; to command name &apos;findElement&apos;
[debug] &amp;#27;[35m[WD Proxy]&amp;#27;[39m Proxying [POST /element] to [POST http://127.0.0.1:8228/wd/hub/session/95165d5b-2b46-4537-942f-2e9e341d5032/element] with body: {&quot;strategy&quot;:&quot;-android uiautomator&quot;,&quot;selector&quot;:&quot;new UiScrollable(new UiSelector()).scrollIntoView(new UiSelector().text(\&quot;Forever\&quot;));&quot;,&quot;context&quot;:&quot;&quot;,&quot;multiple&quot;:false}
[debug] &amp;#27;[35m[WD Proxy]&amp;#27;[39m Got response with status 200: {&quot;sessionId&quot;:&quot;95165d5b-2b46-4537-942f-2e9e341d5032&quot;,&quot;value&quot;:{&quot;ELEMENT&quot;:&quot;1eef79cf-5cfe-4327-90ef-40603f1b4e93&quot;,&quot;element-6066-11e4-a52e-4f735466cecf&quot;:&quot;1eef79cf-5cfe-4327-90ef-40603f1b4e93&quot;}}
[debug] &amp;#27;[35m[W3C (fd1d169e)]&amp;#27;[39m Responding to client with driver.findElement() result: {&quot;element-6066-11e4-a52e-4f735466cecf&quot;:&quot;1eef79cf-5cfe-4327-90ef-40603f1b4e93&quot;,&quot;ELEMENT&quot;:&quot;1eef79cf-5cfe-4327-90ef-40603f1b4e93&quot;}
&amp;#27;[35m[HTTP]&amp;#27;[39m &amp;#27;[37m&lt;-- POST /wd/hub/session/fd1d169e-7db2-4dfd-ba2a-e05fd060e6e4/element &amp;#27;[39m&amp;#27;[32m200&amp;#27;[39m &amp;#27;[90m2613 ms - 137&amp;#27;[39m
&amp;#27;[35m[HTTP]&amp;#27;[39m &amp;#27;[90m&amp;#27;[39m
&amp;#27;[35m[HTTP]&amp;#27;[39m &amp;#27;[37m--&gt;&amp;#27;[39m &amp;#27;[37mGET&amp;#27;[39m &amp;#27;[37m/wd/hub/session/fd1d169e-7db2-4dfd-ba2a-e05fd060e6e4/context&amp;#27;[39m
&amp;#27;[35m[HTTP]&amp;#27;[39m &amp;#27;[90m{}&amp;#27;[39m
[debug] &amp;#27;[35m[W3C (fd1d169e)]&amp;#27;[39m Calling AppiumDriver.getCurrentContext() with args: [&quot;fd1d169e-7db2-4dfd-ba2a-e05fd060e6e4&quot;]
[debug] &amp;#27;[35m[W3C (fd1d169e)]&amp;#27;[39m Responding to client with driver.getCurrentContext() result: &quot;NATIVE_APP&quot;
&amp;#27;[35m[HTTP]&amp;#27;[39m &amp;#27;[37m&lt;-- GET /wd/hub/session/fd1d169e-7db2-4dfd-ba2a-e05fd060e6e4/context &amp;#27;[39m&amp;#27;[32m200&amp;#27;[39m &amp;#27;[90m4 ms - 22&amp;#27;[39m
&amp;#27;[35m[HTTP]&amp;#27;[39m &amp;#27;[90m&amp;#27;[39m
&amp;#27;[35m[HTTP]&amp;#27;[39m &amp;#27;[37m--&gt;&amp;#27;[39m &amp;#27;[37mPOST&amp;#27;[39m &amp;#27;[37m/wd/hub/session/fd1d169e-7db2-4dfd-ba2a-e05fd060e6e4/element&amp;#27;[39m
&amp;#27;[35m[HTTP]&amp;#27;[39m &amp;#27;[90m{&quot;using&quot;:&quot;id&quot;,&quot;value&quot;:&quot;com.samsung.android.calendar:id/add_dayofweek_toggle_mon&quot;}&amp;#27;[39m
[debug] &amp;#27;[35m[W3C (fd1d169e)]&amp;#27;[39m Calling AppiumDriver.findElement() with args: [&quot;id&quot;,&quot;com.samsung.android.calendar:id/add_dayofweek_toggle_mon&quot;,&quot;fd1d169e-7db2-4dfd-ba2a-e05fd060e6e4&quot;]
[debug] &amp;#27;[35m[BaseDriver]&amp;#27;[39m Valid locator strategies for this request: xpath, id, class name, accessibility id, -android uiautomator
[debug] &amp;#27;[35m[BaseDriver]&amp;#27;[39m Waiting up to 10000 ms for condition
[debug] &amp;#27;[35m[WD Proxy]&amp;#27;[39m Matched &apos;/element&apos; to command name &apos;findElement&apos;
[debug] &amp;#27;[35m[WD Proxy]&amp;#27;[39m Proxying [POST /element] to [POST http://127.0.0.1:8228/wd/hub/session/95165d5b-2b46-4537-942f-2e9e341d5032/element] with body: {&quot;strategy&quot;:&quot;id&quot;,&quot;selector&quot;:&quot;com.samsung.android.calendar:id/add_dayofweek_toggle_mon&quot;,&quot;context&quot;:&quot;&quot;,&quot;multiple&quot;:false}
[debug] &amp;#27;[35m[WD Proxy]&amp;#27;[39m Got response with status 200: {&quot;sessionId&quot;:&quot;95165d5b-2b46-4537-942f-2e9e341d5032&quot;,&quot;value&quot;:{&quot;ELEMENT&quot;:&quot;aba76d48-789e-4b45-8134-cd0e3285390d&quot;,&quot;element-6066-11e4-a52e-4f735466cecf&quot;:&quot;aba76d48-789e-4b45-8134-cd0e3285390d&quot;}}
[debug] &amp;#27;[35m[W3C (fd1d169e)]&amp;#27;[39m Responding to client with driver.findElement() result: {&quot;element-6066-11e4-a52e-4f735466cecf&quot;:&quot;aba76d48-789e-4b45-8134-cd0e3285390d&quot;,&quot;ELEMENT&quot;:&quot;aba76d48-789e-4b45-8134-cd0e3285390d&quot;}
&amp;#27;[35m[HTTP]&amp;#27;[39m &amp;#27;[37m&lt;-- POST /wd/hub/session/fd1d169e-7db2-4dfd-ba2a-e05fd060e6e4/element &amp;#27;[39m&amp;#27;[32m200&amp;#27;[39m &amp;#27;[90m62 ms - 137&amp;#27;[39m
&amp;#27;[35m[HTTP]&amp;#27;[39m &amp;#27;[90m&amp;#27;[39m
&amp;#27;[35m[HTTP]&amp;#27;[39m &amp;#27;[37m--&gt;&amp;#27;[39m &amp;#27;[37mGET&amp;#27;[39m &amp;#27;[37m/wd/hub/session/fd1d169e-7db2-4dfd-ba2a-e05fd060e6e4/element/aba76d48-789e-4b45-8134-cd0e3285390d/attribute/checked&amp;#27;[39m
&amp;#27;[35m[HTTP]&amp;#27;[39m &amp;#27;[90m{}&amp;#27;[39m
[debug] &amp;#27;[35m[W3C (fd1d169e)]&amp;#27;[39m Calling AppiumDriver.getAttribute() with args: [&quot;checked&quot;,&quot;aba76d48-789e-4b45-8134-cd0e3285390d&quot;,&quot;fd1d169e-7db2-4dfd-ba2a-e05fd060e6e4&quot;]
[debug] &amp;#27;[35m[WD Proxy]&amp;#27;[39m Matched &apos;/element/aba76d48-789e-4b45-8134-cd0e3285390d/attribute/checked&apos; to command name &apos;getAttribute&apos;
[debug] &amp;#27;[35m[WD Proxy]&amp;#27;[39m Proxying [GET /element/aba76d48-789e-4b45-8134-cd0e3285390d/attribute/checked] to [GET http://127.0.0.1:8228/wd/hub/session/95165d5b-2b46-4537-942f-2e9e341d5032/element/aba76d48-789e-4b45-8134-cd0e3285390d/attribute/checked] with no body
[debug] &amp;#27;[35m[WD Proxy]&amp;#27;[39m Got response with status 200: {&quot;sessionId&quot;:&quot;95165d5b-2b46-4537-942f-2e9e341d5032&quot;,&quot;value&quot;:&quot;true&quot;}
[debug] &amp;#27;[35m[W3C (fd1d169e)]&amp;#27;[39m Responding to client with driver.getAttribute() result: &quot;true&quot;
&amp;#27;[35m[HTTP]&amp;#27;[39m &amp;#27;[37m&lt;-- GET /wd/hub/session/fd1d169e-7db2-4dfd-ba2a-e05fd060e6e4/element/aba76d48-789e-4b45-8134-cd0e3285390d/attribute/checked &amp;#27;[39m&amp;#27;[32m200&amp;#27;[39m &amp;#27;[90m37 ms - 16&amp;#27;[39m
&amp;#27;[35m[HTTP]&amp;#27;[39m &amp;#27;[90m&amp;#27;[39m
&amp;#27;[35m[HTTP]&amp;#27;[39m &amp;#27;[37m--&gt;&amp;#27;[39m &amp;#27;[37mGET&amp;#27;[39m &amp;#27;[37m/wd/hub/session/fd1d169e-7db2-4dfd-ba2a-e05fd060e6e4/context&amp;#27;[39m
&amp;#27;[35m[HTTP]&amp;#27;[39m &amp;#27;[90m{}&amp;#27;[39m
[debug] &amp;#27;[35m[W3C (fd1d169e)]&amp;#27;[39m Calling AppiumDriver.getCurrentContext() with args: [&quot;fd1d169e-7db2-4dfd-ba2a-e05fd060e6e4&quot;]
[debug] &amp;#27;[35m[W3C (fd1d169e)]&amp;#27;[39m Responding to client with driver.getCurrentContext() result: &quot;NATIVE_APP&quot;
&amp;#27;[35m[HTTP]&amp;#27;[39m &amp;#27;[37m&lt;-- GET /wd/hub/session/fd1d169e-7db2-4dfd-ba2a-e05fd060e6e4/context &amp;#27;[39m&amp;#27;[32m200&amp;#27;[39m &amp;#27;[90m3 ms - 22&amp;#27;[39m
&amp;#27;[35m[HTTP]&amp;#27;[39m &amp;#27;[90m&amp;#27;[39m
&amp;#27;[35m[HTTP]&amp;#27;[39m &amp;#27;[37m--&gt;&amp;#27;[39m &amp;#27;[37mPOST&amp;#27;[39m &amp;#27;[37m/wd/hub/session/fd1d169e-7db2-4dfd-ba2a-e05fd060e6e4/element&amp;#27;[39m
&amp;#27;[35m[HTTP]&amp;#27;[39m &amp;#27;[90m{&quot;using&quot;:&quot;id&quot;,&quot;value&quot;:&quot;com.samsung.android.calendar:id/add_dayofweek_toggle_mon&quot;}&amp;#27;[39m
[debug] &amp;#27;[35m[W3C (fd1d169e)]&amp;#27;[39m Calling AppiumDriver.findElement() with args: [&quot;id&quot;,&quot;com.samsung.android.calendar:id/add_dayofweek_toggle_mon&quot;,&quot;fd1d169e-7db2-4dfd-ba2a-e05fd060e6e4&quot;]
[debug] &amp;#27;[35m[BaseDriver]&amp;#27;[39m Valid locator strategies for this request: xpath, id, class name, accessibility id, -android uiautomator
[debug] &amp;#27;[35m[BaseDriver]&amp;#27;[39m Waiting up to 10000 ms for condition
[debug] &amp;#27;[35m[WD Proxy]&amp;#27;[39m Matched &apos;/element&apos; to command name &apos;findElement&apos;
[debug] &amp;#27;[35m[WD Proxy]&amp;#27;[39m Proxying [POST /element] to [POST http://127.0.0.1:8228/wd/hub/session/95165d5b-2b46-4537-942f-2e9e341d5032/element] with body: {&quot;strategy&quot;:&quot;id&quot;,&quot;selector&quot;:&quot;com.samsung.android.calendar:id/add_dayofweek_toggle_mon&quot;,&quot;context&quot;:&quot;&quot;,&quot;multiple&quot;:false}
[debug] &amp;#27;[35m[WD Proxy]&amp;#27;[39m Got response with status 200: {&quot;sessionId&quot;:&quot;95165d5b-2b46-4537-942f-2e9e341d5032&quot;,&quot;value&quot;:{&quot;ELEMENT&quot;:&quot;e2c1cf52-28a0-4405-b2bc-b06af578dac7&quot;,&quot;element-6066-11e4-a52e-4f735466cecf&quot;:&quot;e2c1cf52-28a0-4405-b2bc-b06af578dac7&quot;}}
[debug] &amp;#27;[35m[W3C (fd1d169e)]&amp;#27;[39m Responding to client with driver.findElement() result: {&quot;element-6066-11e4-a52e-4f735466cecf&quot;:&quot;e2c1cf52-28a0-4405-b2bc-b06af578dac7&quot;,&quot;ELEMENT&quot;:&quot;e2c1cf52-28a0-4405-b2bc-b06af578dac7&quot;}
&amp;#27;[35m[HTTP]&amp;#27;[39m &amp;#27;[37m&lt;-- POST /wd/hub/session/fd1d169e-7db2-4dfd-ba2a-e05fd060e6e4/element &amp;#27;[39m&amp;#27;[32m200&amp;#27;[39m &amp;#27;[90m57 ms - 137&amp;#27;[39m
&amp;#27;[35m[HTTP]&amp;#27;[39m &amp;#27;[90m&amp;#27;[39m
&amp;#27;[35m[HTTP]&amp;#27;[39m &amp;#27;[37m--&gt;&amp;#27;[39m &amp;#27;[37mPOST&amp;#27;[39m &amp;#27;[37m/wd/hub/session/fd1d169e-7db2-4dfd-ba2a-e05fd060e6e4/element/e2c1cf52-28a0-4405-b2bc-b06af578dac7/click&amp;#27;[39m
&amp;#27;[35m[HTTP]&amp;#27;[39m &amp;#27;[90m{&quot;id&quot;:&quot;e2c1cf52-28a0-4405-b2bc-b06af578dac7&quot;}&amp;#27;[39m
[debug] &amp;#27;[35m[W3C (fd1d169e)]&amp;#27;[39m Calling AppiumDriver.click() with args: [&quot;e2c1cf52-28a0-4405-b2bc-b06af578dac7&quot;,&quot;fd1d169e-7db2-4dfd-ba2a-e05fd060e6e4&quot;]
[debug] &amp;#27;[35m[WD Proxy]&amp;#27;[39m Matched &apos;/element/e2c1cf52-28a0-4405-b2bc-b06af578dac7/click&apos; to command name &apos;click&apos;
[debug] &amp;#27;[35m[WD Proxy]&amp;#27;[39m Proxying [POST /element/e2c1cf52-28a0-4405-b2bc-b06af578dac7/click] to [POST http://127.0.0.1:8228/wd/hub/session/95165d5b-2b46-4537-942f-2e9e341d5032/element/e2c1cf52-28a0-4405-b2bc-b06af578dac7/click] with body: {&quot;element&quot;:&quot;e2c1cf52-28a0-4405-b2bc-b06af578dac7&quot;}
[debug] &amp;#27;[35m[WD Proxy]&amp;#27;[39m Got response with status 200: {&quot;sessionId&quot;:&quot;95165d5b-2b46-4537-942f-2e9e341d5032&quot;,&quot;value&quot;:null}
[debug] &amp;#27;[35m[W3C (fd1d169e)]&amp;#27;[39m Responding to client with driver.click() result: null
&amp;#27;[35m[HTTP]&amp;#27;[39m &amp;#27;[37m&lt;-- POST /wd/hub/session/fd1d169e-7db2-4dfd-ba2a-e05fd060e6e4/element/e2c1cf52-28a0-4405-b2bc-b06af578dac7/click &amp;#27;[39m&amp;#27;[32m200&amp;#27;[39m &amp;#27;[90m74 ms - 14&amp;#27;[39m
&amp;#27;[35m[HTTP]&amp;#27;[39m &amp;#27;[90m&amp;#27;[39m
&amp;#27;[35m[HTTP]&amp;#27;[39m &amp;#27;[37m--&gt;&amp;#27;[39m &amp;#27;[37mGET&amp;#27;[39m &amp;#27;[37m/wd/hub/session/fd1d169e-7db2-4dfd-ba2a-e05fd060e6e4/context&amp;#27;[39m
&amp;#27;[35m[HTTP]&amp;#27;[39m &amp;#27;[90m{}&amp;#27;[39m
[debug] &amp;#27;[35m[W3C (fd1d169e)]&amp;#27;[39m Calling AppiumDriver.getCurrentContext() with args: [&quot;fd1d169e-7db2-4dfd-ba2a-e05fd060e6e4&quot;]
[debug] &amp;#27;[35m[W3C (fd1d169e)]&amp;#27;[39m Responding to client with driver.getCurrentContext() result: &quot;NATIVE_APP&quot;
&amp;#27;[35m[HTTP]&amp;#27;[39m &amp;#27;[37m&lt;-- GET /wd/hub/session/fd1d169e-7db2-4dfd-ba2a-e05fd060e6e4/context &amp;#27;[39m&amp;#27;[32m200&amp;#27;[39m &amp;#27;[90m11 ms - 22&amp;#27;[39m
&amp;#27;[35m[HTTP]&amp;#27;[39m &amp;#27;[90m&amp;#27;[39m
&amp;#27;[35m[HTTP]&amp;#27;[39m &amp;#27;[37m--&gt;&amp;#27;[39m &amp;#27;[37mPOST&amp;#27;[39m &amp;#27;[37m/wd/hub/session/fd1d169e-7db2-4dfd-ba2a-e05fd060e6e4/element&amp;#27;[39m
&amp;#27;[35m[HTTP]&amp;#27;[39m &amp;#27;[90m{&quot;using&quot;:&quot;id&quot;,&quot;value&quot;:&quot;com.samsung.android.calendar:id/add_dayofweek_toggle_tue&quot;}&amp;#27;[39m
[debug] &amp;#27;[35m[W3C (fd1d169e)]&amp;#27;[39m Calling AppiumDriver.findElement() with args: [&quot;id&quot;,&quot;com.samsung.android.calendar:id/add_dayofweek_toggle_tue&quot;,&quot;fd1d169e-7db2-4dfd-ba2a-e05fd060e6e4&quot;]
[debug] &amp;#27;[35m[BaseDriver]&amp;#27;[39m Valid locator strategies for this request: xpath, id, class name, accessibility id, -android uiautomator
[debug] &amp;#27;[35m[BaseDriver]&amp;#27;[39m Waiting up to 10000 ms for condition
[debug] &amp;#27;[35m[WD Proxy]&amp;#27;[39m Matched &apos;/element&apos; to command name &apos;findElement&apos;
[debug] &amp;#27;[35m[WD Proxy]&amp;#27;[39m Proxying [POST /element] to [POST http://127.0.0.1:8228/wd/hub/session/95165d5b-2b46-4537-942f-2e9e341d5032/element] with body: {&quot;strategy&quot;:&quot;id&quot;,&quot;selector&quot;:&quot;com.samsung.android.calendar:id/add_dayofweek_toggle_tue&quot;,&quot;context&quot;:&quot;&quot;,&quot;multiple&quot;:false}
[debug] &amp;#27;[35m[WD Proxy]&amp;#27;[39m Got response with status 200: {&quot;sessionId&quot;:&quot;95165d5b-2b46-4537-942f-2e9e341d5032&quot;,&quot;value&quot;:{&quot;ELEMENT&quot;:&quot;ef8db40f-b1ca-4e31-839f-ef02dc9ff7aa&quot;,&quot;element-6066-11e4-a52e-4f735466cecf&quot;:&quot;ef8db40f-b1ca-4e31-839f-ef02dc9ff7aa&quot;}}
[debug] &amp;#27;[35m[W3C (fd1d169e)]&amp;#27;[39m Responding to client with driver.findElement() result: {&quot;element-6066-11e4-a52e-4f735466cecf&quot;:&quot;ef8db40f-b1ca-4e31-839f-ef02dc9ff7aa&quot;,&quot;ELEMENT&quot;:&quot;ef8db40f-b1ca-4e31-839f-ef02dc9ff7aa&quot;}
&amp;#27;[35m[HTTP]&amp;#27;[39m &amp;#27;[37m&lt;-- POST /wd/hub/session/fd1d169e-7db2-4dfd-ba2a-e05fd060e6e4/element &amp;#27;[39m&amp;#27;[32m200&amp;#27;[39m &amp;#27;[90m644 ms - 137&amp;#27;[39m
&amp;#27;[35m[HTTP]&amp;#27;[39m &amp;#27;[90m&amp;#27;[39m
&amp;#27;[35m[HTTP]&amp;#27;[39m &amp;#27;[37m--&gt;&amp;#27;[39m &amp;#27;[37mGET&amp;#27;[39m &amp;#27;[37m/wd/hub/session/fd1d169e-7db2-4dfd-ba2a-e05fd060e6e4/element/ef8db40f-b1ca-4e31-839f-ef02dc9ff7aa/attribute/checked&amp;#27;[39m
&amp;#27;[35m[HTTP]&amp;#27;[39m &amp;#27;[90m{}&amp;#27;[39m
[debug] &amp;#27;[35m[W3C (fd1d169e)]&amp;#27;[39m Calling AppiumDriver.getAttribute() with args: [&quot;checked&quot;,&quot;ef8db40f-b1ca-4e31-839f-ef02dc9ff7aa&quot;,&quot;fd1d169e-7db2-4dfd-ba2a-e05fd060e6e4&quot;]
[debug] &amp;#27;[35m[WD Proxy]&amp;#27;[39m Matched &apos;/element/ef8db40f-b1ca-4e31-839f-ef02dc9ff7aa/attribute/checked&apos; to command name &apos;getAttribute&apos;
[debug] &amp;#27;[35m[WD Proxy]&amp;#27;[39m Proxying [GET /element/ef8db40f-b1ca-4e31-839f-ef02dc9ff7aa/attribute/checked] to [GET http://127.0.0.1:8228/wd/hub/session/95165d5b-2b46-4537-942f-2e9e341d5032/element/ef8db40f-b1ca-4e31-839f-ef02dc9ff7aa/attribute/checked] with no body
[debug] &amp;#27;[35m[WD Proxy]&amp;#27;[39m Got response with status 200: {&quot;sessionId&quot;:&quot;95165d5b-2b46-4537-942f-2e9e341d5032&quot;,&quot;value&quot;:&quot;false&quot;}
[debug] &amp;#27;[35m[W3C (fd1d169e)]&amp;#27;[39m Responding to client with driver.getAttribute() result: &quot;false&quot;
&amp;#27;[35m[HTTP]&amp;#27;[39m &amp;#27;[37m&lt;-- GET /wd/hub/session/fd1d169e-7db2-4dfd-ba2a-e05fd060e6e4/element/ef8db40f-b1ca-4e31-839f-ef02dc9ff7aa/attribute/checked &amp;#27;[39m&amp;#27;[32m200&amp;#27;[39m &amp;#27;[90m45 ms - 17&amp;#27;[39m
&amp;#27;[35m[HTTP]&amp;#27;[39m &amp;#27;[90m&amp;#27;[39m
&amp;#27;[35m[HTTP]&amp;#27;[39m &amp;#27;[37m--&gt;&amp;#27;[39m &amp;#27;[37mGET&amp;#27;[39m &amp;#27;[37m/wd/hub/session/fd1d169e-7db2-4dfd-ba2a-e05fd060e6e4/context&amp;#27;[39m
&amp;#27;[35m[HTTP]&amp;#27;[39m &amp;#27;[90m{}&amp;#27;[39m
[debug] &amp;#27;[35m[W3C (fd1d169e)]&amp;#27;[39m Calling AppiumDriver.getCurrentContext() with args: [&quot;fd1d169e-7db2-4dfd-ba2a-e05fd060e6e4&quot;]
[debug] &amp;#27;[35m[W3C (fd1d169e)]&amp;#27;[39m Responding to client with driver.getCurrentContext() result: &quot;NATIVE_APP&quot;
&amp;#27;[35m[HTTP]&amp;#27;[39m &amp;#27;[37m&lt;-- GET /wd/hub/session/fd1d169e-7db2-4dfd-ba2a-e05fd060e6e4/context &amp;#27;[39m&amp;#27;[32m200&amp;#27;[39m &amp;#27;[90m3 ms - 22&amp;#27;[39m
&amp;#27;[35m[HTTP]&amp;#27;[39m &amp;#27;[90m&amp;#27;[39m
&amp;#27;[35m[HTTP]&amp;#27;[39m &amp;#27;[37m--&gt;&amp;#27;[39m &amp;#27;[37mPOST&amp;#27;[39m &amp;#27;[37m/wd/hub/session/fd1d169e-7db2-4dfd-ba2a-e05fd060e6e4/element&amp;#27;[39m
&amp;#27;[35m[HTTP]&amp;#27;[39m &amp;#27;[90m{&quot;using&quot;:&quot;id&quot;,&quot;value&quot;:&quot;com.samsung.android.calendar:id/add_dayofweek_toggle_wed&quot;}&amp;#27;[39m
[debug] &amp;#27;[35m[W3C (fd1d169e)]&amp;#27;[39m Calling AppiumDriver.findElement() with args: [&quot;id&quot;,&quot;com.samsung.android.calendar:id/add_dayofweek_toggle_wed&quot;,&quot;fd1d169e-7db2-4dfd-ba2a-e05fd060e6e4&quot;]
[debug] &amp;#27;[35m[BaseDriver]&amp;#27;[39m Valid locator strategies for this request: xpath, id, class name, accessibility id, -android uiautomator
[debug] &amp;#27;[35m[BaseDriver]&amp;#27;[39m Waiting up to 10000 ms for condition
[debug] &amp;#27;[35m[WD Proxy]&amp;#27;[39m Matched &apos;/element&apos; to command name &apos;findElement&apos;
[debug] &amp;#27;[35m[WD Proxy]&amp;#27;[39m Proxying [POST /element] to [POST http://127.0.0.1:8228/wd/hub/session/95165d5b-2b46-4537-942f-2e9e341d5032/element] with body: {&quot;strategy&quot;:&quot;id&quot;,&quot;selector&quot;:&quot;com.samsung.android.calendar:id/add_dayofweek_toggle_wed&quot;,&quot;context&quot;:&quot;&quot;,&quot;multiple&quot;:false}
[debug] &amp;#27;[35m[WD Proxy]&amp;#27;[39m Got response with status 200: {&quot;sessionId&quot;:&quot;95165d5b-2b46-4537-942f-2e9e341d5032&quot;,&quot;value&quot;:{&quot;ELEMENT&quot;:&quot;69baff3a-2f24-49ec-ac17-8f820cd13d18&quot;,&quot;element-6066-11e4-a52e-4f735466cecf&quot;:&quot;69baff3a-2f24-49ec-ac17-8f820cd13d18&quot;}}
[debug] &amp;#27;[35m[W3C (fd1d169e)]&amp;#27;[39m Responding to client with driver.findElement() result: {&quot;element-6066-11e4-a52e-4f735466cecf&quot;:&quot;69baff3a-2f24-49ec-ac17-8f820cd13d18&quot;,&quot;ELEMENT&quot;:&quot;69baff3a-2f24-49ec-ac17-8f820cd13d18&quot;}
&amp;#27;[35m[HTTP]&amp;#27;[39m &amp;#27;[37m&lt;-- POST /wd/hub/session/fd1d169e-7db2-4dfd-ba2a-e05fd060e6e4/element &amp;#27;[39m&amp;#27;[32m200&amp;#27;[39m &amp;#27;[90m66 ms - 137&amp;#27;[39m
&amp;#27;[35m[HTTP]&amp;#27;[39m &amp;#27;[90m&amp;#27;[39m
&amp;#27;[35m[HTTP]&amp;#27;[39m &amp;#27;[37m--&gt;&amp;#27;[39m &amp;#27;[37mGET&amp;#27;[39m &amp;#27;[37m/wd/hub/session/fd1d169e-7db2-4dfd-ba2a-e05fd060e6e4/element/69baff3a-2f24-49ec-ac17-8f820cd13d18/attribute/checked&amp;#27;[39m
&amp;#27;[35m[HTTP]&amp;#27;[39m &amp;#27;[90m{}&amp;#27;[39m
[debug] &amp;#27;[35m[W3C (fd1d169e)]&amp;#27;[39m Calling AppiumDriver.getAttribute() with args: [&quot;checked&quot;,&quot;69baff3a-2f24-49ec-ac17-8f820cd13d18&quot;,&quot;fd1d169e-7db2-4dfd-ba2a-e05fd060e6e4&quot;]
[debug] &amp;#27;[35m[WD Proxy]&amp;#27;[39m Matched &apos;/element/69baff3a-2f24-49ec-ac17-8f820cd13d18/attribute/checked&apos; to command name &apos;getAttribute&apos;
[debug] &amp;#27;[35m[WD Proxy]&amp;#27;[39m Proxying [GET /element/69baff3a-2f24-49ec-ac17-8f820cd13d18/attribute/checked] to [GET http://127.0.0.1:8228/wd/hub/session/95165d5b-2b46-4537-942f-2e9e341d5032/element/69baff3a-2f24-49ec-ac17-8f820cd13d18/attribute/checked] with no body
[debug] &amp;#27;[35m[WD Proxy]&amp;#27;[39m Got response with status 200: {&quot;sessionId&quot;:&quot;95165d5b-2b46-4537-942f-2e9e341d5032&quot;,&quot;value&quot;:&quot;false&quot;}
[debug] &amp;#27;[35m[W3C (fd1d169e)]&amp;#27;[39m Responding to client with driver.getAttribute() result: &quot;false&quot;
&amp;#27;[35m[HTTP]&amp;#27;[39m &amp;#27;[37m&lt;-- GET /wd/hub/session/fd1d169e-7db2-4dfd-ba2a-e05fd060e6e4/element/69baff3a-2f24-49ec-ac17-8f820cd13d18/attribute/checked &amp;#27;[39m&amp;#27;[32m200&amp;#27;[39m &amp;#27;[90m37 ms - 17&amp;#27;[39m
&amp;#27;[35m[HTTP]&amp;#27;[39m &amp;#27;[90m&amp;#27;[39m
&amp;#27;[35m[HTTP]&amp;#27;[39m &amp;#27;[37m--&gt;&amp;#27;[39m &amp;#27;[37mGET&amp;#27;[39m &amp;#27;[37m/wd/hub/session/fd1d169e-7db2-4dfd-ba2a-e05fd060e6e4/context&amp;#27;[39m
&amp;#27;[35m[HTTP]&amp;#27;[39m &amp;#27;[90m{}&amp;#27;[39m
[debug] &amp;#27;[35m[W3C (fd1d169e)]&amp;#27;[39m Calling AppiumDriver.getCurrentContext() with args: [&quot;fd1d169e-7db2-4dfd-ba2a-e05fd060e6e4&quot;]
[debug] &amp;#27;[35m[W3C (fd1d169e)]&amp;#27;[39m Responding to client with driver.getCurrentContext() result: &quot;NATIVE_APP&quot;
&amp;#27;[35m[HTTP]&amp;#27;[39m &amp;#27;[37m&lt;-- GET /wd/hub/session/fd1d169e-7db2-4dfd-ba2a-e05fd060e6e4/context &amp;#27;[39m&amp;#27;[32m200&amp;#27;[39m &amp;#27;[90m3 ms - 22&amp;#27;[39m
&amp;#27;[35m[HTTP]&amp;#27;[39m &amp;#27;[90m&amp;#27;[39m
&amp;#27;[35m[HTTP]&amp;#27;[39m &amp;#27;[37m--&gt;&amp;#27;[39m &amp;#27;[37mPOST&amp;#27;[39m &amp;#27;[37m/wd/hub/session/fd1d169e-7db2-4dfd-ba2a-e05fd060e6e4/element&amp;#27;[39m
&amp;#27;[35m[HTTP]&amp;#27;[39m &amp;#27;[90m{&quot;using&quot;:&quot;id&quot;,&quot;value&quot;:&quot;com.samsung.android.calendar:id/add_dayofweek_toggle_thu&quot;}&amp;#27;[39m
[debug] &amp;#27;[35m[W3C (fd1d169e)]&amp;#27;[39m Calling AppiumDriver.findElement() with args: [&quot;id&quot;,&quot;com.samsung.android.calendar:id/add_dayofweek_toggle_thu&quot;,&quot;fd1d169e-7db2-4dfd-ba2a-e05fd060e6e4&quot;]
[debug] &amp;#27;[35m[BaseDriver]&amp;#27;[39m Valid locator strategies for this request: xpath, id, class name, accessibility id, -android uiautomator
[debug] &amp;#27;[35m[BaseDriver]&amp;#27;[39m Waiting up to 10000 ms for condition
[debug] &amp;#27;[35m[WD Proxy]&amp;#27;[39m Matched &apos;/element&apos; to command name &apos;findElement&apos;
[debug] &amp;#27;[35m[WD Proxy]&amp;#27;[39m Proxying [POST /element] to [POST http://127.0.0.1:8228/wd/hub/session/95165d5b-2b46-4537-942f-2e9e341d5032/element] with body: {&quot;strategy&quot;:&quot;id&quot;,&quot;selector&quot;:&quot;com.samsung.android.calendar:id/add_dayofweek_toggle_thu&quot;,&quot;context&quot;:&quot;&quot;,&quot;multiple&quot;:false}
[debug] &amp;#27;[35m[WD Proxy]&amp;#27;[39m Got response with status 200: {&quot;sessionId&quot;:&quot;95165d5b-2b46-4537-942f-2e9e341d5032&quot;,&quot;value&quot;:{&quot;ELEMENT&quot;:&quot;1500675f-bc83-4e97-8966-17fa74e6b909&quot;,&quot;element-6066-11e4-a52e-4f735466cecf&quot;:&quot;1500675f-bc83-4e97-8966-17fa74e6b909&quot;}}
[debug] &amp;#27;[35m[W3C (fd1d169e)]&amp;#27;[39m Responding to client with driver.findElement() result: {&quot;element-6066-11e4-a52e-4f735466cecf&quot;:&quot;1500675f-bc83-4e97-8966-17fa74e6b909&quot;,&quot;ELEMENT&quot;:&quot;1500675f-bc83-4e97-8966-17fa74e6b909&quot;}
&amp;#27;[35m[HTTP]&amp;#27;[39m &amp;#27;[37m&lt;-- POST /wd/hub/session/fd1d169e-7db2-4dfd-ba2a-e05fd060e6e4/element &amp;#27;[39m&amp;#27;[32m200&amp;#27;[39m &amp;#27;[90m68 ms - 137&amp;#27;[39m
&amp;#27;[35m[HTTP]&amp;#27;[39m &amp;#27;[90m&amp;#27;[39m
&amp;#27;[35m[HTTP]&amp;#27;[39m &amp;#27;[37m--&gt;&amp;#27;[39m &amp;#27;[37mGET&amp;#27;[39m &amp;#27;[37m/wd/hub/session/fd1d169e-7db2-4dfd-ba2a-e05fd060e6e4/element/1500675f-bc83-4e97-8966-17fa74e6b909/attribute/checked&amp;#27;[39m
&amp;#27;[35m[HTTP]&amp;#27;[39m &amp;#27;[90m{}&amp;#27;[39m
[debug] &amp;#27;[35m[W3C (fd1d169e)]&amp;#27;[39m Calling AppiumDriver.getAttribute() with args: [&quot;checked&quot;,&quot;1500675f-bc83-4e97-8966-17fa74e6b909&quot;,&quot;fd1d169e-7db2-4dfd-ba2a-e05fd060e6e4&quot;]
[debug] &amp;#27;[35m[WD Proxy]&amp;#27;[39m Matched &apos;/element/1500675f-bc83-4e97-8966-17fa74e6b909/attribute/checked&apos; to command name &apos;getAttribute&apos;
[debug] &amp;#27;[35m[WD Proxy]&amp;#27;[39m Proxying [GET /element/1500675f-bc83-4e97-8966-17fa74e6b909/attribute/checked] to [GET http://127.0.0.1:8228/wd/hub/session/95165d5b-2b46-4537-942f-2e9e341d5032/element/1500675f-bc83-4e97-8966-17fa74e6b909/attribute/checked] with no body
[debug] &amp;#27;[35m[WD Proxy]&amp;#27;[39m Got response with status 200: {&quot;sessionId&quot;:&quot;95165d5b-2b46-4537-942f-2e9e341d5032&quot;,&quot;value&quot;:&quot;false&quot;}
[debug] &amp;#27;[35m[W3C (fd1d169e)]&amp;#27;[39m Responding to client with driver.getAttribute() result: &quot;false&quot;
&amp;#27;[35m[HTTP]&amp;#27;[39m &amp;#27;[37m&lt;-- GET /wd/hub/session/fd1d169e-7db2-4dfd-ba2a-e05fd060e6e4/element/1500675f-bc83-4e97-8966-17fa74e6b909/attribute/checked &amp;#27;[39m&amp;#27;[32m200&amp;#27;[39m &amp;#27;[90m32 ms - 17&amp;#27;[39m
&amp;#27;[35m[HTTP]&amp;#27;[39m &amp;#27;[90m&amp;#27;[39m
&amp;#27;[35m[HTTP]&amp;#27;[39m &amp;#27;[37m--&gt;&amp;#27;[39m &amp;#27;[37mGET&amp;#27;[39m &amp;#27;[37m/wd/hub/session/fd1d169e-7db2-4dfd-ba2a-e05fd060e6e4/context&amp;#27;[39m
&amp;#27;[35m[HTTP]&amp;#27;[39m &amp;#27;[90m{}&amp;#27;[39m
[debug] &amp;#27;[35m[W3C (fd1d169e)]&amp;#27;[39m Calling AppiumDriver.getCurrentContext() with args: [&quot;fd1d169e-7db2-4dfd-ba2a-e05fd060e6e4&quot;]
[debug] &amp;#27;[35m[W3C (fd1d169e)]&amp;#27;[39m Responding to client with driver.getCurrentContext() result: &quot;NATIVE_APP&quot;
&amp;#27;[35m[HTTP]&amp;#27;[39m &amp;#27;[37m&lt;-- GET /wd/hub/session/fd1d169e-7db2-4dfd-ba2a-e05fd060e6e4/context &amp;#27;[39m&amp;#27;[32m200&amp;#27;[39m &amp;#27;[90m2 ms - 22&amp;#27;[39m
&amp;#27;[35m[HTTP]&amp;#27;[39m &amp;#27;[90m&amp;#27;[39m
&amp;#27;[35m[HTTP]&amp;#27;[39m &amp;#27;[37m--&gt;&amp;#27;[39m &amp;#27;[37mPOST&amp;#27;[39m &amp;#27;[37m/wd/hub/session/fd1d169e-7db2-4dfd-ba2a-e05fd060e6e4/element&amp;#27;[39m
&amp;#27;[35m[HTTP]&amp;#27;[39m &amp;#27;[90m{&quot;using&quot;:&quot;id&quot;,&quot;value&quot;:&quot;com.samsung.android.calendar:id/add_dayofweek_toggle_fri&quot;}&amp;#27;[39m
[debug] &amp;#27;[35m[W3C (fd1d169e)]&amp;#27;[39m Calling AppiumDriver.findElement() with args: [&quot;id&quot;,&quot;com.samsung.android.calendar:id/add_dayofweek_toggle_fri&quot;,&quot;fd1d169e-7db2-4dfd-ba2a-e05fd060e6e4&quot;]
[debug] &amp;#27;[35m[BaseDriver]&amp;#27;[39m Valid locator strategies for this request: xpath, id, class name, accessibility id, -android uiautomator
[debug] &amp;#27;[35m[BaseDriver]&amp;#27;[39m Waiting up to 10000 ms for condition
[debug] &amp;#27;[35m[WD Proxy]&amp;#27;[39m Matched &apos;/element&apos; to command name &apos;findElement&apos;
[debug] &amp;#27;[35m[WD Proxy]&amp;#27;[39m Proxying [POST /element] to [POST http://127.0.0.1:8228/wd/hub/session/95165d5b-2b46-4537-942f-2e9e341d5032/element] with body: {&quot;strategy&quot;:&quot;id&quot;,&quot;selector&quot;:&quot;com.samsung.android.calendar:id/add_dayofweek_toggle_fri&quot;,&quot;context&quot;:&quot;&quot;,&quot;multiple&quot;:false}
[debug] &amp;#27;[35m[WD Proxy]&amp;#27;[39m Got response with status 200: {&quot;sessionId&quot;:&quot;95165d5b-2b46-4537-942f-2e9e341d5032&quot;,&quot;value&quot;:{&quot;ELEMENT&quot;:&quot;ef3cbce9-52b4-4fe8-a5e5-b0aec07bba6d&quot;,&quot;element-6066-11e4-a52e-4f735466cecf&quot;:&quot;ef3cbce9-52b4-4fe8-a5e5-b0aec07bba6d&quot;}}
[debug] &amp;#27;[35m[W3C (fd1d169e)]&amp;#27;[39m Responding to client with driver.findElement() result: {&quot;element-6066-11e4-a52e-4f735466cecf&quot;:&quot;ef3cbce9-52b4-4fe8-a5e5-b0aec07bba6d&quot;,&quot;ELEMENT&quot;:&quot;ef3cbce9-52b4-4fe8-a5e5-b0aec07bba6d&quot;}
&amp;#27;[35m[HTTP]&amp;#27;[39m &amp;#27;[37m&lt;-- POST /wd/hub/session/fd1d169e-7db2-4dfd-ba2a-e05fd060e6e4/element &amp;#27;[39m&amp;#27;[32m200&amp;#27;[39m &amp;#27;[90m582 ms - 137&amp;#27;[39m
&amp;#27;[35m[HTTP]&amp;#27;[39m &amp;#27;[90m&amp;#27;[39m
&amp;#27;[35m[HTTP]&amp;#27;[39m &amp;#27;[37m--&gt;&amp;#27;[39m &amp;#27;[37mGET&amp;#27;[39m &amp;#27;[37m/wd/hub/session/fd1d169e-7db2-4dfd-ba2a-e05fd060e6e4/element/ef3cbce9-52b4-4fe8-a5e5-b0aec07bba6d/attribute/checked&amp;#27;[39m
&amp;#27;[35m[HTTP]&amp;#27;[39m &amp;#27;[90m{}&amp;#27;[39m
[debug] &amp;#27;[35m[W3C (fd1d169e)]&amp;#27;[39m Calling AppiumDriver.getAttribute() with args: [&quot;checked&quot;,&quot;ef3cbce9-52b4-4fe8-a5e5-b0aec07bba6d&quot;,&quot;fd1d169e-7db2-4dfd-ba2a-e05fd060e6e4&quot;]
[debug] &amp;#27;[35m[WD Proxy]&amp;#27;[39m Matched &apos;/element/ef3cbce9-52b4-4fe8-a5e5-b0aec07bba6d/attribute/checked&apos; to command name &apos;getAttribute&apos;
[debug] &amp;#27;[35m[WD Proxy]&amp;#27;[39m Proxying [GET /element/ef3cbce9-52b4-4fe8-a5e5-b0aec07bba6d/attribute/checked] to [GET http://127.0.0.1:8228/wd/hub/session/95165d5b-2b46-4537-942f-2e9e341d5032/element/ef3cbce9-52b4-4fe8-a5e5-b0aec07bba6d/attribute/checked] with no body
[debug] &amp;#27;[35m[WD Proxy]&amp;#27;[39m Got response with status 200: {&quot;sessionId&quot;:&quot;95165d5b-2b46-4537-942f-2e9e341d5032&quot;,&quot;value&quot;:&quot;false&quot;}
[debug] &amp;#27;[35m[W3C (fd1d169e)]&amp;#27;[39m Responding to client with driver.getAttribute() result: &quot;false&quot;
&amp;#27;[35m[HTTP]&amp;#27;[39m &amp;#27;[37m&lt;-- GET /wd/hub/session/fd1d169e-7db2-4dfd-ba2a-e05fd060e6e4/element/ef3cbce9-52b4-4fe8-a5e5-b0aec07bba6d/attribute/checked &amp;#27;[39m&amp;#27;[32m200&amp;#27;[39m &amp;#27;[90m65 ms - 17&amp;#27;[39m
&amp;#27;[35m[HTTP]&amp;#27;[39m &amp;#27;[90m&amp;#27;[39m
&amp;#27;[35m[HTTP]&amp;#27;[39m &amp;#27;[37m--&gt;&amp;#27;[39m &amp;#27;[37mGET&amp;#27;[39m &amp;#27;[37m/wd/hub/session/fd1d169e-7db2-4dfd-ba2a-e05fd060e6e4/context&amp;#27;[39m
&amp;#27;[35m[HTTP]&amp;#27;[39m &amp;#27;[90m{}&amp;#27;[39m
[debug] &amp;#27;[35m[W3C (fd1d169e)]&amp;#27;[39m Calling AppiumDriver.getCurrentContext() with args: [&quot;fd1d169e-7db2-4dfd-ba2a-e05fd060e6e4&quot;]
[debug] &amp;#27;[35m[W3C (fd1d169e)]&amp;#27;[39m Responding to client with driver.getCurrentContext() result: &quot;NATIVE_APP&quot;
&amp;#27;[35m[HTTP]&amp;#27;[39m &amp;#27;[37m&lt;-- GET /wd/hub/session/fd1d169e-7db2-4dfd-ba2a-e05fd060e6e4/context &amp;#27;[39m&amp;#27;[32m200&amp;#27;[39m &amp;#27;[90m5 ms - 22&amp;#27;[39m
&amp;#27;[35m[HTTP]&amp;#27;[39m &amp;#27;[90m&amp;#27;[39m
&amp;#27;[35m[HTTP]&amp;#27;[39m &amp;#27;[37m--&gt;&amp;#27;[39m &amp;#27;[37mPOST&amp;#27;[39m &amp;#27;[37m/wd/hub/session/fd1d169e-7db2-4dfd-ba2a-e05fd060e6e4/element&amp;#27;[39m
&amp;#27;[35m[HTTP]&amp;#27;[39m &amp;#27;[90m{&quot;using&quot;:&quot;id&quot;,&quot;value&quot;:&quot;com.samsung.android.calendar:id/add_dayofweek_toggle_sat&quot;}&amp;#27;[39m
[debug] &amp;#27;[35m[W3C (fd1d169e)]&amp;#27;[39m Calling AppiumDriver.findElement() with args: [&quot;id&quot;,&quot;com.samsung.android.calendar:id/add_dayofweek_toggle_sat&quot;,&quot;fd1d169e-7db2-4dfd-ba2a-e05fd060e6e4&quot;]
[debug] &amp;#27;[35m[BaseDriver]&amp;#27;[39m Valid locator strategies for this request: xpath, id, class name, accessibility id, -android uiautomator
[debug] &amp;#27;[35m[BaseDriver]&amp;#27;[39m Waiting up to 10000 ms for condition
[debug] &amp;#27;[35m[WD Proxy]&amp;#27;[39m Matched &apos;/element&apos; to command name &apos;findElement&apos;
[debug] &amp;#27;[35m[WD Proxy]&amp;#27;[39m Proxying [POST /element] to [POST http://127.0.0.1:8228/wd/hub/session/95165d5b-2b46-4537-942f-2e9e341d5032/element] with body: {&quot;strategy&quot;:&quot;id&quot;,&quot;selector&quot;:&quot;com.samsung.android.calendar:id/add_dayofweek_toggle_sat&quot;,&quot;context&quot;:&quot;&quot;,&quot;multiple&quot;:false}
[debug] &amp;#27;[35m[WD Proxy]&amp;#27;[39m Got response with status 200: {&quot;sessionId&quot;:&quot;95165d5b-2b46-4537-942f-2e9e341d5032&quot;,&quot;value&quot;:{&quot;ELEMENT&quot;:&quot;26d79072-ebdc-4420-8612-fc8d7b7b3a85&quot;,&quot;element-6066-11e4-a52e-4f735466cecf&quot;:&quot;26d79072-ebdc-4420-8612-fc8d7b7b3a85&quot;}}
[debug] &amp;#27;[35m[W3C (fd1d169e)]&amp;#27;[39m Responding to client with driver.findElement() result: {&quot;element-6066-11e4-a52e-4f735466cecf&quot;:&quot;26d79072-ebdc-4420-8612-fc8d7b7b3a85&quot;,&quot;ELEMENT&quot;:&quot;26d79072-ebdc-4420-8612-fc8d7b7b3a85&quot;}
&amp;#27;[35m[HTTP]&amp;#27;[39m &amp;#27;[37m&lt;-- POST /wd/hub/session/fd1d169e-7db2-4dfd-ba2a-e05fd060e6e4/element &amp;#27;[39m&amp;#27;[32m200&amp;#27;[39m &amp;#27;[90m156 ms - 137&amp;#27;[39m
&amp;#27;[35m[HTTP]&amp;#27;[39m &amp;#27;[90m&amp;#27;[39m
&amp;#27;[35m[HTTP]&amp;#27;[39m &amp;#27;[37m--&gt;&amp;#27;[39m &amp;#27;[37mGET&amp;#27;[39m &amp;#27;[37m/wd/hub/session/fd1d169e-7db2-4dfd-ba2a-e05fd060e6e4/element/26d79072-ebdc-4420-8612-fc8d7b7b3a85/attribute/checked&amp;#27;[39m
&amp;#27;[35m[HTTP]&amp;#27;[39m &amp;#27;[90m{}&amp;#27;[39m
[debug] &amp;#27;[35m[W3C (fd1d169e)]&amp;#27;[39m Calling AppiumDriver.getAttribute() with args: [&quot;checked&quot;,&quot;26d79072-ebdc-4420-8612-fc8d7b7b3a85&quot;,&quot;fd1d169e-7db2-4dfd-ba2a-e05fd060e6e4&quot;]
[debug] &amp;#27;[35m[WD Proxy]&amp;#27;[39m Matched &apos;/element/26d79072-ebdc-4420-8612-fc8d7b7b3a85/attribute/checked&apos; to command name &apos;getAttribute&apos;
[debug] &amp;#27;[35m[WD Proxy]&amp;#27;[39m Proxying [GET /element/26d79072-ebdc-4420-8612-fc8d7b7b3a85/attribute/checked] to [GET http://127.0.0.1:8228/wd/hub/session/95165d5b-2b46-4537-942f-2e9e341d5032/element/26d79072-ebdc-4420-8612-fc8d7b7b3a85/attribute/checked] with no body
[debug] &amp;#27;[35m[WD Proxy]&amp;#27;[39m Got response with status 200: {&quot;sessionId&quot;:&quot;95165d5b-2b46-4537-942f-2e9e341d5032&quot;,&quot;value&quot;:&quot;false&quot;}
[debug] &amp;#27;[35m[W3C (fd1d169e)]&amp;#27;[39m Responding to client with driver.getAttribute() result: &quot;false&quot;
&amp;#27;[35m[HTTP]&amp;#27;[39m &amp;#27;[37m&lt;-- GET /wd/hub/session/fd1d169e-7db2-4dfd-ba2a-e05fd060e6e4/element/26d79072-ebdc-4420-8612-fc8d7b7b3a85/attribute/checked &amp;#27;[39m&amp;#27;[32m200&amp;#27;[39m &amp;#27;[90m57 ms - 17&amp;#27;[39m
&amp;#27;[35m[HTTP]&amp;#27;[39m &amp;#27;[90m&amp;#27;[39m
&amp;#27;[35m[HTTP]&amp;#27;[39m &amp;#27;[37m--&gt;&amp;#27;[39m &amp;#27;[37mGET&amp;#27;[39m &amp;#27;[37m/wd/hub/session/fd1d169e-7db2-4dfd-ba2a-e05fd060e6e4/context&amp;#27;[39m
&amp;#27;[35m[HTTP]&amp;#27;[39m &amp;#27;[90m{}&amp;#27;[39m
[debug] &amp;#27;[35m[W3C (fd1d169e)]&amp;#27;[39m Calling AppiumDriver.getCurrentContext() with args: [&quot;fd1d169e-7db2-4dfd-ba2a-e05fd060e6e4&quot;]
[debug] &amp;#27;[35m[W3C (fd1d169e)]&amp;#27;[39m Responding to client with driver.getCurrentContext() result: &quot;NATIVE_APP&quot;
&amp;#27;[35m[HTTP]&amp;#27;[39m &amp;#27;[37m&lt;-- GET /wd/hub/session/fd1d169e-7db2-4dfd-ba2a-e05fd060e6e4/context &amp;#27;[39m&amp;#27;[32m200&amp;#27;[39m &amp;#27;[90m2 ms - 22&amp;#27;[39m
&amp;#27;[35m[HTTP]&amp;#27;[39m &amp;#27;[90m&amp;#27;[39m
&amp;#27;[35m[HTTP]&amp;#27;[39m &amp;#27;[37m--&gt;&amp;#27;[39m &amp;#27;[37mPOST&amp;#27;[39m &amp;#27;[37m/wd/hub/session/fd1d169e-7db2-4dfd-ba2a-e05fd060e6e4/element&amp;#27;[39m
&amp;#27;[35m[HTTP]&amp;#27;[39m &amp;#27;[90m{&quot;using&quot;:&quot;id&quot;,&quot;value&quot;:&quot;com.samsung.android.calendar:id/add_dayofweek_toggle_mon&quot;}&amp;#27;[39m
[debug] &amp;#27;[35m[W3C (fd1d169e)]&amp;#27;[39m Calling AppiumDriver.findElement() with args: [&quot;id&quot;,&quot;com.samsung.android.calendar:id/add_dayofweek_toggle_mon&quot;,&quot;fd1d169e-7db2-4dfd-ba2a-e05fd060e6e4&quot;]
[debug] &amp;#27;[35m[BaseDriver]&amp;#27;[39m Valid locator strategies for this request: xpath, id, class name, accessibility id, -android uiautomator
[debug] &amp;#27;[35m[BaseDriver]&amp;#27;[39m Waiting up to 10000 ms for condition
[debug] &amp;#27;[35m[WD Proxy]&amp;#27;[39m Matched &apos;/element&apos; to command name &apos;findElement&apos;
[debug] &amp;#27;[35m[WD Proxy]&amp;#27;[39m Proxying [POST /element] to [POST http://127.0.0.1:8228/wd/hub/session/95165d5b-2b46-4537-942f-2e9e341d5032/element] with body: {&quot;strategy&quot;:&quot;id&quot;,&quot;selector&quot;:&quot;com.samsung.android.calendar:id/add_dayofweek_toggle_mon&quot;,&quot;context&quot;:&quot;&quot;,&quot;multiple&quot;:false}
[debug] &amp;#27;[35m[WD Proxy]&amp;#27;[39m Got response with status 200: {&quot;sessionId&quot;:&quot;95165d5b-2b46-4537-942f-2e9e341d5032&quot;,&quot;value&quot;:{&quot;ELEMENT&quot;:&quot;490bf4f2-a370-4d8e-b258-00102aa70ca3&quot;,&quot;element-6066-11e4-a52e-4f735466cecf&quot;:&quot;490bf4f2-a370-4d8e-b258-00102aa70ca3&quot;}}
[debug] &amp;#27;[35m[W3C (fd1d169e)]&amp;#27;[39m Responding to client with driver.findElement() result: {&quot;element-6066-11e4-a52e-4f735466cecf&quot;:&quot;490bf4f2-a370-4d8e-b258-00102aa70ca3&quot;,&quot;ELEMENT&quot;:&quot;490bf4f2-a370-4d8e-b258-00102aa70ca3&quot;}
&amp;#27;[35m[HTTP]&amp;#27;[39m &amp;#27;[37m&lt;-- POST /wd/hub/session/fd1d169e-7db2-4dfd-ba2a-e05fd060e6e4/element &amp;#27;[39m&amp;#27;[32m200&amp;#27;[39m &amp;#27;[90m193 ms - 137&amp;#27;[39m
&amp;#27;[35m[HTTP]&amp;#27;[39m &amp;#27;[90m&amp;#27;[39m
&amp;#27;[35m[HTTP]&amp;#27;[39m &amp;#27;[37m--&gt;&amp;#27;[39m &amp;#27;[37mGET&amp;#27;[39m &amp;#27;[37m/wd/hub/session/fd1d169e-7db2-4dfd-ba2a-e05fd060e6e4/element/490bf4f2-a370-4d8e-b258-00102aa70ca3/attribute/checked&amp;#27;[39m
&amp;#27;[35m[HTTP]&amp;#27;[39m &amp;#27;[90m{}&amp;#27;[39m
[debug] &amp;#27;[35m[W3C (fd1d169e)]&amp;#27;[39m Calling AppiumDriver.getAttribute() with args: [&quot;checked&quot;,&quot;490bf4f2-a370-4d8e-b258-00102aa70ca3&quot;,&quot;fd1d169e-7db2-4dfd-ba2a-e05fd060e6e4&quot;]
[debug] &amp;#27;[35m[WD Proxy]&amp;#27;[39m Matched &apos;/element/490bf4f2-a370-4d8e-b258-00102aa70ca3/attribute/checked&apos; to command name &apos;getAttribute&apos;
[debug] &amp;#27;[35m[WD Proxy]&amp;#27;[39m Proxying [GET /element/490bf4f2-a370-4d8e-b258-00102aa70ca3/attribute/checked] to [GET http://127.0.0.1:8228/wd/hub/session/95165d5b-2b46-4537-942f-2e9e341d5032/element/490bf4f2-a370-4d8e-b258-00102aa70ca3/attribute/checked] with no body
[debug] &amp;#27;[35m[WD Proxy]&amp;#27;[39m Got response with status 200: {&quot;sessionId&quot;:&quot;95165d5b-2b46-4537-942f-2e9e341d5032&quot;,&quot;value&quot;:&quot;false&quot;}
[debug] &amp;#27;[35m[W3C (fd1d169e)]&amp;#27;[39m Responding to client with driver.getAttribute() result: &quot;false&quot;
&amp;#27;[35m[HTTP]&amp;#27;[39m &amp;#27;[37m&lt;-- GET /wd/hub/session/fd1d169e-7db2-4dfd-ba2a-e05fd060e6e4/element/490bf4f2-a370-4d8e-b258-00102aa70ca3/attribute/checked &amp;#27;[39m&amp;#27;[32m200&amp;#27;[39m &amp;#27;[90m53 ms - 17&amp;#27;[39m
&amp;#27;[35m[HTTP]&amp;#27;[39m &amp;#27;[90m&amp;#27;[39m
&amp;#27;[35m[HTTP]&amp;#27;[39m &amp;#27;[37m--&gt;&amp;#27;[39m &amp;#27;[37mGET&amp;#27;[39m &amp;#27;[37m/wd/hub/session/fd1d169e-7db2-4dfd-ba2a-e05fd060e6e4/context&amp;#27;[39m
&amp;#27;[35m[HTTP]&amp;#27;[39m &amp;#27;[90m{}&amp;#27;[39m
[debug] &amp;#27;[35m[W3C (fd1d169e)]&amp;#27;[39m Calling AppiumDriver.getCurrentContext() with args: [&quot;fd1d169e-7db2-4dfd-ba2a-e05fd060e6e4&quot;]
[debug] &amp;#27;[35m[W3C (fd1d169e)]&amp;#27;[39m Responding to client with driver.getCurrentContext() result: &quot;NATIVE_APP&quot;
&amp;#27;[35m[HTTP]&amp;#27;[39m &amp;#27;[37m&lt;-- GET /wd/hub/session/fd1d169e-7db2-4dfd-ba2a-e05fd060e6e4/context &amp;#27;[39m&amp;#27;[32m200&amp;#27;[39m &amp;#27;[90m2 ms - 22&amp;#27;[39m
&amp;#27;[35m[HTTP]&amp;#27;[39m &amp;#27;[90m&amp;#27;[39m
&amp;#27;[35m[HTTP]&amp;#27;[39m &amp;#27;[37m--&gt;&amp;#27;[39m &amp;#27;[37mPOST&amp;#27;[39m &amp;#27;[37m/wd/hub/session/fd1d169e-7db2-4dfd-ba2a-e05fd060e6e4/element&amp;#27;[39m
&amp;#27;[35m[HTTP]&amp;#27;[39m &amp;#27;[90m{&quot;using&quot;:&quot;id&quot;,&quot;value&quot;:&quot;com.samsung.android.calendar:id/add_dayofweek_toggle_wed&quot;}&amp;#27;[39m
[debug] &amp;#27;[35m[W3C (fd1d169e)]&amp;#27;[39m Calling AppiumDriver.findElement() with args: [&quot;id&quot;,&quot;com.samsung.android.calendar:id/add_dayofweek_toggle_wed&quot;,&quot;fd1d169e-7db2-4dfd-ba2a-e05fd060e6e4&quot;]
[debug] &amp;#27;[35m[BaseDriver]&amp;#27;[39m Valid locator strategies for this request: xpath, id, class name, accessibility id, -android uiautomator
[debug] &amp;#27;[35m[BaseDriver]&amp;#27;[39m Waiting up to 10000 ms for condition
[debug] &amp;#27;[35m[WD Proxy]&amp;#27;[39m Matched &apos;/element&apos; to command name &apos;findElement&apos;
[debug] &amp;#27;[35m[WD Proxy]&amp;#27;[39m Proxying [POST /element] to [POST http://127.0.0.1:8228/wd/hub/session/95165d5b-2b46-4537-942f-2e9e341d5032/element] with body: {&quot;strategy&quot;:&quot;id&quot;,&quot;selector&quot;:&quot;com.samsung.android.calendar:id/add_dayofweek_toggle_wed&quot;,&quot;context&quot;:&quot;&quot;,&quot;multiple&quot;:false}
[debug] &amp;#27;[35m[WD Proxy]&amp;#27;[39m Got response with status 200: {&quot;sessionId&quot;:&quot;95165d5b-2b46-4537-942f-2e9e341d5032&quot;,&quot;value&quot;:{&quot;ELEMENT&quot;:&quot;d8c99084-de70-4c40-8270-ca6089f141ce&quot;,&quot;element-6066-11e4-a52e-4f735466cecf&quot;:&quot;d8c99084-de70-4c40-8270-ca6089f141ce&quot;}}
[debug] &amp;#27;[35m[W3C (fd1d169e)]&amp;#27;[39m Responding to client with driver.findElement() result: {&quot;element-6066-11e4-a52e-4f735466cecf&quot;:&quot;d8c99084-de70-4c40-8270-ca6089f141ce&quot;,&quot;ELEMENT&quot;:&quot;d8c99084-de70-4c40-8270-ca6089f141ce&quot;}
&amp;#27;[35m[HTTP]&amp;#27;[39m &amp;#27;[37m&lt;-- POST /wd/hub/session/fd1d169e-7db2-4dfd-ba2a-e05fd060e6e4/element &amp;#27;[39m&amp;#27;[32m200&amp;#27;[39m &amp;#27;[90m70 ms - 137&amp;#27;[39m
&amp;#27;[35m[HTTP]&amp;#27;[39m &amp;#27;[90m&amp;#27;[39m
&amp;#27;[35m[HTTP]&amp;#27;[39m &amp;#27;[37m--&gt;&amp;#27;[39m &amp;#27;[37mGET&amp;#27;[39m &amp;#27;[37m/wd/hub/session/fd1d169e-7db2-4dfd-ba2a-e05fd060e6e4/element/d8c99084-de70-4c40-8270-ca6089f141ce/attribute/checked&amp;#27;[39m
&amp;#27;[35m[HTTP]&amp;#27;[39m &amp;#27;[90m{}&amp;#27;[39m
[debug] &amp;#27;[35m[W3C (fd1d169e)]&amp;#27;[39m Calling AppiumDriver.getAttribute() with args: [&quot;checked&quot;,&quot;d8c99084-de70-4c40-8270-ca6089f141ce&quot;,&quot;fd1d169e-7db2-4dfd-ba2a-e05fd060e6e4&quot;]
[debug] &amp;#27;[35m[WD Proxy]&amp;#27;[39m Matched &apos;/element/d8c99084-de70-4c40-8270-ca6089f141ce/attribute/checked&apos; to command name &apos;getAttribute&apos;
[debug] &amp;#27;[35m[WD Proxy]&amp;#27;[39m Proxying [GET /element/d8c99084-de70-4c40-8270-ca6089f141ce/attribute/checked] to [GET http://127.0.0.1:8228/wd/hub/session/95165d5b-2b46-4537-942f-2e9e341d5032/element/d8c99084-de70-4c40-8270-ca6089f141ce/attribute/checked] with no body
[debug] &amp;#27;[35m[WD Proxy]&amp;#27;[39m Got response with status 200: {&quot;sessionId&quot;:&quot;95165d5b-2b46-4537-942f-2e9e341d5032&quot;,&quot;value&quot;:&quot;false&quot;}
[debug] &amp;#27;[35m[W3C (fd1d169e)]&amp;#27;[39m Responding to client with driver.getAttribute() result: &quot;false&quot;
&amp;#27;[35m[HTTP]&amp;#27;[39m &amp;#27;[37m&lt;-- GET /wd/hub/session/fd1d169e-7db2-4dfd-ba2a-e05fd060e6e4/element/d8c99084-de70-4c40-8270-ca6089f141ce/attribute/checked &amp;#27;[39m&amp;#27;[32m200&amp;#27;[39m &amp;#27;[90m32 ms - 17&amp;#27;[39m
&amp;#27;[35m[HTTP]&amp;#27;[39m &amp;#27;[90m&amp;#27;[39m
&amp;#27;[35m[HTTP]&amp;#27;[39m &amp;#27;[37m--&gt;&amp;#27;[39m &amp;#27;[37mGET&amp;#27;[39m &amp;#27;[37m/wd/hub/session/fd1d169e-7db2-4dfd-ba2a-e05fd060e6e4/context&amp;#27;[39m
&amp;#27;[35m[HTTP]&amp;#27;[39m &amp;#27;[90m{}&amp;#27;[39m
[debug] &amp;#27;[35m[W3C (fd1d169e)]&amp;#27;[39m Calling AppiumDriver.getCurrentContext() with args: [&quot;fd1d169e-7db2-4dfd-ba2a-e05fd060e6e4&quot;]
[debug] &amp;#27;[35m[W3C (fd1d169e)]&amp;#27;[39m Responding to client with driver.getCurrentContext() result: &quot;NATIVE_APP&quot;
&amp;#27;[35m[HTTP]&amp;#27;[39m &amp;#27;[37m&lt;-- GET /wd/hub/session/fd1d169e-7db2-4dfd-ba2a-e05fd060e6e4/context &amp;#27;[39m&amp;#27;[32m200&amp;#27;[39m &amp;#27;[90m1 ms - 22&amp;#27;[39m
&amp;#27;[35m[HTTP]&amp;#27;[39m &amp;#27;[90m&amp;#27;[39m
&amp;#27;[35m[HTTP]&amp;#27;[39m &amp;#27;[37m--&gt;&amp;#27;[39m &amp;#27;[37mPOST&amp;#27;[39m &amp;#27;[37m/wd/hub/session/fd1d169e-7db2-4dfd-ba2a-e05fd060e6e4/element&amp;#27;[39m
&amp;#27;[35m[HTTP]&amp;#27;[39m &amp;#27;[90m{&quot;using&quot;:&quot;id&quot;,&quot;value&quot;:&quot;com.samsung.android.calendar:id/add_dayofweek_toggle_fri&quot;}&amp;#27;[39m
[debug] &amp;#27;[35m[W3C (fd1d169e)]&amp;#27;[39m Calling AppiumDriver.findElement() with args: [&quot;id&quot;,&quot;com.samsung.android.calendar:id/add_dayofweek_toggle_fri&quot;,&quot;fd1d169e-7db2-4dfd-ba2a-e05fd060e6e4&quot;]
[debug] &amp;#27;[35m[BaseDriver]&amp;#27;[39m Valid locator strategies for this request: xpath, id, class name, accessibility id, -android uiautomator
[debug] &amp;#27;[35m[BaseDriver]&amp;#27;[39m Waiting up to 10000 ms for condition
[debug] &amp;#27;[35m[WD Proxy]&amp;#27;[39m Matched &apos;/element&apos; to command name &apos;findElement&apos;
[debug] &amp;#27;[35m[WD Proxy]&amp;#27;[39m Proxying [POST /element] to [POST http://127.0.0.1:8228/wd/hub/session/95165d5b-2b46-4537-942f-2e9e341d5032/element] with body: {&quot;strategy&quot;:&quot;id&quot;,&quot;selector&quot;:&quot;com.samsung.android.calendar:id/add_dayofweek_toggle_fri&quot;,&quot;context&quot;:&quot;&quot;,&quot;multiple&quot;:false}
[debug] &amp;#27;[35m[WD Proxy]&amp;#27;[39m Got response with status 200: {&quot;sessionId&quot;:&quot;95165d5b-2b46-4537-942f-2e9e341d5032&quot;,&quot;value&quot;:{&quot;ELEMENT&quot;:&quot;a33537b9-8a81-4002-9fe2-b7a6f1bf7922&quot;,&quot;element-6066-11e4-a52e-4f735466cecf&quot;:&quot;a33537b9-8a81-4002-9fe2-b7a6f1bf7922&quot;}}
[debug] &amp;#27;[35m[W3C (fd1d169e)]&amp;#27;[39m Responding to client with driver.findElement() result: {&quot;element-6066-11e4-a52e-4f735466cecf&quot;:&quot;a33537b9-8a81-4002-9fe2-b7a6f1bf7922&quot;,&quot;ELEMENT&quot;:&quot;a33537b9-8a81-4002-9fe2-b7a6f1bf7922&quot;}
&amp;#27;[35m[HTTP]&amp;#27;[39m &amp;#27;[37m&lt;-- POST /wd/hub/session/fd1d169e-7db2-4dfd-ba2a-e05fd060e6e4/element &amp;#27;[39m&amp;#27;[32m200&amp;#27;[39m &amp;#27;[90m57 ms - 137&amp;#27;[39m
&amp;#27;[35m[HTTP]&amp;#27;[39m &amp;#27;[90m&amp;#27;[39m
&amp;#27;[35m[HTTP]&amp;#27;[39m &amp;#27;[37m--&gt;&amp;#27;[39m &amp;#27;[37mGET&amp;#27;[39m &amp;#27;[37m/wd/hub/session/fd1d169e-7db2-4dfd-ba2a-e05fd060e6e4/element/a33537b9-8a81-4002-9fe2-b7a6f1bf7922/attribute/checked&amp;#27;[39m
&amp;#27;[35m[HTTP]&amp;#27;[39m &amp;#27;[90m{}&amp;#27;[39m
[debug] &amp;#27;[35m[W3C (fd1d169e)]&amp;#27;[39m Calling AppiumDriver.getAttribute() with args: [&quot;checked&quot;,&quot;a33537b9-8a81-4002-9fe2-b7a6f1bf7922&quot;,&quot;fd1d169e-7db2-4dfd-ba2a-e05fd060e6e4&quot;]
[debug] &amp;#27;[35m[WD Proxy]&amp;#27;[39m Matched &apos;/element/a33537b9-8a81-4002-9fe2-b7a6f1bf7922/attribute/checked&apos; to command name &apos;getAttribute&apos;
[debug] &amp;#27;[35m[WD Proxy]&amp;#27;[39m Proxying [GET /element/a33537b9-8a81-4002-9fe2-b7a6f1bf7922/attribute/checked] to [GET http://127.0.0.1:8228/wd/hub/session/95165d5b-2b46-4537-942f-2e9e341d5032/element/a33537b9-8a81-4002-9fe2-b7a6f1bf7922/attribute/checked] with no body
[debug] &amp;#27;[35m[WD Proxy]&amp;#27;[39m Got response with status 200: {&quot;sessionId&quot;:&quot;95165d5b-2b46-4537-942f-2e9e341d5032&quot;,&quot;value&quot;:&quot;false&quot;}
[debug] &amp;#27;[35m[W3C (fd1d169e)]&amp;#27;[39m Responding to client with driver.getAttribute() result: &quot;false&quot;
&amp;#27;[35m[HTTP]&amp;#27;[39m &amp;#27;[37m&lt;-- GET /wd/hub/session/fd1d169e-7db2-4dfd-ba2a-e05fd060e6e4/element/a33537b9-8a81-4002-9fe2-b7a6f1bf7922/attribute/checked &amp;#27;[39m&amp;#27;[32m200&amp;#27;[39m &amp;#27;[90m28 ms - 17&amp;#27;[39m
&amp;#27;[35m[HTTP]&amp;#27;[39m &amp;#27;[90m&amp;#27;[39m
&amp;#27;[35m[HTTP]&amp;#27;[39m &amp;#27;[37m--&gt;&amp;#27;[39m &amp;#27;[37mGET&amp;#27;[39m &amp;#27;[37m/wd/hub/session/fd1d169e-7db2-4dfd-ba2a-e05fd060e6e4/context&amp;#27;[39m
&amp;#27;[35m[HTTP]&amp;#27;[39m &amp;#27;[90m{}&amp;#27;[39m
[debug] &amp;#27;[35m[W3C (fd1d169e)]&amp;#27;[39m Calling AppiumDriver.getCurrentContext() with args: [&quot;fd1d169e-7db2-4dfd-ba2a-e05fd060e6e4&quot;]
[debug] &amp;#27;[35m[W3C (fd1d169e)]&amp;#27;[39m Responding to client with driver.getCurrentContext() result: &quot;NATIVE_APP&quot;
&amp;#27;[35m[HTTP]&amp;#27;[39m &amp;#27;[37m&lt;-- GET /wd/hub/session/fd1d169e-7db2-4dfd-ba2a-e05fd060e6e4/context &amp;#27;[39m&amp;#27;[32m200&amp;#27;[39m &amp;#27;[90m2 ms - 22&amp;#27;[39m
&amp;#27;[35m[HTTP]&amp;#27;[39m &amp;#27;[90m&amp;#27;[39m
&amp;#27;[35m[HTTP]&amp;#27;[39m &amp;#27;[37m--&gt;&amp;#27;[39m &amp;#27;[37mPOST&amp;#27;[39m &amp;#27;[37m/wd/hub/session/fd1d169e-7db2-4dfd-ba2a-e05fd060e6e4/element&amp;#27;[39m
&amp;#27;[35m[HTTP]&amp;#27;[39m &amp;#27;[90m{&quot;using&quot;:&quot;id&quot;,&quot;value&quot;:&quot;com.samsung.android.calendar:id/add_dayofweek_toggle_tue&quot;}&amp;#27;[39m
[debug] &amp;#27;[35m[W3C (fd1d169e)]&amp;#27;[39m Calling AppiumDriver.findElement() with args: [&quot;id&quot;,&quot;com.samsung.android.calendar:id/add_dayofweek_toggle_tue&quot;,&quot;fd1d169e-7db2-4dfd-ba2a-e05fd060e6e4&quot;]
[debug] &amp;#27;[35m[BaseDriver]&amp;#27;[39m Valid locator strategies for this request: xpath, id, class name, accessibility id, -android uiautomator
[debug] &amp;#27;[35m[BaseDriver]&amp;#27;[39m Waiting up to 10000 ms for condition
[debug] &amp;#27;[35m[WD Proxy]&amp;#27;[39m Matched &apos;/element&apos; to command name &apos;findElement&apos;
[debug] &amp;#27;[35m[WD Proxy]&amp;#27;[39m Proxying [POST /element] to [POST http://127.0.0.1:8228/wd/hub/session/95165d5b-2b46-4537-942f-2e9e341d5032/element] with body: {&quot;strategy&quot;:&quot;id&quot;,&quot;selector&quot;:&quot;com.samsung.android.calendar:id/add_dayofweek_toggle_tue&quot;,&quot;context&quot;:&quot;&quot;,&quot;multiple&quot;:false}
[debug] &amp;#27;[35m[WD Proxy]&amp;#27;[39m Got response with status 200: {&quot;sessionId&quot;:&quot;95165d5b-2b46-4537-942f-2e9e341d5032&quot;,&quot;value&quot;:{&quot;ELEMENT&quot;:&quot;0d3237b3-4634-48fd-b824-75903dc43154&quot;,&quot;element-6066-11e4-a52e-4f735466cecf&quot;:&quot;0d3237b3-4634-48fd-b824-75903dc43154&quot;}}
[debug] &amp;#27;[35m[W3C (fd1d169e)]&amp;#27;[39m Responding to client with driver.findElement() result: {&quot;element-6066-11e4-a52e-4f735466cecf&quot;:&quot;0d3237b3-4634-48fd-b824-75903dc43154&quot;,&quot;ELEMENT&quot;:&quot;0d3237b3-4634-48fd-b824-75903dc43154&quot;}
&amp;#27;[35m[HTTP]&amp;#27;[39m &amp;#27;[37m&lt;-- POST /wd/hub/session/fd1d169e-7db2-4dfd-ba2a-e05fd060e6e4/element &amp;#27;[39m&amp;#27;[32m200&amp;#27;[39m &amp;#27;[90m61 ms - 137&amp;#27;[39m
&amp;#27;[35m[HTTP]&amp;#27;[39m &amp;#27;[90m&amp;#27;[39m
&amp;#27;[35m[HTTP]&amp;#27;[39m &amp;#27;[37m--&gt;&amp;#27;[39m &amp;#27;[37mGET&amp;#27;[39m &amp;#27;[37m/wd/hub/session/fd1d169e-7db2-4dfd-ba2a-e05fd060e6e4/element/0d3237b3-4634-48fd-b824-75903dc43154/attribute/checked&amp;#27;[39m
&amp;#27;[35m[HTTP]&amp;#27;[39m &amp;#27;[90m{}&amp;#27;[39m
[debug] &amp;#27;[35m[W3C (fd1d169e)]&amp;#27;[39m Calling AppiumDriver.getAttribute() with args: [&quot;checked&quot;,&quot;0d3237b3-4634-48fd-b824-75903dc43154&quot;,&quot;fd1d169e-7db2-4dfd-ba2a-e05fd060e6e4&quot;]
[debug] &amp;#27;[35m[WD Proxy]&amp;#27;[39m Matched &apos;/element/0d3237b3-4634-48fd-b824-75903dc43154/attribute/checked&apos; to command name &apos;getAttribute&apos;
[debug] &amp;#27;[35m[WD Proxy]&amp;#27;[39m Proxying [GET /element/0d3237b3-4634-48fd-b824-75903dc43154/attribute/checked] to [GET http://127.0.0.1:8228/wd/hub/session/95165d5b-2b46-4537-942f-2e9e341d5032/element/0d3237b3-4634-48fd-b824-75903dc43154/attribute/checked] with no body
[debug] &amp;#27;[35m[WD Proxy]&amp;#27;[39m Got response with status 200: {&quot;sessionId&quot;:&quot;95165d5b-2b46-4537-942f-2e9e341d5032&quot;,&quot;value&quot;:&quot;false&quot;}
[debug] &amp;#27;[35m[W3C (fd1d169e)]&amp;#27;[39m Responding to client with driver.getAttribute() result: &quot;false&quot;
&amp;#27;[35m[HTTP]&amp;#27;[39m &amp;#27;[37m&lt;-- GET /wd/hub/session/fd1d169e-7db2-4dfd-ba2a-e05fd060e6e4/element/0d3237b3-4634-48fd-b824-75903dc43154/attribute/checked &amp;#27;[39m&amp;#27;[32m200&amp;#27;[39m &amp;#27;[90m47 ms - 17&amp;#27;[39m
&amp;#27;[35m[HTTP]&amp;#27;[39m &amp;#27;[90m&amp;#27;[39m
&amp;#27;[35m[HTTP]&amp;#27;[39m &amp;#27;[37m--&gt;&amp;#27;[39m &amp;#27;[37mGET&amp;#27;[39m &amp;#27;[37m/wd/hub/session/fd1d169e-7db2-4dfd-ba2a-e05fd060e6e4/context&amp;#27;[39m
&amp;#27;[35m[HTTP]&amp;#27;[39m &amp;#27;[90m{}&amp;#27;[39m
[debug] &amp;#27;[35m[W3C (fd1d169e)]&amp;#27;[39m Calling AppiumDriver.getCurrentContext() with args: [&quot;fd1d169e-7db2-4dfd-ba2a-e05fd060e6e4&quot;]
[debug] &amp;#27;[35m[W3C (fd1d169e)]&amp;#27;[39m Responding to client with driver.getCurrentContext() result: &quot;NATIVE_APP&quot;
&amp;#27;[35m[HTTP]&amp;#27;[39m &amp;#27;[37m&lt;-- GET /wd/hub/session/fd1d169e-7db2-4dfd-ba2a-e05fd060e6e4/context &amp;#27;[39m&amp;#27;[32m200&amp;#27;[39m &amp;#27;[90m2 ms - 22&amp;#27;[39m
&amp;#27;[35m[HTTP]&amp;#27;[39m &amp;#27;[90m&amp;#27;[39m
&amp;#27;[35m[HTTP]&amp;#27;[39m &amp;#27;[37m--&gt;&amp;#27;[39m &amp;#27;[37mPOST&amp;#27;[39m &amp;#27;[37m/wd/hub/session/fd1d169e-7db2-4dfd-ba2a-e05fd060e6e4/element&amp;#27;[39m
&amp;#27;[35m[HTTP]&amp;#27;[39m &amp;#27;[90m{&quot;using&quot;:&quot;id&quot;,&quot;value&quot;:&quot;com.samsung.android.calendar:id/add_dayofweek_toggle_tue&quot;}&amp;#27;[39m
[debug] &amp;#27;[35m[W3C (fd1d169e)]&amp;#27;[39m Calling AppiumDriver.findElement() with args: [&quot;id&quot;,&quot;com.samsung.android.calendar:id/add_dayofweek_toggle_tue&quot;,&quot;fd1d169e-7db2-4dfd-ba2a-e05fd060e6e4&quot;]
[debug] &amp;#27;[35m[BaseDriver]&amp;#27;[39m Valid locator strategies for this request: xpath, id, class name, accessibility id, -android uiautomator
[debug] &amp;#27;[35m[BaseDriver]&amp;#27;[39m Waiting up to 10000 ms for condition
[debug] &amp;#27;[35m[WD Proxy]&amp;#27;[39m Matched &apos;/element&apos; to command name &apos;findElement&apos;
[debug] &amp;#27;[35m[WD Proxy]&amp;#27;[39m Proxying [POST /element] to [POST http://127.0.0.1:8228/wd/hub/session/95165d5b-2b46-4537-942f-2e9e341d5032/element] with body: {&quot;strategy&quot;:&quot;id&quot;,&quot;selector&quot;:&quot;com.samsung.android.calendar:id/add_dayofweek_toggle_tue&quot;,&quot;context&quot;:&quot;&quot;,&quot;multiple&quot;:false}
[debug] &amp;#27;[35m[WD Proxy]&amp;#27;[39m Got response with status 200: {&quot;sessionId&quot;:&quot;95165d5b-2b46-4537-942f-2e9e341d5032&quot;,&quot;value&quot;:{&quot;ELEMENT&quot;:&quot;8a475d87-1b94-4ca1-b9e8-ce7d63067f96&quot;,&quot;element-6066-11e4-a52e-4f735466cecf&quot;:&quot;8a475d87-1b94-4ca1-b9e8-ce7d63067f96&quot;}}
[debug] &amp;#27;[35m[W3C (fd1d169e)]&amp;#27;[39m Responding to client with driver.findElement() result: {&quot;element-6066-11e4-a52e-4f735466cecf&quot;:&quot;8a475d87-1b94-4ca1-b9e8-ce7d63067f96&quot;,&quot;ELEMENT&quot;:&quot;8a475d87-1b94-4ca1-b9e8-ce7d63067f96&quot;}
&amp;#27;[35m[HTTP]&amp;#27;[39m &amp;#27;[37m&lt;-- POST /wd/hub/session/fd1d169e-7db2-4dfd-ba2a-e05fd060e6e4/element &amp;#27;[39m&amp;#27;[32m200&amp;#27;[39m &amp;#27;[90m62 ms - 137&amp;#27;[39m
&amp;#27;[35m[HTTP]&amp;#27;[39m &amp;#27;[90m&amp;#27;[39m
&amp;#27;[35m[HTTP]&amp;#27;[39m &amp;#27;[37m--&gt;&amp;#27;[39m &amp;#27;[37mPOST&amp;#27;[39m &amp;#27;[37m/wd/hub/session/fd1d169e-7db2-4dfd-ba2a-e05fd060e6e4/element/8a475d87-1b94-4ca1-b9e8-ce7d63067f96/click&amp;#27;[39m
&amp;#27;[35m[HTTP]&amp;#27;[39m &amp;#27;[90m{&quot;id&quot;:&quot;8a475d87-1b94-4ca1-b9e8-ce7d63067f96&quot;}&amp;#27;[39m
[debug] &amp;#27;[35m[W3C (fd1d169e)]&amp;#27;[39m Calling AppiumDriver.click() with args: [&quot;8a475d87-1b94-4ca1-b9e8-ce7d63067f96&quot;,&quot;fd1d169e-7db2-4dfd-ba2a-e05fd060e6e4&quot;]
[debug] &amp;#27;[35m[WD Proxy]&amp;#27;[39m Matched &apos;/element/8a475d87-1b94-4ca1-b9e8-ce7d63067f96/click&apos; to command name &apos;click&apos;
[debug] &amp;#27;[35m[WD Proxy]&amp;#27;[39m Proxying [POST /element/8a475d87-1b94-4ca1-b9e8-ce7d63067f96/click] to [POST http://127.0.0.1:8228/wd/hub/session/95165d5b-2b46-4537-942f-2e9e341d5032/element/8a475d87-1b94-4ca1-b9e8-ce7d63067f96/click] with body: {&quot;element&quot;:&quot;8a475d87-1b94-4ca1-b9e8-ce7d63067f96&quot;}
[debug] &amp;#27;[35m[WD Proxy]&amp;#27;[39m Got response with status 200: {&quot;sessionId&quot;:&quot;95165d5b-2b46-4537-942f-2e9e341d5032&quot;,&quot;value&quot;:null}
[debug] &amp;#27;[35m[W3C (fd1d169e)]&amp;#27;[39m Responding to client with driver.click() result: null
&amp;#27;[35m[HTTP]&amp;#27;[39m &amp;#27;[37m&lt;-- POST /wd/hub/session/fd1d169e-7db2-4dfd-ba2a-e05fd060e6e4/element/8a475d87-1b94-4ca1-b9e8-ce7d63067f96/click &amp;#27;[39m&amp;#27;[32m200&amp;#27;[39m &amp;#27;[90m69 ms - 14&amp;#27;[39m
&amp;#27;[35m[HTTP]&amp;#27;[39m &amp;#27;[90m&amp;#27;[39m
&amp;#27;[35m[HTTP]&amp;#27;[39m &amp;#27;[37m--&gt;&amp;#27;[39m &amp;#27;[37mGET&amp;#27;[39m &amp;#27;[37m/wd/hub/session/fd1d169e-7db2-4dfd-ba2a-e05fd060e6e4/context&amp;#27;[39m
&amp;#27;[35m[HTTP]&amp;#27;[39m &amp;#27;[90m{}&amp;#27;[39m
[debug] &amp;#27;[35m[W3C (fd1d169e)]&amp;#27;[39m Calling AppiumDriver.getCurrentContext() with args: [&quot;fd1d169e-7db2-4dfd-ba2a-e05fd060e6e4&quot;]
[debug] &amp;#27;[35m[W3C (fd1d169e)]&amp;#27;[39m Responding to client with driver.getCurrentContext() result: &quot;NATIVE_APP&quot;
&amp;#27;[35m[HTTP]&amp;#27;[39m &amp;#27;[37m&lt;-- GET /wd/hub/session/fd1d169e-7db2-4dfd-ba2a-e05fd060e6e4/context &amp;#27;[39m&amp;#27;[32m200&amp;#27;[39m &amp;#27;[90m3 ms - 22&amp;#27;[39m
&amp;#27;[35m[HTTP]&amp;#27;[39m &amp;#27;[90m&amp;#27;[39m
&amp;#27;[35m[HTTP]&amp;#27;[39m &amp;#27;[37m--&gt;&amp;#27;[39m &amp;#27;[37mPOST&amp;#27;[39m &amp;#27;[37m/wd/hub/session/fd1d169e-7db2-4dfd-ba2a-e05fd060e6e4/element&amp;#27;[39m
&amp;#27;[35m[HTTP]&amp;#27;[39m &amp;#27;[90m{&quot;using&quot;:&quot;id&quot;,&quot;value&quot;:&quot;com.samsung.android.calendar:id/add_dayofweek_toggle_thu&quot;}&amp;#27;[39m
[debug] &amp;#27;[35m[W3C (fd1d169e)]&amp;#27;[39m Calling AppiumDriver.findElement() with args: [&quot;id&quot;,&quot;com.samsung.android.calendar:id/add_dayofweek_toggle_thu&quot;,&quot;fd1d169e-7db2-4dfd-ba2a-e05fd060e6e4&quot;]
[debug] &amp;#27;[35m[BaseDriver]&amp;#27;[39m Valid locator strategies for this request: xpath, id, class name, accessibility id, -android uiautomator
[debug] &amp;#27;[35m[BaseDriver]&amp;#27;[39m Waiting up to 10000 ms for condition
[debug] &amp;#27;[35m[WD Proxy]&amp;#27;[39m Matched &apos;/element&apos; to command name &apos;findElement&apos;
[debug] &amp;#27;[35m[WD Proxy]&amp;#27;[39m Proxying [POST /element] to [POST http://127.0.0.1:8228/wd/hub/session/95165d5b-2b46-4537-942f-2e9e341d5032/element] with body: {&quot;strategy&quot;:&quot;id&quot;,&quot;selector&quot;:&quot;com.samsung.android.calendar:id/add_dayofweek_toggle_thu&quot;,&quot;context&quot;:&quot;&quot;,&quot;multiple&quot;:false}
[debug] &amp;#27;[35m[WD Proxy]&amp;#27;[39m Got response with status 200: {&quot;sessionId&quot;:&quot;95165d5b-2b46-4537-942f-2e9e341d5032&quot;,&quot;value&quot;:{&quot;ELEMENT&quot;:&quot;163178d1-e319-483d-92bc-2a2048c48520&quot;,&quot;element-6066-11e4-a52e-4f735466cecf&quot;:&quot;163178d1-e319-483d-92bc-2a2048c48520&quot;}}
[debug] &amp;#27;[35m[W3C (fd1d169e)]&amp;#27;[39m Responding to client with driver.findElement() result: {&quot;element-6066-11e4-a52e-4f735466cecf&quot;:&quot;163178d1-e319-483d-92bc-2a2048c48520&quot;,&quot;ELEMENT&quot;:&quot;163178d1-e319-483d-92bc-2a2048c48520&quot;}
&amp;#27;[35m[HTTP]&amp;#27;[39m &amp;#27;[37m&lt;-- POST /wd/hub/session/fd1d169e-7db2-4dfd-ba2a-e05fd060e6e4/element &amp;#27;[39m&amp;#27;[32m200&amp;#27;[39m &amp;#27;[90m614 ms - 137&amp;#27;[39m
&amp;#27;[35m[HTTP]&amp;#27;[39m &amp;#27;[90m&amp;#27;[39m
&amp;#27;[35m[HTTP]&amp;#27;[39m &amp;#27;[37m--&gt;&amp;#27;[39m &amp;#27;[37mGET&amp;#27;[39m &amp;#27;[37m/wd/hub/session/fd1d169e-7db2-4dfd-ba2a-e05fd060e6e4/element/163178d1-e319-483d-92bc-2a2048c48520/attribute/checked&amp;#27;[39m
&amp;#27;[35m[HTTP]&amp;#27;[39m &amp;#27;[90m{}&amp;#27;[39m
[debug] &amp;#27;[35m[W3C (fd1d169e)]&amp;#27;[39m Calling AppiumDriver.getAttribute() with args: [&quot;checked&quot;,&quot;163178d1-e319-483d-92bc-2a2048c48520&quot;,&quot;fd1d169e-7db2-4dfd-ba2a-e05fd060e6e4&quot;]
[debug] &amp;#27;[35m[WD Proxy]&amp;#27;[39m Matched &apos;/element/163178d1-e319-483d-92bc-2a2048c48520/attribute/checked&apos; to command name &apos;getAttribute&apos;
[debug] &amp;#27;[35m[WD Proxy]&amp;#27;[39m Proxying [GET /element/163178d1-e319-483d-92bc-2a2048c48520/attribute/checked] to [GET http://127.0.0.1:8228/wd/hub/session/95165d5b-2b46-4537-942f-2e9e341d5032/element/163178d1-e319-483d-92bc-2a2048c48520/attribute/checked] with no body
[debug] &amp;#27;[35m[WD Proxy]&amp;#27;[39m Got response with status 200: {&quot;sessionId&quot;:&quot;95165d5b-2b46-4537-942f-2e9e341d5032&quot;,&quot;value&quot;:&quot;false&quot;}
[debug] &amp;#27;[35m[W3C (fd1d169e)]&amp;#27;[39m Responding to client with driver.getAttribute() result: &quot;false&quot;
&amp;#27;[35m[HTTP]&amp;#27;[39m &amp;#27;[37m&lt;-- GET /wd/hub/session/fd1d169e-7db2-4dfd-ba2a-e05fd060e6e4/element/163178d1-e319-483d-92bc-2a2048c48520/attribute/checked &amp;#27;[39m&amp;#27;[32m200&amp;#27;[39m &amp;#27;[90m30 ms - 17&amp;#27;[39m
&amp;#27;[35m[HTTP]&amp;#27;[39m &amp;#27;[90m&amp;#27;[39m
&amp;#27;[35m[HTTP]&amp;#27;[39m &amp;#27;[37m--&gt;&amp;#27;[39m &amp;#27;[37mGET&amp;#27;[39m &amp;#27;[37m/wd/hub/session/fd1d169e-7db2-4dfd-ba2a-e05fd060e6e4/context&amp;#27;[39m
&amp;#27;[35m[HTTP]&amp;#27;[39m &amp;#27;[90m{}&amp;#27;[39m
[debug] &amp;#27;[35m[W3C (fd1d169e)]&amp;#27;[39m Calling AppiumDriver.getCurrentContext() with args: [&quot;fd1d169e-7db2-4dfd-ba2a-e05fd060e6e4&quot;]
[debug] &amp;#27;[35m[W3C (fd1d169e)]&amp;#27;[39m Responding to client with driver.getCurrentContext() result: &quot;NATIVE_APP&quot;
&amp;#27;[35m[HTTP]&amp;#27;[39m &amp;#27;[37m&lt;-- GET /wd/hub/session/fd1d169e-7db2-4dfd-ba2a-e05fd060e6e4/context &amp;#27;[39m&amp;#27;[32m200&amp;#27;[39m &amp;#27;[90m2 ms - 22&amp;#27;[39m
&amp;#27;[35m[HTTP]&amp;#27;[39m &amp;#27;[90m&amp;#27;[39m
&amp;#27;[35m[HTTP]&amp;#27;[39m &amp;#27;[37m--&gt;&amp;#27;[39m &amp;#27;[37mPOST&amp;#27;[39m &amp;#27;[37m/wd/hub/session/fd1d169e-7db2-4dfd-ba2a-e05fd060e6e4/element&amp;#27;[39m
&amp;#27;[35m[HTTP]&amp;#27;[39m &amp;#27;[90m{&quot;using&quot;:&quot;id&quot;,&quot;value&quot;:&quot;com.samsung.android.calendar:id/add_dayofweek_toggle_thu&quot;}&amp;#27;[39m
[debug] &amp;#27;[35m[W3C (fd1d169e)]&amp;#27;[39m Calling AppiumDriver.findElement() with args: [&quot;id&quot;,&quot;com.samsung.android.calendar:id/add_dayofweek_toggle_thu&quot;,&quot;fd1d169e-7db2-4dfd-ba2a-e05fd060e6e4&quot;]
[debug] &amp;#27;[35m[BaseDriver]&amp;#27;[39m Valid locator strategies for this request: xpath, id, class name, accessibility id, -android uiautomator
[debug] &amp;#27;[35m[BaseDriver]&amp;#27;[39m Waiting up to 10000 ms for condition
[debug] &amp;#27;[35m[WD Proxy]&amp;#27;[39m Matched &apos;/element&apos; to command name &apos;findElement&apos;
[debug] &amp;#27;[35m[WD Proxy]&amp;#27;[39m Proxying [POST /element] to [POST http://127.0.0.1:8228/wd/hub/session/95165d5b-2b46-4537-942f-2e9e341d5032/element] with body: {&quot;strategy&quot;:&quot;id&quot;,&quot;selector&quot;:&quot;com.samsung.android.calendar:id/add_dayofweek_toggle_thu&quot;,&quot;context&quot;:&quot;&quot;,&quot;multiple&quot;:false}
[debug] &amp;#27;[35m[WD Proxy]&amp;#27;[39m Got response with status 200: {&quot;sessionId&quot;:&quot;95165d5b-2b46-4537-942f-2e9e341d5032&quot;,&quot;value&quot;:{&quot;ELEMENT&quot;:&quot;29c851d5-369a-4cb3-b0cf-b499a91143bc&quot;,&quot;element-6066-11e4-a52e-4f735466cecf&quot;:&quot;29c851d5-369a-4cb3-b0cf-b499a91143bc&quot;}}
[debug] &amp;#27;[35m[W3C (fd1d169e)]&amp;#27;[39m Responding to client with driver.findElement() result: {&quot;element-6066-11e4-a52e-4f735466cecf&quot;:&quot;29c851d5-369a-4cb3-b0cf-b499a91143bc&quot;,&quot;ELEMENT&quot;:&quot;29c851d5-369a-4cb3-b0cf-b499a91143bc&quot;}
&amp;#27;[35m[HTTP]&amp;#27;[39m &amp;#27;[37m&lt;-- POST /wd/hub/session/fd1d169e-7db2-4dfd-ba2a-e05fd060e6e4/element &amp;#27;[39m&amp;#27;[32m200&amp;#27;[39m &amp;#27;[90m68 ms - 137&amp;#27;[39m
&amp;#27;[35m[HTTP]&amp;#27;[39m &amp;#27;[90m&amp;#27;[39m
&amp;#27;[35m[HTTP]&amp;#27;[39m &amp;#27;[37m--&gt;&amp;#27;[39m &amp;#27;[37mPOST&amp;#27;[39m &amp;#27;[37m/wd/hub/session/fd1d169e-7db2-4dfd-ba2a-e05fd060e6e4/element/29c851d5-369a-4cb3-b0cf-b499a91143bc/click&amp;#27;[39m
&amp;#27;[35m[HTTP]&amp;#27;[39m &amp;#27;[90m{&quot;id&quot;:&quot;29c851d5-369a-4cb3-b0cf-b499a91143bc&quot;}&amp;#27;[39m
[debug] &amp;#27;[35m[W3C (fd1d169e)]&amp;#27;[39m Calling AppiumDriver.click() with args: [&quot;29c851d5-369a-4cb3-b0cf-b499a91143bc&quot;,&quot;fd1d169e-7db2-4dfd-ba2a-e05fd060e6e4&quot;]
[debug] &amp;#27;[35m[WD Proxy]&amp;#27;[39m Matched &apos;/element/29c851d5-369a-4cb3-b0cf-b499a91143bc/click&apos; to command name &apos;click&apos;
[debug] &amp;#27;[35m[WD Proxy]&amp;#27;[39m Proxying [POST /element/29c851d5-369a-4cb3-b0cf-b499a91143bc/click] to [POST http://127.0.0.1:8228/wd/hub/session/95165d5b-2b46-4537-942f-2e9e341d5032/element/29c851d5-369a-4cb3-b0cf-b499a91143bc/click] with body: {&quot;element&quot;:&quot;29c851d5-369a-4cb3-b0cf-b499a91143bc&quot;}
[debug] &amp;#27;[35m[WD Proxy]&amp;#27;[39m Got response with status 200: {&quot;sessionId&quot;:&quot;95165d5b-2b46-4537-942f-2e9e341d5032&quot;,&quot;value&quot;:null}
[debug] &amp;#27;[35m[W3C (fd1d169e)]&amp;#27;[39m Responding to client with driver.click() result: null
&amp;#27;[35m[HTTP]&amp;#27;[39m &amp;#27;[37m&lt;-- POST /wd/hub/session/fd1d169e-7db2-4dfd-ba2a-e05fd060e6e4/element/29c851d5-369a-4cb3-b0cf-b499a91143bc/click &amp;#27;[39m&amp;#27;[32m200&amp;#27;[39m &amp;#27;[90m75 ms - 14&amp;#27;[39m
&amp;#27;[35m[HTTP]&amp;#27;[39m &amp;#27;[90m&amp;#27;[39m
&amp;#27;[35m[HTTP]&amp;#27;[39m &amp;#27;[37m--&gt;&amp;#27;[39m &amp;#27;[37mGET&amp;#27;[39m &amp;#27;[37m/wd/hub/session/fd1d169e-7db2-4dfd-ba2a-e05fd060e6e4/context&amp;#27;[39m
&amp;#27;[35m[HTTP]&amp;#27;[39m &amp;#27;[90m{}&amp;#27;[39m
[debug] &amp;#27;[35m[W3C (fd1d169e)]&amp;#27;[39m Calling AppiumDriver.getCurrentContext() with args: [&quot;fd1d169e-7db2-4dfd-ba2a-e05fd060e6e4&quot;]
[debug] &amp;#27;[35m[W3C (fd1d169e)]&amp;#27;[39m Responding to client with driver.getCurrentContext() result: &quot;NATIVE_APP&quot;
&amp;#27;[35m[HTTP]&amp;#27;[39m &amp;#27;[37m&lt;-- GET /wd/hub/session/fd1d169e-7db2-4dfd-ba2a-e05fd060e6e4/context &amp;#27;[39m&amp;#27;[32m200&amp;#27;[39m &amp;#27;[90m2 ms - 22&amp;#27;[39m
&amp;#27;[35m[HTTP]&amp;#27;[39m &amp;#27;[90m&amp;#27;[39m
&amp;#27;[35m[HTTP]&amp;#27;[39m &amp;#27;[37m--&gt;&amp;#27;[39m &amp;#27;[37mPOST&amp;#27;[39m &amp;#27;[37m/wd/hub/session/fd1d169e-7db2-4dfd-ba2a-e05fd060e6e4/element&amp;#27;[39m
&amp;#27;[35m[HTTP]&amp;#27;[39m &amp;#27;[90m{&quot;using&quot;:&quot;id&quot;,&quot;value&quot;:&quot;com.samsung.android.calendar:id/add_dayofweek_toggle_sat&quot;}&amp;#27;[39m
[debug] &amp;#27;[35m[W3C (fd1d169e)]&amp;#27;[39m Calling AppiumDriver.findElement() with args: [&quot;id&quot;,&quot;com.samsung.android.calendar:id/add_dayofweek_toggle_sat&quot;,&quot;fd1d169e-7db2-4dfd-ba2a-e05fd060e6e4&quot;]
[debug] &amp;#27;[35m[BaseDriver]&amp;#27;[39m Valid locator strategies for this request: xpath, id, class name, accessibility id, -android uiautomator
[debug] &amp;#27;[35m[BaseDriver]&amp;#27;[39m Waiting up to 10000 ms for condition
[debug] &amp;#27;[35m[WD Proxy]&amp;#27;[39m Matched &apos;/element&apos; to command name &apos;findElement&apos;
[debug] &amp;#27;[35m[WD Proxy]&amp;#27;[39m Proxying [POST /element] to [POST http://127.0.0.1:8228/wd/hub/session/95165d5b-2b46-4537-942f-2e9e341d5032/element] with body: {&quot;strategy&quot;:&quot;id&quot;,&quot;selector&quot;:&quot;com.samsung.android.calendar:id/add_dayofweek_toggle_sat&quot;,&quot;context&quot;:&quot;&quot;,&quot;multiple&quot;:false}
[debug] &amp;#27;[35m[WD Proxy]&amp;#27;[39m Got response with status 200: {&quot;sessionId&quot;:&quot;95165d5b-2b46-4537-942f-2e9e341d5032&quot;,&quot;value&quot;:{&quot;ELEMENT&quot;:&quot;047e974f-8533-49fb-884f-bee1d2f662bb&quot;,&quot;element-6066-11e4-a52e-4f735466cecf&quot;:&quot;047e974f-8533-49fb-884f-bee1d2f662bb&quot;}}
[debug] &amp;#27;[35m[W3C (fd1d169e)]&amp;#27;[39m Responding to client with driver.findElement() result: {&quot;element-6066-11e4-a52e-4f735466cecf&quot;:&quot;047e974f-8533-49fb-884f-bee1d2f662bb&quot;,&quot;ELEMENT&quot;:&quot;047e974f-8533-49fb-884f-bee1d2f662bb&quot;}
&amp;#27;[35m[HTTP]&amp;#27;[39m &amp;#27;[37m&lt;-- POST /wd/hub/session/fd1d169e-7db2-4dfd-ba2a-e05fd060e6e4/element &amp;#27;[39m&amp;#27;[32m200&amp;#27;[39m &amp;#27;[90m605 ms - 137&amp;#27;[39m
&amp;#27;[35m[HTTP]&amp;#27;[39m &amp;#27;[90m&amp;#27;[39m
&amp;#27;[35m[HTTP]&amp;#27;[39m &amp;#27;[37m--&gt;&amp;#27;[39m &amp;#27;[37mGET&amp;#27;[39m &amp;#27;[37m/wd/hub/session/fd1d169e-7db2-4dfd-ba2a-e05fd060e6e4/element/047e974f-8533-49fb-884f-bee1d2f662bb/attribute/checked&amp;#27;[39m
&amp;#27;[35m[HTTP]&amp;#27;[39m &amp;#27;[90m{}&amp;#27;[39m
[debug] &amp;#27;[35m[W3C (fd1d169e)]&amp;#27;[39m Calling AppiumDriver.getAttribute() with args: [&quot;checked&quot;,&quot;047e974f-8533-49fb-884f-bee1d2f662bb&quot;,&quot;fd1d169e-7db2-4dfd-ba2a-e05fd060e6e4&quot;]
[debug] &amp;#27;[35m[WD Proxy]&amp;#27;[39m Matched &apos;/element/047e974f-8533-49fb-884f-bee1d2f662bb/attribute/checked&apos; to command name &apos;getAttribute&apos;
[debug] &amp;#27;[35m[WD Proxy]&amp;#27;[39m Proxying [GET /element/047e974f-8533-49fb-884f-bee1d2f662bb/attribute/checked] to [GET http://127.0.0.1:8228/wd/hub/session/95165d5b-2b46-4537-942f-2e9e341d5032/element/047e974f-8533-49fb-884f-bee1d2f662bb/attribute/checked] with no body
[debug] &amp;#27;[35m[WD Proxy]&amp;#27;[39m Got response with status 200: {&quot;sessionId&quot;:&quot;95165d5b-2b46-4537-942f-2e9e341d5032&quot;,&quot;value&quot;:&quot;false&quot;}
[debug] &amp;#27;[35m[W3C (fd1d169e)]&amp;#27;[39m Responding to client with driver.getAttribute() result: &quot;false&quot;
&amp;#27;[35m[HTTP]&amp;#27;[39m &amp;#27;[37m&lt;-- GET /wd/hub/session/fd1d169e-7db2-4dfd-ba2a-e05fd060e6e4/element/047e974f-8533-49fb-884f-bee1d2f662bb/attribute/checked &amp;#27;[39m&amp;#27;[32m200&amp;#27;[39m &amp;#27;[90m41 ms - 17&amp;#27;[39m
&amp;#27;[35m[HTTP]&amp;#27;[39m &amp;#27;[90m&amp;#27;[39m
&amp;#27;[35m[HTTP]&amp;#27;[39m &amp;#27;[37m--&gt;&amp;#27;[39m &amp;#27;[37mGET&amp;#27;[39m &amp;#27;[37m/wd/hub/session/fd1d169e-7db2-4dfd-ba2a-e05fd060e6e4/context&amp;#27;[39m
&amp;#27;[35m[HTTP]&amp;#27;[39m &amp;#27;[90m{}&amp;#27;[39m
[debug] &amp;#27;[35m[W3C (fd1d169e)]&amp;#27;[39m Calling AppiumDriver.getCurrentContext() with args: [&quot;fd1d169e-7db2-4dfd-ba2a-e05fd060e6e4&quot;]
[debug] &amp;#27;[35m[W3C (fd1d169e)]&amp;#27;[39m Responding to client with driver.getCurrentContext() result: &quot;NATIVE_APP&quot;
&amp;#27;[35m[HTTP]&amp;#27;[39m &amp;#27;[37m&lt;-- GET /wd/hub/session/fd1d169e-7db2-4dfd-ba2a-e05fd060e6e4/context &amp;#27;[39m&amp;#27;[32m200&amp;#27;[39m &amp;#27;[90m2 ms - 22&amp;#27;[39m
&amp;#27;[35m[HTTP]&amp;#27;[39m &amp;#27;[90m&amp;#27;[39m
&amp;#27;[35m[HTTP]&amp;#27;[39m &amp;#27;[37m--&gt;&amp;#27;[39m &amp;#27;[37mPOST&amp;#27;[39m &amp;#27;[37m/wd/hub/session/fd1d169e-7db2-4dfd-ba2a-e05fd060e6e4/element&amp;#27;[39m
&amp;#27;[35m[HTTP]&amp;#27;[39m &amp;#27;[90m{&quot;using&quot;:&quot;id&quot;,&quot;value&quot;:&quot;com.samsung.android.calendar:id/add_dayofweek_toggle_sat&quot;}&amp;#27;[39m
[debug] &amp;#27;[35m[W3C (fd1d169e)]&amp;#27;[39m Calling AppiumDriver.findElement() with args: [&quot;id&quot;,&quot;com.samsung.android.calendar:id/add_dayofweek_toggle_sat&quot;,&quot;fd1d169e-7db2-4dfd-ba2a-e05fd060e6e4&quot;]
[debug] &amp;#27;[35m[BaseDriver]&amp;#27;[39m Valid locator strategies for this request: xpath, id, class name, accessibility id, -android uiautomator
[debug] &amp;#27;[35m[BaseDriver]&amp;#27;[39m Waiting up to 10000 ms for condition
[debug] &amp;#27;[35m[WD Proxy]&amp;#27;[39m Matched &apos;/element&apos; to command name &apos;findElement&apos;
[debug] &amp;#27;[35m[WD Proxy]&amp;#27;[39m Proxying [POST /element] to [POST http://127.0.0.1:8228/wd/hub/session/95165d5b-2b46-4537-942f-2e9e341d5032/element] with body: {&quot;strategy&quot;:&quot;id&quot;,&quot;selector&quot;:&quot;com.samsung.android.calendar:id/add_dayofweek_toggle_sat&quot;,&quot;context&quot;:&quot;&quot;,&quot;multiple&quot;:false}
[debug] &amp;#27;[35m[WD Proxy]&amp;#27;[39m Got response with status 200: {&quot;sessionId&quot;:&quot;95165d5b-2b46-4537-942f-2e9e341d5032&quot;,&quot;value&quot;:{&quot;ELEMENT&quot;:&quot;0b7a27a2-d99d-4856-86b8-cb1da208972f&quot;,&quot;element-6066-11e4-a52e-4f735466cecf&quot;:&quot;0b7a27a2-d99d-4856-86b8-cb1da208972f&quot;}}
[debug] &amp;#27;[35m[W3C (fd1d169e)]&amp;#27;[39m Responding to client with driver.findElement() result: {&quot;element-6066-11e4-a52e-4f735466cecf&quot;:&quot;0b7a27a2-d99d-4856-86b8-cb1da208972f&quot;,&quot;ELEMENT&quot;:&quot;0b7a27a2-d99d-4856-86b8-cb1da208972f&quot;}
&amp;#27;[35m[HTTP]&amp;#27;[39m &amp;#27;[37m&lt;-- POST /wd/hub/session/fd1d169e-7db2-4dfd-ba2a-e05fd060e6e4/element &amp;#27;[39m&amp;#27;[32m200&amp;#27;[39m &amp;#27;[90m63 ms - 137&amp;#27;[39m
&amp;#27;[35m[HTTP]&amp;#27;[39m &amp;#27;[90m&amp;#27;[39m
&amp;#27;[35m[HTTP]&amp;#27;[39m &amp;#27;[37m--&gt;&amp;#27;[39m &amp;#27;[37mPOST&amp;#27;[39m &amp;#27;[37m/wd/hub/session/fd1d169e-7db2-4dfd-ba2a-e05fd060e6e4/element/0b7a27a2-d99d-4856-86b8-cb1da208972f/click&amp;#27;[39m
&amp;#27;[35m[HTTP]&amp;#27;[39m &amp;#27;[90m{&quot;id&quot;:&quot;0b7a27a2-d99d-4856-86b8-cb1da208972f&quot;}&amp;#27;[39m
[debug] &amp;#27;[35m[W3C (fd1d169e)]&amp;#27;[39m Calling AppiumDriver.click() with args: [&quot;0b7a27a2-d99d-4856-86b8-cb1da208972f&quot;,&quot;fd1d169e-7db2-4dfd-ba2a-e05fd060e6e4&quot;]
[debug] &amp;#27;[35m[WD Proxy]&amp;#27;[39m Matched &apos;/element/0b7a27a2-d99d-4856-86b8-cb1da208972f/click&apos; to command name &apos;click&apos;
[debug] &amp;#27;[35m[WD Proxy]&amp;#27;[39m Proxying [POST /element/0b7a27a2-d99d-4856-86b8-cb1da208972f/click] to [POST http://127.0.0.1:8228/wd/hub/session/95165d5b-2b46-4537-942f-2e9e341d5032/element/0b7a27a2-d99d-4856-86b8-cb1da208972f/click] with body: {&quot;element&quot;:&quot;0b7a27a2-d99d-4856-86b8-cb1da208972f&quot;}
[debug] &amp;#27;[35m[WD Proxy]&amp;#27;[39m Got response with status 200: {&quot;sessionId&quot;:&quot;95165d5b-2b46-4537-942f-2e9e341d5032&quot;,&quot;value&quot;:null}
[debug] &amp;#27;[35m[W3C (fd1d169e)]&amp;#27;[39m Responding to client with driver.click() result: null
&amp;#27;[35m[HTTP]&amp;#27;[39m &amp;#27;[37m&lt;-- POST /wd/hub/session/fd1d169e-7db2-4dfd-ba2a-e05fd060e6e4/element/0b7a27a2-d99d-4856-86b8-cb1da208972f/click &amp;#27;[39m&amp;#27;[32m200&amp;#27;[39m &amp;#27;[90m250 ms - 14&amp;#27;[39m
&amp;#27;[35m[HTTP]&amp;#27;[39m &amp;#27;[90m&amp;#27;[39m
&amp;#27;[35m[HTTP]&amp;#27;[39m &amp;#27;[37m--&gt;&amp;#27;[39m &amp;#27;[37mGET&amp;#27;[39m &amp;#27;[37m/wd/hub/session/fd1d169e-7db2-4dfd-ba2a-e05fd060e6e4/context&amp;#27;[39m
&amp;#27;[35m[HTTP]&amp;#27;[39m &amp;#27;[90m{}&amp;#27;[39m
[debug] &amp;#27;[35m[W3C (fd1d169e)]&amp;#27;[39m Calling AppiumDriver.getCurrentContext() with args: [&quot;fd1d169e-7db2-4dfd-ba2a-e05fd060e6e4&quot;]
[debug] &amp;#27;[35m[W3C (fd1d169e)]&amp;#27;[39m Responding to client with driver.getCurrentContext() result: &quot;NATIVE_APP&quot;
&amp;#27;[35m[HTTP]&amp;#27;[39m &amp;#27;[37m&lt;-- GET /wd/hub/session/fd1d169e-7db2-4dfd-ba2a-e05fd060e6e4/context &amp;#27;[39m&amp;#27;[32m200&amp;#27;[39m &amp;#27;[90m4 ms - 22&amp;#27;[39m
&amp;#27;[35m[HTTP]&amp;#27;[39m &amp;#27;[90m&amp;#27;[39m
&amp;#27;[35m[HTTP]&amp;#27;[39m &amp;#27;[37m--&gt;&amp;#27;[39m &amp;#27;[37mPOST&amp;#27;[39m &amp;#27;[37m/wd/hub/session/fd1d169e-7db2-4dfd-ba2a-e05fd060e6e4/element&amp;#27;[39m
&amp;#27;[35m[HTTP]&amp;#27;[39m &amp;#27;[90m{&quot;using&quot;:&quot;id&quot;,&quot;value&quot;:&quot;com.samsung.android.calendar:id/repeat_duration&quot;}&amp;#27;[39m
[debug] &amp;#27;[35m[W3C (fd1d169e)]&amp;#27;[39m Calling AppiumDriver.findElement() with args: [&quot;id&quot;,&quot;com.samsung.android.calendar:id/repeat_duration&quot;,&quot;fd1d169e-7db2-4dfd-ba2a-e05fd060e6e4&quot;]
[debug] &amp;#27;[35m[BaseDriver]&amp;#27;[39m Valid locator strategies for this request: xpath, id, class name, accessibility id, -android uiautomator
[debug] &amp;#27;[35m[BaseDriver]&amp;#27;[39m Waiting up to 10000 ms for condition
[debug] &amp;#27;[35m[WD Proxy]&amp;#27;[39m Matched &apos;/element&apos; to command name &apos;findElement&apos;
[debug] &amp;#27;[35m[WD Proxy]&amp;#27;[39m Proxying [POST /element] to [POST http://127.0.0.1:8228/wd/hub/session/95165d5b-2b46-4537-942f-2e9e341d5032/element] with body: {&quot;strategy&quot;:&quot;id&quot;,&quot;selector&quot;:&quot;com.samsung.android.calendar:id/repeat_duration&quot;,&quot;context&quot;:&quot;&quot;,&quot;multiple&quot;:false}
[debug] &amp;#27;[35m[WD Proxy]&amp;#27;[39m Got response with status 200: {&quot;sessionId&quot;:&quot;95165d5b-2b46-4537-942f-2e9e341d5032&quot;,&quot;value&quot;:{&quot;ELEMENT&quot;:&quot;038a9e5b-9a4d-4f49-976a-b195c06c4192&quot;,&quot;element-6066-11e4-a52e-4f735466cecf&quot;:&quot;038a9e5b-9a4d-4f49-976a-b195c06c4192&quot;}}
[debug] &amp;#27;[35m[W3C (fd1d169e)]&amp;#27;[39m Responding to client with driver.findElement() result: {&quot;element-6066-11e4-a52e-4f735466cecf&quot;:&quot;038a9e5b-9a4d-4f49-976a-b195c06c4192&quot;,&quot;ELEMENT&quot;:&quot;038a9e5b-9a4d-4f49-976a-b195c06c4192&quot;}
&amp;#27;[35m[HTTP]&amp;#27;[39m &amp;#27;[37m&lt;-- POST /wd/hub/session/fd1d169e-7db2-4dfd-ba2a-e05fd060e6e4/element &amp;#27;[39m&amp;#27;[32m200&amp;#27;[39m &amp;#27;[90m451 ms - 137&amp;#27;[39m
&amp;#27;[35m[HTTP]&amp;#27;[39m &amp;#27;[90m&amp;#27;[39m
&amp;#27;[35m[HTTP]&amp;#27;[39m &amp;#27;[37m--&gt;&amp;#27;[39m &amp;#27;[37mPOST&amp;#27;[39m &amp;#27;[37m/wd/hub/session/fd1d169e-7db2-4dfd-ba2a-e05fd060e6e4/element/038a9e5b-9a4d-4f49-976a-b195c06c4192/click&amp;#27;[39m
&amp;#27;[35m[HTTP]&amp;#27;[39m &amp;#27;[90m{&quot;id&quot;:&quot;038a9e5b-9a4d-4f49-976a-b195c06c4192&quot;}&amp;#27;[39m
[debug] &amp;#27;[35m[W3C (fd1d169e)]&amp;#27;[39m Calling AppiumDriver.click() with args: [&quot;038a9e5b-9a4d-4f49-976a-b195c06c4192&quot;,&quot;fd1d169e-7db2-4dfd-ba2a-e05fd060e6e4&quot;]
[debug] &amp;#27;[35m[WD Proxy]&amp;#27;[39m Matched &apos;/element/038a9e5b-9a4d-4f49-976a-b195c06c4192/click&apos; to command name &apos;click&apos;
[debug] &amp;#27;[35m[WD Proxy]&amp;#27;[39m Proxying [POST /element/038a9e5b-9a4d-4f49-976a-b195c06c4192/click] to [POST http://127.0.0.1:8228/wd/hub/session/95165d5b-2b46-4537-942f-2e9e341d5032/element/038a9e5b-9a4d-4f49-976a-b195c06c4192/click] with body: {&quot;element&quot;:&quot;038a9e5b-9a4d-4f49-976a-b195c06c4192&quot;}
[debug] &amp;#27;[35m[WD Proxy]&amp;#27;[39m Got response with status 200: {&quot;sessionId&quot;:&quot;95165d5b-2b46-4537-942f-2e9e341d5032&quot;,&quot;value&quot;:null}
[debug] &amp;#27;[35m[W3C (fd1d169e)]&amp;#27;[39m Responding to client with driver.click() result: null
&amp;#27;[35m[HTTP]&amp;#27;[39m &amp;#27;[37m&lt;-- POST /wd/hub/session/fd1d169e-7db2-4dfd-ba2a-e05fd060e6e4/element/038a9e5b-9a4d-4f49-976a-b195c06c4192/click &amp;#27;[39m&amp;#27;[32m200&amp;#27;[39m &amp;#27;[90m75 ms - 14&amp;#27;[39m
&amp;#27;[35m[HTTP]&amp;#27;[39m &amp;#27;[90m&amp;#27;[39m
&amp;#27;[35m[HTTP]&amp;#27;[39m &amp;#27;[37m--&gt;&amp;#27;[39m &amp;#27;[37mGET&amp;#27;[39m &amp;#27;[37m/wd/hub/session/fd1d169e-7db2-4dfd-ba2a-e05fd060e6e4/context&amp;#27;[39m
&amp;#27;[35m[HTTP]&amp;#27;[39m &amp;#27;[90m{}&amp;#27;[39m
[debug] &amp;#27;[35m[W3C (fd1d169e)]&amp;#27;[39m Calling AppiumDriver.getCurrentContext() with args: [&quot;fd1d169e-7db2-4dfd-ba2a-e05fd060e6e4&quot;]
[debug] &amp;#27;[35m[W3C (fd1d169e)]&amp;#27;[39m Responding to client with driver.getCurrentContext() result: &quot;NATIVE_APP&quot;
&amp;#27;[35m[HTTP]&amp;#27;[39m &amp;#27;[37m&lt;-- GET /wd/hub/session/fd1d169e-7db2-4dfd-ba2a-e05fd060e6e4/context &amp;#27;[39m&amp;#27;[32m200&amp;#27;[39m &amp;#27;[90m5 ms - 22&amp;#27;[39m
&amp;#27;[35m[HTTP]&amp;#27;[39m &amp;#27;[90m&amp;#27;[39m
&amp;#27;[35m[HTTP]&amp;#27;[39m &amp;#27;[37m--&gt;&amp;#27;[39m &amp;#27;[37mPOST&amp;#27;[39m &amp;#27;[37m/wd/hub/session/fd1d169e-7db2-4dfd-ba2a-e05fd060e6e4/element&amp;#27;[39m
&amp;#27;[35m[HTTP]&amp;#27;[39m &amp;#27;[90m{&quot;using&quot;:&quot;id&quot;,&quot;value&quot;:&quot;com.samsung.android.calendar:id/repeat_duration_option_end_count&quot;}&amp;#27;[39m
[debug] &amp;#27;[35m[W3C (fd1d169e)]&amp;#27;[39m Calling AppiumDriver.findElement() with args: [&quot;id&quot;,&quot;com.samsung.android.calendar:id/repeat_duration_option_end_count&quot;,&quot;fd1d169e-7db2-4dfd-ba2a-e05fd060e6e4&quot;]
[debug] &amp;#27;[35m[BaseDriver]&amp;#27;[39m Valid locator strategies for this request: xpath, id, class name, accessibility id, -android uiautomator
[debug] &amp;#27;[35m[BaseDriver]&amp;#27;[39m Waiting up to 10000 ms for condition
[debug] &amp;#27;[35m[WD Proxy]&amp;#27;[39m Matched &apos;/element&apos; to command name &apos;findElement&apos;
[debug] &amp;#27;[35m[WD Proxy]&amp;#27;[39m Proxying [POST /element] to [POST http://127.0.0.1:8228/wd/hub/session/95165d5b-2b46-4537-942f-2e9e341d5032/element] with body: {&quot;strategy&quot;:&quot;id&quot;,&quot;selector&quot;:&quot;com.samsung.android.calendar:id/repeat_duration_option_end_count&quot;,&quot;context&quot;:&quot;&quot;,&quot;multiple&quot;:false}
[debug] &amp;#27;[35m[WD Proxy]&amp;#27;[39m Got response with status 200: {&quot;sessionId&quot;:&quot;95165d5b-2b46-4537-942f-2e9e341d5032&quot;,&quot;value&quot;:{&quot;ELEMENT&quot;:&quot;8a82a865-4b55-487e-b2a2-fa3433392d00&quot;,&quot;element-6066-11e4-a52e-4f735466cecf&quot;:&quot;8a82a865-4b55-487e-b2a2-fa3433392d00&quot;}}
[debug] &amp;#27;[35m[W3C (fd1d169e)]&amp;#27;[39m Responding to client with driver.findElement() result: {&quot;element-6066-11e4-a52e-4f735466cecf&quot;:&quot;8a82a865-4b55-487e-b2a2-fa3433392d00&quot;,&quot;ELEMENT&quot;:&quot;8a82a865-4b55-487e-b2a2-fa3433392d00&quot;}
&amp;#27;[35m[HTTP]&amp;#27;[39m &amp;#27;[37m&lt;-- POST /wd/hub/session/fd1d169e-7db2-4dfd-ba2a-e05fd060e6e4/element &amp;#27;[39m&amp;#27;[32m200&amp;#27;[39m &amp;#27;[90m226 ms - 137&amp;#27;[39m
&amp;#27;[35m[HTTP]&amp;#27;[39m &amp;#27;[90m&amp;#27;[39m
&amp;#27;[35m[HTTP]&amp;#27;[39m &amp;#27;[37m--&gt;&amp;#27;[39m &amp;#27;[37mPOST&amp;#27;[39m &amp;#27;[37m/wd/hub/session/fd1d169e-7db2-4dfd-ba2a-e05fd060e6e4/element/8a82a865-4b55-487e-b2a2-fa3433392d00/click&amp;#27;[39m
&amp;#27;[35m[HTTP]&amp;#27;[39m &amp;#27;[90m{&quot;id&quot;:&quot;8a82a865-4b55-487e-b2a2-fa3433392d00&quot;}&amp;#27;[39m
[debug] &amp;#27;[35m[W3C (fd1d169e)]&amp;#27;[39m Calling AppiumDriver.click() with args: [&quot;8a82a865-4b55-487e-b2a2-fa3433392d00&quot;,&quot;fd1d169e-7db2-4dfd-ba2a-e05fd060e6e4&quot;]
[debug] &amp;#27;[35m[WD Proxy]&amp;#27;[39m Matched &apos;/element/8a82a865-4b55-487e-b2a2-fa3433392d00/click&apos; to command name &apos;click&apos;
[debug] &amp;#27;[35m[WD Proxy]&amp;#27;[39m Proxying [POST /element/8a82a865-4b55-487e-b2a2-fa3433392d00/click] to [POST http://127.0.0.1:8228/wd/hub/session/95165d5b-2b46-4537-942f-2e9e341d5032/element/8a82a865-4b55-487e-b2a2-fa3433392d00/click] with body: {&quot;element&quot;:&quot;8a82a865-4b55-487e-b2a2-fa3433392d00&quot;}
[debug] &amp;#27;[35m[WD Proxy]&amp;#27;[39m Got response with status 200: {&quot;sessionId&quot;:&quot;95165d5b-2b46-4537-942f-2e9e341d5032&quot;,&quot;value&quot;:null}
[debug] &amp;#27;[35m[W3C (fd1d169e)]&amp;#27;[39m Responding to client with driver.click() result: null
&amp;#27;[35m[HTTP]&amp;#27;[39m &amp;#27;[37m&lt;-- POST /wd/hub/session/fd1d169e-7db2-4dfd-ba2a-e05fd060e6e4/element/8a82a865-4b55-487e-b2a2-fa3433392d00/click &amp;#27;[39m&amp;#27;[32m200&amp;#27;[39m &amp;#27;[90m457 ms - 14&amp;#27;[39m
&amp;#27;[35m[HTTP]&amp;#27;[39m &amp;#27;[90m&amp;#27;[39m
&amp;#27;[35m[HTTP]&amp;#27;[39m &amp;#27;[37m--&gt;&amp;#27;[39m &amp;#27;[37mGET&amp;#27;[39m &amp;#27;[37m/wd/hub/session/fd1d169e-7db2-4dfd-ba2a-e05fd060e6e4/context&amp;#27;[39m
&amp;#27;[35m[HTTP]&amp;#27;[39m &amp;#27;[90m{}&amp;#27;[39m
[debug] &amp;#27;[35m[W3C (fd1d169e)]&amp;#27;[39m Calling AppiumDriver.getCurrentContext() with args: [&quot;fd1d169e-7db2-4dfd-ba2a-e05fd060e6e4&quot;]
[debug] &amp;#27;[35m[W3C (fd1d169e)]&amp;#27;[39m Responding to client with driver.getCurrentContext() result: &quot;NATIVE_APP&quot;
&amp;#27;[35m[HTTP]&amp;#27;[39m &amp;#27;[37m&lt;-- GET /wd/hub/session/fd1d169e-7db2-4dfd-ba2a-e05fd060e6e4/context &amp;#27;[39m&amp;#27;[32m200&amp;#27;[39m &amp;#27;[90m5 ms - 22&amp;#27;[39m
&amp;#27;[35m[HTTP]&amp;#27;[39m &amp;#27;[90m&amp;#27;[39m
&amp;#27;[35m[HTTP]&amp;#27;[39m &amp;#27;[37m--&gt;&amp;#27;[39m &amp;#27;[37mPOST&amp;#27;[39m &amp;#27;[37m/wd/hub/session/fd1d169e-7db2-4dfd-ba2a-e05fd060e6e4/element&amp;#27;[39m
&amp;#27;[35m[HTTP]&amp;#27;[39m &amp;#27;[90m{&quot;using&quot;:&quot;id&quot;,&quot;value&quot;:&quot;com.samsung.android.calendar:id/repeat_duration_end_count_text&quot;}&amp;#27;[39m
[debug] &amp;#27;[35m[W3C (fd1d169e)]&amp;#27;[39m Calling AppiumDriver.findElement() with args: [&quot;id&quot;,&quot;com.samsung.android.calendar:id/repeat_duration_end_count_text&quot;,&quot;fd1d169e-7db2-4dfd-ba2a-e05fd060e6e4&quot;]
[debug] &amp;#27;[35m[BaseDriver]&amp;#27;[39m Valid locator strategies for this request: xpath, id, class name, accessibility id, -android uiautomator
[debug] &amp;#27;[35m[BaseDriver]&amp;#27;[39m Waiting up to 10000 ms for condition
[debug] &amp;#27;[35m[WD Proxy]&amp;#27;[39m Matched &apos;/element&apos; to command name &apos;findElement&apos;
[debug] &amp;#27;[35m[WD Proxy]&amp;#27;[39m Proxying [POST /element] to [POST http://127.0.0.1:8228/wd/hub/session/95165d5b-2b46-4537-942f-2e9e341d5032/element] with body: {&quot;strategy&quot;:&quot;id&quot;,&quot;selector&quot;:&quot;com.samsung.android.calendar:id/repeat_duration_end_count_text&quot;,&quot;context&quot;:&quot;&quot;,&quot;multiple&quot;:false}
[debug] &amp;#27;[35m[WD Proxy]&amp;#27;[39m Got response with status 200: {&quot;sessionId&quot;:&quot;95165d5b-2b46-4537-942f-2e9e341d5032&quot;,&quot;value&quot;:{&quot;ELEMENT&quot;:&quot;668f6e13-0f69-4e47-970b-0879fd3e7bc6&quot;,&quot;element-6066-11e4-a52e-4f735466cecf&quot;:&quot;668f6e13-0f69-4e47-970b-0879fd3e7bc6&quot;}}
[debug] &amp;#27;[35m[W3C (fd1d169e)]&amp;#27;[39m Responding to client with driver.findElement() result: {&quot;element-6066-11e4-a52e-4f735466cecf&quot;:&quot;668f6e13-0f69-4e47-970b-0879fd3e7bc6&quot;,&quot;ELEMENT&quot;:&quot;668f6e13-0f69-4e47-970b-0879fd3e7bc6&quot;}
&amp;#27;[35m[HTTP]&amp;#27;[39m &amp;#27;[37m&lt;-- POST /wd/hub/session/fd1d169e-7db2-4dfd-ba2a-e05fd060e6e4/element &amp;#27;[39m&amp;#27;[32m200&amp;#27;[39m &amp;#27;[90m855 ms - 137&amp;#27;[39m
&amp;#27;[35m[HTTP]&amp;#27;[39m &amp;#27;[90m&amp;#27;[39m
&amp;#27;[35m[HTTP]&amp;#27;[39m &amp;#27;[37m--&gt;&amp;#27;[39m &amp;#27;[37mPOST&amp;#27;[39m &amp;#27;[37m/wd/hub/session/fd1d169e-7db2-4dfd-ba2a-e05fd060e6e4/element/668f6e13-0f69-4e47-970b-0879fd3e7bc6/clear&amp;#27;[39m
&amp;#27;[35m[HTTP]&amp;#27;[39m &amp;#27;[90m{&quot;id&quot;:&quot;668f6e13-0f69-4e47-970b-0879fd3e7bc6&quot;}&amp;#27;[39m
[debug] &amp;#27;[35m[W3C (fd1d169e)]&amp;#27;[39m Calling AppiumDriver.clear() with args: [&quot;668f6e13-0f69-4e47-970b-0879fd3e7bc6&quot;,&quot;fd1d169e-7db2-4dfd-ba2a-e05fd060e6e4&quot;]
[debug] &amp;#27;[35m[WD Proxy]&amp;#27;[39m Matched &apos;/element/668f6e13-0f69-4e47-970b-0879fd3e7bc6/clear&apos; to command name &apos;clear&apos;
[debug] &amp;#27;[35m[WD Proxy]&amp;#27;[39m Proxying [POST /element/668f6e13-0f69-4e47-970b-0879fd3e7bc6/clear] to [POST http://127.0.0.1:8228/wd/hub/session/95165d5b-2b46-4537-942f-2e9e341d5032/element/668f6e13-0f69-4e47-970b-0879fd3e7bc6/clear] with body: {&quot;elementId&quot;:&quot;668f6e13-0f69-4e47-970b-0879fd3e7bc6&quot;}
[debug] &amp;#27;[35m[WD Proxy]&amp;#27;[39m Got response with status 200: {&quot;sessionId&quot;:&quot;95165d5b-2b46-4537-942f-2e9e341d5032&quot;,&quot;value&quot;:null}
[debug] &amp;#27;[35m[W3C (fd1d169e)]&amp;#27;[39m Responding to client with driver.clear() result: null
&amp;#27;[35m[HTTP]&amp;#27;[39m &amp;#27;[37m&lt;-- POST /wd/hub/session/fd1d169e-7db2-4dfd-ba2a-e05fd060e6e4/element/668f6e13-0f69-4e47-970b-0879fd3e7bc6/clear &amp;#27;[39m&amp;#27;[32m200&amp;#27;[39m &amp;#27;[90m134 ms - 14&amp;#27;[39m
&amp;#27;[35m[HTTP]&amp;#27;[39m &amp;#27;[90m&amp;#27;[39m
&amp;#27;[35m[HTTP]&amp;#27;[39m &amp;#27;[37m--&gt;&amp;#27;[39m &amp;#27;[37mGET&amp;#27;[39m &amp;#27;[37m/wd/hub/session/fd1d169e-7db2-4dfd-ba2a-e05fd060e6e4/context&amp;#27;[39m
&amp;#27;[35m[HTTP]&amp;#27;[39m &amp;#27;[90m{}&amp;#27;[39m
[debug] &amp;#27;[35m[W3C (fd1d169e)]&amp;#27;[39m Calling AppiumDriver.getCurrentContext() with args: [&quot;fd1d169e-7db2-4dfd-ba2a-e05fd060e6e4&quot;]
[debug] &amp;#27;[35m[W3C (fd1d169e)]&amp;#27;[39m Responding to client with driver.getCurrentContext() result: &quot;NATIVE_APP&quot;
&amp;#27;[35m[HTTP]&amp;#27;[39m &amp;#27;[37m&lt;-- GET /wd/hub/session/fd1d169e-7db2-4dfd-ba2a-e05fd060e6e4/context &amp;#27;[39m&amp;#27;[32m200&amp;#27;[39m &amp;#27;[90m5 ms - 22&amp;#27;[39m
&amp;#27;[35m[HTTP]&amp;#27;[39m &amp;#27;[90m&amp;#27;[39m
&amp;#27;[35m[HTTP]&amp;#27;[39m &amp;#27;[37m--&gt;&amp;#27;[39m &amp;#27;[37mPOST&amp;#27;[39m &amp;#27;[37m/wd/hub/session/fd1d169e-7db2-4dfd-ba2a-e05fd060e6e4/element&amp;#27;[39m
&amp;#27;[35m[HTTP]&amp;#27;[39m &amp;#27;[90m{&quot;using&quot;:&quot;id&quot;,&quot;value&quot;:&quot;com.samsung.android.calendar:id/repeat_duration_end_count_text&quot;}&amp;#27;[39m
[debug] &amp;#27;[35m[W3C (fd1d169e)]&amp;#27;[39m Calling AppiumDriver.findElement() with args: [&quot;id&quot;,&quot;com.samsung.android.calendar:id/repeat_duration_end_count_text&quot;,&quot;fd1d169e-7db2-4dfd-ba2a-e05fd060e6e4&quot;]
[debug] &amp;#27;[35m[BaseDriver]&amp;#27;[39m Valid locator strategies for this request: xpath, id, class name, accessibility id, -android uiautomator
[debug] &amp;#27;[35m[BaseDriver]&amp;#27;[39m Waiting up to 10000 ms for condition
[debug] &amp;#27;[35m[WD Proxy]&amp;#27;[39m Matched &apos;/element&apos; to command name &apos;findElement&apos;
[debug] &amp;#27;[35m[WD Proxy]&amp;#27;[39m Proxying [POST /element] to [POST http://127.0.0.1:8228/wd/hub/session/95165d5b-2b46-4537-942f-2e9e341d5032/element] with body: {&quot;strategy&quot;:&quot;id&quot;,&quot;selector&quot;:&quot;com.samsung.android.calendar:id/repeat_duration_end_count_text&quot;,&quot;context&quot;:&quot;&quot;,&quot;multiple&quot;:false}
[debug] &amp;#27;[35m[WD Proxy]&amp;#27;[39m Got response with status 200: {&quot;sessionId&quot;:&quot;95165d5b-2b46-4537-942f-2e9e341d5032&quot;,&quot;value&quot;:{&quot;ELEMENT&quot;:&quot;9ddb6544-818c-4734-8704-261bdbb69423&quot;,&quot;element-6066-11e4-a52e-4f735466cecf&quot;:&quot;9ddb6544-818c-4734-8704-261bdbb69423&quot;}}
[debug] &amp;#27;[35m[W3C (fd1d169e)]&amp;#27;[39m Responding to client with driver.findElement() result: {&quot;element-6066-11e4-a52e-4f735466cecf&quot;:&quot;9ddb6544-818c-4734-8704-261bdbb69423&quot;,&quot;ELEMENT&quot;:&quot;9ddb6544-818c-4734-8704-261bdbb69423&quot;}
&amp;#27;[35m[HTTP]&amp;#27;[39m &amp;#27;[37m&lt;-- POST /wd/hub/session/fd1d169e-7db2-4dfd-ba2a-e05fd060e6e4/element &amp;#27;[39m&amp;#27;[32m200&amp;#27;[39m &amp;#27;[90m579 ms - 137&amp;#27;[39m
&amp;#27;[35m[HTTP]&amp;#27;[39m &amp;#27;[90m&amp;#27;[39m
&amp;#27;[35m[HTTP]&amp;#27;[39m &amp;#27;[37m--&gt;&amp;#27;[39m &amp;#27;[37mPOST&amp;#27;[39m &amp;#27;[37m/wd/hub/session/fd1d169e-7db2-4dfd-ba2a-e05fd060e6e4/element/9ddb6544-818c-4734-8704-261bdbb69423/value&amp;#27;[39m
&amp;#27;[35m[HTTP]&amp;#27;[39m &amp;#27;[90m{&quot;id&quot;:&quot;9ddb6544-818c-4734-8704-261bdbb69423&quot;,&quot;text&quot;:&quot;10&quot;,&quot;value&quot;:[&quot;1&quot;,&quot;0&quot;]}&amp;#27;[39m
[debug] &amp;#27;[35m[W3C (fd1d169e)]&amp;#27;[39m Calling AppiumDriver.setValue() with args: [[&quot;1&quot;,&quot;0&quot;],&quot;9ddb6544-818c-4734-8704-261bdbb69423&quot;,&quot;fd1d169e-7db2-4dfd-ba2a-e05fd060e6e4&quot;]
[debug] &amp;#27;[35m[WD Proxy]&amp;#27;[39m Matched &apos;/element/9ddb6544-818c-4734-8704-261bdbb69423/value&apos; to command name &apos;setValue&apos;
[debug] &amp;#27;[35m[Protocol Converter]&amp;#27;[39m Added &apos;value&apos; property [&quot;1&quot;,&quot;0&quot;] to &apos;setValue&apos; request body
[debug] &amp;#27;[35m[WD Proxy]&amp;#27;[39m Proxying [POST /element/9ddb6544-818c-4734-8704-261bdbb69423/value] to [POST http://127.0.0.1:8228/wd/hub/session/95165d5b-2b46-4537-942f-2e9e341d5032/element/9ddb6544-818c-4734-8704-261bdbb69423/value] with body: {&quot;elementId&quot;:&quot;9ddb6544-818c-4734-8704-261bdbb69423&quot;,&quot;text&quot;:&quot;10&quot;,&quot;replace&quot;:false,&quot;value&quot;:[&quot;1&quot;,&quot;0&quot;]}
[debug] &amp;#27;[35m[WD Proxy]&amp;#27;[39m Got response with status 200: {&quot;sessionId&quot;:&quot;95165d5b-2b46-4537-942f-2e9e341d5032&quot;,&quot;value&quot;:null}
[debug] &amp;#27;[35m[W3C (fd1d169e)]&amp;#27;[39m Responding to client with driver.setValue() result: null
&amp;#27;[35m[HTTP]&amp;#27;[39m &amp;#27;[37m&lt;-- POST /wd/hub/session/fd1d169e-7db2-4dfd-ba2a-e05fd060e6e4/element/9ddb6544-818c-4734-8704-261bdbb69423/value &amp;#27;[39m&amp;#27;[32m200&amp;#27;[39m &amp;#27;[90m67 ms - 14&amp;#27;[39m
&amp;#27;[35m[HTTP]&amp;#27;[39m &amp;#27;[90m&amp;#27;[39m
&amp;#27;[35m[HTTP]&amp;#27;[39m &amp;#27;[37m--&gt;&amp;#27;[39m &amp;#27;[37mPOST&amp;#27;[39m &amp;#27;[37m/wd/hub/session/fd1d169e-7db2-4dfd-ba2a-e05fd060e6e4/appium/device/press_keycode&amp;#27;[39m
&amp;#27;[35m[HTTP]&amp;#27;[39m &amp;#27;[90m{&quot;keycode&quot;:66}&amp;#27;[39m
[debug] &amp;#27;[35m[W3C (fd1d169e)]&amp;#27;[39m Calling AppiumDriver.pressKeyCode() with args: [66,null,null,null,null,&quot;fd1d169e-7db2-4dfd-ba2a-e05fd060e6e4&quot;]
[debug] &amp;#27;[35m[WD Proxy]&amp;#27;[39m Matched &apos;/appium/device/press_keycode&apos; to command name &apos;pressKeyCode&apos;
[debug] &amp;#27;[35m[WD Proxy]&amp;#27;[39m Proxying [POST /appium/device/press_keycode] to [POST http://127.0.0.1:8228/wd/hub/session/95165d5b-2b46-4537-942f-2e9e341d5032/appium/device/press_keycode] with body: {&quot;keycode&quot;:66,&quot;metastate&quot;:null,&quot;flags&quot;:null}
[debug] &amp;#27;[35m[WD Proxy]&amp;#27;[39m Got response with status 200: {&quot;sessionId&quot;:&quot;95165d5b-2b46-4537-942f-2e9e341d5032&quot;,&quot;value&quot;:null}
[debug] &amp;#27;[35m[W3C (fd1d169e)]&amp;#27;[39m Responding to client with driver.pressKeyCode() result: null
&amp;#27;[35m[HTTP]&amp;#27;[39m &amp;#27;[37m&lt;-- POST /wd/hub/session/fd1d169e-7db2-4dfd-ba2a-e05fd060e6e4/appium/device/press_keycode &amp;#27;[39m&amp;#27;[32m200&amp;#27;[39m &amp;#27;[90m636 ms - 14&amp;#27;[39m
&amp;#27;[35m[HTTP]&amp;#27;[39m &amp;#27;[90m&amp;#27;[39m
&amp;#27;[35m[HTTP]&amp;#27;[39m &amp;#27;[37m--&gt;&amp;#27;[39m &amp;#27;[37mPOST&amp;#27;[39m &amp;#27;[37m/wd/hub/session/fd1d169e-7db2-4dfd-ba2a-e05fd060e6e4/appium/device/press_keycode&amp;#27;[39m
&amp;#27;[35m[HTTP]&amp;#27;[39m &amp;#27;[90m{&quot;keycode&quot;:4}&amp;#27;[39m
[debug] &amp;#27;[35m[W3C (fd1d169e)]&amp;#27;[39m Calling AppiumDriver.pressKeyCode() with args: [4,null,null,null,null,&quot;fd1d169e-7db2-4dfd-ba2a-e05fd060e6e4&quot;]
[debug] &amp;#27;[35m[WD Proxy]&amp;#27;[39m Matched &apos;/appium/device/press_keycode&apos; to command name &apos;pressKeyCode&apos;
[debug] &amp;#27;[35m[WD Proxy]&amp;#27;[39m Proxying [POST /appium/device/press_keycode] to [POST http://127.0.0.1:8228/wd/hub/session/95165d5b-2b46-4537-942f-2e9e341d5032/appium/device/press_keycode] with body: {&quot;keycode&quot;:4,&quot;metastate&quot;:null,&quot;flags&quot;:null}
[debug] &amp;#27;[35m[WD Proxy]&amp;#27;[39m Got response with status 200: {&quot;sessionId&quot;:&quot;95165d5b-2b46-4537-942f-2e9e341d5032&quot;,&quot;value&quot;:null}
[debug] &amp;#27;[35m[W3C (fd1d169e)]&amp;#27;[39m Responding to client with driver.pressKeyCode() result: null
&amp;#27;[35m[HTTP]&amp;#27;[39m &amp;#27;[37m&lt;-- POST /wd/hub/session/fd1d169e-7db2-4dfd-ba2a-e05fd060e6e4/appium/device/press_keycode &amp;#27;[39m&amp;#27;[32m200&amp;#27;[39m &amp;#27;[90m72 ms - 14&amp;#27;[39m
&amp;#27;[35m[HTTP]&amp;#27;[39m &amp;#27;[90m&amp;#27;[39m
&amp;#27;[35m[HTTP]&amp;#27;[39m &amp;#27;[37m--&gt;&amp;#27;[39m &amp;#27;[37mPOST&amp;#27;[39m &amp;#27;[37m/wd/hub/session/fd1d169e-7db2-4dfd-ba2a-e05fd060e6e4/appium/device/press_keycode&amp;#27;[39m
&amp;#27;[35m[HTTP]&amp;#27;[39m &amp;#27;[90m{&quot;keycode&quot;:4}&amp;#27;[39m
[debug] &amp;#27;[35m[W3C (fd1d169e)]&amp;#27;[39m Calling AppiumDriver.pressKeyCode() with args: [4,null,null,null,null,&quot;fd1d169e-7db2-4dfd-ba2a-e05fd060e6e4&quot;]
[debug] &amp;#27;[35m[WD Proxy]&amp;#27;[39m Matched &apos;/appium/device/press_keycode&apos; to command name &apos;pressKeyCode&apos;
[debug] &amp;#27;[35m[WD Proxy]&amp;#27;[39m Proxying [POST /appium/device/press_keycode] to [POST http://127.0.0.1:8228/wd/hub/session/95165d5b-2b46-4537-942f-2e9e341d5032/appium/device/press_keycode] with body: {&quot;keycode&quot;:4,&quot;metastate&quot;:null,&quot;flags&quot;:null}
[debug] &amp;#27;[35m[WD Proxy]&amp;#27;[39m Got response with status 200: {&quot;sessionId&quot;:&quot;95165d5b-2b46-4537-942f-2e9e341d5032&quot;,&quot;value&quot;:null}
[debug] &amp;#27;[35m[W3C (fd1d169e)]&amp;#27;[39m Responding to client with driver.pressKeyCode() result: null
&amp;#27;[35m[HTTP]&amp;#27;[39m &amp;#27;[37m&lt;-- POST /wd/hub/session/fd1d169e-7db2-4dfd-ba2a-e05fd060e6e4/appium/device/press_keycode &amp;#27;[39m&amp;#27;[32m200&amp;#27;[39m &amp;#27;[90m761 ms - 14&amp;#27;[39m
&amp;#27;[35m[HTTP]&amp;#27;[39m &amp;#27;[90m&amp;#27;[39m
&amp;#27;[35m[HTTP]&amp;#27;[39m &amp;#27;[37m--&gt;&amp;#27;[39m &amp;#27;[37mPOST&amp;#27;[39m &amp;#27;[37m/wd/hub/session/fd1d169e-7db2-4dfd-ba2a-e05fd060e6e4/element&amp;#27;[39m
&amp;#27;[35m[HTTP]&amp;#27;[39m &amp;#27;[90m{&quot;using&quot;:&quot;-android uiautomator&quot;,&quot;value&quot;:&quot;new UiScrollable(new UiSelector()).scrollIntoView(new UiSelector().text(\&quot;Title\&quot;));&quot;}&amp;#27;[39m
[debug] &amp;#27;[35m[W3C (fd1d169e)]&amp;#27;[39m Calling AppiumDriver.findElement() with args: [&quot;-android uiautomator&quot;,&quot;new UiScrollable(new UiSelector()).scrollIntoView(new UiSelector().text(\&quot;Title\&quot;));&quot;,&quot;fd1d169e-7db2-4dfd-ba2a-e05fd060e6e4&quot;]
[debug] &amp;#27;[35m[BaseDriver]&amp;#27;[39m Valid locator strategies for this request: xpath, id, class name, accessibility id, -android uiautomator
[debug] &amp;#27;[35m[BaseDriver]&amp;#27;[39m Waiting up to 10000 ms for condition
[debug] &amp;#27;[35m[WD Proxy]&amp;#27;[39m Matched &apos;/element&apos; to command name &apos;findElement&apos;
[debug] &amp;#27;[35m[WD Proxy]&amp;#27;[39m Proxying [POST /element] to [POST http://127.0.0.1:8228/wd/hub/session/95165d5b-2b46-4537-942f-2e9e341d5032/element] with body: {&quot;strategy&quot;:&quot;-android uiautomator&quot;,&quot;selector&quot;:&quot;new UiScrollable(new UiSelector()).scrollIntoView(new UiSelector().text(\&quot;Title\&quot;));&quot;,&quot;context&quot;:&quot;&quot;,&quot;multiple&quot;:false}
[debug] &amp;#27;[35m[WD Proxy]&amp;#27;[39m Got response with status 200: {&quot;sessionId&quot;:&quot;95165d5b-2b46-4537-942f-2e9e341d5032&quot;,&quot;value&quot;:{&quot;ELEMENT&quot;:&quot;f29018e8-632f-4a13-9b28-90ba99861794&quot;,&quot;element-6066-11e4-a52e-4f735466cecf&quot;:&quot;f29018e8-632f-4a13-9b28-90ba99861794&quot;}}
[debug] &amp;#27;[35m[W3C (fd1d169e)]&amp;#27;[39m Responding to client with driver.findElement() result: {&quot;element-6066-11e4-a52e-4f735466cecf&quot;:&quot;f29018e8-632f-4a13-9b28-90ba99861794&quot;,&quot;ELEMENT&quot;:&quot;f29018e8-632f-4a13-9b28-90ba99861794&quot;}
&amp;#27;[35m[HTTP]&amp;#27;[39m &amp;#27;[37m&lt;-- POST /wd/hub/session/fd1d169e-7db2-4dfd-ba2a-e05fd060e6e4/element &amp;#27;[39m&amp;#27;[32m200&amp;#27;[39m &amp;#27;[90m1963 ms - 137&amp;#27;[39m
&amp;#27;[35m[HTTP]&amp;#27;[39m &amp;#27;[90m&amp;#27;[39m
&amp;#27;[35m[HTTP]&amp;#27;[39m &amp;#27;[37m--&gt;&amp;#27;[39m &amp;#27;[37mGET&amp;#27;[39m &amp;#27;[37m/wd/hub/session/fd1d169e-7db2-4dfd-ba2a-e05fd060e6e4/context&amp;#27;[39m
&amp;#27;[35m[HTTP]&amp;#27;[39m &amp;#27;[90m{}&amp;#27;[39m
[debug] &amp;#27;[35m[W3C (fd1d169e)]&amp;#27;[39m Calling AppiumDriver.getCurrentContext() with args: [&quot;fd1d169e-7db2-4dfd-ba2a-e05fd060e6e4&quot;]
[debug] &amp;#27;[35m[W3C (fd1d169e)]&amp;#27;[39m Responding to client with driver.getCurrentContext() result: &quot;NATIVE_APP&quot;
&amp;#27;[35m[HTTP]&amp;#27;[39m &amp;#27;[37m&lt;-- GET /wd/hub/session/fd1d169e-7db2-4dfd-ba2a-e05fd060e6e4/context &amp;#27;[39m&amp;#27;[32m200&amp;#27;[39m &amp;#27;[90m5 ms - 22&amp;#27;[39m
&amp;#27;[35m[HTTP]&amp;#27;[39m &amp;#27;[90m&amp;#27;[39m
&amp;#27;[35m[HTTP]&amp;#27;[39m &amp;#27;[37m--&gt;&amp;#27;[39m &amp;#27;[37mPOST&amp;#27;[39m &amp;#27;[37m/wd/hub/session/fd1d169e-7db2-4dfd-ba2a-e05fd060e6e4/element&amp;#27;[39m
&amp;#27;[35m[HTTP]&amp;#27;[39m &amp;#27;[90m{&quot;using&quot;:&quot;id&quot;,&quot;value&quot;:&quot;com.samsung.android.calendar:id/title&quot;}&amp;#27;[39m
[debug] &amp;#27;[35m[W3C (fd1d169e)]&amp;#27;[39m Calling AppiumDriver.findElement() with args: [&quot;id&quot;,&quot;com.samsung.android.calendar:id/title&quot;,&quot;fd1d169e-7db2-4dfd-ba2a-e05fd060e6e4&quot;]
[debug] &amp;#27;[35m[BaseDriver]&amp;#27;[39m Valid locator strategies for this request: xpath, id, class name, accessibility id, -android uiautomator
[debug] &amp;#27;[35m[BaseDriver]&amp;#27;[39m Waiting up to 10000 ms for condition
[debug] &amp;#27;[35m[WD Proxy]&amp;#27;[39m Matched &apos;/element&apos; to command name &apos;findElement&apos;
[debug] &amp;#27;[35m[WD Proxy]&amp;#27;[39m Proxying [POST /element] to [POST http://127.0.0.1:8228/wd/hub/session/95165d5b-2b46-4537-942f-2e9e341d5032/element] with body: {&quot;strategy&quot;:&quot;id&quot;,&quot;selector&quot;:&quot;com.samsung.android.calendar:id/title&quot;,&quot;context&quot;:&quot;&quot;,&quot;multiple&quot;:false}
[debug] &amp;#27;[35m[WD Proxy]&amp;#27;[39m Got response with status 200: {&quot;sessionId&quot;:&quot;95165d5b-2b46-4537-942f-2e9e341d5032&quot;,&quot;value&quot;:{&quot;ELEMENT&quot;:&quot;34f932fa-7c16-4767-9bb4-eb601067852c&quot;,&quot;element-6066-11e4-a52e-4f735466cecf&quot;:&quot;34f932fa-7c16-4767-9bb4-eb601067852c&quot;}}
[debug] &amp;#27;[35m[W3C (fd1d169e)]&amp;#27;[39m Responding to client with driver.findElement() result: {&quot;element-6066-11e4-a52e-4f735466cecf&quot;:&quot;34f932fa-7c16-4767-9bb4-eb601067852c&quot;,&quot;ELEMENT&quot;:&quot;34f932fa-7c16-4767-9bb4-eb601067852c&quot;}
&amp;#27;[35m[HTTP]&amp;#27;[39m &amp;#27;[37m&lt;-- POST /wd/hub/session/fd1d169e-7db2-4dfd-ba2a-e05fd060e6e4/element &amp;#27;[39m&amp;#27;[32m200&amp;#27;[39m &amp;#27;[90m69 ms - 137&amp;#27;[39m
&amp;#27;[35m[HTTP]&amp;#27;[39m &amp;#27;[90m&amp;#27;[39m
&amp;#27;[35m[HTTP]&amp;#27;[39m &amp;#27;[37m--&gt;&amp;#27;[39m &amp;#27;[37mPOST&amp;#27;[39m &amp;#27;[37m/wd/hub/session/fd1d169e-7db2-4dfd-ba2a-e05fd060e6e4/element/34f932fa-7c16-4767-9bb4-eb601067852c/value&amp;#27;[39m
&amp;#27;[35m[HTTP]&amp;#27;[39m &amp;#27;[90m{&quot;id&quot;:&quot;34f932fa-7c16-4767-9bb4-eb601067852c&quot;,&quot;text&quot;:&quot;Recurring-Team Catch Up&quot;,&quot;value&quot;:[&quot;R&quot;,&quot;e&quot;,&quot;c&quot;,&quot;u&quot;,&quot;r&quot;,&quot;r&quot;,&quot;i&quot;,&quot;n&quot;,&quot;g&quot;,&quot;-&quot;,&quot;T&quot;,&quot;e&quot;,&quot;a&quot;,&quot;m&quot;,&quot; &quot;,&quot;C&quot;,&quot;a&quot;,&quot;t&quot;,&quot;c&quot;,&quot;h&quot;,&quot; &quot;,&quot;U&quot;,&quot;p&quot;]}&amp;#27;[39m
[debug] &amp;#27;[35m[W3C (fd1d169e)]&amp;#27;[39m Calling AppiumDriver.setValue() with args: [[&quot;R&quot;,&quot;e&quot;,&quot;c&quot;,&quot;u&quot;,&quot;r&quot;,&quot;r&quot;,&quot;i&quot;,&quot;n&quot;,&quot;g&quot;,&quot;-&quot;,&quot;T&quot;,&quot;e&quot;,&quot;a&quot;,&quot;m&quot;,&quot; &quot;,&quot;C&quot;,&quot;a&quot;,&quot;t&quot;,&quot;c&quot;,&quot;h&quot;,&quot; &quot;,&quot;U&quot;,&quot;p&quot;],&quot;34f932fa-7c16-4767-9bb4-eb601067852c&quot;,&quot;fd1d169e-7db2-4dfd-ba2a-e05fd060e6e4&quot;]
[debug] &amp;#27;[35m[WD Proxy]&amp;#27;[39m Matched &apos;/element/34f932fa-7c16-4767-9bb4-eb601067852c/value&apos; to command name &apos;setValue&apos;
[debug] &amp;#27;[35m[Protocol Converter]&amp;#27;[39m Added &apos;value&apos; property [&quot;R&quot;,&quot;e&quot;,&quot;c&quot;,&quot;u&quot;,&quot;r&quot;,&quot;r&quot;,&quot;i&quot;,&quot;n&quot;,&quot;g&quot;,&quot;-&quot;,&quot;T&quot;,&quot;e&quot;,&quot;a&quot;,&quot;m&quot;,&quot; &quot;,&quot;C&quot;,&quot;a&quot;,&quot;t&quot;,&quot;c&quot;,&quot;h&quot;,&quot; &quot;,&quot;U&quot;,&quot;p&quot;] to &apos;setValue&apos; request body
[debug] &amp;#27;[35m[WD Proxy]&amp;#27;[39m Proxying [POST /element/34f932fa-7c16-4767-9bb4-eb601067852c/value] to [POST http://127.0.0.1:8228/wd/hub/session/95165d5b-2b46-4537-942f-2e9e341d5032/element/34f932fa-7c16-4767-9bb4-eb601067852c/value] with body: {&quot;elementId&quot;:&quot;34f932fa-7c16-4767-9bb4-eb601067852c&quot;,&quot;text&quot;:&quot;Recurring-Team Catch Up&quot;,&quot;replace&quot;:false,&quot;value&quot;:[&quot;R&quot;,&quot;e&quot;,&quot;c&quot;,&quot;u&quot;,&quot;r&quot;,&quot;r&quot;,&quot;i&quot;,&quot;n&quot;,&quot;g&quot;,&quot;-&quot;,&quot;T&quot;,&quot;e&quot;,&quot;a&quot;,&quot;m&quot;,&quot; &quot;,&quot;C&quot;,&quot;a&quot;,&quot;t&quot;,&quot;c&quot;,&quot;h&quot;,&quot; &quot;,&quot;U&quot;,&quot;p&quot;]}
[debug] &amp;#27;[35m[WD Proxy]&amp;#27;[39m Got response with status 200: {&quot;sessionId&quot;:&quot;95165d5b-2b46-4537-942f-2e9e341d5032&quot;,&quot;value&quot;:null}
[debug] &amp;#27;[35m[W3C (fd1d169e)]&amp;#27;[39m Responding to client with driver.setValue() result: null
&amp;#27;[35m[HTTP]&amp;#27;[39m &amp;#27;[37m&lt;-- POST /wd/hub/session/fd1d169e-7db2-4dfd-ba2a-e05fd060e6e4/element/34f932fa-7c16-4767-9bb4-eb601067852c/value &amp;#27;[39m&amp;#27;[32m200&amp;#27;[39m &amp;#27;[90m687 ms - 14&amp;#27;[39m
&amp;#27;[35m[HTTP]&amp;#27;[39m &amp;#27;[90m&amp;#27;[39m
&amp;#27;[35m[HTTP]&amp;#27;[39m &amp;#27;[37m--&gt;&amp;#27;[39m &amp;#27;[37mGET&amp;#27;[39m &amp;#27;[37m/wd/hub/session/fd1d169e-7db2-4dfd-ba2a-e05fd060e6e4/context&amp;#27;[39m
&amp;#27;[35m[HTTP]&amp;#27;[39m &amp;#27;[90m{}&amp;#27;[39m
[debug] &amp;#27;[35m[W3C (fd1d169e)]&amp;#27;[39m Calling AppiumDriver.getCurrentContext() with args: [&quot;fd1d169e-7db2-4dfd-ba2a-e05fd060e6e4&quot;]
[debug] &amp;#27;[35m[W3C (fd1d169e)]&amp;#27;[39m Responding to client with driver.getCurrentContext() result: &quot;NATIVE_APP&quot;
&amp;#27;[35m[HTTP]&amp;#27;[39m &amp;#27;[37m&lt;-- GET /wd/hub/session/fd1d169e-7db2-4dfd-ba2a-e05fd060e6e4/context &amp;#27;[39m&amp;#27;[32m200&amp;#27;[39m &amp;#27;[90m5 ms - 22&amp;#27;[39m
&amp;#27;[35m[HTTP]&amp;#27;[39m &amp;#27;[90m&amp;#27;[39m
&amp;#27;[35m[HTTP]&amp;#27;[39m &amp;#27;[37m--&gt;&amp;#27;[39m &amp;#27;[37mPOST&amp;#27;[39m &amp;#27;[37m/wd/hub/session/fd1d169e-7db2-4dfd-ba2a-e05fd060e6e4/elements&amp;#27;[39m
&amp;#27;[35m[HTTP]&amp;#27;[39m &amp;#27;[90m{&quot;using&quot;:&quot;class name&quot;,&quot;value&quot;:&quot;android.widget.EditText&quot;}&amp;#27;[39m
[debug] &amp;#27;[35m[W3C (fd1d169e)]&amp;#27;[39m Calling AppiumDriver.findElements() with args: [&quot;class name&quot;,&quot;android.widget.EditText&quot;,&quot;fd1d169e-7db2-4dfd-ba2a-e05fd060e6e4&quot;]
[debug] &amp;#27;[35m[BaseDriver]&amp;#27;[39m Valid locator strategies for this request: xpath, id, class name, accessibility id, -android uiautomator
[debug] &amp;#27;[35m[BaseDriver]&amp;#27;[39m Waiting up to 10000 ms for condition
[debug] &amp;#27;[35m[WD Proxy]&amp;#27;[39m Matched &apos;/elements&apos; to command name &apos;findElements&apos;
[debug] &amp;#27;[35m[WD Proxy]&amp;#27;[39m Proxying [POST /elements] to [POST http://127.0.0.1:8228/wd/hub/session/95165d5b-2b46-4537-942f-2e9e341d5032/elements] with body: {&quot;strategy&quot;:&quot;class name&quot;,&quot;selector&quot;:&quot;android.widget.EditText&quot;,&quot;context&quot;:&quot;&quot;,&quot;multiple&quot;:true}
[debug] &amp;#27;[35m[WD Proxy]&amp;#27;[39m Got response with status 200: {&quot;sessionId&quot;:&quot;95165d5b-2b46-4537-942f-2e9e341d5032&quot;,&quot;value&quot;:[{&quot;ELEMENT&quot;:&quot;5ebcdb57-1353-4fc7-aaa9-d02f3a5a9b79&quot;,&quot;element-6066-11e4-a52e-4f735466cecf&quot;:&quot;5ebcdb57-1353-4fc7-aaa9-d02f3a5a9b79&quot;},{&quot;ELEMENT&quot;:&quot;43957d78-1756-4c35-853f-580fc62f7d13&quot;,&quot;element-6066-11e4-a52e-4f735466cecf&quot;:&quot;43957d78-1756-4c35-853f-580fc62f7d13&quot;},{&quot;ELEMENT&quot;:&quot;054d951a-fe8f-4c4f-a2f9-f982ec72ff35&quot;,&quot;element-6066-11e4-a52e-4f735466cecf&quot;:&quot;054d951a-fe8f-4c4f-a2f9-f982ec72ff35&quot;},{&quot;ELEMENT&quot;:&quot;3067caff-4eac-4486-a49e-cb32f548b5a1&quot;,&quot;element-6066-11e4-a52e-4f735466cecf&quot;:&quot;3067caff-4eac-4486-a49e-cb32f548b5a1&quot;}]}
[debug] &amp;#27;[35m[W3C (fd1d169e)]&amp;#27;[39m Responding to client with driver.findElements() result: [{&quot;element-6066-11e4-a52e-4f735466cecf&quot;:&quot;5ebcdb57-1353-4fc7-aaa9-d02f3a5a9b79&quot;,&quot;ELEMENT&quot;:&quot;5ebcdb57-1353-4fc7-aaa9-d02f3a5a9b79&quot;},{&quot;element-6066-11e4-a52e-4f735466cecf&quot;:&quot;43957d78-1756-4c35-853f-580fc62f7d13&quot;,&quot;ELEMENT&quot;:&quot;43957d78-1756-4c35-853f-580fc62f7d13&quot;},{&quot;element-6066-11e4-a52e-4f735466cecf&quot;:&quot;054d951a-fe8f-4c4f-a2f9-f982ec72ff35&quot;,&quot;ELEMENT&quot;:&quot;054d951a-fe8f-4c4f-a2f9-f982ec72ff35&quot;},{&quot;element-6066-11e4-a52e-4f735466cecf&quot;:&quot;3067caff-4eac-4486-a49e-cb32f548b5a1&quot;,&quot;ELEMENT&quot;:&quot;3067caff-4eac-4486-a49e-cb32f548b5a1&quot;}]
&amp;#27;[35m[HTTP]&amp;#27;[39m &amp;#27;[37m&lt;-- POST /wd/hub/session/fd1d169e-7db2-4dfd-ba2a-e05fd060e6e4/elements &amp;#27;[39m&amp;#27;[32m200&amp;#27;[39m &amp;#27;[90m718 ms - 523&amp;#27;[39m
&amp;#27;[35m[HTTP]&amp;#27;[39m &amp;#27;[90m&amp;#27;[39m
&amp;#27;[35m[HTTP]&amp;#27;[39m &amp;#27;[37m--&gt;&amp;#27;[39m &amp;#27;[37mPOST&amp;#27;[39m &amp;#27;[37m/wd/hub/session/fd1d169e-7db2-4dfd-ba2a-e05fd060e6e4/element/43957d78-1756-4c35-853f-580fc62f7d13/click&amp;#27;[39m
&amp;#27;[35m[HTTP]&amp;#27;[39m &amp;#27;[90m{&quot;id&quot;:&quot;43957d78-1756-4c35-853f-580fc62f7d13&quot;}&amp;#27;[39m
[debug] &amp;#27;[35m[W3C (fd1d169e)]&amp;#27;[39m Calling AppiumDriver.click() with args: [&quot;43957d78-1756-4c35-853f-580fc62f7d13&quot;,&quot;fd1d169e-7db2-4dfd-ba2a-e05fd060e6e4&quot;]
[debug] &amp;#27;[35m[WD Proxy]&amp;#27;[39m Matched &apos;/element/43957d78-1756-4c35-853f-580fc62f7d13/click&apos; to command name &apos;click&apos;
[debug] &amp;#27;[35m[WD Proxy]&amp;#27;[39m Proxying [POST /element/43957d78-1756-4c35-853f-580fc62f7d13/click] to [POST http://127.0.0.1:8228/wd/hub/session/95165d5b-2b46-4537-942f-2e9e341d5032/element/43957d78-1756-4c35-853f-580fc62f7d13/click] with body: {&quot;element&quot;:&quot;43957d78-1756-4c35-853f-580fc62f7d13&quot;}
[debug] &amp;#27;[35m[WD Proxy]&amp;#27;[39m Got response with status 200: {&quot;sessionId&quot;:&quot;95165d5b-2b46-4537-942f-2e9e341d5032&quot;,&quot;value&quot;:null}
[debug] &amp;#27;[35m[W3C (fd1d169e)]&amp;#27;[39m Responding to client with driver.click() result: null
&amp;#27;[35m[HTTP]&amp;#27;[39m &amp;#27;[37m&lt;-- POST /wd/hub/session/fd1d169e-7db2-4dfd-ba2a-e05fd060e6e4/element/43957d78-1756-4c35-853f-580fc62f7d13/click &amp;#27;[39m&amp;#27;[32m200&amp;#27;[39m &amp;#27;[90m884 ms - 14&amp;#27;[39m
&amp;#27;[35m[HTTP]&amp;#27;[39m &amp;#27;[90m&amp;#27;[39m
&amp;#27;[35m[HTTP]&amp;#27;[39m &amp;#27;[37m--&gt;&amp;#27;[39m &amp;#27;[37mGET&amp;#27;[39m &amp;#27;[37m/wd/hub/session/fd1d169e-7db2-4dfd-ba2a-e05fd060e6e4/context&amp;#27;[39m
&amp;#27;[35m[HTTP]&amp;#27;[39m &amp;#27;[90m{}&amp;#27;[39m
[debug] &amp;#27;[35m[W3C (fd1d169e)]&amp;#27;[39m Calling AppiumDriver.getCurrentContext() with args: [&quot;fd1d169e-7db2-4dfd-ba2a-e05fd060e6e4&quot;]
[debug] &amp;#27;[35m[W3C (fd1d169e)]&amp;#27;[39m Responding to client with driver.getCurrentContext() result: &quot;NATIVE_APP&quot;
&amp;#27;[35m[HTTP]&amp;#27;[39m &amp;#27;[37m&lt;-- GET /wd/hub/session/fd1d169e-7db2-4dfd-ba2a-e05fd060e6e4/context &amp;#27;[39m&amp;#27;[32m200&amp;#27;[39m &amp;#27;[90m8 ms - 22&amp;#27;[39m
&amp;#27;[35m[HTTP]&amp;#27;[39m &amp;#27;[90m&amp;#27;[39m
&amp;#27;[35m[HTTP]&amp;#27;[39m &amp;#27;[37m--&gt;&amp;#27;[39m &amp;#27;[37mPOST&amp;#27;[39m &amp;#27;[37m/wd/hub/session/fd1d169e-7db2-4dfd-ba2a-e05fd060e6e4/elements&amp;#27;[39m
&amp;#27;[35m[HTTP]&amp;#27;[39m &amp;#27;[90m{&quot;using&quot;:&quot;class name&quot;,&quot;value&quot;:&quot;android.widget.EditText&quot;}&amp;#27;[39m
[debug] &amp;#27;[35m[W3C (fd1d169e)]&amp;#27;[39m Calling AppiumDriver.findElements() with args: [&quot;class name&quot;,&quot;android.widget.EditText&quot;,&quot;fd1d169e-7db2-4dfd-ba2a-e05fd060e6e4&quot;]
[debug] &amp;#27;[35m[BaseDriver]&amp;#27;[39m Valid locator strategies for this request: xpath, id, class name, accessibility id, -android uiautomator
[debug] &amp;#27;[35m[BaseDriver]&amp;#27;[39m Waiting up to 10000 ms for condition
[debug] &amp;#27;[35m[WD Proxy]&amp;#27;[39m Matched &apos;/elements&apos; to command name &apos;findElements&apos;
[debug] &amp;#27;[35m[WD Proxy]&amp;#27;[39m Proxying [POST /elements] to [POST http://127.0.0.1:8228/wd/hub/session/95165d5b-2b46-4537-942f-2e9e341d5032/elements] with body: {&quot;strategy&quot;:&quot;class name&quot;,&quot;selector&quot;:&quot;android.widget.EditText&quot;,&quot;context&quot;:&quot;&quot;,&quot;multiple&quot;:true}
[debug] &amp;#27;[35m[WD Proxy]&amp;#27;[39m Got response with status 200: {&quot;sessionId&quot;:&quot;95165d5b-2b46-4537-942f-2e9e341d5032&quot;,&quot;value&quot;:[{&quot;ELEMENT&quot;:&quot;18e20391-e3a3-4b7f-9aa4-a2d92c293313&quot;,&quot;element-6066-11e4-a52e-4f735466cecf&quot;:&quot;18e20391-e3a3-4b7f-9aa4-a2d92c293313&quot;},{&quot;ELEMENT&quot;:&quot;8dd70afb-38c6-44df-b17f-46b50e730e47&quot;,&quot;element-6066-11e4-a52e-4f735466cecf&quot;:&quot;8dd70afb-38c6-44df-b17f-46b50e730e47&quot;}]}
[debug] &amp;#27;[35m[W3C (fd1d169e)]&amp;#27;[39m Responding to client with driver.findElements() result: [{&quot;element-6066-11e4-a52e-4f735466cecf&quot;:&quot;18e20391-e3a3-4b7f-9aa4-a2d92c293313&quot;,&quot;ELEMENT&quot;:&quot;18e20391-e3a3-4b7f-9aa4-a2d92c293313&quot;},{&quot;element-6066-11e4-a52e-4f735466cecf&quot;:&quot;8dd70afb-38c6-44df-b17f-46b50e730e47&quot;,&quot;ELEMENT&quot;:&quot;8dd70afb-38c6-44df-b17f-46b50e730e47&quot;}]
&amp;#27;[35m[HTTP]&amp;#27;[39m &amp;#27;[37m&lt;-- POST /wd/hub/session/fd1d169e-7db2-4dfd-ba2a-e05fd060e6e4/elements &amp;#27;[39m&amp;#27;[32m200&amp;#27;[39m &amp;#27;[90m404 ms - 267&amp;#27;[39m
&amp;#27;[35m[HTTP]&amp;#27;[39m &amp;#27;[90m&amp;#27;[39m
&amp;#27;[35m[HTTP]&amp;#27;[39m &amp;#27;[37m--&gt;&amp;#27;[39m &amp;#27;[37mPOST&amp;#27;[39m &amp;#27;[37m/wd/hub/session/fd1d169e-7db2-4dfd-ba2a-e05fd060e6e4/element/18e20391-e3a3-4b7f-9aa4-a2d92c293313/value&amp;#27;[39m
&amp;#27;[35m[HTTP]&amp;#27;[39m &amp;#27;[90m{&quot;id&quot;:&quot;18e20391-e3a3-4b7f-9aa4-a2d92c293313&quot;,&quot;text&quot;:&quot;6&quot;,&quot;value&quot;:[&quot;6&quot;]}&amp;#27;[39m
[debug] &amp;#27;[35m[W3C (fd1d169e)]&amp;#27;[39m Calling AppiumDriver.setValue() with args: [[&quot;6&quot;],&quot;18e20391-e3a3-4b7f-9aa4-a2d92c293313&quot;,&quot;fd1d169e-7db2-4dfd-ba2a-e05fd060e6e4&quot;]
[debug] &amp;#27;[35m[WD Proxy]&amp;#27;[39m Matched &apos;/element/18e20391-e3a3-4b7f-9aa4-a2d92c293313/value&apos; to command name &apos;setValue&apos;
[debug] &amp;#27;[35m[Protocol Converter]&amp;#27;[39m Added &apos;value&apos; property [&quot;6&quot;] to &apos;setValue&apos; request body
[debug] &amp;#27;[35m[WD Proxy]&amp;#27;[39m Proxying [POST /element/18e20391-e3a3-4b7f-9aa4-a2d92c293313/value] to [POST http://127.0.0.1:8228/wd/hub/session/95165d5b-2b46-4537-942f-2e9e341d5032/element/18e20391-e3a3-4b7f-9aa4-a2d92c293313/value] with body: {&quot;elementId&quot;:&quot;18e20391-e3a3-4b7f-9aa4-a2d92c293313&quot;,&quot;text&quot;:&quot;6&quot;,&quot;replace&quot;:false,&quot;value&quot;:[&quot;6&quot;]}
[debug] &amp;#27;[35m[WD Proxy]&amp;#27;[39m Got response with status 200: {&quot;sessionId&quot;:&quot;95165d5b-2b46-4537-942f-2e9e341d5032&quot;,&quot;value&quot;:null}
[debug] &amp;#27;[35m[W3C (fd1d169e)]&amp;#27;[39m Responding to client with driver.setValue() result: null
&amp;#27;[35m[HTTP]&amp;#27;[39m &amp;#27;[37m&lt;-- POST /wd/hub/session/fd1d169e-7db2-4dfd-ba2a-e05fd060e6e4/element/18e20391-e3a3-4b7f-9aa4-a2d92c293313/value &amp;#27;[39m&amp;#27;[32m200&amp;#27;[39m &amp;#27;[90m144 ms - 14&amp;#27;[39m
&amp;#27;[35m[HTTP]&amp;#27;[39m &amp;#27;[90m&amp;#27;[39m
&amp;#27;[35m[HTTP]&amp;#27;[39m &amp;#27;[37m--&gt;&amp;#27;[39m &amp;#27;[37mGET&amp;#27;[39m &amp;#27;[37m/wd/hub/session/fd1d169e-7db2-4dfd-ba2a-e05fd060e6e4/context&amp;#27;[39m
&amp;#27;[35m[HTTP]&amp;#27;[39m &amp;#27;[90m{}&amp;#27;[39m
[debug] &amp;#27;[35m[W3C (fd1d169e)]&amp;#27;[39m Calling AppiumDriver.getCurrentContext() with args: [&quot;fd1d169e-7db2-4dfd-ba2a-e05fd060e6e4&quot;]
[debug] &amp;#27;[35m[W3C (fd1d169e)]&amp;#27;[39m Responding to client with driver.getCurrentContext() result: &quot;NATIVE_APP&quot;
&amp;#27;[35m[HTTP]&amp;#27;[39m &amp;#27;[37m&lt;-- GET /wd/hub/session/fd1d169e-7db2-4dfd-ba2a-e05fd060e6e4/context &amp;#27;[39m&amp;#27;[32m200&amp;#27;[39m &amp;#27;[90m5 ms - 22&amp;#27;[39m
&amp;#27;[35m[HTTP]&amp;#27;[39m &amp;#27;[90m&amp;#27;[39m
&amp;#27;[35m[HTTP]&amp;#27;[39m &amp;#27;[37m--&gt;&amp;#27;[39m &amp;#27;[37mPOST&amp;#27;[39m &amp;#27;[37m/wd/hub/session/fd1d169e-7db2-4dfd-ba2a-e05fd060e6e4/elements&amp;#27;[39m
&amp;#27;[35m[HTTP]&amp;#27;[39m &amp;#27;[90m{&quot;using&quot;:&quot;class name&quot;,&quot;value&quot;:&quot;android.widget.EditText&quot;}&amp;#27;[39m
[debug] &amp;#27;[35m[W3C (fd1d169e)]&amp;#27;[39m Calling AppiumDriver.findElements() with args: [&quot;class name&quot;,&quot;android.widget.EditText&quot;,&quot;fd1d169e-7db2-4dfd-ba2a-e05fd060e6e4&quot;]
[debug] &amp;#27;[35m[BaseDriver]&amp;#27;[39m Valid locator strategies for this request: xpath, id, class name, accessibility id, -android uiautomator
[debug] &amp;#27;[35m[BaseDriver]&amp;#27;[39m Waiting up to 10000 ms for condition
[debug] &amp;#27;[35m[WD Proxy]&amp;#27;[39m Matched &apos;/elements&apos; to command name &apos;findElements&apos;
[debug] &amp;#27;[35m[WD Proxy]&amp;#27;[39m Proxying [POST /elements] to [POST http://127.0.0.1:8228/wd/hub/session/95165d5b-2b46-4537-942f-2e9e341d5032/elements] with body: {&quot;strategy&quot;:&quot;class name&quot;,&quot;selector&quot;:&quot;android.widget.EditText&quot;,&quot;context&quot;:&quot;&quot;,&quot;multiple&quot;:true}
[debug] &amp;#27;[35m[WD Proxy]&amp;#27;[39m Got response with status 200: {&quot;sessionId&quot;:&quot;95165d5b-2b46-4537-942f-2e9e341d5032&quot;,&quot;value&quot;:[{&quot;ELEMENT&quot;:&quot;7f46e304-83e7-45fa-ab57-cde4b7ea8398&quot;,&quot;element-6066-11e4-a52e-4f735466cecf&quot;:&quot;7f46e304-83e7-45fa-ab57-cde4b7ea8398&quot;},{&quot;ELEMENT&quot;:&quot;0dcbc8e5-321e-48fb-8941-f98017afb424&quot;,&quot;element-6066-11e4-a52e-4f735466cecf&quot;:&quot;0dcbc8e5-321e-48fb-8941-f98017afb424&quot;}]}
[debug] &amp;#27;[35m[W3C (fd1d169e)]&amp;#27;[39m Responding to client with driver.findElements() result: [{&quot;element-6066-11e4-a52e-4f735466cecf&quot;:&quot;7f46e304-83e7-45fa-ab57-cde4b7ea8398&quot;,&quot;ELEMENT&quot;:&quot;7f46e304-83e7-45fa-ab57-cde4b7ea8398&quot;},{&quot;element-6066-11e4-a52e-4f735466cecf&quot;:&quot;0dcbc8e5-321e-48fb-8941-f98017afb424&quot;,&quot;ELEMENT&quot;:&quot;0dcbc8e5-321e-48fb-8941-f98017afb424&quot;}]
&amp;#27;[35m[HTTP]&amp;#27;[39m &amp;#27;[37m&lt;-- POST /wd/hub/session/fd1d169e-7db2-4dfd-ba2a-e05fd060e6e4/elements &amp;#27;[39m&amp;#27;[32m200&amp;#27;[39m &amp;#27;[90m580 ms - 267&amp;#27;[39m
&amp;#27;[35m[HTTP]&amp;#27;[39m &amp;#27;[90m&amp;#27;[39m
&amp;#27;[35m[HTTP]&amp;#27;[39m &amp;#27;[37m--&gt;&amp;#27;[39m &amp;#27;[37mPOST&amp;#27;[39m &amp;#27;[37m/wd/hub/session/fd1d169e-7db2-4dfd-ba2a-e05fd060e6e4/element/0dcbc8e5-321e-48fb-8941-f98017afb424/value&amp;#27;[39m
&amp;#27;[35m[HTTP]&amp;#27;[39m &amp;#27;[90m{&quot;id&quot;:&quot;0dcbc8e5-321e-48fb-8941-f98017afb424&quot;,&quot;text&quot;:&quot;00&quot;,&quot;value&quot;:[&quot;0&quot;,&quot;0&quot;]}&amp;#27;[39m
[debug] &amp;#27;[35m[W3C (fd1d169e)]&amp;#27;[39m Calling AppiumDriver.setValue() with args: [[&quot;0&quot;,&quot;0&quot;],&quot;0dcbc8e5-321e-48fb-8941-f98017afb424&quot;,&quot;fd1d169e-7db2-4dfd-ba2a-e05fd060e6e4&quot;]
[debug] &amp;#27;[35m[WD Proxy]&amp;#27;[39m Matched &apos;/element/0dcbc8e5-321e-48fb-8941-f98017afb424/value&apos; to command name &apos;setValue&apos;
[debug] &amp;#27;[35m[Protocol Converter]&amp;#27;[39m Added &apos;value&apos; property [&quot;0&quot;,&quot;0&quot;] to &apos;setValue&apos; request body
[debug] &amp;#27;[35m[WD Proxy]&amp;#27;[39m Proxying [POST /element/0dcbc8e5-321e-48fb-8941-f98017afb424/value] to [POST http://127.0.0.1:8228/wd/hub/session/95165d5b-2b46-4537-942f-2e9e341d5032/element/0dcbc8e5-321e-48fb-8941-f98017afb424/value] with body: {&quot;elementId&quot;:&quot;0dcbc8e5-321e-48fb-8941-f98017afb424&quot;,&quot;text&quot;:&quot;00&quot;,&quot;replace&quot;:false,&quot;value&quot;:[&quot;0&quot;,&quot;0&quot;]}
[debug] &amp;#27;[35m[WD Proxy]&amp;#27;[39m Got response with status 200: {&quot;sessionId&quot;:&quot;95165d5b-2b46-4537-942f-2e9e341d5032&quot;,&quot;value&quot;:null}
[debug] &amp;#27;[35m[W3C (fd1d169e)]&amp;#27;[39m Responding to client with driver.setValue() result: null
&amp;#27;[35m[HTTP]&amp;#27;[39m &amp;#27;[37m&lt;-- POST /wd/hub/session/fd1d169e-7db2-4dfd-ba2a-e05fd060e6e4/element/0dcbc8e5-321e-48fb-8941-f98017afb424/value &amp;#27;[39m&amp;#27;[32m200&amp;#27;[39m &amp;#27;[90m721 ms - 14&amp;#27;[39m
&amp;#27;[35m[HTTP]&amp;#27;[39m &amp;#27;[90m&amp;#27;[39m
&amp;#27;[35m[HTTP]&amp;#27;[39m &amp;#27;[37m--&gt;&amp;#27;[39m &amp;#27;[37mGET&amp;#27;[39m &amp;#27;[37m/wd/hub/session/fd1d169e-7db2-4dfd-ba2a-e05fd060e6e4/context&amp;#27;[39m
&amp;#27;[35m[HTTP]&amp;#27;[39m &amp;#27;[90m{}&amp;#27;[39m
[debug] &amp;#27;[35m[W3C (fd1d169e)]&amp;#27;[39m Calling AppiumDriver.getCurrentContext() with args: [&quot;fd1d169e-7db2-4dfd-ba2a-e05fd060e6e4&quot;]
[debug] &amp;#27;[35m[W3C (fd1d169e)]&amp;#27;[39m Responding to client with driver.getCurrentContext() result: &quot;NATIVE_APP&quot;
&amp;#27;[35m[HTTP]&amp;#27;[39m &amp;#27;[37m&lt;-- GET /wd/hub/session/fd1d169e-7db2-4dfd-ba2a-e05fd060e6e4/context &amp;#27;[39m&amp;#27;[32m200&amp;#27;[39m &amp;#27;[90m3 ms - 22&amp;#27;[39m
&amp;#27;[35m[HTTP]&amp;#27;[39m &amp;#27;[90m&amp;#27;[39m
&amp;#27;[35m[HTTP]&amp;#27;[39m &amp;#27;[37m--&gt;&amp;#27;[39m &amp;#27;[37mPOST&amp;#27;[39m &amp;#27;[37m/wd/hub/session/fd1d169e-7db2-4dfd-ba2a-e05fd060e6e4/elements&amp;#27;[39m
&amp;#27;[35m[HTTP]&amp;#27;[39m &amp;#27;[90m{&quot;using&quot;:&quot;class name&quot;,&quot;value&quot;:&quot;android.widget.TextView&quot;}&amp;#27;[39m
[debug] &amp;#27;[35m[W3C (fd1d169e)]&amp;#27;[39m Calling AppiumDriver.findElements() with args: [&quot;class name&quot;,&quot;android.widget.TextView&quot;,&quot;fd1d169e-7db2-4dfd-ba2a-e05fd060e6e4&quot;]
[debug] &amp;#27;[35m[BaseDriver]&amp;#27;[39m Valid locator strategies for this request: xpath, id, class name, accessibility id, -android uiautomator
[debug] &amp;#27;[35m[BaseDriver]&amp;#27;[39m Waiting up to 10000 ms for condition
[debug] &amp;#27;[35m[WD Proxy]&amp;#27;[39m Matched &apos;/elements&apos; to command name &apos;findElements&apos;
[debug] &amp;#27;[35m[WD Proxy]&amp;#27;[39m Proxying [POST /elements] to [POST http://127.0.0.1:8228/wd/hub/session/95165d5b-2b46-4537-942f-2e9e341d5032/elements] with body: {&quot;strategy&quot;:&quot;class name&quot;,&quot;selector&quot;:&quot;android.widget.TextView&quot;,&quot;context&quot;:&quot;&quot;,&quot;multiple&quot;:true}
[debug] &amp;#27;[35m[WD Proxy]&amp;#27;[39m Got response with status 200: {&quot;sessionId&quot;:&quot;95165d5b-2b46-4537-942f-2e9e341d5032&quot;,&quot;value&quot;:[{&quot;ELEMENT&quot;:&quot;f41bd78b-8c77-4a46-bc68-377a8dda9b94&quot;,&quot;element-6066-11e4-a52e-4f735466cecf&quot;:&quot;f41bd78b-8c77-4a46-bc68-377a8dda9b94&quot;},{&quot;ELEMENT&quot;:&quot;053d84e0-7c7d-4714-bd11-e740eda32958&quot;,&quot;element-6066-11e4-a52e-4f735466cecf&quot;:&quot;053d84e0-7c7d-4714-bd11-e740eda32958&quot;},{&quot;ELEMENT&quot;:&quot;895e295c-c242-4db8-bdb0-5ac87fdfd028&quot;,&quot;element-6066-11e4-a52e-4f735466cecf&quot;:&quot;895e295c-c242-4db8-bdb0-5ac87fdfd028&quot;},{&quot;ELEMENT&quot;:&quot;a0c5018b-191c-46f6-a35c-80991dd6e2d6&quot;,&quot;element-6066-11e4-a52e-4f735466cecf&quot;:&quot;a0c5018b-191c-46f6-a35c-80991dd6e2d6&quot;},{&quot;ELEMENT&quot;:&quot;e52efa5b-1943-47e0-8bc0-72c4e15e5c7b&quot;,&quot;element-6066-11e4-a52e-4f735466cecf&quot;:&quot;e52efa5b-1943-47e0-8bc0-72c4e15e5c7b&quot;},{&quot;ELEMENT&quot;:&quot;3b228552-3ef0-41ba-ad7b-f8d3fbab757c&quot;,&quot;element-6066-11e4-a52e-4f735466cecf&quot;:&quot;3b228552-3ef0-41ba-ad7b-f8d3fbab757c&quot;},{&quot;ELEMENT&quot;:&quot;281d9550-1a3d-4396-8cc5-837291c90a17&quot;,&quot;element-6066-11e4-a52e-4f735466cecf&quot;:&quot;281d9550-1a3d-4396-8cc5-837291c90a17&quot;},{&quot;ELEMENT&quot;:&quot;fe7bf9c2-2ba4-484a-b2b2-b11d0acc6991&quot;,&quot;element-6066-...
[debug] &amp;#27;[35m[W3C (fd1d169e)]&amp;#27;[39m Responding to client with driver.findElements() result: [{&quot;element-6066-11e4-a52e-4f735466cecf&quot;:&quot;f41bd78b-8c77-4a46-bc68-377a8dda9b94&quot;,&quot;ELEMENT&quot;:&quot;f41bd78b-8c77-4a46-bc68-377a8dda9b94&quot;},{&quot;element-6066-11e4-a52e-4f735466cecf&quot;:&quot;053d84e0-7c7d-4714-bd11-e740eda32958&quot;,&quot;ELEMENT&quot;:&quot;053d84e0-7c7d-4714-bd11-e740eda32958&quot;},{&quot;element-6066-11e4-a52e-4f735466cecf&quot;:&quot;895e295c-c242-4db8-bdb0-5ac87fdfd028&quot;,&quot;ELEMENT&quot;:&quot;895e295c-c242-4db8-bdb0-5ac87fdfd028&quot;},{&quot;element-6066-11e4-a52e-4f735466cecf&quot;:&quot;a0c5018b-191c-46f6-a35c-80991dd6e2d6&quot;,&quot;ELEMENT&quot;:&quot;a0c5018b-191c-46f6-a35c-80991dd6e2d6&quot;},{&quot;element-6066-11e4-a52e-4f735466cecf&quot;:&quot;e52efa5b-1943-47e0-8bc0-72c4e15e5c7b&quot;,&quot;ELEMENT&quot;:&quot;e52efa5b-1943-47e0-8bc0-72c4e15e5c7b&quot;},{&quot;element-6066-11e4-a52e-4f735466cecf&quot;:&quot;3b228552-3ef0-41ba-ad7b-f8d3fbab757c&quot;,&quot;ELEMENT&quot;:&quot;3b228552-3ef0-41ba-ad7b-f8d3fbab757c&quot;},{&quot;element-6066-11e4-a52e-4f735466cecf&quot;:&quot;281d9550-1a3d-4396-8cc5-837291c90a17&quot;,&quot;ELEMENT&quot;:&quot;281d9550-1a3d-4396-8cc5-837291c90a17&quot;},{&quot;element-6066-11e4-a52e-4f735466cecf&quot;:&quot;fe7bf9c2-2ba4-484a-b2b2-b11d0acc6991&quot;,&quot;ELEMENT&quot;:&quot;fe7bf9c2-2ba4-484a-b2b2-b11d0acc699...
&amp;#27;[35m[HTTP]&amp;#27;[39m &amp;#27;[37m&lt;-- POST /wd/hub/session/fd1d169e-7db2-4dfd-ba2a-e05fd060e6e4/elements &amp;#27;[39m&amp;#27;[32m200&amp;#27;[39m &amp;#27;[90m621 ms - 1291&amp;#27;[39m
&amp;#27;[35m[HTTP]&amp;#27;[39m &amp;#27;[90m&amp;#27;[39m
&amp;#27;[35m[HTTP]&amp;#27;[39m &amp;#27;[37m--&gt;&amp;#27;[39m &amp;#27;[37mGET&amp;#27;[39m &amp;#27;[37m/wd/hub/session/fd1d169e-7db2-4dfd-ba2a-e05fd060e6e4/element/a0c5018b-191c-46f6-a35c-80991dd6e2d6/text&amp;#27;[39m
&amp;#27;[35m[HTTP]&amp;#27;[39m &amp;#27;[90m{}&amp;#27;[39m
&amp;#27;[35m[W3C (fd1d169e)]&amp;#27;[39m Driver proxy active, passing request on via HTTP proxy
[debug] &amp;#27;[35m[WD Proxy]&amp;#27;[39m Matched &apos;/wd/hub/session/fd1d169e-7db2-4dfd-ba2a-e05fd060e6e4/element/a0c5018b-191c-46f6-a35c-80991dd6e2d6/text&apos; to command name &apos;getText&apos;
[debug] &amp;#27;[35m[WD Proxy]&amp;#27;[39m Proxying [GET /wd/hub/session/fd1d169e-7db2-4dfd-ba2a-e05fd060e6e4/element/a0c5018b-191c-46f6-a35c-80991dd6e2d6/text] to [GET http://127.0.0.1:8228/wd/hub/session/95165d5b-2b46-4537-942f-2e9e341d5032/element/a0c5018b-191c-46f6-a35c-80991dd6e2d6/text] with no body
[debug] &amp;#27;[35m[WD Proxy]&amp;#27;[39m Got response with status 200: {&quot;sessionId&quot;:&quot;95165d5b-2b46-4537-942f-2e9e341d5032&quot;,&quot;value&quot;:&quot;am,  &quot;}
&amp;#27;[35m[WD Proxy]&amp;#27;[39m Replacing sessionId 95165d5b-2b46-4537-942f-2e9e341d5032 with fd1d169e-7db2-4dfd-ba2a-e05fd060e6e4
&amp;#27;[35m[HTTP]&amp;#27;[39m &amp;#27;[37m&lt;-- GET /wd/hub/session/fd1d169e-7db2-4dfd-ba2a-e05fd060e6e4/element/a0c5018b-191c-46f6-a35c-80991dd6e2d6/text &amp;#27;[39m&amp;#27;[32m200&amp;#27;[39m &amp;#27;[90m59 ms - 68&amp;#27;[39m
&amp;#27;[35m[HTTP]&amp;#27;[39m &amp;#27;[90m&amp;#27;[39m
&amp;#27;[35m[HTTP]&amp;#27;[39m &amp;#27;[37m--&gt;&amp;#27;[39m &amp;#27;[37mGET&amp;#27;[39m &amp;#27;[37m/wd/hub/session/fd1d169e-7db2-4dfd-ba2a-e05fd060e6e4/context&amp;#27;[39m
&amp;#27;[35m[HTTP]&amp;#27;[39m &amp;#27;[90m{}&amp;#27;[39m
[debug] &amp;#27;[35m[W3C (fd1d169e)]&amp;#27;[39m Calling AppiumDriver.getCurrentContext() with args: [&quot;fd1d169e-7db2-4dfd-ba2a-e05fd060e6e4&quot;]
[debug] &amp;#27;[35m[W3C (fd1d169e)]&amp;#27;[39m Responding to client with driver.getCurrentContext() result: &quot;NATIVE_APP&quot;
&amp;#27;[35m[HTTP]&amp;#27;[39m &amp;#27;[37m&lt;-- GET /wd/hub/session/fd1d169e-7db2-4dfd-ba2a-e05fd060e6e4/context &amp;#27;[39m&amp;#27;[32m200&amp;#27;[39m &amp;#27;[90m3 ms - 22&amp;#27;[39m
&amp;#27;[35m[HTTP]&amp;#27;[39m &amp;#27;[90m&amp;#27;[39m
&amp;#27;[35m[HTTP]&amp;#27;[39m &amp;#27;[37m--&gt;&amp;#27;[39m &amp;#27;[37mPOST&amp;#27;[39m &amp;#27;[37m/wd/hub/session/fd1d169e-7db2-4dfd-ba2a-e05fd060e6e4/element&amp;#27;[39m
&amp;#27;[35m[HTTP]&amp;#27;[39m &amp;#27;[90m{&quot;using&quot;:&quot;xpath&quot;,&quot;value&quot;:&quot;//android.widget.Button[@text=&apos;pm, , &apos;]&quot;}&amp;#27;[39m
[debug] &amp;#27;[35m[W3C (fd1d169e)]&amp;#27;[39m Calling AppiumDriver.findElement() with args: [&quot;xpath&quot;,&quot;//android.widget.Button[@text=&apos;pm, , &apos;]&quot;,&quot;fd1d169e-7db2-4dfd-ba2a-e05fd060e6e4&quot;]
[debug] &amp;#27;[35m[BaseDriver]&amp;#27;[39m Valid locator strategies for this request: xpath, id, class name, accessibility id, -android uiautomator
[debug] &amp;#27;[35m[BaseDriver]&amp;#27;[39m Waiting up to 10000 ms for condition
[debug] &amp;#27;[35m[WD Proxy]&amp;#27;[39m Matched &apos;/element&apos; to command name &apos;findElement&apos;
[debug] &amp;#27;[35m[WD Proxy]&amp;#27;[39m Proxying [POST /element] to [POST http://127.0.0.1:8228/wd/hub/session/95165d5b-2b46-4537-942f-2e9e341d5032/element] with body: {&quot;strategy&quot;:&quot;xpath&quot;,&quot;selector&quot;:&quot;//android.widget.Button[@text=&apos;pm, , &apos;]&quot;,&quot;context&quot;:&quot;&quot;,&quot;multiple&quot;:false}
[debug] &amp;#27;[35m[WD Proxy]&amp;#27;[39m Got response with status 200: {&quot;sessionId&quot;:&quot;95165d5b-2b46-4537-942f-2e9e341d5032&quot;,&quot;value&quot;:{&quot;ELEMENT&quot;:&quot;2ebb20cf-9ea8-4131-a34b-ad3ecf85cf7e&quot;,&quot;element-6066-11e4-a52e-4f735466cecf&quot;:&quot;2ebb20cf-9ea8-4131-a34b-ad3ecf85cf7e&quot;}}
[debug] &amp;#27;[35m[W3C (fd1d169e)]&amp;#27;[39m Responding to client with driver.findElement() result: {&quot;element-6066-11e4-a52e-4f735466cecf&quot;:&quot;2ebb20cf-9ea8-4131-a34b-ad3ecf85cf7e&quot;,&quot;ELEMENT&quot;:&quot;2ebb20cf-9ea8-4131-a34b-ad3ecf85cf7e&quot;}
&amp;#27;[35m[HTTP]&amp;#27;[39m &amp;#27;[37m&lt;-- POST /wd/hub/session/fd1d169e-7db2-4dfd-ba2a-e05fd060e6e4/element &amp;#27;[39m&amp;#27;[32m200&amp;#27;[39m &amp;#27;[90m213 ms - 137&amp;#27;[39m
&amp;#27;[35m[HTTP]&amp;#27;[39m &amp;#27;[90m&amp;#27;[39m
&amp;#27;[35m[HTTP]&amp;#27;[39m &amp;#27;[37m--&gt;&amp;#27;[39m &amp;#27;[37mPOST&amp;#27;[39m &amp;#27;[37m/wd/hub/session/fd1d169e-7db2-4dfd-ba2a-e05fd060e6e4/element/2ebb20cf-9ea8-4131-a34b-ad3ecf85cf7e/click&amp;#27;[39m
&amp;#27;[35m[HTTP]&amp;#27;[39m &amp;#27;[90m{&quot;id&quot;:&quot;2ebb20cf-9ea8-4131-a34b-ad3ecf85cf7e&quot;}&amp;#27;[39m
[debug] &amp;#27;[35m[W3C (fd1d169e)]&amp;#27;[39m Calling AppiumDriver.click() with args: [&quot;2ebb20cf-9ea8-4131-a34b-ad3ecf85cf7e&quot;,&quot;fd1d169e-7db2-4dfd-ba2a-e05fd060e6e4&quot;]
[debug] &amp;#27;[35m[WD Proxy]&amp;#27;[39m Matched &apos;/element/2ebb20cf-9ea8-4131-a34b-ad3ecf85cf7e/click&apos; to command name &apos;click&apos;
[debug] &amp;#27;[35m[WD Proxy]&amp;#27;[39m Proxying [POST /element/2ebb20cf-9ea8-4131-a34b-ad3ecf85cf7e/click] to [POST http://127.0.0.1:8228/wd/hub/session/95165d5b-2b46-4537-942f-2e9e341d5032/element/2ebb20cf-9ea8-4131-a34b-ad3ecf85cf7e/click] with body: {&quot;element&quot;:&quot;2ebb20cf-9ea8-4131-a34b-ad3ecf85cf7e&quot;}
[debug] &amp;#27;[35m[WD Proxy]&amp;#27;[39m Got response with status 200: {&quot;sessionId&quot;:&quot;95165d5b-2b46-4537-942f-2e9e341d5032&quot;,&quot;value&quot;:null}
[debug] &amp;#27;[35m[W3C (fd1d169e)]&amp;#27;[39m Responding to client with driver.click() result: null
&amp;#27;[35m[HTTP]&amp;#27;[39m &amp;#27;[37m&lt;-- POST /wd/hub/session/fd1d169e-7db2-4dfd-ba2a-e05fd060e6e4/element/2ebb20cf-9ea8-4131-a34b-ad3ecf85cf7e/click &amp;#27;[39m&amp;#27;[32m200&amp;#27;[39m &amp;#27;[90m99 ms - 14&amp;#27;[39m
&amp;#27;[35m[HTTP]&amp;#27;[39m &amp;#27;[90m&amp;#27;[39m
&amp;#27;[35m[HTTP]&amp;#27;[39m &amp;#27;[37m--&gt;&amp;#27;[39m &amp;#27;[37mPOST&amp;#27;[39m &amp;#27;[37m/wd/hub/session/fd1d169e-7db2-4dfd-ba2a-e05fd060e6e4/appium/device/press_keycode&amp;#27;[39m
&amp;#27;[35m[HTTP]&amp;#27;[39m &amp;#27;[90m{&quot;keycode&quot;:66}&amp;#27;[39m
[debug] &amp;#27;[35m[W3C (fd1d169e)]&amp;#27;[39m Calling AppiumDriver.pressKeyCode() with args: [66,null,null,null,null,&quot;fd1d169e-7db2-4dfd-ba2a-e05fd060e6e4&quot;]
[debug] &amp;#27;[35m[WD Proxy]&amp;#27;[39m Matched &apos;/appium/device/press_keycode&apos; to command name &apos;pressKeyCode&apos;
[debug] &amp;#27;[35m[WD Proxy]&amp;#27;[39m Proxying [POST /appium/device/press_keycode] to [POST http://127.0.0.1:8228/wd/hub/session/95165d5b-2b46-4537-942f-2e9e341d5032/appium/device/press_keycode] with body: {&quot;keycode&quot;:66,&quot;metastate&quot;:null,&quot;flags&quot;:null}
[debug] &amp;#27;[35m[WD Proxy]&amp;#27;[39m Got response with status 200: {&quot;sessionId&quot;:&quot;95165d5b-2b46-4537-942f-2e9e341d5032&quot;,&quot;value&quot;:null}
[debug] &amp;#27;[35m[W3C (fd1d169e)]&amp;#27;[39m Responding to client with driver.pressKeyCode() result: null
&amp;#27;[35m[HTTP]&amp;#27;[39m &amp;#27;[37m&lt;-- POST /wd/hub/session/fd1d169e-7db2-4dfd-ba2a-e05fd060e6e4/appium/device/press_keycode &amp;#27;[39m&amp;#27;[32m200&amp;#27;[39m &amp;#27;[90m84 ms - 14&amp;#27;[39m
&amp;#27;[35m[HTTP]&amp;#27;[39m &amp;#27;[90m&amp;#27;[39m
&amp;#27;[35m[HTTP]&amp;#27;[39m &amp;#27;[37m--&gt;&amp;#27;[39m &amp;#27;[37mGET&amp;#27;[39m &amp;#27;[37m/wd/hub/session/fd1d169e-7db2-4dfd-ba2a-e05fd060e6e4/context&amp;#27;[39m
&amp;#27;[35m[HTTP]&amp;#27;[39m &amp;#27;[90m{}&amp;#27;[39m
[debug] &amp;#27;[35m[W3C (fd1d169e)]&amp;#27;[39m Calling AppiumDriver.getCurrentContext() with args: [&quot;fd1d169e-7db2-4dfd-ba2a-e05fd060e6e4&quot;]
[debug] &amp;#27;[35m[W3C (fd1d169e)]&amp;#27;[39m Responding to client with driver.getCurrentContext() result: &quot;NATIVE_APP&quot;
&amp;#27;[35m[HTTP]&amp;#27;[39m &amp;#27;[37m&lt;-- GET /wd/hub/session/fd1d169e-7db2-4dfd-ba2a-e05fd060e6e4/context &amp;#27;[39m&amp;#27;[32m200&amp;#27;[39m &amp;#27;[90m3 ms - 22&amp;#27;[39m
&amp;#27;[35m[HTTP]&amp;#27;[39m &amp;#27;[90m&amp;#27;[39m
&amp;#27;[35m[HTTP]&amp;#27;[39m &amp;#27;[37m--&gt;&amp;#27;[39m &amp;#27;[37mPOST&amp;#27;[39m &amp;#27;[37m/wd/hub/session/fd1d169e-7db2-4dfd-ba2a-e05fd060e6e4/element&amp;#27;[39m
&amp;#27;[35m[HTTP]&amp;#27;[39m &amp;#27;[90m{&quot;using&quot;:&quot;id&quot;,&quot;value&quot;:&quot;com.samsung.android.calendar:id/end_date_time&quot;}&amp;#27;[39m
[debug] &amp;#27;[35m[W3C (fd1d169e)]&amp;#27;[39m Calling AppiumDriver.findElement() with args: [&quot;id&quot;,&quot;com.samsung.android.calendar:id/end_date_time&quot;,&quot;fd1d169e-7db2-4dfd-ba2a-e05fd060e6e4&quot;]
[debug] &amp;#27;[35m[BaseDriver]&amp;#27;[39m Valid locator strategies for this request: xpath, id, class name, accessibility id, -android uiautomator
[debug] &amp;#27;[35m[BaseDriver]&amp;#27;[39m Waiting up to 10000 ms for condition
[debug] &amp;#27;[35m[WD Proxy]&amp;#27;[39m Matched &apos;/element&apos; to command name &apos;findElement&apos;
[debug] &amp;#27;[35m[WD Proxy]&amp;#27;[39m Proxying [POST /element] to [POST http://127.0.0.1:8228/wd/hub/session/95165d5b-2b46-4537-942f-2e9e341d5032/element] with body: {&quot;strategy&quot;:&quot;id&quot;,&quot;selector&quot;:&quot;com.samsung.android.calendar:id/end_date_time&quot;,&quot;context&quot;:&quot;&quot;,&quot;multiple&quot;:false}
[debug] &amp;#27;[35m[WD Proxy]&amp;#27;[39m Got response with status 200: {&quot;sessionId&quot;:&quot;95165d5b-2b46-4537-942f-2e9e341d5032&quot;,&quot;value&quot;:{&quot;ELEMENT&quot;:&quot;a3985c1f-e434-424f-85cf-b71df6142526&quot;,&quot;element-6066-11e4-a52e-4f735466cecf&quot;:&quot;a3985c1f-e434-424f-85cf-b71df6142526&quot;}}
[debug] &amp;#27;[35m[W3C (fd1d169e)]&amp;#27;[39m Responding to client with driver.findElement() result: {&quot;element-6066-11e4-a52e-4f735466cecf&quot;:&quot;a3985c1f-e434-424f-85cf-b71df6142526&quot;,&quot;ELEMENT&quot;:&quot;a3985c1f-e434-424f-85cf-b71df6142526&quot;}
&amp;#27;[35m[HTTP]&amp;#27;[39m &amp;#27;[37m&lt;-- POST /wd/hub/session/fd1d169e-7db2-4dfd-ba2a-e05fd060e6e4/element &amp;#27;[39m&amp;#27;[32m200&amp;#27;[39m &amp;#27;[90m972 ms - 137&amp;#27;[39m
&amp;#27;[35m[HTTP]&amp;#27;[39m &amp;#27;[90m&amp;#27;[39m
&amp;#27;[35m[HTTP]&amp;#27;[39m &amp;#27;[37m--&gt;&amp;#27;[39m &amp;#27;[37mPOST&amp;#27;[39m &amp;#27;[37m/wd/hub/session/fd1d169e-7db2-4dfd-ba2a-e05fd060e6e4/element/a3985c1f-e434-424f-85cf-b71df6142526/click&amp;#27;[39m
&amp;#27;[35m[HTTP]&amp;#27;[39m &amp;#27;[90m{&quot;id&quot;:&quot;a3985c1f-e434-424f-85cf-b71df6142526&quot;}&amp;#27;[39m
[debug] &amp;#27;[35m[W3C (fd1d169e)]&amp;#27;[39m Calling AppiumDriver.click() with args: [&quot;a3985c1f-e434-424f-85cf-b71df6142526&quot;,&quot;fd1d169e-7db2-4dfd-ba2a-e05fd060e6e4&quot;]
[debug] &amp;#27;[35m[WD Proxy]&amp;#27;[39m Matched &apos;/element/a3985c1f-e434-424f-85cf-b71df6142526/click&apos; to command name &apos;click&apos;
[debug] &amp;#27;[35m[WD Proxy]&amp;#27;[39m Proxying [POST /element/a3985c1f-e434-424f-85cf-b71df6142526/click] to [POST http://127.0.0.1:8228/wd/hub/session/95165d5b-2b46-4537-942f-2e9e341d5032/element/a3985c1f-e434-424f-85cf-b71df6142526/click] with body: {&quot;element&quot;:&quot;a3985c1f-e434-424f-85cf-b71df6142526&quot;}
[debug] &amp;#27;[35m[WD Proxy]&amp;#27;[39m Got response with status 200: {&quot;sessionId&quot;:&quot;95165d5b-2b46-4537-942f-2e9e341d5032&quot;,&quot;value&quot;:null}
[debug] &amp;#27;[35m[W3C (fd1d169e)]&amp;#27;[39m Responding to client with driver.click() result: null
&amp;#27;[35m[HTTP]&amp;#27;[39m &amp;#27;[37m&lt;-- POST /wd/hub/session/fd1d169e-7db2-4dfd-ba2a-e05fd060e6e4/element/a3985c1f-e434-424f-85cf-b71df6142526/click &amp;#27;[39m&amp;#27;[32m200&amp;#27;[39m &amp;#27;[90m1116 ms - 14&amp;#27;[39m
&amp;#27;[35m[HTTP]&amp;#27;[39m &amp;#27;[90m&amp;#27;[39m
&amp;#27;[35m[HTTP]&amp;#27;[39m &amp;#27;[37m--&gt;&amp;#27;[39m &amp;#27;[37mGET&amp;#27;[39m &amp;#27;[37m/wd/hub/session/fd1d169e-7db2-4dfd-ba2a-e05fd060e6e4/context&amp;#27;[39m
&amp;#27;[35m[HTTP]&amp;#27;[39m &amp;#27;[90m{}&amp;#27;[39m
[debug] &amp;#27;[35m[W3C (fd1d169e)]&amp;#27;[39m Calling AppiumDriver.getCurrentContext() with args: [&quot;fd1d169e-7db2-4dfd-ba2a-e05fd060e6e4&quot;]
[debug] &amp;#27;[35m[W3C (fd1d169e)]&amp;#27;[39m Responding to client with driver.getCurrentContext() result: &quot;NATIVE_APP&quot;
&amp;#27;[35m[HTTP]&amp;#27;[39m &amp;#27;[37m&lt;-- GET /wd/hub/session/fd1d169e-7db2-4dfd-ba2a-e05fd060e6e4/context &amp;#27;[39m&amp;#27;[32m200&amp;#27;[39m &amp;#27;[90m5 ms - 22&amp;#27;[39m
&amp;#27;[35m[HTTP]&amp;#27;[39m &amp;#27;[90m&amp;#27;[39m
&amp;#27;[35m[HTTP]&amp;#27;[39m &amp;#27;[37m--&gt;&amp;#27;[39m &amp;#27;[37mPOST&amp;#27;[39m &amp;#27;[37m/wd/hub/session/fd1d169e-7db2-4dfd-ba2a-e05fd060e6e4/elements&amp;#27;[39m
&amp;#27;[35m[HTTP]&amp;#27;[39m &amp;#27;[90m{&quot;using&quot;:&quot;class name&quot;,&quot;value&quot;:&quot;android.widget.EditText&quot;}&amp;#27;[39m
[debug] &amp;#27;[35m[W3C (fd1d169e)]&amp;#27;[39m Calling AppiumDriver.findElements() with args: [&quot;class name&quot;,&quot;android.widget.EditText&quot;,&quot;fd1d169e-7db2-4dfd-ba2a-e05fd060e6e4&quot;]
[debug] &amp;#27;[35m[BaseDriver]&amp;#27;[39m Valid locator strategies for this request: xpath, id, class name, accessibility id, -android uiautomator
[debug] &amp;#27;[35m[BaseDriver]&amp;#27;[39m Waiting up to 10000 ms for condition
[debug] &amp;#27;[35m[WD Proxy]&amp;#27;[39m Matched &apos;/elements&apos; to command name &apos;findElements&apos;
[debug] &amp;#27;[35m[WD Proxy]&amp;#27;[39m Proxying [POST /elements] to [POST http://127.0.0.1:8228/wd/hub/session/95165d5b-2b46-4537-942f-2e9e341d5032/elements] with body: {&quot;strategy&quot;:&quot;class name&quot;,&quot;selector&quot;:&quot;android.widget.EditText&quot;,&quot;context&quot;:&quot;&quot;,&quot;multiple&quot;:true}
[debug] &amp;#27;[35m[WD Proxy]&amp;#27;[39m Got response with status 200: {&quot;sessionId&quot;:&quot;95165d5b-2b46-4537-942f-2e9e341d5032&quot;,&quot;value&quot;:[{&quot;ELEMENT&quot;:&quot;df2a0ce3-4d98-453c-903b-b6f6b7e66e94&quot;,&quot;element-6066-11e4-a52e-4f735466cecf&quot;:&quot;df2a0ce3-4d98-453c-903b-b6f6b7e66e94&quot;},{&quot;ELEMENT&quot;:&quot;3028dafe-37f6-4220-8f77-0bba22efbb87&quot;,&quot;element-6066-11e4-a52e-4f735466cecf&quot;:&quot;3028dafe-37f6-4220-8f77-0bba22efbb87&quot;},{&quot;ELEMENT&quot;:&quot;f46e24b9-3557-438a-a286-5c0318363714&quot;,&quot;element-6066-11e4-a52e-4f735466cecf&quot;:&quot;f46e24b9-3557-438a-a286-5c0318363714&quot;},{&quot;ELEMENT&quot;:&quot;72cd675a-95de-4c90-a861-68c02f6d3097&quot;,&quot;element-6066-11e4-a52e-4f735466cecf&quot;:&quot;72cd675a-95de-4c90-a861-68c02f6d3097&quot;}]}
[debug] &amp;#27;[35m[W3C (fd1d169e)]&amp;#27;[39m Responding to client with driver.findElements() result: [{&quot;element-6066-11e4-a52e-4f735466cecf&quot;:&quot;df2a0ce3-4d98-453c-903b-b6f6b7e66e94&quot;,&quot;ELEMENT&quot;:&quot;df2a0ce3-4d98-453c-903b-b6f6b7e66e94&quot;},{&quot;element-6066-11e4-a52e-4f735466cecf&quot;:&quot;3028dafe-37f6-4220-8f77-0bba22efbb87&quot;,&quot;ELEMENT&quot;:&quot;3028dafe-37f6-4220-8f77-0bba22efbb87&quot;},{&quot;element-6066-11e4-a52e-4f735466cecf&quot;:&quot;f46e24b9-3557-438a-a286-5c0318363714&quot;,&quot;ELEMENT&quot;:&quot;f46e24b9-3557-438a-a286-5c0318363714&quot;},{&quot;element-6066-11e4-a52e-4f735466cecf&quot;:&quot;72cd675a-95de-4c90-a861-68c02f6d3097&quot;,&quot;ELEMENT&quot;:&quot;72cd675a-95de-4c90-a861-68c02f6d3097&quot;}]
&amp;#27;[35m[HTTP]&amp;#27;[39m &amp;#27;[37m&lt;-- POST /wd/hub/session/fd1d169e-7db2-4dfd-ba2a-e05fd060e6e4/elements &amp;#27;[39m&amp;#27;[32m200&amp;#27;[39m &amp;#27;[90m103 ms - 523&amp;#27;[39m
&amp;#27;[35m[HTTP]&amp;#27;[39m &amp;#27;[90m&amp;#27;[39m
&amp;#27;[35m[HTTP]&amp;#27;[39m &amp;#27;[37m--&gt;&amp;#27;[39m &amp;#27;[37mPOST&amp;#27;[39m &amp;#27;[37m/wd/hub/session/fd1d169e-7db2-4dfd-ba2a-e05fd060e6e4/element/3028dafe-37f6-4220-8f77-0bba22efbb87/click&amp;#27;[39m
&amp;#27;[35m[HTTP]&amp;#27;[39m &amp;#27;[90m{&quot;id&quot;:&quot;3028dafe-37f6-4220-8f77-0bba22efbb87&quot;}&amp;#27;[39m
[debug] &amp;#27;[35m[W3C (fd1d169e)]&amp;#27;[39m Calling AppiumDriver.click() with args: [&quot;3028dafe-37f6-4220-8f77-0bba22efbb87&quot;,&quot;fd1d169e-7db2-4dfd-ba2a-e05fd060e6e4&quot;]
[debug] &amp;#27;[35m[WD Proxy]&amp;#27;[39m Matched &apos;/element/3028dafe-37f6-4220-8f77-0bba22efbb87/click&apos; to command name &apos;click&apos;
[debug] &amp;#27;[35m[WD Proxy]&amp;#27;[39m Proxying [POST /element/3028dafe-37f6-4220-8f77-0bba22efbb87/click] to [POST http://127.0.0.1:8228/wd/hub/session/95165d5b-2b46-4537-942f-2e9e341d5032/element/3028dafe-37f6-4220-8f77-0bba22efbb87/click] with body: {&quot;element&quot;:&quot;3028dafe-37f6-4220-8f77-0bba22efbb87&quot;}
[debug] &amp;#27;[35m[WD Proxy]&amp;#27;[39m Got response with status 200: {&quot;sessionId&quot;:&quot;95165d5b-2b46-4537-942f-2e9e341d5032&quot;,&quot;value&quot;:null}
[debug] &amp;#27;[35m[W3C (fd1d169e)]&amp;#27;[39m Responding to client with driver.click() result: null
&amp;#27;[35m[HTTP]&amp;#27;[39m &amp;#27;[37m&lt;-- POST /wd/hub/session/fd1d169e-7db2-4dfd-ba2a-e05fd060e6e4/element/3028dafe-37f6-4220-8f77-0bba22efbb87/click &amp;#27;[39m&amp;#27;[32m200&amp;#27;[39m &amp;#27;[90m750 ms - 14&amp;#27;[39m
&amp;#27;[35m[HTTP]&amp;#27;[39m &amp;#27;[90m&amp;#27;[39m
&amp;#27;[35m[HTTP]&amp;#27;[39m &amp;#27;[37m--&gt;&amp;#27;[39m &amp;#27;[37mGET&amp;#27;[39m &amp;#27;[37m/wd/hub/session/fd1d169e-7db2-4dfd-ba2a-e05fd060e6e4/context&amp;#27;[39m
&amp;#27;[35m[HTTP]&amp;#27;[39m &amp;#27;[90m{}&amp;#27;[39m
[debug] &amp;#27;[35m[W3C (fd1d169e)]&amp;#27;[39m Calling AppiumDriver.getCurrentContext() with args: [&quot;fd1d169e-7db2-4dfd-ba2a-e05fd060e6e4&quot;]
[debug] &amp;#27;[35m[W3C (fd1d169e)]&amp;#27;[39m Responding to client with driver.getCurrentContext() result: &quot;NATIVE_APP&quot;
&amp;#27;[35m[HTTP]&amp;#27;[39m &amp;#27;[37m&lt;-- GET /wd/hub/session/fd1d169e-7db2-4dfd-ba2a-e05fd060e6e4/context &amp;#27;[39m&amp;#27;[32m200&amp;#27;[39m &amp;#27;[90m4 ms - 22&amp;#27;[39m
&amp;#27;[35m[HTTP]&amp;#27;[39m &amp;#27;[90m&amp;#27;[39m
&amp;#27;[35m[HTTP]&amp;#27;[39m &amp;#27;[37m--&gt;&amp;#27;[39m &amp;#27;[37mPOST&amp;#27;[39m &amp;#27;[37m/wd/hub/session/fd1d169e-7db2-4dfd-ba2a-e05fd060e6e4/elements&amp;#27;[39m
&amp;#27;[35m[HTTP]&amp;#27;[39m &amp;#27;[90m{&quot;using&quot;:&quot;class name&quot;,&quot;value&quot;:&quot;android.widget.EditText&quot;}&amp;#27;[39m
[debug] &amp;#27;[35m[W3C (fd1d169e)]&amp;#27;[39m Calling AppiumDriver.findElements() with args: [&quot;class name&quot;,&quot;android.widget.EditText&quot;,&quot;fd1d169e-7db2-4dfd-ba2a-e05fd060e6e4&quot;]
[debug] &amp;#27;[35m[BaseDriver]&amp;#27;[39m Valid locator strategies for this request: xpath, id, class name, accessibility id, -android uiautomator
[debug] &amp;#27;[35m[BaseDriver]&amp;#27;[39m Waiting up to 10000 ms for condition
[debug] &amp;#27;[35m[WD Proxy]&amp;#27;[39m Matched &apos;/elements&apos; to command name &apos;findElements&apos;
[debug] &amp;#27;[35m[WD Proxy]&amp;#27;[39m Proxying [POST /elements] to [POST http://127.0.0.1:8228/wd/hub/session/95165d5b-2b46-4537-942f-2e9e341d5032/elements] with body: {&quot;strategy&quot;:&quot;class name&quot;,&quot;selector&quot;:&quot;android.widget.EditText&quot;,&quot;context&quot;:&quot;&quot;,&quot;multiple&quot;:true}
[debug] &amp;#27;[35m[WD Proxy]&amp;#27;[39m Got response with status 200: {&quot;sessionId&quot;:&quot;95165d5b-2b46-4537-942f-2e9e341d5032&quot;,&quot;value&quot;:[{&quot;ELEMENT&quot;:&quot;da500e41-648c-4b1a-af1f-9e9e0c2e7aa6&quot;,&quot;element-6066-11e4-a52e-4f735466cecf&quot;:&quot;da500e41-648c-4b1a-af1f-9e9e0c2e7aa6&quot;},{&quot;ELEMENT&quot;:&quot;284e8618-a146-4512-9ce6-a987e075a952&quot;,&quot;element-6066-11e4-a52e-4f735466cecf&quot;:&quot;284e8618-a146-4512-9ce6-a987e075a952&quot;}]}
[debug] &amp;#27;[35m[W3C (fd1d169e)]&amp;#27;[39m Responding to client with driver.findElements() result: [{&quot;element-6066-11e4-a52e-4f735466cecf&quot;:&quot;da500e41-648c-4b1a-af1f-9e9e0c2e7aa6&quot;,&quot;ELEMENT&quot;:&quot;da500e41-648c-4b1a-af1f-9e9e0c2e7aa6&quot;},{&quot;element-6066-11e4-a52e-4f735466cecf&quot;:&quot;284e8618-a146-4512-9ce6-a987e075a952&quot;,&quot;ELEMENT&quot;:&quot;284e8618-a146-4512-9ce6-a987e075a952&quot;}]
&amp;#27;[35m[HTTP]&amp;#27;[39m &amp;#27;[37m&lt;-- POST /wd/hub/session/fd1d169e-7db2-4dfd-ba2a-e05fd060e6e4/elements &amp;#27;[39m&amp;#27;[32m200&amp;#27;[39m &amp;#27;[90m203 ms - 267&amp;#27;[39m
&amp;#27;[35m[HTTP]&amp;#27;[39m &amp;#27;[90m&amp;#27;[39m
&amp;#27;[35m[HTTP]&amp;#27;[39m &amp;#27;[37m--&gt;&amp;#27;[39m &amp;#27;[37mPOST&amp;#27;[39m &amp;#27;[37m/wd/hub/session/fd1d169e-7db2-4dfd-ba2a-e05fd060e6e4/element/da500e41-648c-4b1a-af1f-9e9e0c2e7aa6/value&amp;#27;[39m
&amp;#27;[35m[HTTP]&amp;#27;[39m &amp;#27;[90m{&quot;id&quot;:&quot;da500e41-648c-4b1a-af1f-9e9e0c2e7aa6&quot;,&quot;text&quot;:&quot;7&quot;,&quot;value&quot;:[&quot;7&quot;]}&amp;#27;[39m
[debug] &amp;#27;[35m[W3C (fd1d169e)]&amp;#27;[39m Calling AppiumDriver.setValue() with args: [[&quot;7&quot;],&quot;da500e41-648c-4b1a-af1f-9e9e0c2e7aa6&quot;,&quot;fd1d169e-7db2-4dfd-ba2a-e05fd060e6e4&quot;]
[debug] &amp;#27;[35m[WD Proxy]&amp;#27;[39m Matched &apos;/element/da500e41-648c-4b1a-af1f-9e9e0c2e7aa6/value&apos; to command name &apos;setValue&apos;
[debug] &amp;#27;[35m[Protocol Converter]&amp;#27;[39m Added &apos;value&apos; property [&quot;7&quot;] to &apos;setValue&apos; request body
[debug] &amp;#27;[35m[WD Proxy]&amp;#27;[39m Proxying [POST /element/da500e41-648c-4b1a-af1f-9e9e0c2e7aa6/value] to [POST http://127.0.0.1:8228/wd/hub/session/95165d5b-2b46-4537-942f-2e9e341d5032/element/da500e41-648c-4b1a-af1f-9e9e0c2e7aa6/value] with body: {&quot;elementId&quot;:&quot;da500e41-648c-4b1a-af1f-9e9e0c2e7aa6&quot;,&quot;text&quot;:&quot;7&quot;,&quot;replace&quot;:false,&quot;value&quot;:[&quot;7&quot;]}
[debug] &amp;#27;[35m[WD Proxy]&amp;#27;[39m Got response with status 200: {&quot;sessionId&quot;:&quot;95165d5b-2b46-4537-942f-2e9e341d5032&quot;,&quot;value&quot;:null}
[debug] &amp;#27;[35m[W3C (fd1d169e)]&amp;#27;[39m Responding to client with driver.setValue() result: null
&amp;#27;[35m[HTTP]&amp;#27;[39m &amp;#27;[37m&lt;-- POST /wd/hub/session/fd1d169e-7db2-4dfd-ba2a-e05fd060e6e4/element/da500e41-648c-4b1a-af1f-9e9e0c2e7aa6/value &amp;#27;[39m&amp;#27;[32m200&amp;#27;[39m &amp;#27;[90m570 ms - 14&amp;#27;[39m
&amp;#27;[35m[HTTP]&amp;#27;[39m &amp;#27;[90m&amp;#27;[39m
&amp;#27;[35m[HTTP]&amp;#27;[39m &amp;#27;[37m--&gt;&amp;#27;[39m &amp;#27;[37mGET&amp;#27;[39m &amp;#27;[37m/wd/hub/session/fd1d169e-7db2-4dfd-ba2a-e05fd060e6e4/context&amp;#27;[39m
&amp;#27;[35m[HTTP]&amp;#27;[39m &amp;#27;[90m{}&amp;#27;[39m
[debug] &amp;#27;[35m[W3C (fd1d169e)]&amp;#27;[39m Calling AppiumDriver.getCurrentContext() with args: [&quot;fd1d169e-7db2-4dfd-ba2a-e05fd060e6e4&quot;]
[debug] &amp;#27;[35m[W3C (fd1d169e)]&amp;#27;[39m Responding to client with driver.getCurrentContext() result: &quot;NATIVE_APP&quot;
&amp;#27;[35m[HTTP]&amp;#27;[39m &amp;#27;[37m&lt;-- GET /wd/hub/session/fd1d169e-7db2-4dfd-ba2a-e05fd060e6e4/context &amp;#27;[39m&amp;#27;[32m200&amp;#27;[39m &amp;#27;[90m6 ms - 22&amp;#27;[39m
&amp;#27;[35m[HTTP]&amp;#27;[39m &amp;#27;[90m&amp;#27;[39m
&amp;#27;[35m[HTTP]&amp;#27;[39m &amp;#27;[37m--&gt;&amp;#27;[39m &amp;#27;[37mPOST&amp;#27;[39m &amp;#27;[37m/wd/hub/session/fd1d169e-7db2-4dfd-ba2a-e05fd060e6e4/elements&amp;#27;[39m
&amp;#27;[35m[HTTP]&amp;#27;[39m &amp;#27;[90m{&quot;using&quot;:&quot;class name&quot;,&quot;value&quot;:&quot;android.widget.EditText&quot;}&amp;#27;[39m
[debug] &amp;#27;[35m[W3C (fd1d169e)]&amp;#27;[39m Calling AppiumDriver.findElements() with args: [&quot;class name&quot;,&quot;android.widget.EditText&quot;,&quot;fd1d169e-7db2-4dfd-ba2a-e05fd060e6e4&quot;]
[debug] &amp;#27;[35m[BaseDriver]&amp;#27;[39m Valid locator strategies for this request: xpath, id, class name, accessibility id, -android uiautomator
[debug] &amp;#27;[35m[BaseDriver]&amp;#27;[39m Waiting up to 10000 ms for condition
[debug] &amp;#27;[35m[WD Proxy]&amp;#27;[39m Matched &apos;/elements&apos; to command name &apos;findElements&apos;
[debug] &amp;#27;[35m[WD Proxy]&amp;#27;[39m Proxying [POST /elements] to [POST http://127.0.0.1:8228/wd/hub/session/95165d5b-2b46-4537-942f-2e9e341d5032/elements] with body: {&quot;strategy&quot;:&quot;class name&quot;,&quot;selector&quot;:&quot;android.widget.EditText&quot;,&quot;context&quot;:&quot;&quot;,&quot;multiple&quot;:true}
[debug] &amp;#27;[35m[WD Proxy]&amp;#27;[39m Got response with status 200: {&quot;sessionId&quot;:&quot;95165d5b-2b46-4537-942f-2e9e341d5032&quot;,&quot;value&quot;:[{&quot;ELEMENT&quot;:&quot;5404e734-6e66-4ad0-8fda-9ee825bd4be1&quot;,&quot;element-6066-11e4-a52e-4f735466cecf&quot;:&quot;5404e734-6e66-4ad0-8fda-9ee825bd4be1&quot;},{&quot;ELEMENT&quot;:&quot;0aa0aad1-6bb7-468a-b3ae-b7dff15ef4e2&quot;,&quot;element-6066-11e4-a52e-4f735466cecf&quot;:&quot;0aa0aad1-6bb7-468a-b3ae-b7dff15ef4e2&quot;}]}
[debug] &amp;#27;[35m[W3C (fd1d169e)]&amp;#27;[39m Responding to client with driver.findElements() result: [{&quot;element-6066-11e4-a52e-4f735466cecf&quot;:&quot;5404e734-6e66-4ad0-8fda-9ee825bd4be1&quot;,&quot;ELEMENT&quot;:&quot;5404e734-6e66-4ad0-8fda-9ee825bd4be1&quot;},{&quot;element-6066-11e4-a52e-4f735466cecf&quot;:&quot;0aa0aad1-6bb7-468a-b3ae-b7dff15ef4e2&quot;,&quot;ELEMENT&quot;:&quot;0aa0aad1-6bb7-468a-b3ae-b7dff15ef4e2&quot;}]
&amp;#27;[35m[HTTP]&amp;#27;[39m &amp;#27;[37m&lt;-- POST /wd/hub/session/fd1d169e-7db2-4dfd-ba2a-e05fd060e6e4/elements &amp;#27;[39m&amp;#27;[32m200&amp;#27;[39m &amp;#27;[90m570 ms - 267&amp;#27;[39m
&amp;#27;[35m[HTTP]&amp;#27;[39m &amp;#27;[90m&amp;#27;[39m
&amp;#27;[35m[HTTP]&amp;#27;[39m &amp;#27;[37m--&gt;&amp;#27;[39m &amp;#27;[37mPOST&amp;#27;[39m &amp;#27;[37m/wd/hub/session/fd1d169e-7db2-4dfd-ba2a-e05fd060e6e4/element/0aa0aad1-6bb7-468a-b3ae-b7dff15ef4e2/value&amp;#27;[39m
&amp;#27;[35m[HTTP]&amp;#27;[39m &amp;#27;[90m{&quot;id&quot;:&quot;0aa0aad1-6bb7-468a-b3ae-b7dff15ef4e2&quot;,&quot;text&quot;:&quot;15&quot;,&quot;value&quot;:[&quot;1&quot;,&quot;5&quot;]}&amp;#27;[39m
[debug] &amp;#27;[35m[W3C (fd1d169e)]&amp;#27;[39m Calling AppiumDriver.setValue() with args: [[&quot;1&quot;,&quot;5&quot;],&quot;0aa0aad1-6bb7-468a-b3ae-b7dff15ef4e2&quot;,&quot;fd1d169e-7db2-4dfd-ba2a-e05fd060e6e4&quot;]
[debug] &amp;#27;[35m[WD Proxy]&amp;#27;[39m Matched &apos;/element/0aa0aad1-6bb7-468a-b3ae-b7dff15ef4e2/value&apos; to command name &apos;setValue&apos;
[debug] &amp;#27;[35m[Protocol Converter]&amp;#27;[39m Added &apos;value&apos; property [&quot;1&quot;,&quot;5&quot;] to &apos;setValue&apos; request body
[debug] &amp;#27;[35m[WD Proxy]&amp;#27;[39m Proxying [POST /element/0aa0aad1-6bb7-468a-b3ae-b7dff15ef4e2/value] to [POST http://127.0.0.1:8228/wd/hub/session/95165d5b-2b46-4537-942f-2e9e341d5032/element/0aa0aad1-6bb7-468a-b3ae-b7dff15ef4e2/value] with body: {&quot;elementId&quot;:&quot;0aa0aad1-6bb7-468a-b3ae-b7dff15ef4e2&quot;,&quot;text&quot;:&quot;15&quot;,&quot;replace&quot;:false,&quot;value&quot;:[&quot;1&quot;,&quot;5&quot;]}
[debug] &amp;#27;[35m[WD Proxy]&amp;#27;[39m Got response with status 200: {&quot;sessionId&quot;:&quot;95165d5b-2b46-4537-942f-2e9e341d5032&quot;,&quot;value&quot;:null}
[debug] &amp;#27;[35m[W3C (fd1d169e)]&amp;#27;[39m Responding to client with driver.setValue() result: null
&amp;#27;[35m[HTTP]&amp;#27;[39m &amp;#27;[37m&lt;-- POST /wd/hub/session/fd1d169e-7db2-4dfd-ba2a-e05fd060e6e4/element/0aa0aad1-6bb7-468a-b3ae-b7dff15ef4e2/value &amp;#27;[39m&amp;#27;[32m200&amp;#27;[39m &amp;#27;[90m101 ms - 14&amp;#27;[39m
&amp;#27;[35m[HTTP]&amp;#27;[39m &amp;#27;[90m&amp;#27;[39m
&amp;#27;[35m[HTTP]&amp;#27;[39m &amp;#27;[37m--&gt;&amp;#27;[39m &amp;#27;[37mGET&amp;#27;[39m &amp;#27;[37m/wd/hub/session/fd1d169e-7db2-4dfd-ba2a-e05fd060e6e4/context&amp;#27;[39m
&amp;#27;[35m[HTTP]&amp;#27;[39m &amp;#27;[90m{}&amp;#27;[39m
[debug] &amp;#27;[35m[W3C (fd1d169e)]&amp;#27;[39m Calling AppiumDriver.getCurrentContext() with args: [&quot;fd1d169e-7db2-4dfd-ba2a-e05fd060e6e4&quot;]
[debug] &amp;#27;[35m[W3C (fd1d169e)]&amp;#27;[39m Responding to client with driver.getCurrentContext() result: &quot;NATIVE_APP&quot;
&amp;#27;[35m[HTTP]&amp;#27;[39m &amp;#27;[37m&lt;-- GET /wd/hub/session/fd1d169e-7db2-4dfd-ba2a-e05fd060e6e4/context &amp;#27;[39m&amp;#27;[32m200&amp;#27;[39m &amp;#27;[90m5 ms - 22&amp;#27;[39m
&amp;#27;[35m[HTTP]&amp;#27;[39m &amp;#27;[90m&amp;#27;[39m
&amp;#27;[35m[HTTP]&amp;#27;[39m &amp;#27;[37m--&gt;&amp;#27;[39m &amp;#27;[37mPOST&amp;#27;[39m &amp;#27;[37m/wd/hub/session/fd1d169e-7db2-4dfd-ba2a-e05fd060e6e4/elements&amp;#27;[39m
&amp;#27;[35m[HTTP]&amp;#27;[39m &amp;#27;[90m{&quot;using&quot;:&quot;class name&quot;,&quot;value&quot;:&quot;android.widget.TextView&quot;}&amp;#27;[39m
[debug] &amp;#27;[35m[W3C (fd1d169e)]&amp;#27;[39m Calling AppiumDriver.findElements() with args: [&quot;class name&quot;,&quot;android.widget.TextView&quot;,&quot;fd1d169e-7db2-4dfd-ba2a-e05fd060e6e4&quot;]
[debug] &amp;#27;[35m[BaseDriver]&amp;#27;[39m Valid locator strategies for this request: xpath, id, class name, accessibility id, -android uiautomator
[debug] &amp;#27;[35m[BaseDriver]&amp;#27;[39m Waiting up to 10000 ms for condition
[debug] &amp;#27;[35m[WD Proxy]&amp;#27;[39m Matched &apos;/elements&apos; to command name &apos;findElements&apos;
[debug] &amp;#27;[35m[WD Proxy]&amp;#27;[39m Proxying [POST /elements] to [POST http://127.0.0.1:8228/wd/hub/session/95165d5b-2b46-4537-942f-2e9e341d5032/elements] with body: {&quot;strategy&quot;:&quot;class name&quot;,&quot;selector&quot;:&quot;android.widget.TextView&quot;,&quot;context&quot;:&quot;&quot;,&quot;multiple&quot;:true}
[debug] &amp;#27;[35m[WD Proxy]&amp;#27;[39m Got response with status 200: {&quot;sessionId&quot;:&quot;95165d5b-2b46-4537-942f-2e9e341d5032&quot;,&quot;value&quot;:[{&quot;ELEMENT&quot;:&quot;0efcb413-60af-4b54-8d0a-6403f2c83559&quot;,&quot;element-6066-11e4-a52e-4f735466cecf&quot;:&quot;0efcb413-60af-4b54-8d0a-6403f2c83559&quot;},{&quot;ELEMENT&quot;:&quot;080b3c15-3f91-4b91-aaa8-ca60c0c50363&quot;,&quot;element-6066-11e4-a52e-4f735466cecf&quot;:&quot;080b3c15-3f91-4b91-aaa8-ca60c0c50363&quot;},{&quot;ELEMENT&quot;:&quot;c400a766-4455-40d2-ba43-6ef95578b681&quot;,&quot;element-6066-11e4-a52e-4f735466cecf&quot;:&quot;c400a766-4455-40d2-ba43-6ef95578b681&quot;},{&quot;ELEMENT&quot;:&quot;3f48297a-4171-401b-aa1d-e4cc13f7cd83&quot;,&quot;element-6066-11e4-a52e-4f735466cecf&quot;:&quot;3f48297a-4171-401b-aa1d-e4cc13f7cd83&quot;},{&quot;ELEMENT&quot;:&quot;0dbced6f-f341-4a3e-bfbc-5d5241e3cc3a&quot;,&quot;element-6066-11e4-a52e-4f735466cecf&quot;:&quot;0dbced6f-f341-4a3e-bfbc-5d5241e3cc3a&quot;},{&quot;ELEMENT&quot;:&quot;329e7b59-899d-473e-812c-f332d93f6708&quot;,&quot;element-6066-11e4-a52e-4f735466cecf&quot;:&quot;329e7b59-899d-473e-812c-f332d93f6708&quot;},{&quot;ELEMENT&quot;:&quot;6311b334-0396-4757-9396-fe96a5d14ed5&quot;,&quot;element-6066-11e4-a52e-4f735466cecf&quot;:&quot;6311b334-0396-4757-9396-fe96a5d14ed5&quot;},{&quot;ELEMENT&quot;:&quot;bd57872b-7f5f-4881-b536-e3d26615873f&quot;,&quot;element-6066-...
[debug] &amp;#27;[35m[W3C (fd1d169e)]&amp;#27;[39m Responding to client with driver.findElements() result: [{&quot;element-6066-11e4-a52e-4f735466cecf&quot;:&quot;0efcb413-60af-4b54-8d0a-6403f2c83559&quot;,&quot;ELEMENT&quot;:&quot;0efcb413-60af-4b54-8d0a-6403f2c83559&quot;},{&quot;element-6066-11e4-a52e-4f735466cecf&quot;:&quot;080b3c15-3f91-4b91-aaa8-ca60c0c50363&quot;,&quot;ELEMENT&quot;:&quot;080b3c15-3f91-4b91-aaa8-ca60c0c50363&quot;},{&quot;element-6066-11e4-a52e-4f735466cecf&quot;:&quot;c400a766-4455-40d2-ba43-6ef95578b681&quot;,&quot;ELEMENT&quot;:&quot;c400a766-4455-40d2-ba43-6ef95578b681&quot;},{&quot;element-6066-11e4-a52e-4f735466cecf&quot;:&quot;3f48297a-4171-401b-aa1d-e4cc13f7cd83&quot;,&quot;ELEMENT&quot;:&quot;3f48297a-4171-401b-aa1d-e4cc13f7cd83&quot;},{&quot;element-6066-11e4-a52e-4f735466cecf&quot;:&quot;0dbced6f-f341-4a3e-bfbc-5d5241e3cc3a&quot;,&quot;ELEMENT&quot;:&quot;0dbced6f-f341-4a3e-bfbc-5d5241e3cc3a&quot;},{&quot;element-6066-11e4-a52e-4f735466cecf&quot;:&quot;329e7b59-899d-473e-812c-f332d93f6708&quot;,&quot;ELEMENT&quot;:&quot;329e7b59-899d-473e-812c-f332d93f6708&quot;},{&quot;element-6066-11e4-a52e-4f735466cecf&quot;:&quot;6311b334-0396-4757-9396-fe96a5d14ed5&quot;,&quot;ELEMENT&quot;:&quot;6311b334-0396-4757-9396-fe96a5d14ed5&quot;},{&quot;element-6066-11e4-a52e-4f735466cecf&quot;:&quot;bd57872b-7f5f-4881-b536-e3d26615873f&quot;,&quot;ELEMENT&quot;:&quot;bd57872b-7f5f-4881-b536-e3d26615873...
&amp;#27;[35m[HTTP]&amp;#27;[39m &amp;#27;[37m&lt;-- POST /wd/hub/session/fd1d169e-7db2-4dfd-ba2a-e05fd060e6e4/elements &amp;#27;[39m&amp;#27;[32m200&amp;#27;[39m &amp;#27;[90m672 ms - 1291&amp;#27;[39m
&amp;#27;[35m[HTTP]&amp;#27;[39m &amp;#27;[90m&amp;#27;[39m
&amp;#27;[35m[HTTP]&amp;#27;[39m &amp;#27;[37m--&gt;&amp;#27;[39m &amp;#27;[37mGET&amp;#27;[39m &amp;#27;[37m/wd/hub/session/fd1d169e-7db2-4dfd-ba2a-e05fd060e6e4/element/329e7b59-899d-473e-812c-f332d93f6708/text&amp;#27;[39m
&amp;#27;[35m[HTTP]&amp;#27;[39m &amp;#27;[90m{}&amp;#27;[39m
&amp;#27;[35m[W3C (fd1d169e)]&amp;#27;[39m Driver proxy active, passing request on via HTTP proxy
[debug] &amp;#27;[35m[WD Proxy]&amp;#27;[39m Matched &apos;/wd/hub/session/fd1d169e-7db2-4dfd-ba2a-e05fd060e6e4/element/329e7b59-899d-473e-812c-f332d93f6708/text&apos; to command name &apos;getText&apos;
[debug] &amp;#27;[35m[WD Proxy]&amp;#27;[39m Proxying [GET /wd/hub/session/fd1d169e-7db2-4dfd-ba2a-e05fd060e6e4/element/329e7b59-899d-473e-812c-f332d93f6708/text] to [GET http://127.0.0.1:8228/wd/hub/session/95165d5b-2b46-4537-942f-2e9e341d5032/element/329e7b59-899d-473e-812c-f332d93f6708/text] with no body
[debug] &amp;#27;[35m[WD Proxy]&amp;#27;[39m Got response with status 200: {&quot;sessionId&quot;:&quot;95165d5b-2b46-4537-942f-2e9e341d5032&quot;,&quot;value&quot;:&quot;pm,  &quot;}
&amp;#27;[35m[WD Proxy]&amp;#27;[39m Replacing sessionId 95165d5b-2b46-4537-942f-2e9e341d5032 with fd1d169e-7db2-4dfd-ba2a-e05fd060e6e4
&amp;#27;[35m[HTTP]&amp;#27;[39m &amp;#27;[37m&lt;-- GET /wd/hub/session/fd1d169e-7db2-4dfd-ba2a-e05fd060e6e4/element/329e7b59-899d-473e-812c-f332d93f6708/text &amp;#27;[39m&amp;#27;[32m200&amp;#27;[39m &amp;#27;[90m43 ms - 68&amp;#27;[39m
&amp;#27;[35m[HTTP]&amp;#27;[39m &amp;#27;[90m&amp;#27;[39m
&amp;#27;[35m[HTTP]&amp;#27;[39m &amp;#27;[37m--&gt;&amp;#27;[39m &amp;#27;[37mPOST&amp;#27;[39m &amp;#27;[37m/wd/hub/session/fd1d169e-7db2-4dfd-ba2a-e05fd060e6e4/appium/device/press_keycode&amp;#27;[39m
&amp;#27;[35m[HTTP]&amp;#27;[39m &amp;#27;[90m{&quot;keycode&quot;:66}&amp;#27;[39m
[debug] &amp;#27;[35m[W3C (fd1d169e)]&amp;#27;[39m Calling AppiumDriver.pressKeyCode() with args: [66,null,null,null,null,&quot;fd1d169e-7db2-4dfd-ba2a-e05fd060e6e4&quot;]
[debug] &amp;#27;[35m[WD Proxy]&amp;#27;[39m Matched &apos;/appium/device/press_keycode&apos; to command name &apos;pressKeyCode&apos;
[debug] &amp;#27;[35m[WD Proxy]&amp;#27;[39m Proxying [POST /appium/device/press_keycode] to [POST http://127.0.0.1:8228/wd/hub/session/95165d5b-2b46-4537-942f-2e9e341d5032/appium/device/press_keycode] with body: {&quot;keycode&quot;:66,&quot;metastate&quot;:null,&quot;flags&quot;:null}
[debug] &amp;#27;[35m[WD Proxy]&amp;#27;[39m Got response with status 200: {&quot;sessionId&quot;:&quot;95165d5b-2b46-4537-942f-2e9e341d5032&quot;,&quot;value&quot;:null}
[debug] &amp;#27;[35m[W3C (fd1d169e)]&amp;#27;[39m Responding to client with driver.pressKeyCode() result: null
&amp;#27;[35m[HTTP]&amp;#27;[39m &amp;#27;[37m&lt;-- POST /wd/hub/session/fd1d169e-7db2-4dfd-ba2a-e05fd060e6e4/appium/device/press_keycode &amp;#27;[39m&amp;#27;[32m200&amp;#27;[39m &amp;#27;[90m93 ms - 14&amp;#27;[39m
&amp;#27;[35m[HTTP]&amp;#27;[39m &amp;#27;[90m&amp;#27;[39m
&amp;#27;[35m[HTTP]&amp;#27;[39m &amp;#27;[37m--&gt;&amp;#27;[39m &amp;#27;[37mGET&amp;#27;[39m &amp;#27;[37m/wd/hub/session/fd1d169e-7db2-4dfd-ba2a-e05fd060e6e4/screenshot&amp;#27;[39m
&amp;#27;[35m[HTTP]&amp;#27;[39m &amp;#27;[90m{}&amp;#27;[39m
[debug] &amp;#27;[35m[W3C (fd1d169e)]&amp;#27;[39m Calling AppiumDriver.getScreenshot() with args: [&quot;fd1d169e-7db2-4dfd-ba2a-e05fd060e6e4&quot;]
[debug] &amp;#27;[35m[WD Proxy]&amp;#27;[39m Matched &apos;/screenshot&apos; to command name &apos;getScreenshot&apos;
[debug] &amp;#27;[35m[WD Proxy]&amp;#27;[39m Proxying [GET /screenshot] to [GET http://127.0.0.1:8228/wd/hub/session/95165d5b-2b46-4537-942f-2e9e341d5032/screenshot] with no body
[debug] &amp;#27;[35m[WD Proxy]&amp;#27;[39m Got response with status 200: {&quot;sessionId&quot;:&quot;95165d5b-2b46-4537-942f-2e9e341d5032&quot;,&quot;value&quot;:&quot;iVBORw0KGgoAAAANSUhEUgAABDgAAAjoCAYAAAA5jhrUAAAAAXNSR0IArs4c6QAAAARzQklUCAgI\nCHwIZIgAACAASURBVHic7N17fJP1/f//ZwMUknJsONoWRGmVCrQizBYVsJzUonKwgm6Cm0znNp0w\n9/GEuim6oZt42CY6dYq46YqCAiIHKyLSysmWsy0itAU5tZzaprQl+f3BL/nm1DZpk6aBx/1243Zr\nrly53u+kIc31vN7v1zuipqbGJgAAAAAAgDBmCHUHAAAAAAAAGouAAwAAAAAAhD0CDgAAAAAAEPYI\nOAAAAAAAQNgj4AAAAAAAAGGPgAMAAAAAAIQ9Ag4AAAAAABD2CDgAAAAAAEDYI+AAAAAAAABhj4AD\nAAAAAACEPQIOAAAAAAAQ9gg4AAAAAABA2CPgAAAAAAAAYY+AAwAAAAAAhD0CDgAAAAAAEPYIOAAA\nAAAAQNgj4AAAAAAAAGGPgAMAAAAAAIQ9Ag4AAAAAABD2CDgAAAAAAEDYI+AAAAAAAABhj4ADAAAA\nAACEPQIOAAAAAAAQ9gg4AAAAAABA2CPgAAAAAAAAYY+AAwAAAAAAhD0CDgAAAAAAEPYIOAAAAAAA\nQNgj4AAAAAAAAGGPgAMAAAAAAIQ9Ag4AAAAAABD2CDgAAAAAAEDYI+AAAAAAAABhj4ADAAAAAACE\nPQIOAAAAAAAQ9gg4AAAAAABA2CPgAAAAAAAAYY+AAwAAAAAAhD0CDgAAAAAAEPYIOAAAAAAAQNgj\n4AAAAAAAAGGPgAMAAAAAAIQ9Ag4AAAAAABD2CDgAAAAAAEDYI+AAAAAAAABhj4ADAAAAAACEPQIO\nAAAAAAAQ9gg4AAAAAABA2CPgAAAAAAAAYa9lqDsANGdnzpxRdXW1WrVqpRYtWoS6O2igoqIivffe\ne9q3b58MBoOGDBmijIwMRUZG...
[debug] &amp;#27;[35m[W3C (fd1d169e)]&amp;#27;[39m Responding to client with driver.getScreenshot() result: &quot;iVBORw0KGgoAAAANSUhEUgAABDgAAAjoCAYAAAA5jhrUAAAAAXNSR0IArs4c6QAAAARzQklUCAgI\nCHwIZIgAACAASURBVHic7N17fJP1/f//ZwMUknJsONoWRGmVCrQizBYVsJzUonKwgm6Cm0znNp0w\n9/GEuim6oZt42CY6dYq46YqCAiIHKyLSysmWsy0itAU5tZzaprQl+f3BL/nm1DZpk6aBx/1243Zr\nrly53u+kIc31vN7v1zuipqbGJgAAAAAAgDBmCHUHAAAAAAAAGouAAwAAAAAAhD0CDgAAAAAAEPYI\nOAAAAAAAQNgj4AAAAAAAAGGPgAMAAAAAAIQ9Ag4AAAAAABD2CDgAAAAAAEDYI+AAAAAAAABhj4AD\nAAAAAACEPQIOAAAAAAAQ9gg4AAAAAABA2CPgAAAAAAAAYY+AAwAAAAAAhD0CDgAAAAAAEPYIOAAA\nAAAAQNgj4AAAAAAAAGGPgAMAAAAAAIQ9Ag4AAAAAABD2CDgAAAAAAEDYI+AAAAAAAABhj4ADAAAA\nAACEPQIOAAAAAAAQ9gg4AAAAAABA2CPgAAAAAAAAYY+AAwAAAAAAhD0CDgAAAAAAEPYIOAAAAAAA\nQNgj4AAAAAAAAGGPgAMAAAAAAIQ9Ag4AAAAAABD2CDgAAAAAAEDYI+AAAAAAAABhj4ADAAAAAACE\nPQIOAAAAAAAQ9gg4AAAAAABA2CPgAAAAAAAAYY+AAwAAAAAAhD0CDgAAAAAAEPYIOAAAAAAAQNgj\n4AAAAAAAAGGPgAMAAAAAAIQ9Ag4AAAAAABD2CDgAAAAAAEDYI+AAAAAAAABhj4ADAAAAAACEPQIO\nAAAAAAAQ9gg4AAAAAABA2CPgAAAAAAAAYa9lqDsANGdnzpxRdXW1WrVqpRYtWoS6O2igoqIivffe\ne9q3b58MBoOGDBmijIwMRUZGhrprAAAAAAIkoqamxhbqTgChZrPZVFZWpqNHjyovL0/fffedfvzx\nR50+fd...
&amp;#27;[35m[HTTP]&amp;#27;[39m &amp;#27;[37m&lt;-- GET /wd/hub/session/fd1d169e-7db2-4dfd-ba2a-e05fd060e6e4/screenshot &amp;#27;[39m&amp;#27;[32m200&amp;#27;[39m &amp;#27;[90m854 ms - 175998&amp;#27;[39m
&amp;#27;[35m[HTTP]&amp;#27;[39m &amp;#27;[90m&amp;#27;[39m
&amp;#27;[35m[HTTP]&amp;#27;[39m &amp;#27;[37m--&gt;&amp;#27;[39m &amp;#27;[37mPOST&amp;#27;[39m &amp;#27;[37m/wd/hub/session/fd1d169e-7db2-4dfd-ba2a-e05fd060e6e4/appium/app/close&amp;#27;[39m
&amp;#27;[35m[HTTP]&amp;#27;[39m &amp;#27;[90m{}&amp;#27;[39m
[debug] &amp;#27;[35m[W3C (fd1d169e)]&amp;#27;[39m Calling AppiumDriver.closeApp() with args: [&quot;fd1d169e-7db2-4dfd-ba2a-e05fd060e6e4&quot;]
[debug] &amp;#27;[35m[ADB]&amp;#27;[39m Running &apos;C:\Users\maliniv\AppData\Local\Android\Sdk\platform-tools\adb.exe -P 5037 -s 192.168.1.101\:5555 shell am force-stop com.samsung.android.calendar&apos;
[debug] &amp;#27;[35m[W3C (fd1d169e)]&amp;#27;[39m Responding to client with driver.closeApp() result: null
</system-out>
    <system-err>Feb 02, 2021 9:00:58 AM io.appium.java_client.remote.AppiumCommandExecutor$1 lambda$0
INFO: Detected dialect: W3C
</system-err>
  </testcase>
</testsuite>